2024-07-10 05:41:44  Script Start
2024-07-10 05:41:44  {
    "csr1.sv5": {
        "dev_type": "Arista",
        "updown": "Down/Down",
        "peerstate": "INIT",
        "scpeerstate": "INIT",
        "maintmode": "INIT",
        "mlagstate": "INIT",
        "first_ping": 2,
        "version": "INIT"
    },
    "csr2.sv5": {
        "dev_type": "Arista",
        "updown": "Down/Down",
        "peerstate": "INIT",
        "scpeerstate": "INIT",
        "maintmode": "INIT",
        "mlagstate": "INIT",
        "first_ping": 2,
        "version": "INIT"
    }
}
2024-07-10 05:41:44  Starting Status Checks
2024-07-10 05:41:46  csr2.sv5 Version is now EOS: 4.28.7M
2024-07-10 05:41:46  csr2.sv5 is now Up / Up
2024-07-10 05:41:46  csr1.sv5 Version is now EOS: 4.28.7M
2024-07-10 05:41:47  csr1.sv5 is now Up / Up
2024-07-10 05:41:47  csr1.sv5 is now Disabled
2024-07-10 05:41:48  csr1.sv5 pstate is now 2/2
2024-07-10 05:41:48  csr1.sv5 SC pstate is now -
2024-07-10 05:41:51  csr2.sv5 is now Disabled
2024-07-10 05:41:52  csr2.sv5 pstate is now 2/2
2024-07-10 05:41:52  csr2.sv5 SC pstate is now -
2024-07-10 05:42:15  csr2.sv5 Version is now EOS: 4.28.7M
2024-07-10 05:42:15  csr2.sv5 is now Up / Up
2024-07-10 05:42:16  csr2.sv5 is now Disabled
2024-07-10 05:42:17  csr2.sv5 pstate is now 2/2
2024-07-10 05:42:17  csr2.sv5 SC pstate is now -
2024-07-10 05:42:17  csr1.sv5 Version is now EOS: 4.28.7M
2024-07-10 05:42:17  csr1.sv5 is now Up / Up
2024-07-10 05:42:18  csr1.sv5 is now Disabled
2024-07-10 05:42:19  csr1.sv5 pstate is now 2/2
2024-07-10 05:42:19  csr1.sv5 SC pstate is now -
2024-07-10 05:42:43  csr1.sv5 Version is now EOS: 4.28.7M
2024-07-10 05:42:43  csr2.sv5 Version is now EOS: 4.28.7M
2024-07-10 05:42:43  csr1.sv5 is now Up / Up
2024-07-10 05:42:43  csr2.sv5 is now Up / Up
2024-07-10 05:42:44  csr2.sv5 is now Disabled
2024-07-10 05:42:44  csr1.sv5 is now Disabled
2024-07-10 05:42:45  csr1.sv5 pstate is now 2/2
2024-07-10 05:42:45  csr1.sv5 SC pstate is now -
2024-07-10 05:42:45  csr2.sv5 pstate is now 2/2
2024-07-10 05:42:45  csr2.sv5 SC pstate is now -
2024-07-10 05:43:08  csr1.sv5 Version is now EOS: 4.28.7M
2024-07-10 05:43:08  csr2.sv5 Version is now EOS: 4.28.7M
2024-07-10 05:43:08  csr1.sv5 is now Up / Up
2024-07-10 05:43:08  csr2.sv5 is now Up / Up
2024-07-10 05:43:09  csr1.sv5 is now Disabled
2024-07-10 05:43:09  csr1.sv5 pstate is now 2/2
2024-07-10 05:43:09  csr1.sv5 SC pstate is now -
2024-07-10 05:43:10  csr2.sv5 is now Disabled
2024-07-10 05:43:11  csr2.sv5 pstate is now 2/2
2024-07-10 05:43:11  csr2.sv5 SC pstate is now -
2024-07-10 05:43:33  csr1.sv5 Version is now EOS: 4.28.7M
2024-07-10 05:43:34  csr2.sv5 Version is now EOS: 4.28.7M
2024-07-10 05:43:34  csr1.sv5 is now Up / Up
2024-07-10 05:43:34  csr2.sv5 is now Up / Up
2024-07-10 05:43:34  csr1.sv5 is now Disabled
2024-07-10 05:43:34  csr2.sv5 is now Disabled
2024-07-10 05:43:35  csr1.sv5 pstate is now 2/2
2024-07-10 05:43:35  csr1.sv5 SC pstate is now -
2024-07-10 05:43:40  csr2.sv5 pstate is now 2/2
2024-07-10 05:43:40  csr2.sv5 SC pstate is now -
2024-07-10 05:44:02  csr1.sv5 Version is now EOS: 4.28.7M
2024-07-10 05:44:02  csr2.sv5 Version is now EOS: 4.28.7M
2024-07-10 05:44:02  csr1.sv5 is now Up / Up
2024-07-10 05:44:02  csr2.sv5 is now Up / Up
2024-07-10 05:44:03  csr1.sv5 is now Disabled
2024-07-10 05:44:04  csr1.sv5 pstate is now 2/2
2024-07-10 05:44:04  csr1.sv5 SC pstate is now -
2024-07-10 05:44:07  csr2.sv5 is now Disabled
2024-07-10 05:44:15  csr2.sv5 pstate is now 2/2
2024-07-10 05:44:15  csr2.sv5 SC pstate is now -
2024-07-10 05:44:39  csr2.sv5 Version is now EOS: 4.28.7M
2024-07-10 05:44:39  csr2.sv5 is now Up / Up
2024-07-10 05:44:39  csr1.sv5 Version is now EOS: 4.28.7M
2024-07-10 05:44:39  csr1.sv5 is now Up / Up
2024-07-10 05:44:39  csr2.sv5 is now Disabled
2024-07-10 05:44:40  csr1.sv5 is now Disabled
2024-07-10 05:44:40  csr2.sv5 pstate is now 2/2
2024-07-10 05:44:40  csr2.sv5 SC pstate is now -
2024-07-10 05:44:40  csr1.sv5 pstate is now 2/2
2024-07-10 05:44:40  csr1.sv5 SC pstate is now -
2024-07-10 05:45:05  csr2.sv5 Version is now EOS: 4.28.7M
2024-07-10 05:45:05  csr2.sv5 is now Up / Up
2024-07-10 05:45:08  csr1.sv5 Version is now EOS: 4.28.7M
2024-07-10 05:45:08  csr1.sv5 is now Up / Up
2024-07-10 05:45:10  csr2.sv5 is now Disabled
2024-07-10 05:45:10  csr1.sv5 is now Disabled
2024-07-10 05:45:11  csr1.sv5 pstate is now 2/2
2024-07-10 05:45:11  csr1.sv5 SC pstate is now -
2024-07-10 05:45:14  csr2.sv5 pstate is now 2/2
2024-07-10 05:45:14  csr2.sv5 SC pstate is now -
2024-07-10 05:45:36  csr2.sv5 Version is now EOS: 4.28.7M
2024-07-10 05:45:36  csr2.sv5 is now Up / Up
2024-07-10 05:45:37  csr2.sv5 is now Disabled
2024-07-10 05:45:38  csr2.sv5 pstate is now 2/2
2024-07-10 05:45:38  csr2.sv5 SC pstate is now -
2024-07-10 05:45:41  csr1.sv5 Version is now EOS: 4.28.7M
2024-07-10 05:45:41  csr1.sv5 is now Up / Up
2024-07-10 05:45:42  csr1.sv5 is now Disabled
2024-07-10 05:45:43  csr1.sv5 pstate is now 2/2
2024-07-10 05:45:43  csr1.sv5 SC pstate is now -
2024-07-10 05:46:05  csr1.sv5 Version is now EOS: 4.28.7M
2024-07-10 05:46:05  csr1.sv5 is now Up / Up
2024-07-10 05:46:07  csr1.sv5 is now Disabled
2024-07-10 05:46:07  csr2.sv5 Version is now EOS: 4.28.7M
2024-07-10 05:46:07  csr2.sv5 is now Up / Up
2024-07-10 05:46:07  csr1.sv5 pstate is now 2/2
2024-07-10 05:46:07  csr1.sv5 SC pstate is now -
2024-07-10 05:46:08  csr2.sv5 is now Disabled
2024-07-10 05:46:08  csr2.sv5 pstate is now 2/2
2024-07-10 05:46:08  csr2.sv5 SC pstate is now -
2024-07-10 05:46:31  csr1.sv5 Version is now EOS: 4.28.7M
2024-07-10 05:46:31  csr1.sv5 is now Up / Up
2024-07-10 05:46:31  csr2.sv5 Version is now EOS: 4.28.7M
2024-07-10 05:46:31  csr2.sv5 is now Up / Up
2024-07-10 05:46:32  csr1.sv5 is now Disabled
2024-07-10 05:46:33  csr1.sv5 pstate is now 2/2
2024-07-10 05:46:33  csr1.sv5 SC pstate is now -
2024-07-10 05:46:33  csr2.sv5 is now Disabled
2024-07-10 05:46:34  csr2.sv5 pstate is now 2/2
2024-07-10 05:46:34  csr2.sv5 SC pstate is now -
2024-07-10 05:46:40  Status Checking Complete
