2024-06-26 13:57:44  Script Start
2024-06-26 13:57:53  {
    "dsr1.rk01.p01.da11": {
        "dev_type": "Arista",
        "updown": "Down/Down",
        "peerstate": "INIT",
        "scpeerstate": "INIT",
        "maintmode": "INIT",
        "mlagstate": "INIT",
        "first_ping": 2,
        "version": "INIT"
    },
    "dsr2.rk02.p01.da11": {
        "dev_type": "Arista",
        "updown": "Down/Down",
        "peerstate": "INIT",
        "scpeerstate": "INIT",
        "maintmode": "INIT",
        "mlagstate": "INIT",
        "first_ping": 2,
        "version": "INIT"
    },
    "dsr3.rk03.p01.da11": {
        "dev_type": "Arista",
        "updown": "Down/Down",
        "peerstate": "INIT",
        "scpeerstate": "INIT",
        "maintmode": "INIT",
        "mlagstate": "INIT",
        "first_ping": 2,
        "version": "INIT"
    },
    "dsr4.rk04.p01.da11": {
        "dev_type": "Arista",
        "updown": "Down/Down",
        "peerstate": "INIT",
        "scpeerstate": "INIT",
        "maintmode": "INIT",
        "mlagstate": "INIT",
        "first_ping": 2,
        "version": "INIT"
    },
    "esr1a.rk05.p01.da11": {
        "dev_type": "Arista",
        "updown": "Down/Down",
        "peerstate": "INIT",
        "scpeerstate": "INIT",
        "maintmode": "INIT",
        "mlagstate": "INIT",
        "first_ping": 2,
        "version": "INIT"
    },
    "esr1a.rk08.p01.da11": {
        "dev_type": "Arista",
        "updown": "Down/Down",
        "peerstate": "INIT",
        "scpeerstate": "INIT",
        "maintmode": "INIT",
        "mlagstate": "INIT",
        "first_ping": 2,
        "version": "INIT"
    },
    "esr1a.rk09.p01.da11": {
        "dev_type": "Arista",
        "updown": "Down/Down",
        "peerstate": "INIT",
        "scpeerstate": "INIT",
        "maintmode": "INIT",
        "mlagstate": "INIT",
        "first_ping": 2,
        "version": "INIT"
    },
    "esr1a.rk10.p01.da11": {
        "dev_type": "Arista",
        "updown": "Down/Down",
        "peerstate": "INIT",
        "scpeerstate": "INIT",
        "maintmode": "INIT",
        "mlagstate": "INIT",
        "first_ping": 2,
        "version": "INIT"
    },
    "esr1a.rk11.p01.da11": {
        "dev_type": "Arista",
        "updown": "Down/Down",
        "peerstate": "INIT",
        "scpeerstate": "INIT",
        "maintmode": "INIT",
        "mlagstate": "INIT",
        "first_ping": 2,
        "version": "INIT"
    },
    "esr1a.rk12.p01.da11": {
        "dev_type": "Arista",
        "updown": "Down/Down",
        "peerstate": "INIT",
        "scpeerstate": "INIT",
        "maintmode": "INIT",
        "mlagstate": "INIT",
        "first_ping": 2,
        "version": "INIT"
    },
    "esr1a.rk13.p01.da11": {
        "dev_type": "Arista",
        "updown": "Down/Down",
        "peerstate": "INIT",
        "scpeerstate": "INIT",
        "maintmode": "INIT",
        "mlagstate": "INIT",
        "first_ping": 2,
        "version": "INIT"
    },
    "esr1a.rk14.p01.da11": {
        "dev_type": "Arista",
        "updown": "Down/Down",
        "peerstate": "INIT",
        "scpeerstate": "INIT",
        "maintmode": "INIT",
        "mlagstate": "INIT",
        "first_ping": 2,
        "version": "INIT"
    },
    "esr1a.rk15.p01.da11": {
        "dev_type": "Arista",
        "updown": "Down/Down",
        "peerstate": "INIT",
        "scpeerstate": "INIT",
        "maintmode": "INIT",
        "mlagstate": "INIT",
        "first_ping": 2,
        "version": "INIT"
    },
    "esr1a.rk16.p01.da11": {
        "dev_type": "Arista",
        "updown": "Down/Down",
        "peerstate": "INIT",
        "scpeerstate": "INIT",
        "maintmode": "INIT",
        "mlagstate": "INIT",
        "first_ping": 2,
        "version": "INIT"
    },
    "esr1a.rk17.p01.da11": {
        "dev_type": "Arista",
        "updown": "Down/Down",
        "peerstate": "INIT",
        "scpeerstate": "INIT",
        "maintmode": "INIT",
        "mlagstate": "INIT",
        "first_ping": 2,
        "version": "INIT"
    },
    "esr1a.rk18.p01.da11": {
        "dev_type": "Arista",
        "updown": "Down/Down",
        "peerstate": "INIT",
        "scpeerstate": "INIT",
        "maintmode": "INIT",
        "mlagstate": "INIT",
        "first_ping": 2,
        "version": "INIT"
    },
    "esr1a.rk19.p01.da11": {
        "dev_type": "Arista",
        "updown": "Down/Down",
        "peerstate": "INIT",
        "scpeerstate": "INIT",
        "maintmode": "INIT",
        "mlagstate": "INIT",
        "first_ping": 2,
        "version": "INIT"
    },
    "esr1a.rk20.p01.da11": {
        "dev_type": "Arista",
        "updown": "Down/Down",
        "peerstate": "INIT",
        "scpeerstate": "INIT",
        "maintmode": "INIT",
        "mlagstate": "INIT",
        "first_ping": 2,
        "version": "INIT"
    },
    "esr1a.rk21.p01.da11": {
        "dev_type": "Arista",
        "updown": "Down/Down",
        "peerstate": "INIT",
        "scpeerstate": "INIT",
        "maintmode": "INIT",
        "mlagstate": "INIT",
        "first_ping": 2,
        "version": "INIT"
    },
    "esr1a.rk22.p01.da11": {
        "dev_type": "Arista",
        "updown": "Down/Down",
        "peerstate": "INIT",
        "scpeerstate": "INIT",
        "maintmode": "INIT",
        "mlagstate": "INIT",
        "first_ping": 2,
        "version": "INIT"
    },
    "esr1a.rk23.p01.da11": {
        "dev_type": "Arista",
        "updown": "Down/Down",
        "peerstate": "INIT",
        "scpeerstate": "INIT",
        "maintmode": "INIT",
        "mlagstate": "INIT",
        "first_ping": 2,
        "version": "INIT"
    },
    "esr1a.rk24.p01.da11": {
        "dev_type": "Arista",
        "updown": "Down/Down",
        "peerstate": "INIT",
        "scpeerstate": "INIT",
        "maintmode": "INIT",
        "mlagstate": "INIT",
        "first_ping": 2,
        "version": "INIT"
    },
    "esr1a.rk25.p01.da11": {
        "dev_type": "Arista",
        "updown": "Down/Down",
        "peerstate": "INIT",
        "scpeerstate": "INIT",
        "maintmode": "INIT",
        "mlagstate": "INIT",
        "first_ping": 2,
        "version": "INIT"
    },
    "esr1a.rk26.p01.da11": {
        "dev_type": "Arista",
        "updown": "Down/Down",
        "peerstate": "INIT",
        "scpeerstate": "INIT",
        "maintmode": "INIT",
        "mlagstate": "INIT",
        "first_ping": 2,
        "version": "INIT"
    },
    "esr1a.rk27.p01.da11": {
        "dev_type": "Arista",
        "updown": "Down/Down",
        "peerstate": "INIT",
        "scpeerstate": "INIT",
        "maintmode": "INIT",
        "mlagstate": "INIT",
        "first_ping": 2,
        "version": "INIT"
    },
    "esr1a.rk28.p01.da11": {
        "dev_type": "Arista",
        "updown": "Down/Down",
        "peerstate": "INIT",
        "scpeerstate": "INIT",
        "maintmode": "INIT",
        "mlagstate": "INIT",
        "first_ping": 2,
        "version": "INIT"
    },
    "esr1a.rk29.p01.da11": {
        "dev_type": "Arista",
        "updown": "Down/Down",
        "peerstate": "INIT",
        "scpeerstate": "INIT",
        "maintmode": "INIT",
        "mlagstate": "INIT",
        "first_ping": 2,
        "version": "INIT"
    },
    "esr1a.rk30.p01.da11": {
        "dev_type": "Arista",
        "updown": "Down/Down",
        "peerstate": "INIT",
        "scpeerstate": "INIT",
        "maintmode": "INIT",
        "mlagstate": "INIT",
        "first_ping": 2,
        "version": "INIT"
    },
    "esr1a.rk31.p01.da11": {
        "dev_type": "Arista",
        "updown": "Down/Down",
        "peerstate": "INIT",
        "scpeerstate": "INIT",
        "maintmode": "INIT",
        "mlagstate": "INIT",
        "first_ping": 2,
        "version": "INIT"
    },
    "esr1a.rk32.p01.da11": {
        "dev_type": "Arista",
        "updown": "Down/Down",
        "peerstate": "INIT",
        "scpeerstate": "INIT",
        "maintmode": "INIT",
        "mlagstate": "INIT",
        "first_ping": 2,
        "version": "INIT"
    },
    "esr1a.rk33.p01.da11": {
        "dev_type": "Arista",
        "updown": "Down/Down",
        "peerstate": "INIT",
        "scpeerstate": "INIT",
        "maintmode": "INIT",
        "mlagstate": "INIT",
        "first_ping": 2,
        "version": "INIT"
    },
    "esr1a.rk34.p01.da11": {
        "dev_type": "Arista",
        "updown": "Down/Down",
        "peerstate": "INIT",
        "scpeerstate": "INIT",
        "maintmode": "INIT",
        "mlagstate": "INIT",
        "first_ping": 2,
        "version": "INIT"
    },
    "esr1b.rk05.p01.da11": {
        "dev_type": "Arista",
        "updown": "Down/Down",
        "peerstate": "INIT",
        "scpeerstate": "INIT",
        "maintmode": "INIT",
        "mlagstate": "INIT",
        "first_ping": 2,
        "version": "INIT"
    },
    "esr1b.rk08.p01.da11": {
        "dev_type": "Arista",
        "updown": "Down/Down",
        "peerstate": "INIT",
        "scpeerstate": "INIT",
        "maintmode": "INIT",
        "mlagstate": "INIT",
        "first_ping": 2,
        "version": "INIT"
    },
    "esr1b.rk09.p01.da11": {
        "dev_type": "Arista",
        "updown": "Down/Down",
        "peerstate": "INIT",
        "scpeerstate": "INIT",
        "maintmode": "INIT",
        "mlagstate": "INIT",
        "first_ping": 2,
        "version": "INIT"
    },
    "esr1b.rk10.p01.da11": {
        "dev_type": "Arista",
        "updown": "Down/Down",
        "peerstate": "INIT",
        "scpeerstate": "INIT",
        "maintmode": "INIT",
        "mlagstate": "INIT",
        "first_ping": 2,
        "version": "INIT"
    },
    "esr1b.rk11.p01.da11": {
        "dev_type": "Arista",
        "updown": "Down/Down",
        "peerstate": "INIT",
        "scpeerstate": "INIT",
        "maintmode": "INIT",
        "mlagstate": "INIT",
        "first_ping": 2,
        "version": "INIT"
    },
    "esr1b.rk12.p01.da11": {
        "dev_type": "Arista",
        "updown": "Down/Down",
        "peerstate": "INIT",
        "scpeerstate": "INIT",
        "maintmode": "INIT",
        "mlagstate": "INIT",
        "first_ping": 2,
        "version": "INIT"
    },
    "esr1b.rk13.p01.da11": {
        "dev_type": "Arista",
        "updown": "Down/Down",
        "peerstate": "INIT",
        "scpeerstate": "INIT",
        "maintmode": "INIT",
        "mlagstate": "INIT",
        "first_ping": 2,
        "version": "INIT"
    },
    "esr1b.rk14.p01.da11": {
        "dev_type": "Arista",
        "updown": "Down/Down",
        "peerstate": "INIT",
        "scpeerstate": "INIT",
        "maintmode": "INIT",
        "mlagstate": "INIT",
        "first_ping": 2,
        "version": "INIT"
    },
    "esr1b.rk15.p01.da11": {
        "dev_type": "Arista",
        "updown": "Down/Down",
        "peerstate": "INIT",
        "scpeerstate": "INIT",
        "maintmode": "INIT",
        "mlagstate": "INIT",
        "first_ping": 2,
        "version": "INIT"
    },
    "esr1b.rk16.p01.da11": {
        "dev_type": "Arista",
        "updown": "Down/Down",
        "peerstate": "INIT",
        "scpeerstate": "INIT",
        "maintmode": "INIT",
        "mlagstate": "INIT",
        "first_ping": 2,
        "version": "INIT"
    },
    "esr1b.rk17.p01.da11": {
        "dev_type": "Arista",
        "updown": "Down/Down",
        "peerstate": "INIT",
        "scpeerstate": "INIT",
        "maintmode": "INIT",
        "mlagstate": "INIT",
        "first_ping": 2,
        "version": "INIT"
    },
    "esr1b.rk18.p01.da11": {
        "dev_type": "Arista",
        "updown": "Down/Down",
        "peerstate": "INIT",
        "scpeerstate": "INIT",
        "maintmode": "INIT",
        "mlagstate": "INIT",
        "first_ping": 2,
        "version": "INIT"
    },
    "esr1b.rk19.p01.da11": {
        "dev_type": "Arista",
        "updown": "Down/Down",
        "peerstate": "INIT",
        "scpeerstate": "INIT",
        "maintmode": "INIT",
        "mlagstate": "INIT",
        "first_ping": 2,
        "version": "INIT"
    },
    "esr1b.rk20.p01.da11": {
        "dev_type": "Arista",
        "updown": "Down/Down",
        "peerstate": "INIT",
        "scpeerstate": "INIT",
        "maintmode": "INIT",
        "mlagstate": "INIT",
        "first_ping": 2,
        "version": "INIT"
    },
    "esr1b.rk21.p01.da11": {
        "dev_type": "Arista",
        "updown": "Down/Down",
        "peerstate": "INIT",
        "scpeerstate": "INIT",
        "maintmode": "INIT",
        "mlagstate": "INIT",
        "first_ping": 2,
        "version": "INIT"
    },
    "esr1b.rk22.p01.da11": {
        "dev_type": "Arista",
        "updown": "Down/Down",
        "peerstate": "INIT",
        "scpeerstate": "INIT",
        "maintmode": "INIT",
        "mlagstate": "INIT",
        "first_ping": 2,
        "version": "INIT"
    },
    "esr1b.rk23.p01.da11": {
        "dev_type": "Arista",
        "updown": "Down/Down",
        "peerstate": "INIT",
        "scpeerstate": "INIT",
        "maintmode": "INIT",
        "mlagstate": "INIT",
        "first_ping": 2,
        "version": "INIT"
    },
    "esr1b.rk24.p01.da11": {
        "dev_type": "Arista",
        "updown": "Down/Down",
        "peerstate": "INIT",
        "scpeerstate": "INIT",
        "maintmode": "INIT",
        "mlagstate": "INIT",
        "first_ping": 2,
        "version": "INIT"
    },
    "esr1b.rk25.p01.da11": {
        "dev_type": "Arista",
        "updown": "Down/Down",
        "peerstate": "INIT",
        "scpeerstate": "INIT",
        "maintmode": "INIT",
        "mlagstate": "INIT",
        "first_ping": 2,
        "version": "INIT"
    },
    "esr1b.rk26.p01.da11": {
        "dev_type": "Arista",
        "updown": "Down/Down",
        "peerstate": "INIT",
        "scpeerstate": "INIT",
        "maintmode": "INIT",
        "mlagstate": "INIT",
        "first_ping": 2,
        "version": "INIT"
    },
    "esr1b.rk27.p01.da11": {
        "dev_type": "Arista",
        "updown": "Down/Down",
        "peerstate": "INIT",
        "scpeerstate": "INIT",
        "maintmode": "INIT",
        "mlagstate": "INIT",
        "first_ping": 2,
        "version": "INIT"
    },
    "esr1b.rk28.p01.da11": {
        "dev_type": "Arista",
        "updown": "Down/Down",
        "peerstate": "INIT",
        "scpeerstate": "INIT",
        "maintmode": "INIT",
        "mlagstate": "INIT",
        "first_ping": 2,
        "version": "INIT"
    },
    "esr1b.rk29.p01.da11": {
        "dev_type": "Arista",
        "updown": "Down/Down",
        "peerstate": "INIT",
        "scpeerstate": "INIT",
        "maintmode": "INIT",
        "mlagstate": "INIT",
        "first_ping": 2,
        "version": "INIT"
    },
    "esr1b.rk30.p01.da11": {
        "dev_type": "Arista",
        "updown": "Down/Down",
        "peerstate": "INIT",
        "scpeerstate": "INIT",
        "maintmode": "INIT",
        "mlagstate": "INIT",
        "first_ping": 2,
        "version": "INIT"
    },
    "esr1b.rk31.p01.da11": {
        "dev_type": "Arista",
        "updown": "Down/Down",
        "peerstate": "INIT",
        "scpeerstate": "INIT",
        "maintmode": "INIT",
        "mlagstate": "INIT",
        "first_ping": 2,
        "version": "INIT"
    },
    "esr1b.rk32.p01.da11": {
        "dev_type": "Arista",
        "updown": "Down/Down",
        "peerstate": "INIT",
        "scpeerstate": "INIT",
        "maintmode": "INIT",
        "mlagstate": "INIT",
        "first_ping": 2,
        "version": "INIT"
    },
    "esr1b.rk33.p01.da11": {
        "dev_type": "Arista",
        "updown": "Down/Down",
        "peerstate": "INIT",
        "scpeerstate": "INIT",
        "maintmode": "INIT",
        "mlagstate": "INIT",
        "first_ping": 2,
        "version": "INIT"
    },
    "esr1b.rk34.p01.da11": {
        "dev_type": "Arista",
        "updown": "Down/Down",
        "peerstate": "INIT",
        "scpeerstate": "INIT",
        "maintmode": "INIT",
        "mlagstate": "INIT",
        "first_ping": 2,
        "version": "INIT"
    },
    "esr2a.rk18.p01.da11": {
        "dev_type": "Arista",
        "updown": "Down/Down",
        "peerstate": "INIT",
        "scpeerstate": "INIT",
        "maintmode": "INIT",
        "mlagstate": "INIT",
        "first_ping": 2,
        "version": "INIT"
    },
    "esr2b.rk18.p01.da11": {
        "dev_type": "Arista",
        "updown": "Down/Down",
        "peerstate": "INIT",
        "scpeerstate": "INIT",
        "maintmode": "INIT",
        "mlagstate": "INIT",
        "first_ping": 2,
        "version": "INIT"
    },
    "msw1.rk05.p01.da11": {
        "dev_type": "Arista",
        "updown": "Down",
        "peerstate": "INIT",
        "scpeerstate": "INIT",
        "maintmode": "",
        "mlagstate": "",
        "first_ping": 2,
        "version": "INIT"
    },
    "msw1.rk08.p01.da11": {
        "dev_type": "Arista",
        "updown": "Down",
        "peerstate": "INIT",
        "scpeerstate": "INIT",
        "maintmode": "",
        "mlagstate": "",
        "first_ping": 2,
        "version": "INIT"
    },
    "msw1.rk09.p01.da11": {
        "dev_type": "Arista",
        "updown": "Down",
        "peerstate": "INIT",
        "scpeerstate": "INIT",
        "maintmode": "",
        "mlagstate": "",
        "first_ping": 2,
        "version": "INIT"
    },
    "msw1.rk10.p01.da11": {
        "dev_type": "Arista",
        "updown": "Down",
        "peerstate": "INIT",
        "scpeerstate": "INIT",
        "maintmode": "",
        "mlagstate": "",
        "first_ping": 2,
        "version": "INIT"
    },
    "msw1.rk11.p01.da11": {
        "dev_type": "Arista",
        "updown": "Down",
        "peerstate": "INIT",
        "scpeerstate": "INIT",
        "maintmode": "",
        "mlagstate": "",
        "first_ping": 2,
        "version": "INIT"
    },
    "msw1.rk12.p01.da11": {
        "dev_type": "Arista",
        "updown": "Down",
        "peerstate": "INIT",
        "scpeerstate": "INIT",
        "maintmode": "",
        "mlagstate": "",
        "first_ping": 2,
        "version": "INIT"
    },
    "msw1.rk13.p01.da11": {
        "dev_type": "Arista",
        "updown": "Down",
        "peerstate": "INIT",
        "scpeerstate": "INIT",
        "maintmode": "",
        "mlagstate": "",
        "first_ping": 2,
        "version": "INIT"
    },
    "msw1.rk14.p01.da11": {
        "dev_type": "Arista",
        "updown": "Down",
        "peerstate": "INIT",
        "scpeerstate": "INIT",
        "maintmode": "",
        "mlagstate": "",
        "first_ping": 2,
        "version": "INIT"
    },
    "msw1.rk15.p01.da11": {
        "dev_type": "Arista",
        "updown": "Down",
        "peerstate": "INIT",
        "scpeerstate": "INIT",
        "maintmode": "",
        "mlagstate": "",
        "first_ping": 2,
        "version": "INIT"
    },
    "msw1.rk16.p01.da11": {
        "dev_type": "Arista",
        "updown": "Down",
        "peerstate": "INIT",
        "scpeerstate": "INIT",
        "maintmode": "",
        "mlagstate": "",
        "first_ping": 2,
        "version": "INIT"
    },
    "msw1.rk17.p01.da11": {
        "dev_type": "Arista",
        "updown": "Down",
        "peerstate": "INIT",
        "scpeerstate": "INIT",
        "maintmode": "",
        "mlagstate": "",
        "first_ping": 2,
        "version": "INIT"
    },
    "msw1.rk18.p01.da11": {
        "dev_type": "Arista",
        "updown": "Down",
        "peerstate": "INIT",
        "scpeerstate": "INIT",
        "maintmode": "",
        "mlagstate": "",
        "first_ping": 2,
        "version": "INIT"
    },
    "msw1.rk19.p01.da11": {
        "dev_type": "Arista",
        "updown": "Down",
        "peerstate": "INIT",
        "scpeerstate": "INIT",
        "maintmode": "",
        "mlagstate": "",
        "first_ping": 2,
        "version": "INIT"
    },
    "msw1.rk20.p01.da11": {
        "dev_type": "Arista",
        "updown": "Down",
        "peerstate": "INIT",
        "scpeerstate": "INIT",
        "maintmode": "",
        "mlagstate": "",
        "first_ping": 2,
        "version": "INIT"
    },
    "msw1.rk21.p01.da11": {
        "dev_type": "Arista",
        "updown": "Down",
        "peerstate": "INIT",
        "scpeerstate": "INIT",
        "maintmode": "",
        "mlagstate": "",
        "first_ping": 2,
        "version": "INIT"
    },
    "msw1.rk22.p01.da11": {
        "dev_type": "Arista",
        "updown": "Down",
        "peerstate": "INIT",
        "scpeerstate": "INIT",
        "maintmode": "",
        "mlagstate": "",
        "first_ping": 2,
        "version": "INIT"
    },
    "msw1.rk23.p01.da11": {
        "dev_type": "Arista",
        "updown": "Down",
        "peerstate": "INIT",
        "scpeerstate": "INIT",
        "maintmode": "",
        "mlagstate": "",
        "first_ping": 2,
        "version": "INIT"
    },
    "msw1.rk24.p01.da11": {
        "dev_type": "Arista",
        "updown": "Down",
        "peerstate": "INIT",
        "scpeerstate": "INIT",
        "maintmode": "",
        "mlagstate": "",
        "first_ping": 2,
        "version": "INIT"
    },
    "msw1.rk25.p01.da11": {
        "dev_type": "Arista",
        "updown": "Down",
        "peerstate": "INIT",
        "scpeerstate": "INIT",
        "maintmode": "",
        "mlagstate": "",
        "first_ping": 2,
        "version": "INIT"
    },
    "msw1.rk26.p01.da11": {
        "dev_type": "Arista",
        "updown": "Down",
        "peerstate": "INIT",
        "scpeerstate": "INIT",
        "maintmode": "",
        "mlagstate": "",
        "first_ping": 2,
        "version": "INIT"
    },
    "msw1.rk27.p01.da11": {
        "dev_type": "Arista",
        "updown": "Down",
        "peerstate": "INIT",
        "scpeerstate": "INIT",
        "maintmode": "",
        "mlagstate": "",
        "first_ping": 2,
        "version": "INIT"
    },
    "msw1.rk28.p01.da11": {
        "dev_type": "Arista",
        "updown": "Down",
        "peerstate": "INIT",
        "scpeerstate": "INIT",
        "maintmode": "",
        "mlagstate": "",
        "first_ping": 2,
        "version": "INIT"
    },
    "msw1.rk29.p01.da11": {
        "dev_type": "Arista",
        "updown": "Down",
        "peerstate": "INIT",
        "scpeerstate": "INIT",
        "maintmode": "",
        "mlagstate": "",
        "first_ping": 2,
        "version": "INIT"
    },
    "msw1.rk30.p01.da11": {
        "dev_type": "Arista",
        "updown": "Down",
        "peerstate": "INIT",
        "scpeerstate": "INIT",
        "maintmode": "",
        "mlagstate": "",
        "first_ping": 2,
        "version": "INIT"
    },
    "msw1.rk31.p01.da11": {
        "dev_type": "Arista",
        "updown": "Down",
        "peerstate": "INIT",
        "scpeerstate": "INIT",
        "maintmode": "",
        "mlagstate": "",
        "first_ping": 2,
        "version": "INIT"
    }
}
2024-06-26 13:57:53  Starting Status Checks
2024-06-26 13:57:55  esr1a.rk33.p01.da11 Version is now EOS: 4.28.7M
2024-06-26 13:57:55  esr1a.rk28.p01.da11 Version is now EOS: 4.28.7M
2024-06-26 13:57:55  esr1a.rk30.p01.da11 Version is now EOS: 4.28.7M
2024-06-26 13:57:55  esr1a.rk32.p01.da11 Version is now EOS: 4.28.7M
2024-06-26 13:57:55  esr1a.rk18.p01.da11 Version is now EOS: 4.28.7M
2024-06-26 13:57:55  esr1a.rk26.p01.da11 Version is now EOS: 4.28.7M
2024-06-26 13:57:55  esr1a.rk21.p01.da11 Version is now EOS: 4.28.7M
2024-06-26 13:57:55  esr1a.rk24.p01.da11 Version is now EOS: 4.28.7M
2024-06-26 13:57:55  esr1a.rk28.p01.da11 is now Up / Up
2024-06-26 13:57:55  esr1a.rk33.p01.da11 is now Up / Up
2024-06-26 13:57:55  esr1a.rk22.p01.da11 Version is now EOS: 4.28.7M
2024-06-26 13:57:55  esr1a.rk23.p01.da11 Version is now EOS: 4.28.7M
2024-06-26 13:57:55  esr1a.rk05.p01.da11 Version is now EOS: 4.28.7M
2024-06-26 13:57:55  esr1a.rk25.p01.da11 Version is now EOS: 4.28.7M
2024-06-26 13:57:55  esr1a.rk18.p01.da11 is now Up / Up
2024-06-26 13:57:55  esr1b.rk20.p01.da11 Version is now EOS: 4.28.7M
2024-06-26 13:57:55  esr1b.rk05.p01.da11 Version is now EOS: 4.28.7M
2024-06-26 13:57:55  esr1a.rk30.p01.da11 is now Up / Up
2024-06-26 13:57:55  esr1a.rk19.p01.da11 Version is now EOS: 4.28.7M
2024-06-26 13:57:55  esr1b.rk21.p01.da11 Version is now EOS: 4.28.7M
2024-06-26 13:57:55  esr1a.rk21.p01.da11 is now Up / Up
2024-06-26 13:57:55  esr1a.rk29.p01.da11 Version is now EOS: 4.28.7M
2024-06-26 13:57:55  esr1b.rk19.p01.da11 Version is now EOS: 4.28.7M
2024-06-26 13:57:55  esr1a.rk26.p01.da11 is now Up / Up
2024-06-26 13:57:55  esr1a.rk20.p01.da11 Version is now EOS: 4.28.7M
2024-06-26 13:57:55  esr1a.rk23.p01.da11 is now Up / Up
2024-06-26 13:57:55  esr1b.rk22.p01.da11 Version is now EOS: 4.28.7M
2024-06-26 13:57:55  esr1a.rk22.p01.da11 is now Up / Up
2024-06-26 13:57:55  esr1b.rk24.p01.da11 Version is now EOS: 4.28.7M
2024-06-26 13:57:55  esr1a.rk32.p01.da11 is now Up / Up
2024-06-26 13:57:55  esr1b.rk18.p01.da11 Version is now EOS: 4.28.7M
2024-06-26 13:57:55  esr1b.rk23.p01.da11 Version is now EOS: 4.28.7M
2024-06-26 13:57:55  esr1b.rk20.p01.da11 is now Up / Up
2024-06-26 13:57:55  esr1a.rk05.p01.da11 is now Up / Up
2024-06-26 13:57:55  esr1a.rk27.p01.da11 Version is now EOS: 4.28.7M
2024-06-26 13:57:55  esr1a.rk19.p01.da11 is now Up / Up
2024-06-26 13:57:55  esr1a.rk24.p01.da11 is now Up / Up
2024-06-26 13:57:55  esr1b.rk05.p01.da11 is now Up / Up
2024-06-26 13:57:55  esr1a.rk29.p01.da11 is now Up / Up
2024-06-26 13:57:55  esr1a.rk31.p01.da11 Version is now EOS: 4.28.7M
2024-06-26 13:57:55  esr1b.rk21.p01.da11 is now Up / Up
2024-06-26 13:57:55  esr1a.rk25.p01.da11 is now Up / Up
2024-06-26 13:57:55  esr1b.rk08.p01.da11 Version is now EOS: 4.28.7M
2024-06-26 13:57:55  esr1b.rk22.p01.da11 is now Up / Up
2024-06-26 13:57:55  esr1a.rk11.p01.da11 Version is now EOS: 4.28.7M
2024-06-26 13:57:55  esr1b.rk13.p01.da11 Version is now EOS: 4.28.7M
2024-06-26 13:57:55  esr1a.rk17.p01.da11 Version is now EOS: 4.28.7M
2024-06-26 13:57:55  esr1b.rk24.p01.da11 is now Up / Up
2024-06-26 13:57:55  esr1b.rk11.p01.da11 Version is now EOS: 4.28.7M
2024-06-26 13:57:55  esr1b.rk10.p01.da11 Version is now EOS: 4.28.7M
2024-06-26 13:57:55  esr1a.rk13.p01.da11 Version is now EOS: 4.28.7M
2024-06-26 13:57:55  esr1a.rk08.p01.da11 Version is now EOS: 4.28.7M
2024-06-26 13:57:55  esr1a.rk20.p01.da11 is now Up / Up
2024-06-26 13:57:55  esr1b.rk18.p01.da11 is now Up / Up
2024-06-26 13:57:55  esr1a.rk15.p01.da11 Version is now EOS: 4.28.7M
2024-06-26 13:57:55  esr1a.rk12.p01.da11 Version is now EOS: 4.28.7M
2024-06-26 13:57:55  esr1a.rk09.p01.da11 Version is now EOS: 4.28.7M
2024-06-26 13:57:55  esr1b.rk15.p01.da11 Version is now EOS: 4.28.7M
2024-06-26 13:57:55  esr1a.rk10.p01.da11 Version is now EOS: 4.28.7M
2024-06-26 13:57:55  esr1b.rk12.p01.da11 Version is now EOS: 4.28.7M
2024-06-26 13:57:55  esr1a.rk31.p01.da11 is now Up / Up
2024-06-26 13:57:55  esr1b.rk23.p01.da11 is now Up / Up
