2024-08-14 05:10:16  Script Start
2024-08-14 05:10:22  {
    "dsr1.rk07.p01.ny5": {
        "dev_type": "Arista",
        "updown": "Down/Down",
        "peerstate": "INIT",
        "scpeerstate": "INIT",
        "maintmode": "INIT",
        "mlagstate": "INIT",
        "first_ping": 2,
        "version": "INIT",
        "svrPortState": "INIT"
    },
    "dsr2.rk08.p01.ny5": {
        "dev_type": "Arista",
        "updown": "Down/Down",
        "peerstate": "INIT",
        "scpeerstate": "INIT",
        "maintmode": "INIT",
        "mlagstate": "INIT",
        "first_ping": 2,
        "version": "INIT",
        "svrPortState": "INIT"
    },
    "esr1a.rk01.p01.ny5": {
        "dev_type": "Arista",
        "updown": "Down/Down",
        "peerstate": "INIT",
        "scpeerstate": "INIT",
        "maintmode": "INIT",
        "mlagstate": "INIT",
        "first_ping": 2,
        "version": "INIT",
        "svrPortState": "INIT"
    },
    "esr1a.rk02.p01.ny5": {
        "dev_type": "Arista",
        "updown": "Down/Down",
        "peerstate": "INIT",
        "scpeerstate": "INIT",
        "maintmode": "INIT",
        "mlagstate": "INIT",
        "first_ping": 2,
        "version": "INIT",
        "svrPortState": "INIT"
    },
    "esr1a.rk03.p01.ny5": {
        "dev_type": "Arista",
        "updown": "Down/Down",
        "peerstate": "INIT",
        "scpeerstate": "INIT",
        "maintmode": "INIT",
        "mlagstate": "INIT",
        "first_ping": 2,
        "version": "INIT",
        "svrPortState": "INIT"
    },
    "esr1a.rk04.p01.ny5": {
        "dev_type": "Device Not Found",
        "updown": "Down/Down",
        "peerstate": "INIT",
        "scpeerstate": "INIT",
        "maintmode": "INIT",
        "mlagstate": "INIT",
        "first_ping": 2,
        "version": "INIT",
        "svrPortState": "INIT"
    },
    "esr1a.rk05.p01.ny5": {
        "dev_type": "Arista",
        "updown": "Down/Down",
        "peerstate": "INIT",
        "scpeerstate": "INIT",
        "maintmode": "INIT",
        "mlagstate": "INIT",
        "first_ping": 2,
        "version": "INIT",
        "svrPortState": "INIT"
    },
    "esr1a.rk06.p01.ny5": {
        "dev_type": "Arista",
        "updown": "Down/Down",
        "peerstate": "INIT",
        "scpeerstate": "INIT",
        "maintmode": "INIT",
        "mlagstate": "INIT",
        "first_ping": 2,
        "version": "INIT",
        "svrPortState": "INIT"
    },
    "esr1a.rk07.p01.ny5": {
        "dev_type": "Arista",
        "updown": "Down/Down",
        "peerstate": "INIT",
        "scpeerstate": "INIT",
        "maintmode": "INIT",
        "mlagstate": "INIT",
        "first_ping": 2,
        "version": "INIT",
        "svrPortState": "INIT"
    },
    "esr1a.rk08.p01.ny5": {
        "dev_type": "Arista",
        "updown": "Down/Down",
        "peerstate": "INIT",
        "scpeerstate": "INIT",
        "maintmode": "INIT",
        "mlagstate": "INIT",
        "first_ping": 2,
        "version": "INIT",
        "svrPortState": "INIT"
    },
    "esr1a.rk09.p01.ny5": {
        "dev_type": "Arista",
        "updown": "Down/Down",
        "peerstate": "INIT",
        "scpeerstate": "INIT",
        "maintmode": "INIT",
        "mlagstate": "INIT",
        "first_ping": 2,
        "version": "INIT",
        "svrPortState": "INIT"
    },
    "esr1a.rk10.p01.ny5": {
        "dev_type": "Arista",
        "updown": "Down/Down",
        "peerstate": "INIT",
        "scpeerstate": "INIT",
        "maintmode": "INIT",
        "mlagstate": "INIT",
        "first_ping": 2,
        "version": "INIT",
        "svrPortState": "INIT"
    },
    "esr1a.rk11.p01.ny5": {
        "dev_type": "Arista",
        "updown": "Down/Down",
        "peerstate": "INIT",
        "scpeerstate": "INIT",
        "maintmode": "INIT",
        "mlagstate": "INIT",
        "first_ping": 2,
        "version": "INIT",
        "svrPortState": "INIT"
    },
    "esr1a.rk12.p01.ny5": {
        "dev_type": "Arista",
        "updown": "Down/Down",
        "peerstate": "INIT",
        "scpeerstate": "INIT",
        "maintmode": "INIT",
        "mlagstate": "INIT",
        "first_ping": 2,
        "version": "INIT",
        "svrPortState": "INIT"
    },
    "esr1a.rk13.p01.ny5": {
        "dev_type": "Arista",
        "updown": "Down/Down",
        "peerstate": "INIT",
        "scpeerstate": "INIT",
        "maintmode": "INIT",
        "mlagstate": "INIT",
        "first_ping": 2,
        "version": "INIT",
        "svrPortState": "INIT"
    },
    "esr1a.rk14.p01.ny5": {
        "dev_type": "Arista",
        "updown": "Down/Down",
        "peerstate": "INIT",
        "scpeerstate": "INIT",
        "maintmode": "INIT",
        "mlagstate": "INIT",
        "first_ping": 2,
        "version": "INIT",
        "svrPortState": "INIT"
    },
    "esr1a.rk15.p01.ny5": {
        "dev_type": "Arista",
        "updown": "Down/Down",
        "peerstate": "INIT",
        "scpeerstate": "INIT",
        "maintmode": "INIT",
        "mlagstate": "INIT",
        "first_ping": 2,
        "version": "INIT",
        "svrPortState": "INIT"
    },
    "esr1b.rk01.p01.ny5": {
        "dev_type": "Arista",
        "updown": "Down/Down",
        "peerstate": "INIT",
        "scpeerstate": "INIT",
        "maintmode": "INIT",
        "mlagstate": "INIT",
        "first_ping": 2,
        "version": "INIT",
        "svrPortState": "INIT"
    },
    "esr1b.rk02.p01.ny5": {
        "dev_type": "Arista",
        "updown": "Down/Down",
        "peerstate": "INIT",
        "scpeerstate": "INIT",
        "maintmode": "INIT",
        "mlagstate": "INIT",
        "first_ping": 2,
        "version": "INIT",
        "svrPortState": "INIT"
    },
    "esr1b.rk03.p01.ny5": {
        "dev_type": "Arista",
        "updown": "Down/Down",
        "peerstate": "INIT",
        "scpeerstate": "INIT",
        "maintmode": "INIT",
        "mlagstate": "INIT",
        "first_ping": 2,
        "version": "INIT",
        "svrPortState": "INIT"
    },
    "esr1b.rk04.p01.ny5": {
        "dev_type": "Device Not Found",
        "updown": "Down/Down",
        "peerstate": "INIT",
        "scpeerstate": "INIT",
        "maintmode": "INIT",
        "mlagstate": "INIT",
        "first_ping": 2,
        "version": "INIT",
        "svrPortState": "INIT"
    },
    "esr1b.rk05.p01.ny5": {
        "dev_type": "Arista",
        "updown": "Down/Down",
        "peerstate": "INIT",
        "scpeerstate": "INIT",
        "maintmode": "INIT",
        "mlagstate": "INIT",
        "first_ping": 2,
        "version": "INIT",
        "svrPortState": "INIT"
    },
    "esr1b.rk06.p01.ny5": {
        "dev_type": "Arista",
        "updown": "Down/Down",
        "peerstate": "INIT",
        "scpeerstate": "INIT",
        "maintmode": "INIT",
        "mlagstate": "INIT",
        "first_ping": 2,
        "version": "INIT",
        "svrPortState": "INIT"
    },
    "esr1b.rk07.p01.ny5": {
        "dev_type": "Arista",
        "updown": "Down/Down",
        "peerstate": "INIT",
        "scpeerstate": "INIT",
        "maintmode": "INIT",
        "mlagstate": "INIT",
        "first_ping": 2,
        "version": "INIT",
        "svrPortState": "INIT"
    },
    "esr1b.rk08.p01.ny5": {
        "dev_type": "Arista",
        "updown": "Down/Down",
        "peerstate": "INIT",
        "scpeerstate": "INIT",
        "maintmode": "INIT",
        "mlagstate": "INIT",
        "first_ping": 2,
        "version": "INIT",
        "svrPortState": "INIT"
    },
    "esr1b.rk09.p01.ny5": {
        "dev_type": "Arista",
        "updown": "Down/Down",
        "peerstate": "INIT",
        "scpeerstate": "INIT",
        "maintmode": "INIT",
        "mlagstate": "INIT",
        "first_ping": 2,
        "version": "INIT",
        "svrPortState": "INIT"
    },
    "esr1b.rk10.p01.ny5": {
        "dev_type": "Arista",
        "updown": "Down/Down",
        "peerstate": "INIT",
        "scpeerstate": "INIT",
        "maintmode": "INIT",
        "mlagstate": "INIT",
        "first_ping": 2,
        "version": "INIT",
        "svrPortState": "INIT"
    },
    "esr1b.rk11.p01.ny5": {
        "dev_type": "Arista",
        "updown": "Down/Down",
        "peerstate": "INIT",
        "scpeerstate": "INIT",
        "maintmode": "INIT",
        "mlagstate": "INIT",
        "first_ping": 2,
        "version": "INIT",
        "svrPortState": "INIT"
    },
    "esr1b.rk12.p01.ny5": {
        "dev_type": "Arista",
        "updown": "Down/Down",
        "peerstate": "INIT",
        "scpeerstate": "INIT",
        "maintmode": "INIT",
        "mlagstate": "INIT",
        "first_ping": 2,
        "version": "INIT",
        "svrPortState": "INIT"
    },
    "esr1b.rk13.p01.ny5": {
        "dev_type": "Arista",
        "updown": "Down/Down",
        "peerstate": "INIT",
        "scpeerstate": "INIT",
        "maintmode": "INIT",
        "mlagstate": "INIT",
        "first_ping": 2,
        "version": "INIT",
        "svrPortState": "INIT"
    },
    "esr1b.rk14.p01.ny5": {
        "dev_type": "Arista",
        "updown": "Down/Down",
        "peerstate": "INIT",
        "scpeerstate": "INIT",
        "maintmode": "INIT",
        "mlagstate": "INIT",
        "first_ping": 2,
        "version": "INIT",
        "svrPortState": "INIT"
    },
    "esr1b.rk15.p01.ny5": {
        "dev_type": "Arista",
        "updown": "Down/Down",
        "peerstate": "INIT",
        "scpeerstate": "INIT",
        "maintmode": "INIT",
        "mlagstate": "INIT",
        "first_ping": 2,
        "version": "INIT",
        "svrPortState": "INIT"
    },
    "msw1.rk05.p04.ny5": {
        "dev_type": "Arista",
        "updown": "Down",
        "peerstate": "INIT",
        "scpeerstate": "INIT",
        "maintmode": "",
        "mlagstate": "",
        "first_ping": 2,
        "version": "INIT",
        "svrPortState": "INIT"
    },
    "msw1.rk06.p04.ny5": {
        "dev_type": "Arista",
        "updown": "Down",
        "peerstate": "INIT",
        "scpeerstate": "INIT",
        "maintmode": "",
        "mlagstate": "",
        "first_ping": 2,
        "version": "INIT",
        "svrPortState": "INIT"
    },
    "msw1.rk07.p04.ny5": {
        "dev_type": "Arista",
        "updown": "Down",
        "peerstate": "INIT",
        "scpeerstate": "INIT",
        "maintmode": "",
        "mlagstate": "",
        "first_ping": 2,
        "version": "INIT",
        "svrPortState": "INIT"
    },
    "msw1.rk08.p04.ny5": {
        "dev_type": "Arista",
        "updown": "Down",
        "peerstate": "INIT",
        "scpeerstate": "INIT",
        "maintmode": "",
        "mlagstate": "",
        "first_ping": 2,
        "version": "INIT",
        "svrPortState": "INIT"
    },
    "msw1.rk09.p04.ny5": {
        "dev_type": "Arista",
        "updown": "Down",
        "peerstate": "INIT",
        "scpeerstate": "INIT",
        "maintmode": "",
        "mlagstate": "",
        "first_ping": 2,
        "version": "INIT",
        "svrPortState": "INIT"
    },
    "msw1.rk10.p04.ny5": {
        "dev_type": "Arista",
        "updown": "Down",
        "peerstate": "INIT",
        "scpeerstate": "INIT",
        "maintmode": "",
        "mlagstate": "",
        "first_ping": 2,
        "version": "INIT",
        "svrPortState": "INIT"
    },
    "msw1.rk11.p04.ny5": {
        "dev_type": "Arista",
        "updown": "Down",
        "peerstate": "INIT",
        "scpeerstate": "INIT",
        "maintmode": "",
        "mlagstate": "",
        "first_ping": 2,
        "version": "INIT",
        "svrPortState": "INIT"
    },
    "msw1.rk12.p04.ny5": {
        "dev_type": "Arista",
        "updown": "Down",
        "peerstate": "INIT",
        "scpeerstate": "INIT",
        "maintmode": "",
        "mlagstate": "",
        "first_ping": 2,
        "version": "INIT",
        "svrPortState": "INIT"
    },
    "msw1.rk13.p04.ny5": {
        "dev_type": "Arista",
        "updown": "Down",
        "peerstate": "INIT",
        "scpeerstate": "INIT",
        "maintmode": "",
        "mlagstate": "",
        "first_ping": 2,
        "version": "INIT",
        "svrPortState": "INIT"
    },
    "msw1.rk14.p04.ny5": {
        "dev_type": "Arista",
        "updown": "Down",
        "peerstate": "INIT",
        "scpeerstate": "INIT",
        "maintmode": "",
        "mlagstate": "",
        "first_ping": 2,
        "version": "INIT",
        "svrPortState": "INIT"
    },
    "msw1.rk15.p04.ny5": {
        "dev_type": "Arista",
        "updown": "Down",
        "peerstate": "INIT",
        "scpeerstate": "INIT",
        "maintmode": "",
        "mlagstate": "",
        "first_ping": 2,
        "version": "INIT",
        "svrPortState": "INIT"
    },
    "msw1.rk31.p04.ny5": {
        "dev_type": "Arista",
        "updown": "Down",
        "peerstate": "INIT",
        "scpeerstate": "INIT",
        "maintmode": "",
        "mlagstate": "",
        "first_ping": 2,
        "version": "INIT",
        "svrPortState": "INIT"
    },
    "msw1.rk32.p04.ny5": {
        "dev_type": "Arista",
        "updown": "Down",
        "peerstate": "INIT",
        "scpeerstate": "INIT",
        "maintmode": "",
        "mlagstate": "",
        "first_ping": 2,
        "version": "INIT",
        "svrPortState": "INIT"
    },
    "ssp1.ny5": {
        "dev_type": "Arista",
        "updown": "Down/Down",
        "peerstate": "INIT",
        "scpeerstate": "INIT",
        "maintmode": "INIT",
        "mlagstate": "INIT",
        "first_ping": 2,
        "version": "INIT",
        "svrPortState": "INIT"
    },
    "ssp2.ny5": {
        "dev_type": "Arista",
        "updown": "Down/Down",
        "peerstate": "INIT",
        "scpeerstate": "INIT",
        "maintmode": "INIT",
        "mlagstate": "INIT",
        "first_ping": 2,
        "version": "INIT",
        "svrPortState": "INIT"
    },
    "ssp3.ny5": {
        "dev_type": "Arista",
        "updown": "Down/Down",
        "peerstate": "INIT",
        "scpeerstate": "INIT",
        "maintmode": "INIT",
        "mlagstate": "INIT",
        "first_ping": 2,
        "version": "INIT",
        "svrPortState": "INIT"
    },
    "ssp4.ny5": {
        "dev_type": "Arista",
        "updown": "Down/Down",
        "peerstate": "INIT",
        "scpeerstate": "INIT",
        "maintmode": "INIT",
        "mlagstate": "INIT",
        "first_ping": 2,
        "version": "INIT",
        "svrPortState": "INIT"
    }
}
2024-08-14 05:10:22  Starting Status Checks
2024-08-14 05:10:23  esr1b.rk05.p01.ny5 Version is now EOS: 4.28.7M
2024-08-14 05:10:23  esr1a.rk08.p01.ny5 Version is now EOS: 4.28.7M
2024-08-14 05:10:23  esr1b.rk10.p01.ny5 Version is now EOS: 4.28.7M
2024-08-14 05:10:23  esr1a.rk05.p01.ny5 Version is now EOS: 4.28.7M
2024-08-14 05:10:23  esr1a.rk13.p01.ny5 Version is now EOS: 4.28.7M
2024-08-14 05:10:23  esr1b.rk14.p01.ny5 Version is now EOS: 4.28.7M
2024-08-14 05:10:23  esr1b.rk06.p01.ny5 Version is now EOS: 4.28.7M
2024-08-14 05:10:23  esr1a.rk09.p01.ny5 Version is now EOS: 4.28.7M
2024-08-14 05:10:23  esr1a.rk10.p01.ny5 Version is now EOS: 4.28.7M
2024-08-14 05:10:23  esr1a.rk11.p01.ny5 Version is now EOS: 4.28.7M
2024-08-14 05:10:23  esr1b.rk11.p01.ny5 Version is now EOS: 4.28.7M
2024-08-14 05:10:23  esr1b.rk07.p01.ny5 Version is now EOS: 4.28.7M
2024-08-14 05:10:23  esr1a.rk03.p01.ny5 Version is now EOS: 4.28.7M
2024-08-14 05:10:23  esr1b.rk03.p01.ny5 Version is now EOS: 4.28.7M
2024-08-14 05:10:23  esr1b.rk09.p01.ny5 Version is now EOS: 4.28.7M
2024-08-14 05:10:23  esr1b.rk13.p01.ny5 Version is now EOS: 4.28.7M
2024-08-14 05:10:23  esr1a.rk12.p01.ny5 Version is now EOS: 4.28.7M
2024-08-14 05:10:23  esr1b.rk05.p01.ny5 is now Up / Up
2024-08-14 05:10:23  esr1a.rk15.p01.ny5 Version is now EOS: 4.28.7M
2024-08-14 05:10:23  esr1a.rk14.p01.ny5 Version is now EOS: 4.28.7M
2024-08-14 05:10:23  esr1a.rk07.p01.ny5 Version is now EOS: 4.28.7M
2024-08-14 05:10:23  esr1b.rk12.p01.ny5 Version is now EOS: 4.28.7M
2024-08-14 05:10:23  esr1b.rk10.p01.ny5 is now Up / Up
2024-08-14 05:10:23  esr1b.rk14.p01.ny5 is now Up / Up
2024-08-14 05:10:23  esr1a.rk10.p01.ny5 is now Up / Up
2024-08-14 05:10:23  esr1a.rk12.p01.ny5 is now Up / Up
2024-08-14 05:10:23  esr1b.rk13.p01.ny5 is now Up / Up
2024-08-14 05:10:23  esr1a.rk08.p01.ny5 is now Up / Up
2024-08-14 05:10:23  esr1a.rk05.p01.ny5 is now Up / Up
2024-08-14 05:10:23  esr1a.rk06.p01.ny5 Version is now EOS: 4.28.7M
2024-08-14 05:10:23  esr1a.rk11.p01.ny5 is now Up / Up
2024-08-14 05:10:23  esr1b.rk08.p01.ny5 Version is now EOS: 4.28.7M
2024-08-14 05:10:23  esr1a.rk15.p01.ny5 is now Up / Up
2024-08-14 05:10:23  esr1a.rk13.p01.ny5 is now Up / Up
2024-08-14 05:10:23  esr1b.rk06.p01.ny5 is now Up / Up
2024-08-14 05:10:23  esr1b.rk15.p01.ny5 Version is now EOS: 4.28.7M
2024-08-14 05:10:23  esr1a.rk03.p01.ny5 is now Up / Up
2024-08-14 05:10:23  esr1a.rk09.p01.ny5 is now Up / Up
2024-08-14 05:10:23  esr1a.rk07.p01.ny5 is now Up / Up
2024-08-14 05:10:23  esr1b.rk12.p01.ny5 is now Up / Up
2024-08-14 05:10:23  esr1b.rk09.p01.ny5 is now Up / Up
2024-08-14 05:10:23  esr1b.rk11.p01.ny5 is now Up / Up
2024-08-14 05:10:23  dsr2.rk08.p01.ny5 Version is now EOS: 4.28.7M
2024-08-14 05:10:23  ssp1.ny5 Version is now EOS: 4.28.7M
2024-08-14 05:10:23  msw1.rk06.p04.ny5 Version is now EOS: 4.28.7M
2024-08-14 05:10:23  msw1.rk14.p04.ny5 Version is now EOS: 4.28.7M
2024-08-14 05:10:23  msw1.rk31.p04.ny5 Version is now EOS: 4.28.7M
2024-08-14 05:10:23  esr1a.rk14.p01.ny5 is now Up / Up
2024-08-14 05:10:23  msw1.rk08.p04.ny5 Version is now EOS: 4.28.7M
2024-08-14 05:10:23  msw1.rk11.p04.ny5 Version is now EOS: 4.28.7M
2024-08-14 05:10:23  ssp2.ny5 Version is now EOS: 4.28.7M
2024-08-14 05:10:23  msw1.rk15.p04.ny5 Version is now EOS: 4.28.7M
2024-08-14 05:10:23  ssp4.ny5 Version is now EOS: 4.28.7M
2024-08-14 05:10:23  dsr1.rk07.p01.ny5 Version is now EOS: 4.28.7M
2024-08-14 05:10:23  msw1.rk32.p04.ny5 Version is now EOS: 4.28.7M
2024-08-14 05:10:23  msw1.rk05.p04.ny5 Version is now EOS: 4.28.7M
2024-08-14 05:10:23  esr1a.rk02.p01.ny5 Version is now EOS: 4.28.7M
2024-08-14 05:10:23  msw1.rk12.p04.ny5 Version is now EOS: 4.28.7M
2024-08-14 05:10:23  ssp3.ny5 Version is now EOS: 4.28.7M
2024-08-14 05:10:23  esr1b.rk07.p01.ny5 is now Up / Up
2024-08-14 05:10:23  esr1b.rk02.p01.ny5 Version is now EOS: 4.28.7M
2024-08-14 05:10:23  esr1a.rk01.p01.ny5 Version is now EOS: 4.28.7M
2024-08-14 05:10:23  msw1.rk07.p04.ny5 Version is now EOS: 4.28.7M
2024-08-14 05:10:23  esr1b.rk15.p01.ny5 is now Up / Up
2024-08-14 05:10:23  esr1b.rk03.p01.ny5 is now Up / Up
2024-08-14 05:10:23  esr1a.rk06.p01.ny5 is now Up / Up
2024-08-14 05:10:23  esr1b.rk01.p01.ny5 Version is now EOS: 4.28.7M
2024-08-14 05:10:23  msw1.rk10.p04.ny5 Version is now EOS: 4.28.7M
2024-08-14 05:10:23  esr1a.rk02.p01.ny5 is now Up / Up
2024-08-14 05:10:23  esr1a.rk01.p01.ny5 is now Up / Up
2024-08-14 05:10:23  ssp3.ny5 is now Up / Up
2024-08-14 05:10:23  ssp2.ny5 is now Up / Up
2024-08-14 05:10:23  esr1b.rk02.p01.ny5 is now Up / Up
2024-08-14 05:10:23  dsr2.rk08.p01.ny5 is now Up / Up
2024-08-14 05:10:23  ssp1.ny5 is now Up / Up
2024-08-14 05:10:23  msw1.rk09.p04.ny5 Version is now EOS: 4.28.7M
2024-08-14 05:10:23  msw1.rk13.p04.ny5 Version is now EOS: 4.28.7M
2024-08-14 05:10:23  dsr1.rk07.p01.ny5 is now Up / Up
2024-08-14 05:10:23  esr1b.rk08.p01.ny5 is now Up / Up
2024-08-14 05:10:23  esr1b.rk01.p01.ny5 is now Up / Up
2024-08-14 05:10:23  ssp4.ny5 is now Up / Up
2024-08-14 05:10:24  esr1a.rk10.p01.ny5 is now NoMaint
2024-08-14 05:10:24  esr1b.rk14.p01.ny5 is now NoMaint
2024-08-14 05:10:24  esr1a.rk08.p01.ny5 is now NoMaint
2024-08-14 05:10:24  esr1b.rk11.p01.ny5 is now NoMaint
2024-08-14 05:10:24  esr1b.rk15.p01.ny5 is now NoMaint
2024-08-14 05:10:24  esr1b.rk07.p01.ny5 is now NoMaint
2024-08-14 05:10:24  esr1a.rk06.p01.ny5 is now NoMaint
2024-08-14 05:10:24  esr1b.rk03.p01.ny5 is now NoMaint
2024-08-14 05:10:24  esr1a.rk14.p01.ny5 is now NoMaint
2024-08-14 05:10:24  esr1b.rk06.p01.ny5 is now NoMaint
2024-08-14 05:10:24  esr1a.rk05.p01.ny5 is now NoMaint
2024-08-14 05:10:24  esr1b.rk05.p01.ny5 is now NoMaint
2024-08-14 05:10:24  esr1b.rk13.p01.ny5 is now NoMaint
2024-08-14 05:10:24  esr1a.rk12.p01.ny5 is now NoMaint
2024-08-14 05:10:24  esr1a.rk03.p01.ny5 is now NoMaint
2024-08-14 05:10:24  esr1a.rk11.p01.ny5 is now NoMaint
2024-08-14 05:10:24  esr1a.rk07.p01.ny5 is now NoMaint
2024-08-14 05:10:24  esr1b.rk10.p01.ny5 is now NoMaint
2024-08-14 05:10:24  esr1b.rk09.p01.ny5 is now NoMaint
2024-08-14 05:10:24  esr1a.rk09.p01.ny5 is now NoMaint
2024-08-14 05:10:24  esr1a.rk15.p01.ny5 is now NoMaint
2024-08-14 05:10:24  esr1b.rk12.p01.ny5 is now NoMaint
2024-08-14 05:10:24  msw1.rk08.p04.ny5 pstate is now 2/2
2024-08-14 05:10:24  msw1.rk31.p04.ny5 pstate is now 2/2
2024-08-14 05:10:24  msw1.rk12.p04.ny5 pstate is now 2/2
2024-08-14 05:10:24  msw1.rk08.p04.ny5 SC pstate is now -
2024-08-14 05:10:24  msw1.rk31.p04.ny5 SC pstate is now -
2024-08-14 05:10:24  msw1.rk31.p04.ny5 is now Up
2024-08-14 05:10:24  msw1.rk12.p04.ny5 SC pstate is now -
2024-08-14 05:10:24  msw1.rk12.p04.ny5 is now Up
2024-08-14 05:10:24  msw1.rk08.p04.ny5 is now Up
2024-08-14 05:10:24  ssp3.ny5 is now NoMaint
2024-08-14 05:10:24  msw1.rk06.p04.ny5 pstate is now 2/2
2024-08-14 05:10:24  msw1.rk06.p04.ny5 SC pstate is now -
2024-08-14 05:10:24  msw1.rk06.p04.ny5 is now Up
2024-08-14 05:10:24  esr1a.rk02.p01.ny5 is now NoMaint
2024-08-14 05:10:24  esr1b.rk08.p01.ny5 is now NoMaint
2024-08-14 05:10:24  msw1.rk14.p04.ny5 pstate is now 2/2
2024-08-14 05:10:24  msw1.rk14.p04.ny5 SC pstate is now -
2024-08-14 05:10:24  msw1.rk14.p04.ny5 is now Up
2024-08-14 05:10:24  msw1.rk10.p04.ny5 pstate is now 2/2
2024-08-14 05:10:24  msw1.rk10.p04.ny5 SC pstate is now -
2024-08-14 05:10:24  msw1.rk10.p04.ny5 is now Up
2024-08-14 05:10:24  esr1a.rk13.p01.ny5 is now NoMaint
2024-08-14 05:10:24  msw1.rk15.p04.ny5 pstate is now 2/2
2024-08-14 05:10:24  msw1.rk15.p04.ny5 SC pstate is now -
2024-08-14 05:10:24  msw1.rk15.p04.ny5 is now Up
2024-08-14 05:10:24  dsr2.rk08.p01.ny5 is now NoMaint
2024-08-14 05:10:24  esr1b.rk01.p01.ny5 is now NoMaint
2024-08-14 05:10:24  msw1.rk11.p04.ny5 pstate is now 2/2
2024-08-14 05:10:24  msw1.rk11.p04.ny5 SC pstate is now -
2024-08-14 05:10:24  msw1.rk07.p04.ny5 pstate is now 2/2
2024-08-14 05:10:24  msw1.rk07.p04.ny5 SC pstate is now -
2024-08-14 05:10:24  msw1.rk11.p04.ny5 is now Up
2024-08-14 05:10:24  msw1.rk07.p04.ny5 is now Up
2024-08-14 05:10:24  esr1a.rk01.p01.ny5 is now NoMaint
2024-08-14 05:10:24  ssp2.ny5 is now NoMaint
2024-08-14 05:10:24  ssp1.ny5 is now NoMaint
2024-08-14 05:10:24  msw1.rk32.p04.ny5 pstate is now 2/2
2024-08-14 05:10:24  msw1.rk32.p04.ny5 SC pstate is now -
2024-08-14 05:10:24  msw1.rk32.p04.ny5 is now Up
2024-08-14 05:10:24  msw1.rk05.p04.ny5 pstate is now 2/2
2024-08-14 05:10:24  msw1.rk05.p04.ny5 SC pstate is now -
2024-08-14 05:10:24  msw1.rk05.p04.ny5 is now Up
2024-08-14 05:10:24  msw1.rk13.p04.ny5 pstate is now 2/2
2024-08-14 05:10:24  msw1.rk13.p04.ny5 SC pstate is now -
2024-08-14 05:10:24  msw1.rk13.p04.ny5 is now Up
2024-08-14 05:10:24  msw1.rk09.p04.ny5 pstate is now 2/2
2024-08-14 05:10:24  msw1.rk09.p04.ny5 SC pstate is now -
2024-08-14 05:10:24  msw1.rk09.p04.ny5 is now Up
2024-08-14 05:10:24  esr1b.rk02.p01.ny5 is now NoMaint
2024-08-14 05:10:24  ssp4.ny5 is now NoMaint
2024-08-14 05:10:24  dsr1.rk07.p01.ny5 is now NoMaint
2024-08-14 05:10:24  ssp3.ny5 pstate is now 2/2
2024-08-14 05:10:24  ssp3.ny5 SC pstate is now -
2024-08-14 05:10:24  dsr2.rk08.p01.ny5 pstate is now 8/8
2024-08-14 05:10:24  dsr2.rk08.p01.ny5 SC pstate is now -
2024-08-14 05:10:24  ssp1.ny5 pstate is now 2/2
2024-08-14 05:10:24  ssp1.ny5 SC pstate is now -
2024-08-14 05:10:24  esr1a.rk10.p01.ny5 pstate is now 12/12
2024-08-14 05:10:24  esr1a.rk10.p01.ny5 SC pstate is now -
2024-08-14 05:10:24  ssp2.ny5 pstate is now 2/2
2024-08-14 05:10:24  ssp2.ny5 SC pstate is now -
2024-08-14 05:10:24  ssp4.ny5 pstate is now 2/2
2024-08-14 05:10:24  ssp4.ny5 SC pstate is now -
2024-08-14 05:10:24  dsr1.rk07.p01.ny5 pstate is now 8/8
2024-08-14 05:10:24  dsr1.rk07.p01.ny5 SC pstate is now -
2024-08-14 05:10:24  esr1b.rk15.p01.ny5 pstate is now 12/12
2024-08-14 05:10:24  esr1b.rk15.p01.ny5 SC pstate is now 15/27
2024-08-14 05:10:24  esr1a.rk06.p01.ny5 pstate is now 12/12
2024-08-14 05:10:24  esr1a.rk06.p01.ny5 SC pstate is now -
2024-08-14 05:10:24  esr1b.rk11.p01.ny5 pstate is now 12/12
2024-08-14 05:10:24  esr1b.rk11.p01.ny5 SC pstate is now -
2024-08-14 05:10:24  esr1b.rk03.p01.ny5 pstate is now 12/12
2024-08-14 05:10:24  esr1b.rk03.p01.ny5 SC pstate is now -
2024-08-14 05:10:24  esr1a.rk14.p01.ny5 pstate is now 12/12
2024-08-14 05:10:24  esr1a.rk14.p01.ny5 SC pstate is now 14/23
2024-08-14 05:10:24  esr1b.rk07.p01.ny5 pstate is now 12/12
2024-08-14 05:10:24  esr1b.rk07.p01.ny5 SC pstate is now -
2024-08-14 05:10:24  esr1a.rk08.p01.ny5 pstate is now 12/12
2024-08-14 05:10:24  esr1a.rk08.p01.ny5 SC pstate is now -
2024-08-14 05:10:24  esr1b.rk09.p01.ny5 pstate is now 12/12
2024-08-14 05:10:24  esr1a.rk12.p01.ny5 pstate is now 12/12
2024-08-14 05:10:24  esr1b.rk09.p01.ny5 SC pstate is now -
2024-08-14 05:10:24  esr1a.rk12.p01.ny5 SC pstate is now -
2024-08-14 05:10:24  esr1b.rk05.p01.ny5 pstate is now 12/12
2024-08-14 05:10:24  esr1b.rk05.p01.ny5 SC pstate is now -
2024-08-14 05:10:24  esr1b.rk13.p01.ny5 pstate is now 12/12
2024-08-14 05:10:24  esr1b.rk13.p01.ny5 SC pstate is now -
2024-08-14 05:10:24  esr1a.rk07.p01.ny5 pstate is now 12/12
2024-08-14 05:10:24  esr1a.rk07.p01.ny5 SC pstate is now -
2024-08-14 05:10:24  esr1a.rk15.p01.ny5 pstate is now 12/12
2024-08-14 05:10:24  esr1a.rk15.p01.ny5 SC pstate is now 15/27
2024-08-14 05:10:24  esr1a.rk11.p01.ny5 pstate is now 12/12
2024-08-14 05:10:24  esr1a.rk11.p01.ny5 SC pstate is now -
2024-08-14 05:10:24  esr1b.rk08.p01.ny5 pstate is now 12/12
2024-08-14 05:10:24  esr1b.rk08.p01.ny5 SC pstate is now -
2024-08-14 05:10:24  esr1a.rk03.p01.ny5 pstate is now 12/12
2024-08-14 05:10:24  esr1a.rk03.p01.ny5 SC pstate is now -
2024-08-14 05:10:24  esr1b.rk12.p01.ny5 pstate is now 12/12
2024-08-14 05:10:24  esr1b.rk12.p01.ny5 SC pstate is now -
2024-08-14 05:10:24  esr1b.rk10.p01.ny5 pstate is now 12/12
2024-08-14 05:10:24  esr1b.rk10.p01.ny5 SC pstate is now -
2024-08-14 05:10:24  esr1b.rk14.p01.ny5 pstate is now 12/12
2024-08-14 05:10:24  esr1b.rk14.p01.ny5 SC pstate is now 14/23
2024-08-14 05:10:25  esr1b.rk06.p01.ny5 pstate is now 12/12
2024-08-14 05:10:25  esr1b.rk06.p01.ny5 SC pstate is now -
2024-08-14 05:10:25  esr1a.rk05.p01.ny5 pstate is now 12/12
2024-08-14 05:10:25  esr1a.rk05.p01.ny5 SC pstate is now -
2024-08-14 05:10:25  esr1a.rk13.p01.ny5 pstate is now 12/12
2024-08-14 05:10:25  esr1a.rk13.p01.ny5 SC pstate is now -
2024-08-14 05:10:25  esr1a.rk09.p01.ny5 pstate is now 12/12
2024-08-14 05:10:25  esr1a.rk09.p01.ny5 SC pstate is now -
2024-08-14 05:10:25  esr1a.rk02.p01.ny5 pstate is now 12/12
2024-08-14 05:10:25  esr1a.rk02.p01.ny5 SC pstate is now -
2024-08-14 05:10:25  esr1b.rk02.p01.ny5 pstate is now 12/12
2024-08-14 05:10:25  esr1b.rk02.p01.ny5 SC pstate is now -
2024-08-14 05:10:25  esr1a.rk01.p01.ny5 pstate is now 12/12
2024-08-14 05:10:25  esr1a.rk01.p01.ny5 SC pstate is now -
2024-08-14 05:10:25  esr1b.rk01.p01.ny5 pstate is now 12/12
2024-08-14 05:10:25  esr1b.rk01.p01.ny5 SC pstate is now -
2024-08-14 05:10:29  Status Checking Complete
