2024-08-14 07:07:10  Script Start
2024-08-14 07:07:17  {
    "dsr1.rk04.p02.ny5": {
        "dev_type": "Arista",
        "updown": "Down/Down",
        "peerstate": "INIT",
        "scpeerstate": "INIT",
        "maintmode": "INIT",
        "mlagstate": "INIT",
        "first_ping": 2,
        "version": "INIT",
        "svrPortState": "INIT"
    },
    "dsr2.rk05.p02.ny5": {
        "dev_type": "Arista",
        "updown": "Down/Down",
        "peerstate": "INIT",
        "scpeerstate": "INIT",
        "maintmode": "INIT",
        "mlagstate": "INIT",
        "first_ping": 2,
        "version": "INIT",
        "svrPortState": "INIT"
    },
    "esr1a.rk01.p02.ny5": {
        "dev_type": "Arista",
        "updown": "Down/Down",
        "peerstate": "INIT",
        "scpeerstate": "INIT",
        "maintmode": "INIT",
        "mlagstate": "INIT",
        "first_ping": 2,
        "version": "INIT",
        "svrPortState": "INIT"
    },
    "esr1a.rk02.p02.ny5": {
        "dev_type": "Arista",
        "updown": "Down/Down",
        "peerstate": "INIT",
        "scpeerstate": "INIT",
        "maintmode": "INIT",
        "mlagstate": "INIT",
        "first_ping": 2,
        "version": "INIT",
        "svrPortState": "INIT"
    },
    "esr1a.rk03.p02.ny5": {
        "dev_type": "Arista",
        "updown": "Down/Down",
        "peerstate": "INIT",
        "scpeerstate": "INIT",
        "maintmode": "INIT",
        "mlagstate": "INIT",
        "first_ping": 2,
        "version": "INIT",
        "svrPortState": "INIT"
    },
    "esr1a.rk04.p02.ny5": {
        "dev_type": "Arista",
        "updown": "Down/Down",
        "peerstate": "INIT",
        "scpeerstate": "INIT",
        "maintmode": "INIT",
        "mlagstate": "INIT",
        "first_ping": 2,
        "version": "INIT",
        "svrPortState": "INIT"
    },
    "esr1a.rk05.p02.ny5": {
        "dev_type": "Arista",
        "updown": "Down/Down",
        "peerstate": "INIT",
        "scpeerstate": "INIT",
        "maintmode": "INIT",
        "mlagstate": "INIT",
        "first_ping": 2,
        "version": "INIT",
        "svrPortState": "INIT"
    },
    "esr1a.rk06.p02.ny5": {
        "dev_type": "Arista",
        "updown": "Down/Down",
        "peerstate": "INIT",
        "scpeerstate": "INIT",
        "maintmode": "INIT",
        "mlagstate": "INIT",
        "first_ping": 2,
        "version": "INIT",
        "svrPortState": "INIT"
    },
    "esr1a.rk07.p02.ny5": {
        "dev_type": "Arista",
        "updown": "Down/Down",
        "peerstate": "INIT",
        "scpeerstate": "INIT",
        "maintmode": "INIT",
        "mlagstate": "INIT",
        "first_ping": 2,
        "version": "INIT",
        "svrPortState": "INIT"
    },
    "esr1a.rk08.p02.ny5": {
        "dev_type": "Arista",
        "updown": "Down/Down",
        "peerstate": "INIT",
        "scpeerstate": "INIT",
        "maintmode": "INIT",
        "mlagstate": "INIT",
        "first_ping": 2,
        "version": "INIT",
        "svrPortState": "INIT"
    },
    "esr1a.rk09.p02.ny5": {
        "dev_type": "Arista",
        "updown": "Down/Down",
        "peerstate": "INIT",
        "scpeerstate": "INIT",
        "maintmode": "INIT",
        "mlagstate": "INIT",
        "first_ping": 2,
        "version": "INIT",
        "svrPortState": "INIT"
    },
    "esr1a.rk10.p02.ny5": {
        "dev_type": "Arista",
        "updown": "Down/Down",
        "peerstate": "INIT",
        "scpeerstate": "INIT",
        "maintmode": "INIT",
        "mlagstate": "INIT",
        "first_ping": 2,
        "version": "INIT",
        "svrPortState": "INIT"
    },
    "esr1a.rk11.p02.ny5": {
        "dev_type": "Arista",
        "updown": "Down/Down",
        "peerstate": "INIT",
        "scpeerstate": "INIT",
        "maintmode": "INIT",
        "mlagstate": "INIT",
        "first_ping": 2,
        "version": "INIT",
        "svrPortState": "INIT"
    },
    "esr1a.rk12.p02.ny5": {
        "dev_type": "Arista",
        "updown": "Down/Down",
        "peerstate": "INIT",
        "scpeerstate": "INIT",
        "maintmode": "INIT",
        "mlagstate": "INIT",
        "first_ping": 2,
        "version": "INIT",
        "svrPortState": "INIT"
    },
    "esr1b.rk01.p02.ny5": {
        "dev_type": "Arista",
        "updown": "Down/Down",
        "peerstate": "INIT",
        "scpeerstate": "INIT",
        "maintmode": "INIT",
        "mlagstate": "INIT",
        "first_ping": 2,
        "version": "INIT",
        "svrPortState": "INIT"
    },
    "esr1b.rk02.p02.ny5": {
        "dev_type": "Arista",
        "updown": "Down/Down",
        "peerstate": "INIT",
        "scpeerstate": "INIT",
        "maintmode": "INIT",
        "mlagstate": "INIT",
        "first_ping": 2,
        "version": "INIT",
        "svrPortState": "INIT"
    },
    "esr1b.rk03.p02.ny5": {
        "dev_type": "Arista",
        "updown": "Down/Down",
        "peerstate": "INIT",
        "scpeerstate": "INIT",
        "maintmode": "INIT",
        "mlagstate": "INIT",
        "first_ping": 2,
        "version": "INIT",
        "svrPortState": "INIT"
    },
    "esr1b.rk04.p02.ny5": {
        "dev_type": "Arista",
        "updown": "Down/Down",
        "peerstate": "INIT",
        "scpeerstate": "INIT",
        "maintmode": "INIT",
        "mlagstate": "INIT",
        "first_ping": 2,
        "version": "INIT",
        "svrPortState": "INIT"
    },
    "esr1b.rk05.p02.ny5": {
        "dev_type": "Arista",
        "updown": "Down/Down",
        "peerstate": "INIT",
        "scpeerstate": "INIT",
        "maintmode": "INIT",
        "mlagstate": "INIT",
        "first_ping": 2,
        "version": "INIT",
        "svrPortState": "INIT"
    },
    "esr1b.rk06.p02.ny5": {
        "dev_type": "Arista",
        "updown": "Down/Down",
        "peerstate": "INIT",
        "scpeerstate": "INIT",
        "maintmode": "INIT",
        "mlagstate": "INIT",
        "first_ping": 2,
        "version": "INIT",
        "svrPortState": "INIT"
    },
    "esr1b.rk07.p02.ny5": {
        "dev_type": "Arista",
        "updown": "Down/Down",
        "peerstate": "INIT",
        "scpeerstate": "INIT",
        "maintmode": "INIT",
        "mlagstate": "INIT",
        "first_ping": 2,
        "version": "INIT",
        "svrPortState": "INIT"
    },
    "esr1b.rk08.p02.ny5": {
        "dev_type": "Arista",
        "updown": "Down/Down",
        "peerstate": "INIT",
        "scpeerstate": "INIT",
        "maintmode": "INIT",
        "mlagstate": "INIT",
        "first_ping": 2,
        "version": "INIT",
        "svrPortState": "INIT"
    },
    "esr1b.rk09.p02.ny5": {
        "dev_type": "Arista",
        "updown": "Down/Down",
        "peerstate": "INIT",
        "scpeerstate": "INIT",
        "maintmode": "INIT",
        "mlagstate": "INIT",
        "first_ping": 2,
        "version": "INIT",
        "svrPortState": "INIT"
    },
    "esr1b.rk10.p02.ny5": {
        "dev_type": "Arista",
        "updown": "Down/Down",
        "peerstate": "INIT",
        "scpeerstate": "INIT",
        "maintmode": "INIT",
        "mlagstate": "INIT",
        "first_ping": 2,
        "version": "INIT",
        "svrPortState": "INIT"
    },
    "esr1b.rk11.p02.ny5": {
        "dev_type": "Arista",
        "updown": "Down/Down",
        "peerstate": "INIT",
        "scpeerstate": "INIT",
        "maintmode": "INIT",
        "mlagstate": "INIT",
        "first_ping": 2,
        "version": "INIT",
        "svrPortState": "INIT"
    },
    "esr1b.rk12.p02.ny5": {
        "dev_type": "Arista",
        "updown": "Down/Down",
        "peerstate": "INIT",
        "scpeerstate": "INIT",
        "maintmode": "INIT",
        "mlagstate": "INIT",
        "first_ping": 2,
        "version": "INIT",
        "svrPortState": "INIT"
    },
    "csr1.ny5": {
        "dev_type": "Arista",
        "updown": "Down/Down",
        "peerstate": "INIT",
        "scpeerstate": "INIT",
        "maintmode": "INIT",
        "mlagstate": "INIT",
        "first_ping": 2,
        "version": "INIT",
        "svrPortState": "INIT"
    },
    "dsr1.rk01.p04.ny5": {
        "dev_type": "Arista",
        "updown": "Down/Down",
        "peerstate": "INIT",
        "scpeerstate": "INIT",
        "maintmode": "INIT",
        "mlagstate": "INIT",
        "first_ping": 2,
        "version": "INIT",
        "svrPortState": "INIT"
    },
    "dsr2.rk02.p04.ny5": {
        "dev_type": "Arista",
        "updown": "Down/Down",
        "peerstate": "INIT",
        "scpeerstate": "INIT",
        "maintmode": "INIT",
        "mlagstate": "INIT",
        "first_ping": 2,
        "version": "INIT",
        "svrPortState": "INIT"
    },
    "dsr3.rk03.p04.ny5": {
        "dev_type": "Arista",
        "updown": "Down/Down",
        "peerstate": "INIT",
        "scpeerstate": "INIT",
        "maintmode": "INIT",
        "mlagstate": "INIT",
        "first_ping": 2,
        "version": "INIT",
        "svrPortState": "INIT"
    },
    "dsr4.rk04.p04.ny5": {
        "dev_type": "Arista",
        "updown": "Down/Down",
        "peerstate": "INIT",
        "scpeerstate": "INIT",
        "maintmode": "INIT",
        "mlagstate": "INIT",
        "first_ping": 2,
        "version": "INIT",
        "svrPortState": "INIT"
    },
    "esr1a.rk05.p04.ny5": {
        "dev_type": "Arista",
        "updown": "Down/Down",
        "peerstate": "INIT",
        "scpeerstate": "INIT",
        "maintmode": "INIT",
        "mlagstate": "INIT",
        "first_ping": 2,
        "version": "INIT",
        "svrPortState": "INIT"
    },
    "esr1a.rk06.p04.ny5": {
        "dev_type": "Arista",
        "updown": "Down/Down",
        "peerstate": "INIT",
        "scpeerstate": "INIT",
        "maintmode": "INIT",
        "mlagstate": "INIT",
        "first_ping": 2,
        "version": "INIT",
        "svrPortState": "INIT"
    },
    "esr1a.rk07.p04.ny5": {
        "dev_type": "Arista",
        "updown": "Down/Down",
        "peerstate": "INIT",
        "scpeerstate": "INIT",
        "maintmode": "INIT",
        "mlagstate": "INIT",
        "first_ping": 2,
        "version": "INIT",
        "svrPortState": "INIT"
    },
    "esr1a.rk08.p04.ny5": {
        "dev_type": "Arista",
        "updown": "Down/Down",
        "peerstate": "INIT",
        "scpeerstate": "INIT",
        "maintmode": "INIT",
        "mlagstate": "INIT",
        "first_ping": 2,
        "version": "INIT",
        "svrPortState": "INIT"
    },
    "esr1a.rk09.p04.ny5": {
        "dev_type": "Arista",
        "updown": "Down/Down",
        "peerstate": "INIT",
        "scpeerstate": "INIT",
        "maintmode": "INIT",
        "mlagstate": "INIT",
        "first_ping": 2,
        "version": "INIT",
        "svrPortState": "INIT"
    },
    "esr1a.rk10.p04.ny5": {
        "dev_type": "Arista",
        "updown": "Down/Down",
        "peerstate": "INIT",
        "scpeerstate": "INIT",
        "maintmode": "INIT",
        "mlagstate": "INIT",
        "first_ping": 2,
        "version": "INIT",
        "svrPortState": "INIT"
    },
    "esr1a.rk11.p04.ny5": {
        "dev_type": "Arista",
        "updown": "Down/Down",
        "peerstate": "INIT",
        "scpeerstate": "INIT",
        "maintmode": "INIT",
        "mlagstate": "INIT",
        "first_ping": 2,
        "version": "INIT",
        "svrPortState": "INIT"
    },
    "esr1a.rk12.p04.ny5": {
        "dev_type": "Arista",
        "updown": "Down/Down",
        "peerstate": "INIT",
        "scpeerstate": "INIT",
        "maintmode": "INIT",
        "mlagstate": "INIT",
        "first_ping": 2,
        "version": "INIT",
        "svrPortState": "INIT"
    },
    "esr1a.rk13.p04.ny5": {
        "dev_type": "Arista",
        "updown": "Down/Down",
        "peerstate": "INIT",
        "scpeerstate": "INIT",
        "maintmode": "INIT",
        "mlagstate": "INIT",
        "first_ping": 2,
        "version": "INIT",
        "svrPortState": "INIT"
    },
    "esr1a.rk14.p04.ny5": {
        "dev_type": "Arista",
        "updown": "Down/Down",
        "peerstate": "INIT",
        "scpeerstate": "INIT",
        "maintmode": "INIT",
        "mlagstate": "INIT",
        "first_ping": 2,
        "version": "INIT",
        "svrPortState": "INIT"
    },
    "esr1a.rk15.p04.ny5": {
        "dev_type": "Arista",
        "updown": "Down/Down",
        "peerstate": "INIT",
        "scpeerstate": "INIT",
        "maintmode": "INIT",
        "mlagstate": "INIT",
        "first_ping": 2,
        "version": "INIT",
        "svrPortState": "INIT"
    },
    "esr1b.rk05.p04.ny5": {
        "dev_type": "Arista",
        "updown": "Down/Down",
        "peerstate": "INIT",
        "scpeerstate": "INIT",
        "maintmode": "INIT",
        "mlagstate": "INIT",
        "first_ping": 2,
        "version": "INIT",
        "svrPortState": "INIT"
    },
    "esr1b.rk06.p04.ny5": {
        "dev_type": "Arista",
        "updown": "Down/Down",
        "peerstate": "INIT",
        "scpeerstate": "INIT",
        "maintmode": "INIT",
        "mlagstate": "INIT",
        "first_ping": 2,
        "version": "INIT",
        "svrPortState": "INIT"
    },
    "esr1b.rk07.p04.ny5": {
        "dev_type": "Arista",
        "updown": "Down/Down",
        "peerstate": "INIT",
        "scpeerstate": "INIT",
        "maintmode": "INIT",
        "mlagstate": "INIT",
        "first_ping": 2,
        "version": "INIT",
        "svrPortState": "INIT"
    },
    "esr1b.rk08.p04.ny5": {
        "dev_type": "Arista",
        "updown": "Down/Down",
        "peerstate": "INIT",
        "scpeerstate": "INIT",
        "maintmode": "INIT",
        "mlagstate": "INIT",
        "first_ping": 2,
        "version": "INIT",
        "svrPortState": "INIT"
    },
    "esr1b.rk09.p04.ny5": {
        "dev_type": "Arista",
        "updown": "Down/Down",
        "peerstate": "INIT",
        "scpeerstate": "INIT",
        "maintmode": "INIT",
        "mlagstate": "INIT",
        "first_ping": 2,
        "version": "INIT",
        "svrPortState": "INIT"
    },
    "esr1b.rk10.p04.ny5": {
        "dev_type": "Arista",
        "updown": "Down/Down",
        "peerstate": "INIT",
        "scpeerstate": "INIT",
        "maintmode": "INIT",
        "mlagstate": "INIT",
        "first_ping": 2,
        "version": "INIT",
        "svrPortState": "INIT"
    },
    "esr1b.rk11.p04.ny5": {
        "dev_type": "Arista",
        "updown": "Down/Down",
        "peerstate": "INIT",
        "scpeerstate": "INIT",
        "maintmode": "INIT",
        "mlagstate": "INIT",
        "first_ping": 2,
        "version": "INIT",
        "svrPortState": "INIT"
    },
    "esr1b.rk12.p04.ny5": {
        "dev_type": "Arista",
        "updown": "Down/Down",
        "peerstate": "INIT",
        "scpeerstate": "INIT",
        "maintmode": "INIT",
        "mlagstate": "INIT",
        "first_ping": 2,
        "version": "INIT",
        "svrPortState": "INIT"
    },
    "esr1b.rk13.p04.ny5": {
        "dev_type": "Arista",
        "updown": "Down/Down",
        "peerstate": "INIT",
        "scpeerstate": "INIT",
        "maintmode": "INIT",
        "mlagstate": "INIT",
        "first_ping": 2,
        "version": "INIT",
        "svrPortState": "INIT"
    },
    "esr1b.rk14.p04.ny5": {
        "dev_type": "Arista",
        "updown": "Down/Down",
        "peerstate": "INIT",
        "scpeerstate": "INIT",
        "maintmode": "INIT",
        "mlagstate": "INIT",
        "first_ping": 2,
        "version": "INIT",
        "svrPortState": "INIT"
    },
    "esr1b.rk15.p04.ny5": {
        "dev_type": "Arista",
        "updown": "Down/Down",
        "peerstate": "INIT",
        "scpeerstate": "INIT",
        "maintmode": "INIT",
        "mlagstate": "INIT",
        "first_ping": 2,
        "version": "INIT",
        "svrPortState": "INIT"
    }
}
2024-08-14 07:07:17  Starting Status Checks
2024-08-14 07:07:18  esr1a.rk13.p04.ny5 Version is now EOS: 4.28.7M
2024-08-14 07:07:18  esr1b.rk02.p02.ny5 Version is now EOS: 4.28.7M
2024-08-14 07:07:18  esr1b.rk13.p04.ny5 Version is now EOS: 4.28.7M
2024-08-14 07:07:18  esr1a.rk09.p04.ny5 Version is now EOS: 4.28.7M
2024-08-14 07:07:18  esr1a.rk05.p04.ny5 Version is now EOS: 4.28.7M
2024-08-14 07:07:18  esr1a.rk02.p02.ny5 Version is now EOS: 4.28.7M
2024-08-14 07:07:18  esr1b.rk05.p02.ny5 Version is now EOS: 4.28.7M
2024-08-14 07:07:18  esr1a.rk12.p04.ny5 Version is now EOS: 4.28.7M
2024-08-14 07:07:18  csr1.ny5 Version is now EOS: 4.28.7M
2024-08-14 07:07:18  esr1a.rk05.p02.ny5 Version is now EOS: 4.28.7M
2024-08-14 07:07:18  esr1b.rk05.p04.ny5 Version is now EOS: 4.28.7M
2024-08-14 07:07:18  esr1b.rk12.p04.ny5 Version is now EOS: 4.28.7M
2024-08-14 07:07:18  esr1b.rk04.p02.ny5 Version is now EOS: 4.28.7M
2024-08-14 07:07:18  esr1a.rk03.p02.ny5 Version is now EOS: 4.28.7M
2024-08-14 07:07:18  esr1b.rk03.p02.ny5 Version is now EOS: 4.28.7M
2024-08-14 07:07:18  esr1a.rk06.p04.ny5 Version is now EOS: 4.28.7M
2024-08-14 07:07:18  esr1b.rk07.p04.ny5 Version is now EOS: 4.28.7M
2024-08-14 07:07:18  esr1a.rk04.p02.ny5 Version is now EOS: 4.28.7M
2024-08-14 07:07:18  esr1a.rk07.p04.ny5 Version is now EOS: 4.28.7M
2024-08-14 07:07:18  esr1b.rk06.p04.ny5 Version is now EOS: 4.28.7M
2024-08-14 07:07:18  esr1a.rk08.p04.ny5 Version is now EOS: 4.28.7M
2024-08-14 07:07:18  esr1a.rk06.p04.ny5 is now Up / Up
2024-08-14 07:07:18  esr1b.rk12.p04.ny5 is now Up / Up
2024-08-14 07:07:18  esr1a.rk13.p04.ny5 is now Up / Up
2024-08-14 07:07:18  esr1a.rk09.p04.ny5 is now Up / Up
2024-08-14 07:07:18  esr1b.rk08.p04.ny5 Version is now EOS: 4.28.7M
2024-08-14 07:07:18  esr1b.rk09.p04.ny5 Version is now EOS: 4.28.7M
2024-08-14 07:07:18  esr1a.rk05.p04.ny5 is now Up / Up
2024-08-14 07:07:18  esr1b.rk02.p02.ny5 is now Up / Up
2024-08-14 07:07:18  esr1a.rk03.p02.ny5 is now Up / Up
2024-08-14 07:07:18  esr1b.rk04.p02.ny5 is now Up / Up
2024-08-14 07:07:18  esr1a.rk02.p02.ny5 is now Up / Up
2024-08-14 07:07:18  csr1.ny5 is now Up / Up
2024-08-14 07:07:18  esr1b.rk13.p04.ny5 is now Up / Up
2024-08-14 07:07:18  esr1b.rk07.p04.ny5 is now Up / Up
2024-08-14 07:07:18  esr1b.rk06.p04.ny5 is now Up / Up
2024-08-14 07:07:18  esr1b.rk03.p02.ny5 is now Up / Up
2024-08-14 07:07:18  esr1a.rk04.p02.ny5 is now Up / Up
2024-08-14 07:07:18  esr1a.rk12.p04.ny5 is now Up / Up
2024-08-14 07:07:18  esr1b.rk05.p02.ny5 is now Up / Up
2024-08-14 07:07:18  esr1b.rk05.p04.ny5 is now Up / Up
2024-08-14 07:07:18  esr1a.rk05.p02.ny5 is now Up / Up
2024-08-14 07:07:18  esr1b.rk10.p02.ny5 Version is now EOS: 4.28.7M
2024-08-14 07:07:18  esr1a.rk07.p04.ny5 is now Up / Up
2024-08-14 07:07:18  esr1a.rk08.p04.ny5 is now Up / Up
2024-08-14 07:07:18  esr1a.rk10.p02.ny5 Version is now EOS: 4.28.7M
2024-08-14 07:07:18  esr1b.rk06.p02.ny5 Version is now EOS: 4.28.7M
2024-08-14 07:07:18  esr1b.rk07.p02.ny5 Version is now EOS: 4.28.7M
2024-08-14 07:07:18  esr1a.rk06.p02.ny5 Version is now EOS: 4.28.7M
2024-08-14 07:07:18  esr1b.rk08.p02.ny5 Version is now EOS: 4.28.7M
2024-08-14 07:07:18  esr1a.rk08.p02.ny5 Version is now EOS: 4.28.7M
2024-08-14 07:07:18  esr1a.rk12.p02.ny5 Version is now EOS: 4.28.7M
2024-08-14 07:07:18  dsr2.rk05.p02.ny5 Version is now EOS: 4.28.7M
2024-08-14 07:07:18  esr1a.rk07.p02.ny5 Version is now EOS: 4.28.7M
2024-08-14 07:07:18  dsr1.rk04.p02.ny5 Version is now EOS: 4.28.7M
2024-08-14 07:07:18  esr1a.rk11.p02.ny5 Version is now EOS: 4.28.7M
2024-08-14 07:07:18  esr1b.rk11.p02.ny5 Version is now EOS: 4.28.7M
2024-08-14 07:07:18  esr1b.rk09.p02.ny5 Version is now EOS: 4.28.7M
2024-08-14 07:07:18  esr1b.rk01.p02.ny5 Version is now EOS: 4.28.7M
2024-08-14 07:07:18  esr1a.rk01.p02.ny5 Version is now EOS: 4.28.7M
2024-08-14 07:07:18  esr1b.rk09.p04.ny5 is now Up / Up
2024-08-14 07:07:18  esr1a.rk09.p02.ny5 Version is now EOS: 4.28.7M
2024-08-14 07:07:18  esr1b.rk08.p04.ny5 is now Up / Up
2024-08-14 07:07:18  esr1b.rk10.p02.ny5 is now Up / Up
2024-08-14 07:07:18  esr1b.rk06.p02.ny5 is now Up / Up
2024-08-14 07:07:18  esr1a.rk10.p02.ny5 is now Up / Up
2024-08-14 07:07:18  esr1b.rk01.p02.ny5 is now Up / Up
2024-08-14 07:07:18  esr1b.rk07.p02.ny5 is now Up / Up
2024-08-14 07:07:18  esr1a.rk07.p02.ny5 is now Up / Up
2024-08-14 07:07:18  dsr1.rk04.p02.ny5 is now Up / Up
2024-08-14 07:07:18  esr1a.rk11.p02.ny5 is now Up / Up
2024-08-14 07:07:18  esr1b.rk08.p02.ny5 is now Up / Up
2024-08-14 07:07:18  esr1a.rk12.p02.ny5 is now Up / Up
2024-08-14 07:07:18  esr1b.rk09.p02.ny5 is now Up / Up
2024-08-14 07:07:18  esr1a.rk01.p02.ny5 is now Up / Up
2024-08-14 07:07:18  esr1a.rk06.p02.ny5 is now Up / Up
2024-08-14 07:07:18  dsr2.rk05.p02.ny5 is now Up / Up
2024-08-14 07:07:18  esr1a.rk08.p02.ny5 is now Up / Up
2024-08-14 07:07:18  esr1b.rk11.p02.ny5 is now Up / Up
2024-08-14 07:07:18  esr1a.rk09.p02.ny5 is now Up / Up
2024-08-14 07:07:18  esr1b.rk12.p02.ny5 Version is now EOS: 4.28.7M
2024-08-14 07:07:18  esr1b.rk12.p02.ny5 is now Up / Up
2024-08-14 07:07:19  esr1a.rk10.p04.ny5 Version is now EOS: 4.28.7M
2024-08-14 07:07:19  esr1a.rk10.p04.ny5 is now Up / Up
2024-08-14 07:07:19  esr1a.rk11.p04.ny5 Version is now EOS: 4.28.7M
2024-08-14 07:07:19  esr1b.rk10.p04.ny5 Version is now EOS: 4.28.7M
2024-08-14 07:07:19  esr1b.rk11.p04.ny5 Version is now EOS: 4.28.7M
2024-08-14 07:07:19  esr1a.rk11.p04.ny5 is now Up / Up
2024-08-14 07:07:19  esr1b.rk15.p04.ny5 Version is now EOS: 4.28.7M
2024-08-14 07:07:19  dsr2.rk02.p04.ny5 Version is now EOS: 4.28.7M
2024-08-14 07:07:19  esr1a.rk14.p04.ny5 Version is now EOS: 4.28.7M
2024-08-14 07:07:19  esr1b.rk03.p02.ny5 is now NoMaint
2024-08-14 07:07:19  esr1a.rk15.p04.ny5 Version is now EOS: 4.28.7M
2024-08-14 07:07:19  esr1b.rk14.p04.ny5 Version is now EOS: 4.28.7M
2024-08-14 07:07:19  esr1a.rk13.p04.ny5 is now NoMaint
2024-08-14 07:07:19  esr1a.rk09.p04.ny5 is now NoMaint
2024-08-14 07:07:19  dsr1.rk01.p04.ny5 Version is now EOS: 4.28.7M
2024-08-14 07:07:19  dsr3.rk03.p04.ny5 Version is now EOS: 4.28.7M
2024-08-14 07:07:19  esr1a.rk06.p04.ny5 is now NoMaint
2024-08-14 07:07:19  esr1a.rk15.p04.ny5 is now Up / Up
2024-08-14 07:07:19  esr1a.rk03.p02.ny5 is now NoMaint
2024-08-14 07:07:19  dsr3.rk03.p04.ny5 is now Up / Up
2024-08-14 07:07:19  esr1b.rk11.p04.ny5 is now Up / Up
2024-08-14 07:07:19  esr1b.rk13.p04.ny5 is now NoMaint
2024-08-14 07:07:19  csr1.ny5 is now Disabled
2024-08-14 07:07:19  esr1a.rk02.p02.ny5 is now NoMaint
2024-08-14 07:07:19  esr1b.rk02.p02.ny5 is now NoMaint
2024-08-14 07:07:19  esr1a.rk05.p04.ny5 is now NoMaint
2024-08-14 07:07:19  esr1b.rk10.p04.ny5 is now Up / Up
2024-08-14 07:07:19  esr1b.rk14.p04.ny5 is now Up / Up
2024-08-14 07:07:19  esr1b.rk12.p04.ny5 is now NoMaint
2024-08-14 07:07:19  esr1a.rk04.p02.ny5 is now NoMaint
2024-08-14 07:07:19  esr1a.rk14.p04.ny5 is now Up / Up
2024-08-14 07:07:19  esr1b.rk07.p04.ny5 is now NoMaint
2024-08-14 07:07:19  esr1b.rk04.p02.ny5 is now NoMaint
2024-08-14 07:07:19  esr1b.rk15.p04.ny5 is now Up / Up
2024-08-14 07:07:19  dsr2.rk02.p04.ny5 is now Up / Up
2024-08-14 07:07:19  dsr1.rk01.p04.ny5 is now Up / Up
2024-08-14 07:07:19  esr1a.rk07.p04.ny5 is now NoMaint
2024-08-14 07:07:19  esr1b.rk08.p04.ny5 is now NoMaint
2024-08-14 07:07:19  esr1a.rk08.p04.ny5 is now NoMaint
2024-08-14 07:07:19  esr1b.rk06.p04.ny5 is now NoMaint
2024-08-14 07:07:19  esr1b.rk05.p02.ny5 is now NoMaint
2024-08-14 07:07:19  dsr4.rk04.p04.ny5 Version is now EOS: 4.28.7M
2024-08-14 07:07:19  esr1a.rk12.p04.ny5 is now NoMaint
2024-08-14 07:07:19  esr1b.rk09.p04.ny5 is now NoMaint
2024-08-14 07:07:19  esr1b.rk05.p04.ny5 is now NoMaint
2024-08-14 07:07:19  esr1a.rk05.p02.ny5 is now NoMaint
2024-08-14 07:07:19  esr1b.rk06.p02.ny5 is now NoMaint
2024-08-14 07:07:19  esr1a.rk06.p02.ny5 is now NoMaint
2024-08-14 07:07:19  esr1a.rk10.p02.ny5 is now NoMaint
2024-08-14 07:07:19  esr1a.rk12.p02.ny5 is now NoMaint
2024-08-14 07:07:19  dsr1.rk04.p02.ny5 is now NoMaint
2024-08-14 07:07:19  esr1b.rk08.p02.ny5 is now NoMaint
2024-08-14 07:07:19  esr1a.rk07.p02.ny5 is now NoMaint
2024-08-14 07:07:19  esr1b.rk07.p02.ny5 is now NoMaint
2024-08-14 07:07:19  dsr2.rk05.p02.ny5 is now NoMaint
2024-08-14 07:07:19  esr1b.rk10.p02.ny5 is now NoMaint
2024-08-14 07:07:19  esr1b.rk12.p02.ny5 is now NoMaint
2024-08-14 07:07:19  esr1a.rk08.p02.ny5 is now NoMaint
2024-08-14 07:07:19  esr1a.rk01.p02.ny5 is now NoMaint
2024-08-14 07:07:19  esr1b.rk01.p02.ny5 is now NoMaint
2024-08-14 07:07:19  esr1a.rk11.p02.ny5 is now NoMaint
2024-08-14 07:07:19  dsr4.rk04.p04.ny5 is now Up / Up
2024-08-14 07:07:19  esr1b.rk11.p02.ny5 is now NoMaint
2024-08-14 07:07:19  esr1b.rk09.p02.ny5 is now NoMaint
2024-08-14 07:07:19  esr1a.rk09.p02.ny5 is now NoMaint
2024-08-14 07:07:19  dsr3.rk03.p04.ny5 is now NoMaint
2024-08-14 07:07:19  dsr2.rk02.p04.ny5 is now NoMaint
2024-08-14 07:07:19  dsr1.rk01.p04.ny5 is now NoMaint
2024-08-14 07:07:19  dsr1.rk04.p02.ny5 pstate is now 8/8
2024-08-14 07:07:19  dsr1.rk04.p02.ny5 SC pstate is now -
2024-08-14 07:07:19  esr1b.rk03.p02.ny5 pstate is now 12/12
2024-08-14 07:07:19  esr1b.rk03.p02.ny5 SC pstate is now -
2024-08-14 07:07:19  esr1a.rk03.p02.ny5 pstate is now 12/12
2024-08-14 07:07:19  esr1a.rk06.p04.ny5 pstate is now 12/12
2024-08-14 07:07:19  esr1a.rk03.p02.ny5 SC pstate is now -
2024-08-14 07:07:19  esr1a.rk06.p04.ny5 SC pstate is now -
2024-08-14 07:07:19  esr1b.rk07.p04.ny5 pstate is now 12/12
2024-08-14 07:07:19  esr1b.rk07.p04.ny5 SC pstate is now -
2024-08-14 07:07:19  dsr2.rk02.p04.ny5 pstate is now 8/8
2024-08-14 07:07:19  esr1a.rk10.p04.ny5 is now NoMaint
2024-08-14 07:07:19  dsr2.rk02.p04.ny5 SC pstate is now -
2024-08-14 07:07:19  esr1a.rk11.p04.ny5 is now NoMaint
2024-08-14 07:07:19  csr1.ny5 pstate is now 6/6
2024-08-14 07:07:19  esr1a.rk14.p04.ny5 is now NoMaint
2024-08-14 07:07:19  csr1.ny5 SC pstate is now -
2024-08-14 07:07:19  dsr4.rk04.p04.ny5 is now NoMaint
2024-08-14 07:07:19  esr1b.rk12.p04.ny5 pstate is now 12/12
2024-08-14 07:07:20  esr1a.rk04.p02.ny5 pstate is now 12/12
2024-08-14 07:07:20  dsr3.rk03.p04.ny5 pstate is now 8/8
2024-08-14 07:07:20  esr1a.rk07.p04.ny5 pstate is now 12/12
2024-08-14 07:07:20  esr1b.rk12.p04.ny5 SC pstate is now -
2024-08-14 07:07:20  esr1a.rk04.p02.ny5 SC pstate is now -
2024-08-14 07:07:20  esr1b.rk04.p02.ny5 pstate is now 12/12
2024-08-14 07:07:20  esr1a.rk15.p04.ny5 is now NoMaint
2024-08-14 07:07:20  esr1a.rk07.p04.ny5 SC pstate is now -
2024-08-14 07:07:20  esr1b.rk08.p04.ny5 pstate is now 12/12
2024-08-14 07:07:20  esr1b.rk04.p02.ny5 SC pstate is now -
2024-08-14 07:07:20  esr1b.rk11.p04.ny5 is now NoMaint
2024-08-14 07:07:20  esr1a.rk09.p04.ny5 pstate is now 12/12
2024-08-14 07:07:20  esr1a.rk09.p04.ny5 SC pstate is now -
2024-08-14 07:07:20  dsr3.rk03.p04.ny5 SC pstate is now -
2024-08-14 07:07:20  esr1b.rk08.p04.ny5 SC pstate is now -
2024-08-14 07:07:20  esr1b.rk15.p04.ny5 is now NoMaint
2024-08-14 07:07:20  esr1a.rk13.p04.ny5 pstate is now 12/12
2024-08-14 07:07:20  esr1a.rk13.p04.ny5 SC pstate is now -
2024-08-14 07:07:20  esr1a.rk02.p02.ny5 pstate is now 12/12
2024-08-14 07:07:20  esr1a.rk02.p02.ny5 SC pstate is now -
2024-08-14 07:07:20  esr1b.rk06.p04.ny5 pstate is now 12/12
2024-08-14 07:07:20  esr1b.rk06.p04.ny5 SC pstate is now -
2024-08-14 07:07:20  esr1a.rk05.p04.ny5 pstate is now 12/12
2024-08-14 07:07:20  esr1a.rk05.p04.ny5 SC pstate is now -
2024-08-14 07:07:20  dsr2.rk05.p02.ny5 pstate is now 8/8
2024-08-14 07:07:20  dsr2.rk05.p02.ny5 SC pstate is now -
2024-08-14 07:07:20  dsr1.rk01.p04.ny5 pstate is now 8/8
2024-08-14 07:07:20  esr1b.rk10.p04.ny5 is now NoMaint
2024-08-14 07:07:20  esr1b.rk02.p02.ny5 pstate is now 12/12
2024-08-14 07:07:20  dsr1.rk01.p04.ny5 SC pstate is now -
2024-08-14 07:07:20  esr1b.rk02.p02.ny5 SC pstate is now -
2024-08-14 07:07:20  esr1b.rk14.p04.ny5 is now NoMaint
2024-08-14 07:07:20  esr1b.rk07.p02.ny5 pstate is now 8/8
2024-08-14 07:07:20  esr1b.rk07.p02.ny5 SC pstate is now -
2024-08-14 07:07:20  esr1a.rk07.p02.ny5 pstate is now 8/8
2024-08-14 07:07:20  esr1a.rk07.p02.ny5 SC pstate is now -
2024-08-14 07:07:20  esr1b.rk05.p04.ny5 pstate is now 12/12
2024-08-14 07:07:20  esr1b.rk05.p04.ny5 SC pstate is now -
2024-08-14 07:07:20  esr1b.rk05.p02.ny5 pstate is now 12/12
2024-08-14 07:07:20  esr1a.rk12.p04.ny5 pstate is now 12/12
2024-08-14 07:07:20  esr1b.rk05.p02.ny5 SC pstate is now -
2024-08-14 07:07:20  esr1b.rk09.p04.ny5 pstate is now 12/12
2024-08-14 07:07:20  esr1a.rk12.p04.ny5 SC pstate is now -
2024-08-14 07:07:20  esr1b.rk09.p04.ny5 SC pstate is now -
2024-08-14 07:07:20  esr1b.rk13.p04.ny5 pstate is now 12/12
2024-08-14 07:07:20  esr1b.rk13.p04.ny5 SC pstate is now -
2024-08-14 07:07:20  esr1a.rk08.p04.ny5 pstate is now 12/12
2024-08-14 07:07:20  esr1a.rk08.p04.ny5 SC pstate is now -
2024-08-14 07:07:20  dsr4.rk04.p04.ny5 pstate is now 8/8
2024-08-14 07:07:20  dsr4.rk04.p04.ny5 SC pstate is now -
2024-08-14 07:07:20  esr1a.rk05.p02.ny5 pstate is now 12/12
2024-08-14 07:07:20  esr1a.rk05.p02.ny5 SC pstate is now -
2024-08-14 07:07:20  esr1a.rk06.p02.ny5 pstate is now 12/12
2024-08-14 07:07:20  esr1a.rk06.p02.ny5 SC pstate is now -
2024-08-14 07:07:20  esr1b.rk10.p02.ny5 pstate is now 8/8
2024-08-14 07:07:20  esr1b.rk10.p02.ny5 SC pstate is now -
2024-08-14 07:07:20  esr1b.rk06.p02.ny5 pstate is now 12/12
2024-08-14 07:07:20  esr1b.rk06.p02.ny5 SC pstate is now -
2024-08-14 07:07:20  esr1a.rk11.p02.ny5 pstate is now 8/8
2024-08-14 07:07:20  esr1a.rk11.p02.ny5 SC pstate is now -
2024-08-14 07:07:20  esr1b.rk01.p02.ny5 pstate is now 12/12
2024-08-14 07:07:20  esr1b.rk01.p02.ny5 SC pstate is now -
2024-08-14 07:07:20  esr1a.rk01.p02.ny5 pstate is now 12/12
2024-08-14 07:07:20  esr1a.rk01.p02.ny5 SC pstate is now -
2024-08-14 07:07:20  esr1b.rk11.p02.ny5 pstate is now 8/8
2024-08-14 07:07:20  esr1b.rk11.p02.ny5 SC pstate is now -
2024-08-14 07:07:20  esr1b.rk09.p02.ny5 pstate is now 8/8
2024-08-14 07:07:20  esr1b.rk09.p02.ny5 SC pstate is now -
2024-08-14 07:07:20  esr1b.rk12.p02.ny5 pstate is now 8/8
2024-08-14 07:07:20  esr1b.rk08.p02.ny5 pstate is now 8/8
2024-08-14 07:07:20  esr1b.rk12.p02.ny5 SC pstate is now -
2024-08-14 07:07:20  esr1b.rk08.p02.ny5 SC pstate is now -
2024-08-14 07:07:20  esr1a.rk09.p02.ny5 pstate is now 8/8
2024-08-14 07:07:20  esr1a.rk09.p02.ny5 SC pstate is now -
2024-08-14 07:07:20  esr1a.rk12.p02.ny5 pstate is now 8/8
2024-08-14 07:07:20  esr1a.rk12.p02.ny5 SC pstate is now -
2024-08-14 07:07:20  esr1a.rk08.p02.ny5 pstate is now 8/8
2024-08-14 07:07:20  esr1a.rk08.p02.ny5 SC pstate is now -
2024-08-14 07:07:20  esr1a.rk10.p02.ny5 pstate is now 8/8
2024-08-14 07:07:20  esr1a.rk10.p02.ny5 SC pstate is now -
2024-08-14 07:07:21  esr1a.rk11.p04.ny5 pstate is now 12/12
2024-08-14 07:07:21  esr1a.rk11.p04.ny5 SC pstate is now -
2024-08-14 07:07:21  esr1a.rk10.p04.ny5 pstate is now 12/12
2024-08-14 07:07:21  esr1a.rk10.p04.ny5 SC pstate is now -
2024-08-14 07:07:21  esr1a.rk15.p04.ny5 pstate is now 12/12
2024-08-14 07:07:21  esr1a.rk15.p04.ny5 SC pstate is now -
2024-08-14 07:07:21  esr1b.rk10.p04.ny5 pstate is now 12/12
2024-08-14 07:07:21  esr1b.rk10.p04.ny5 SC pstate is now -
2024-08-14 07:07:21  esr1a.rk14.p04.ny5 pstate is now 12/12
2024-08-14 07:07:21  esr1a.rk14.p04.ny5 SC pstate is now -
2024-08-14 07:07:21  esr1b.rk11.p04.ny5 pstate is now 12/12
2024-08-14 07:07:21  esr1b.rk11.p04.ny5 SC pstate is now -
2024-08-14 07:07:21  esr1b.rk15.p04.ny5 pstate is now 12/12
2024-08-14 07:07:21  esr1b.rk15.p04.ny5 SC pstate is now -
2024-08-14 07:07:21  esr1b.rk14.p04.ny5 pstate is now 12/12
2024-08-14 07:07:21  esr1b.rk14.p04.ny5 SC pstate is now -
2024-08-14 07:07:42  Status Checking Complete
