2024-08-14 05:25:56  Script Start
2024-08-14 05:26:01  {
    "dsr1.rk07.p01.ny5": {
        "dev_type": "Arista",
        "updown": "Down/Down",
        "peerstate": "INIT",
        "scpeerstate": "INIT",
        "maintmode": "INIT",
        "mlagstate": "INIT",
        "first_ping": 2,
        "version": "INIT",
        "svrPortState": "INIT"
    },
    "dsr2.rk08.p01.ny5": {
        "dev_type": "Arista",
        "updown": "Down/Down",
        "peerstate": "INIT",
        "scpeerstate": "INIT",
        "maintmode": "INIT",
        "mlagstate": "INIT",
        "first_ping": 2,
        "version": "INIT",
        "svrPortState": "INIT"
    },
    "esr1a.rk01.p01.ny5": {
        "dev_type": "Arista",
        "updown": "Down/Down",
        "peerstate": "INIT",
        "scpeerstate": "INIT",
        "maintmode": "INIT",
        "mlagstate": "INIT",
        "first_ping": 2,
        "version": "INIT",
        "svrPortState": "INIT"
    },
    "esr1a.rk02.p01.ny5": {
        "dev_type": "Arista",
        "updown": "Down/Down",
        "peerstate": "INIT",
        "scpeerstate": "INIT",
        "maintmode": "INIT",
        "mlagstate": "INIT",
        "first_ping": 2,
        "version": "INIT",
        "svrPortState": "INIT"
    },
    "esr1a.rk03.p01.ny5": {
        "dev_type": "Arista",
        "updown": "Down/Down",
        "peerstate": "INIT",
        "scpeerstate": "INIT",
        "maintmode": "INIT",
        "mlagstate": "INIT",
        "first_ping": 2,
        "version": "INIT",
        "svrPortState": "INIT"
    },
    "esr1a.rk04.p01.ny5": {
        "dev_type": "Device Not Found",
        "updown": "Down/Down",
        "peerstate": "INIT",
        "scpeerstate": "INIT",
        "maintmode": "INIT",
        "mlagstate": "INIT",
        "first_ping": 2,
        "version": "INIT",
        "svrPortState": "INIT"
    },
    "esr1a.rk05.p01.ny5": {
        "dev_type": "Arista",
        "updown": "Down/Down",
        "peerstate": "INIT",
        "scpeerstate": "INIT",
        "maintmode": "INIT",
        "mlagstate": "INIT",
        "first_ping": 2,
        "version": "INIT",
        "svrPortState": "INIT"
    },
    "esr1a.rk06.p01.ny5": {
        "dev_type": "Arista",
        "updown": "Down/Down",
        "peerstate": "INIT",
        "scpeerstate": "INIT",
        "maintmode": "INIT",
        "mlagstate": "INIT",
        "first_ping": 2,
        "version": "INIT",
        "svrPortState": "INIT"
    },
    "esr1a.rk07.p01.ny5": {
        "dev_type": "Arista",
        "updown": "Down/Down",
        "peerstate": "INIT",
        "scpeerstate": "INIT",
        "maintmode": "INIT",
        "mlagstate": "INIT",
        "first_ping": 2,
        "version": "INIT",
        "svrPortState": "INIT"
    },
    "esr1a.rk08.p01.ny5": {
        "dev_type": "Arista",
        "updown": "Down/Down",
        "peerstate": "INIT",
        "scpeerstate": "INIT",
        "maintmode": "INIT",
        "mlagstate": "INIT",
        "first_ping": 2,
        "version": "INIT",
        "svrPortState": "INIT"
    },
    "esr1a.rk09.p01.ny5": {
        "dev_type": "Arista",
        "updown": "Down/Down",
        "peerstate": "INIT",
        "scpeerstate": "INIT",
        "maintmode": "INIT",
        "mlagstate": "INIT",
        "first_ping": 2,
        "version": "INIT",
        "svrPortState": "INIT"
    },
    "esr1a.rk10.p01.ny5": {
        "dev_type": "Arista",
        "updown": "Down/Down",
        "peerstate": "INIT",
        "scpeerstate": "INIT",
        "maintmode": "INIT",
        "mlagstate": "INIT",
        "first_ping": 2,
        "version": "INIT",
        "svrPortState": "INIT"
    },
    "esr1a.rk11.p01.ny5": {
        "dev_type": "Arista",
        "updown": "Down/Down",
        "peerstate": "INIT",
        "scpeerstate": "INIT",
        "maintmode": "INIT",
        "mlagstate": "INIT",
        "first_ping": 2,
        "version": "INIT",
        "svrPortState": "INIT"
    },
    "esr1a.rk12.p01.ny5": {
        "dev_type": "Arista",
        "updown": "Down/Down",
        "peerstate": "INIT",
        "scpeerstate": "INIT",
        "maintmode": "INIT",
        "mlagstate": "INIT",
        "first_ping": 2,
        "version": "INIT",
        "svrPortState": "INIT"
    },
    "esr1a.rk13.p01.ny5": {
        "dev_type": "Arista",
        "updown": "Down/Down",
        "peerstate": "INIT",
        "scpeerstate": "INIT",
        "maintmode": "INIT",
        "mlagstate": "INIT",
        "first_ping": 2,
        "version": "INIT",
        "svrPortState": "INIT"
    },
    "esr1a.rk14.p01.ny5": {
        "dev_type": "Arista",
        "updown": "Down/Down",
        "peerstate": "INIT",
        "scpeerstate": "INIT",
        "maintmode": "INIT",
        "mlagstate": "INIT",
        "first_ping": 2,
        "version": "INIT",
        "svrPortState": "INIT"
    },
    "esr1a.rk15.p01.ny5": {
        "dev_type": "Arista",
        "updown": "Down/Down",
        "peerstate": "INIT",
        "scpeerstate": "INIT",
        "maintmode": "INIT",
        "mlagstate": "INIT",
        "first_ping": 2,
        "version": "INIT",
        "svrPortState": "INIT"
    },
    "esr1b.rk01.p01.ny5": {
        "dev_type": "Arista",
        "updown": "Down/Down",
        "peerstate": "INIT",
        "scpeerstate": "INIT",
        "maintmode": "INIT",
        "mlagstate": "INIT",
        "first_ping": 2,
        "version": "INIT",
        "svrPortState": "INIT"
    },
    "esr1b.rk02.p01.ny5": {
        "dev_type": "Arista",
        "updown": "Down/Down",
        "peerstate": "INIT",
        "scpeerstate": "INIT",
        "maintmode": "INIT",
        "mlagstate": "INIT",
        "first_ping": 2,
        "version": "INIT",
        "svrPortState": "INIT"
    },
    "esr1b.rk03.p01.ny5": {
        "dev_type": "Arista",
        "updown": "Down/Down",
        "peerstate": "INIT",
        "scpeerstate": "INIT",
        "maintmode": "INIT",
        "mlagstate": "INIT",
        "first_ping": 2,
        "version": "INIT",
        "svrPortState": "INIT"
    },
    "esr1b.rk04.p01.ny5": {
        "dev_type": "Device Not Found",
        "updown": "Down/Down",
        "peerstate": "INIT",
        "scpeerstate": "INIT",
        "maintmode": "INIT",
        "mlagstate": "INIT",
        "first_ping": 2,
        "version": "INIT",
        "svrPortState": "INIT"
    },
    "esr1b.rk05.p01.ny5": {
        "dev_type": "Arista",
        "updown": "Down/Down",
        "peerstate": "INIT",
        "scpeerstate": "INIT",
        "maintmode": "INIT",
        "mlagstate": "INIT",
        "first_ping": 2,
        "version": "INIT",
        "svrPortState": "INIT"
    },
    "esr1b.rk06.p01.ny5": {
        "dev_type": "Arista",
        "updown": "Down/Down",
        "peerstate": "INIT",
        "scpeerstate": "INIT",
        "maintmode": "INIT",
        "mlagstate": "INIT",
        "first_ping": 2,
        "version": "INIT",
        "svrPortState": "INIT"
    },
    "esr1b.rk07.p01.ny5": {
        "dev_type": "Arista",
        "updown": "Down/Down",
        "peerstate": "INIT",
        "scpeerstate": "INIT",
        "maintmode": "INIT",
        "mlagstate": "INIT",
        "first_ping": 2,
        "version": "INIT",
        "svrPortState": "INIT"
    },
    "esr1b.rk08.p01.ny5": {
        "dev_type": "Arista",
        "updown": "Down/Down",
        "peerstate": "INIT",
        "scpeerstate": "INIT",
        "maintmode": "INIT",
        "mlagstate": "INIT",
        "first_ping": 2,
        "version": "INIT",
        "svrPortState": "INIT"
    },
    "esr1b.rk09.p01.ny5": {
        "dev_type": "Arista",
        "updown": "Down/Down",
        "peerstate": "INIT",
        "scpeerstate": "INIT",
        "maintmode": "INIT",
        "mlagstate": "INIT",
        "first_ping": 2,
        "version": "INIT",
        "svrPortState": "INIT"
    },
    "esr1b.rk10.p01.ny5": {
        "dev_type": "Arista",
        "updown": "Down/Down",
        "peerstate": "INIT",
        "scpeerstate": "INIT",
        "maintmode": "INIT",
        "mlagstate": "INIT",
        "first_ping": 2,
        "version": "INIT",
        "svrPortState": "INIT"
    },
    "esr1b.rk11.p01.ny5": {
        "dev_type": "Arista",
        "updown": "Down/Down",
        "peerstate": "INIT",
        "scpeerstate": "INIT",
        "maintmode": "INIT",
        "mlagstate": "INIT",
        "first_ping": 2,
        "version": "INIT",
        "svrPortState": "INIT"
    },
    "esr1b.rk12.p01.ny5": {
        "dev_type": "Arista",
        "updown": "Down/Down",
        "peerstate": "INIT",
        "scpeerstate": "INIT",
        "maintmode": "INIT",
        "mlagstate": "INIT",
        "first_ping": 2,
        "version": "INIT",
        "svrPortState": "INIT"
    },
    "esr1b.rk13.p01.ny5": {
        "dev_type": "Arista",
        "updown": "Down/Down",
        "peerstate": "INIT",
        "scpeerstate": "INIT",
        "maintmode": "INIT",
        "mlagstate": "INIT",
        "first_ping": 2,
        "version": "INIT",
        "svrPortState": "INIT"
    },
    "esr1b.rk14.p01.ny5": {
        "dev_type": "Arista",
        "updown": "Down/Down",
        "peerstate": "INIT",
        "scpeerstate": "INIT",
        "maintmode": "INIT",
        "mlagstate": "INIT",
        "first_ping": 2,
        "version": "INIT",
        "svrPortState": "INIT"
    },
    "esr1b.rk15.p01.ny5": {
        "dev_type": "Arista",
        "updown": "Down/Down",
        "peerstate": "INIT",
        "scpeerstate": "INIT",
        "maintmode": "INIT",
        "mlagstate": "INIT",
        "first_ping": 2,
        "version": "INIT",
        "svrPortState": "INIT"
    },
    "msw1.rk05.p04.ny5": {
        "dev_type": "Arista",
        "updown": "Down",
        "peerstate": "INIT",
        "scpeerstate": "INIT",
        "maintmode": "",
        "mlagstate": "",
        "first_ping": 2,
        "version": "INIT",
        "svrPortState": "INIT"
    },
    "msw1.rk06.p04.ny5": {
        "dev_type": "Arista",
        "updown": "Down",
        "peerstate": "INIT",
        "scpeerstate": "INIT",
        "maintmode": "",
        "mlagstate": "",
        "first_ping": 2,
        "version": "INIT",
        "svrPortState": "INIT"
    },
    "msw1.rk07.p04.ny5": {
        "dev_type": "Arista",
        "updown": "Down",
        "peerstate": "INIT",
        "scpeerstate": "INIT",
        "maintmode": "",
        "mlagstate": "",
        "first_ping": 2,
        "version": "INIT",
        "svrPortState": "INIT"
    },
    "msw1.rk08.p04.ny5": {
        "dev_type": "Arista",
        "updown": "Down",
        "peerstate": "INIT",
        "scpeerstate": "INIT",
        "maintmode": "",
        "mlagstate": "",
        "first_ping": 2,
        "version": "INIT",
        "svrPortState": "INIT"
    },
    "msw1.rk09.p04.ny5": {
        "dev_type": "Arista",
        "updown": "Down",
        "peerstate": "INIT",
        "scpeerstate": "INIT",
        "maintmode": "",
        "mlagstate": "",
        "first_ping": 2,
        "version": "INIT",
        "svrPortState": "INIT"
    },
    "msw1.rk10.p04.ny5": {
        "dev_type": "Arista",
        "updown": "Down",
        "peerstate": "INIT",
        "scpeerstate": "INIT",
        "maintmode": "",
        "mlagstate": "",
        "first_ping": 2,
        "version": "INIT",
        "svrPortState": "INIT"
    },
    "msw1.rk11.p04.ny5": {
        "dev_type": "Arista",
        "updown": "Down",
        "peerstate": "INIT",
        "scpeerstate": "INIT",
        "maintmode": "",
        "mlagstate": "",
        "first_ping": 2,
        "version": "INIT",
        "svrPortState": "INIT"
    },
    "msw1.rk12.p04.ny5": {
        "dev_type": "Arista",
        "updown": "Down",
        "peerstate": "INIT",
        "scpeerstate": "INIT",
        "maintmode": "",
        "mlagstate": "",
        "first_ping": 2,
        "version": "INIT",
        "svrPortState": "INIT"
    },
    "msw1.rk13.p04.ny5": {
        "dev_type": "Arista",
        "updown": "Down",
        "peerstate": "INIT",
        "scpeerstate": "INIT",
        "maintmode": "",
        "mlagstate": "",
        "first_ping": 2,
        "version": "INIT",
        "svrPortState": "INIT"
    },
    "msw1.rk14.p04.ny5": {
        "dev_type": "Arista",
        "updown": "Down",
        "peerstate": "INIT",
        "scpeerstate": "INIT",
        "maintmode": "",
        "mlagstate": "",
        "first_ping": 2,
        "version": "INIT",
        "svrPortState": "INIT"
    },
    "msw1.rk15.p04.ny5": {
        "dev_type": "Arista",
        "updown": "Down",
        "peerstate": "INIT",
        "scpeerstate": "INIT",
        "maintmode": "",
        "mlagstate": "",
        "first_ping": 2,
        "version": "INIT",
        "svrPortState": "INIT"
    },
    "msw1.rk31.p04.ny5": {
        "dev_type": "Arista",
        "updown": "Down",
        "peerstate": "INIT",
        "scpeerstate": "INIT",
        "maintmode": "",
        "mlagstate": "",
        "first_ping": 2,
        "version": "INIT",
        "svrPortState": "INIT"
    },
    "msw1.rk32.p04.ny5": {
        "dev_type": "Arista",
        "updown": "Down",
        "peerstate": "INIT",
        "scpeerstate": "INIT",
        "maintmode": "",
        "mlagstate": "",
        "first_ping": 2,
        "version": "INIT",
        "svrPortState": "INIT"
    },
    "ssp2.ny5": {
        "dev_type": "Arista",
        "updown": "Down/Down",
        "peerstate": "INIT",
        "scpeerstate": "INIT",
        "maintmode": "INIT",
        "mlagstate": "INIT",
        "first_ping": 2,
        "version": "INIT",
        "svrPortState": "INIT"
    },
    "ssp3.ny5": {
        "dev_type": "Arista",
        "updown": "Down/Down",
        "peerstate": "INIT",
        "scpeerstate": "INIT",
        "maintmode": "INIT",
        "mlagstate": "INIT",
        "first_ping": 2,
        "version": "INIT",
        "svrPortState": "INIT"
    }
}
2024-08-14 05:26:01  Starting Status Checks
2024-08-14 05:26:03  esr1b.rk07.p01.ny5 Version is now EOS: 4.28.7M
2024-08-14 05:26:03  esr1a.rk11.p01.ny5 Version is now EOS: 4.28.7M
2024-08-14 05:26:03  esr1a.rk15.p01.ny5 Version is now EOS: 4.28.7M
2024-08-14 05:26:03  esr1b.rk10.p01.ny5 Version is now EOS: 4.28.7M
2024-08-14 05:26:03  esr1a.rk08.p01.ny5 Version is now EOS: 4.28.7M
2024-08-14 05:26:03  esr1b.rk14.p01.ny5 Version is now EOS: 4.28.7M
2024-08-14 05:26:03  esr1a.rk05.p01.ny5 Version is now EOS: 4.28.7M
2024-08-14 05:26:03  esr1a.rk09.p01.ny5 Version is now EOS: 4.28.7M
2024-08-14 05:26:03  esr1b.rk06.p01.ny5 Version is now EOS: 4.28.7M
2024-08-14 05:26:03  esr1a.rk12.p01.ny5 Version is now EOS: 4.28.7M
2024-08-14 05:26:03  esr1b.rk05.p01.ny5 Version is now EOS: 4.28.7M
2024-08-14 05:26:03  esr1b.rk09.p01.ny5 Version is now EOS: 4.28.7M
2024-08-14 05:26:03  esr1b.rk13.p01.ny5 Version is now EOS: 4.28.7M
2024-08-14 05:26:03  esr1a.rk08.p01.ny5 is now Up / Up
2024-08-14 05:26:03  esr1b.rk09.p01.ny5 is now Up / Up
2024-08-14 05:26:03  esr1a.rk12.p01.ny5 is now Up / Up
2024-08-14 05:26:03  esr1a.rk09.p01.ny5 is now Up / Up
2024-08-14 05:26:03  esr1b.rk10.p01.ny5 is now Up / Up
2024-08-14 05:26:03  esr1a.rk13.p01.ny5 Version is now EOS: 4.28.7M
2024-08-14 05:26:03  esr1a.rk06.p01.ny5 Version is now EOS: 4.28.7M
2024-08-14 05:26:03  esr1b.rk11.p01.ny5 Version is now EOS: 4.28.7M
2024-08-14 05:26:03  esr1b.rk03.p01.ny5 Version is now EOS: 4.28.7M
2024-08-14 05:26:03  esr1a.rk10.p01.ny5 Version is now EOS: 4.28.7M
2024-08-14 05:26:03  esr1a.rk14.p01.ny5 Version is now EOS: 4.28.7M
2024-08-14 05:26:03  esr1b.rk06.p01.ny5 is now Up / Up
2024-08-14 05:26:03  esr1a.rk05.p01.ny5 is now Up / Up
2024-08-14 05:26:03  esr1b.rk14.p01.ny5 is now Up / Up
2024-08-14 05:26:03  esr1b.rk05.p01.ny5 is now Up / Up
2024-08-14 05:26:03  esr1b.rk12.p01.ny5 Version is now EOS: 4.28.7M
2024-08-14 05:26:03  esr1b.rk08.p01.ny5 Version is now EOS: 4.28.7M
2024-08-14 05:26:03  esr1a.rk03.p01.ny5 Version is now EOS: 4.28.7M
2024-08-14 05:26:03  esr1a.rk11.p01.ny5 is now Up / Up
2024-08-14 05:26:03  msw1.rk15.p04.ny5 Version is now EOS: 4.28.7M
2024-08-14 05:26:03  msw1.rk06.p04.ny5 Version is now EOS: 4.28.7M
2024-08-14 05:26:03  msw1.rk10.p04.ny5 Version is now EOS: 4.28.7M
2024-08-14 05:26:03  esr1b.rk13.p01.ny5 is now Up / Up
2024-08-14 05:26:03  dsr2.rk08.p01.ny5 Version is now EOS: 4.28.7M
2024-08-14 05:26:03  ssp2.ny5 Version is now EOS: 4.28.7M
2024-08-14 05:26:03  msw1.rk14.p04.ny5 Version is now EOS: 4.28.7M
2024-08-14 05:26:03  esr1b.rk01.p01.ny5 Version is now EOS: 4.28.7M
2024-08-14 05:26:03  esr1a.rk02.p01.ny5 Version is now EOS: 4.28.7M
2024-08-14 05:26:03  esr1b.rk07.p01.ny5 is now Up / Up
2024-08-14 05:26:03  esr1b.rk15.p01.ny5 Version is now EOS: 4.28.7M
2024-08-14 05:26:03  dsr2.rk08.p01.ny5 is now Up / Up
2024-08-14 05:26:03  msw1.rk11.p04.ny5 Version is now EOS: 4.28.7M
2024-08-14 05:26:03  esr1a.rk01.p01.ny5 Version is now EOS: 4.28.7M
2024-08-14 05:26:03  esr1a.rk13.p01.ny5 is now Up / Up
2024-08-14 05:26:03  msw1.rk07.p04.ny5 Version is now EOS: 4.28.7M
2024-08-14 05:26:03  ssp3.ny5 Version is now EOS: 4.28.7M
2024-08-14 05:26:03  esr1b.rk01.p01.ny5 is now Up / Up
2024-08-14 05:26:03  esr1a.rk07.p01.ny5 Version is now EOS: 4.28.7M
2024-08-14 05:26:03  dsr1.rk07.p01.ny5 Version is now EOS: 4.28.7M
2024-08-14 05:26:03  esr1a.rk15.p01.ny5 is now Up / Up
2024-08-14 05:26:03  esr1b.rk02.p01.ny5 Version is now EOS: 4.28.7M
2024-08-14 05:26:03  msw1.rk32.p04.ny5 Version is now EOS: 4.28.7M
2024-08-14 05:26:03  esr1a.rk06.p01.ny5 is now Up / Up
2024-08-14 05:26:03  esr1a.rk01.p01.ny5 is now Up / Up
2024-08-14 05:26:03  ssp3.ny5 is now Up / Up
2024-08-14 05:26:03  ssp2.ny5 is now Up / Up
2024-08-14 05:26:03  esr1b.rk11.p01.ny5 is now Up / Up
2024-08-14 05:26:03  msw1.rk12.p04.ny5 Version is now EOS: 4.28.7M
2024-08-14 05:26:03  msw1.rk08.p04.ny5 Version is now EOS: 4.28.7M
2024-08-14 05:26:03  esr1b.rk08.p01.ny5 is now Up / Up
2024-08-14 05:26:03  msw1.rk31.p04.ny5 Version is now EOS: 4.28.7M
2024-08-14 05:26:03  esr1a.rk10.p01.ny5 is now Up / Up
2024-08-14 05:26:03  msw1.rk05.p04.ny5 Version is now EOS: 4.28.7M
2024-08-14 05:26:03  msw1.rk09.p04.ny5 Version is now EOS: 4.28.7M
2024-08-14 05:26:03  esr1a.rk03.p01.ny5 is now Up / Up
2024-08-14 05:26:03  msw1.rk13.p04.ny5 Version is now EOS: 4.28.7M
2024-08-14 05:26:03  esr1b.rk12.p01.ny5 is now Up / Up
2024-08-14 05:26:03  esr1b.rk02.p01.ny5 is now Up / Up
2024-08-14 05:26:03  esr1b.rk03.p01.ny5 is now Up / Up
2024-08-14 05:26:03  esr1a.rk02.p01.ny5 is now Up / Up
2024-08-14 05:26:03  esr1a.rk14.p01.ny5 is now Up / Up
2024-08-14 05:26:03  dsr1.rk07.p01.ny5 is now Up / Up
2024-08-14 05:26:03  esr1a.rk07.p01.ny5 is now Up / Up
2024-08-14 05:26:03  esr1b.rk15.p01.ny5 is now Up / Up
2024-08-14 05:26:03  esr1a.rk08.p01.ny5 is now NoMaint
2024-08-14 05:26:03  esr1b.rk06.p01.ny5 is now NoMaint
2024-08-14 05:26:03  esr1a.rk05.p01.ny5 is now NoMaint
2024-08-14 05:26:03  esr1a.rk09.p01.ny5 is now NoMaint
2024-08-14 05:26:03  esr1b.rk10.p01.ny5 is now NoMaint
2024-08-14 05:26:03  esr1a.rk11.p01.ny5 is now NoMaint
2024-08-14 05:26:03  esr1a.rk06.p01.ny5 is now NoMaint
2024-08-14 05:26:03  esr1a.rk13.p01.ny5 is now NoMaint
2024-08-14 05:26:03  esr1b.rk09.p01.ny5 is now NoMaint
2024-08-14 05:26:03  esr1a.rk12.p01.ny5 is now NoMaint
2024-08-14 05:26:03  esr1b.rk05.p01.ny5 is now NoMaint
2024-08-14 05:26:03  esr1b.rk14.p01.ny5 is now NoMaint
2024-08-14 05:26:03  esr1b.rk13.p01.ny5 is now NoMaint
2024-08-14 05:26:03  esr1a.rk03.p01.ny5 is now NoMaint
2024-08-14 05:26:03  esr1b.rk12.p01.ny5 is now NoMaint
2024-08-14 05:26:03  esr1b.rk08.p01.ny5 is now NoMaint
2024-08-14 05:26:03  esr1b.rk03.p01.ny5 is now NoMaint
2024-08-14 05:26:03  esr1a.rk14.p01.ny5 is now NoMaint
2024-08-14 05:26:03  esr1b.rk15.p01.ny5 is now NoMaint
2024-08-14 05:26:03  esr1b.rk07.p01.ny5 is now NoMaint
2024-08-14 05:26:03  esr1b.rk11.p01.ny5 is now NoMaint
2024-08-14 05:26:03  esr1a.rk10.p01.ny5 is now NoMaint
2024-08-14 05:26:03  msw1.rk11.p04.ny5 pstate is now 2/2
2024-08-14 05:26:03  msw1.rk11.p04.ny5 SC pstate is now -
2024-08-14 05:26:03  msw1.rk11.p04.ny5 is now Up
2024-08-14 05:26:03  esr1a.rk07.p01.ny5 is now NoMaint
2024-08-14 05:26:03  msw1.rk10.p04.ny5 pstate is now 2/2
2024-08-14 05:26:03  msw1.rk10.p04.ny5 SC pstate is now -
2024-08-14 05:26:03  msw1.rk10.p04.ny5 is now Up
2024-08-14 05:26:03  esr1a.rk15.p01.ny5 is now NoMaint
2024-08-14 05:26:03  msw1.rk06.p04.ny5 pstate is now 2/2
2024-08-14 05:26:03  msw1.rk06.p04.ny5 SC pstate is now -
2024-08-14 05:26:03  msw1.rk06.p04.ny5 is now Up
2024-08-14 05:26:03  msw1.rk15.p04.ny5 pstate is now 2/2
2024-08-14 05:26:03  msw1.rk15.p04.ny5 SC pstate is now -
2024-08-14 05:26:03  msw1.rk15.p04.ny5 is now Up
2024-08-14 05:26:03  msw1.rk14.p04.ny5 pstate is now 2/2
2024-08-14 05:26:03  msw1.rk14.p04.ny5 SC pstate is now -
2024-08-14 05:26:03  msw1.rk14.p04.ny5 is now Up
2024-08-14 05:26:03  esr1a.rk01.p01.ny5 is now NoMaint
2024-08-14 05:26:03  dsr2.rk08.p01.ny5 is now NoMaint
2024-08-14 05:26:03  ssp2.ny5 is now NoMaint
2024-08-14 05:26:03  msw1.rk09.p04.ny5 pstate is now 2/2
2024-08-14 05:26:03  msw1.rk13.p04.ny5 pstate is now 2/2
2024-08-14 05:26:03  msw1.rk09.p04.ny5 SC pstate is now -
2024-08-14 05:26:03  msw1.rk13.p04.ny5 SC pstate is now -
2024-08-14 05:26:03  msw1.rk09.p04.ny5 is now Up
2024-08-14 05:26:03  msw1.rk13.p04.ny5 is now Up
2024-08-14 05:26:03  msw1.rk32.p04.ny5 pstate is now 2/2
2024-08-14 05:26:03  msw1.rk32.p04.ny5 SC pstate is now -
2024-08-14 05:26:03  msw1.rk32.p04.ny5 is now Up
2024-08-14 05:26:03  msw1.rk05.p04.ny5 pstate is now 2/2
2024-08-14 05:26:03  msw1.rk05.p04.ny5 SC pstate is now -
2024-08-14 05:26:03  msw1.rk05.p04.ny5 is now Up
2024-08-14 05:26:03  esr1b.rk01.p01.ny5 is now NoMaint
2024-08-14 05:26:03  dsr1.rk07.p01.ny5 is now NoMaint
2024-08-14 05:26:03  msw1.rk08.p04.ny5 pstate is now 2/2
2024-08-14 05:26:03  msw1.rk31.p04.ny5 pstate is now 2/2
2024-08-14 05:26:03  msw1.rk12.p04.ny5 pstate is now 2/2
2024-08-14 05:26:03  msw1.rk12.p04.ny5 SC pstate is now -
2024-08-14 05:26:03  msw1.rk12.p04.ny5 is now Up
2024-08-14 05:26:03  msw1.rk08.p04.ny5 SC pstate is now -
2024-08-14 05:26:03  msw1.rk31.p04.ny5 SC pstate is now -
2024-08-14 05:26:03  msw1.rk08.p04.ny5 is now Up
2024-08-14 05:26:03  msw1.rk31.p04.ny5 is now Up
2024-08-14 05:26:03  esr1a.rk02.p01.ny5 is now NoMaint
2024-08-14 05:26:03  msw1.rk07.p04.ny5 pstate is now 2/2
2024-08-14 05:26:03  msw1.rk07.p04.ny5 SC pstate is now -
2024-08-14 05:26:03  esr1b.rk02.p01.ny5 is now NoMaint
2024-08-14 05:26:03  msw1.rk07.p04.ny5 is now Up
2024-08-14 05:26:03  ssp3.ny5 is now NoMaint
2024-08-14 05:26:04  dsr2.rk08.p01.ny5 pstate is now 8/8
2024-08-14 05:26:04  ssp2.ny5 pstate is now 2/2
2024-08-14 05:26:04  dsr2.rk08.p01.ny5 SC pstate is now -
2024-08-14 05:26:04  ssp2.ny5 SC pstate is now -
2024-08-14 05:26:04  dsr1.rk07.p01.ny5 pstate is now 8/8
2024-08-14 05:26:04  dsr1.rk07.p01.ny5 SC pstate is now -
2024-08-14 05:26:04  esr1b.rk06.p01.ny5 pstate is now 12/12
2024-08-14 05:26:04  esr1b.rk14.p01.ny5 pstate is now 12/12
2024-08-14 05:26:04  esr1b.rk10.p01.ny5 pstate is now 12/12
2024-08-14 05:26:04  esr1a.rk05.p01.ny5 pstate is now 12/12
2024-08-14 05:26:04  esr1b.rk06.p01.ny5 SC pstate is now -
2024-08-14 05:26:04  esr1a.rk09.p01.ny5 pstate is now 12/12
2024-08-14 05:26:04  esr1a.rk09.p01.ny5 SC pstate is now -
2024-08-14 05:26:04  esr1b.rk10.p01.ny5 SC pstate is now -
2024-08-14 05:26:04  esr1a.rk05.p01.ny5 SC pstate is now -
2024-08-14 05:26:04  esr1a.rk13.p01.ny5 pstate is now 12/12
2024-08-14 05:26:04  esr1b.rk14.p01.ny5 SC pstate is now 14/23
2024-08-14 05:26:04  esr1a.rk13.p01.ny5 SC pstate is now -
2024-08-14 05:26:04  ssp3.ny5 pstate is now 2/2
2024-08-14 05:26:04  esr1a.rk08.p01.ny5 pstate is now 12/12
2024-08-14 05:26:04  esr1a.rk08.p01.ny5 SC pstate is now -
2024-08-14 05:26:04  ssp3.ny5 SC pstate is now -
2024-08-14 05:26:04  esr1b.rk09.p01.ny5 pstate is now 12/12
2024-08-14 05:26:04  esr1b.rk09.p01.ny5 SC pstate is now -
2024-08-14 05:26:04  esr1b.rk13.p01.ny5 pstate is now 12/12
2024-08-14 05:26:04  esr1b.rk13.p01.ny5 SC pstate is now -
2024-08-14 05:26:04  esr1a.rk07.p01.ny5 pstate is now 12/12
2024-08-14 05:26:04  esr1a.rk12.p01.ny5 pstate is now 12/12
2024-08-14 05:26:04  esr1a.rk12.p01.ny5 SC pstate is now -
2024-08-14 05:26:04  esr1a.rk07.p01.ny5 SC pstate is now -
2024-08-14 05:26:04  esr1b.rk08.p01.ny5 pstate is now 12/12
2024-08-14 05:26:04  esr1b.rk08.p01.ny5 SC pstate is now -
2024-08-14 05:26:04  esr1a.rk11.p01.ny5 pstate is now 12/12
2024-08-14 05:26:04  esr1a.rk11.p01.ny5 SC pstate is now -
2024-08-14 05:26:04  esr1b.rk05.p01.ny5 pstate is now 12/12
2024-08-14 05:26:04  esr1a.rk03.p01.ny5 pstate is now 12/12
2024-08-14 05:26:04  esr1b.rk05.p01.ny5 SC pstate is now -
2024-08-14 05:26:04  esr1a.rk03.p01.ny5 SC pstate is now -
2024-08-14 05:26:04  esr1b.rk12.p01.ny5 pstate is now 12/12
2024-08-14 05:26:04  esr1b.rk12.p01.ny5 SC pstate is now -
2024-08-14 05:26:04  esr1a.rk15.p01.ny5 pstate is now 12/12
2024-08-14 05:26:04  esr1a.rk15.p01.ny5 SC pstate is now 15/27
2024-08-14 05:26:04  esr1b.rk03.p01.ny5 pstate is now 12/12
2024-08-14 05:26:04  esr1b.rk03.p01.ny5 SC pstate is now -
2024-08-14 05:26:04  esr1a.rk10.p01.ny5 pstate is now 12/12
2024-08-14 05:26:04  esr1a.rk14.p01.ny5 pstate is now 12/12
2024-08-14 05:26:04  esr1b.rk11.p01.ny5 pstate is now 12/12
2024-08-14 05:26:04  esr1a.rk06.p01.ny5 pstate is now 12/12
2024-08-14 05:26:04  esr1a.rk14.p01.ny5 SC pstate is now 14/23
2024-08-14 05:26:04  esr1a.rk10.p01.ny5 SC pstate is now -
2024-08-14 05:26:04  esr1b.rk15.p01.ny5 pstate is now 12/12
2024-08-14 05:26:04  esr1b.rk11.p01.ny5 SC pstate is now -
2024-08-14 05:26:04  esr1b.rk07.p01.ny5 pstate is now 12/12
2024-08-14 05:26:04  esr1b.rk15.p01.ny5 SC pstate is now 15/27
2024-08-14 05:26:04  esr1b.rk07.p01.ny5 SC pstate is now -
2024-08-14 05:26:04  esr1a.rk06.p01.ny5 SC pstate is now -
2024-08-14 05:26:04  esr1b.rk01.p01.ny5 pstate is now 12/12
2024-08-14 05:26:04  esr1b.rk01.p01.ny5 SC pstate is now -
2024-08-14 05:26:04  esr1a.rk02.p01.ny5 pstate is now 12/12
2024-08-14 05:26:04  esr1a.rk02.p01.ny5 SC pstate is now -
2024-08-14 05:26:04  esr1a.rk01.p01.ny5 pstate is now 12/12
2024-08-14 05:26:04  esr1a.rk01.p01.ny5 SC pstate is now -
2024-08-14 05:26:05  esr1b.rk02.p01.ny5 pstate is now 12/12
2024-08-14 05:26:05  esr1b.rk02.p01.ny5 SC pstate is now -
2024-08-14 05:26:36  esr1a.rk14.p01.ny5 Version is now EOS: 4.28.7M
2024-08-14 05:26:36  esr1a.rk10.p01.ny5 Version is now EOS: 4.28.7M
2024-08-14 05:26:36  esr1b.rk15.p01.ny5 Version is now EOS: 4.28.7M
2024-08-14 05:26:36  esr1b.rk03.p01.ny5 Version is now EOS: 4.28.7M
2024-08-14 05:26:36  esr1b.rk07.p01.ny5 Version is now EOS: 4.28.7M
2024-08-14 05:26:36  esr1b.rk11.p01.ny5 Version is now EOS: 4.28.7M
2024-08-14 05:26:36  esr1a.rk11.p01.ny5 Version is now EOS: 4.28.7M
2024-08-14 05:26:36  esr1a.rk07.p01.ny5 Version is now EOS: 4.28.7M
2024-08-14 05:26:36  esr1b.rk08.p01.ny5 Version is now EOS: 4.28.7M
2024-08-14 05:26:36  esr1a.rk09.p01.ny5 Version is now EOS: 4.28.7M
2024-08-14 05:26:36  esr1b.rk09.p01.ny5 Version is now EOS: 4.28.7M
2024-08-14 05:26:36  esr1a.rk08.p01.ny5 Version is now EOS: 4.28.7M
2024-08-14 05:26:36  esr1b.rk06.p01.ny5 Version is now EOS: 4.28.7M
2024-08-14 05:26:36  esr1a.rk05.p01.ny5 Version is now EOS: 4.28.7M
2024-08-14 05:26:36  esr1a.rk12.p01.ny5 Version is now EOS: 4.28.7M
2024-08-14 05:26:36  esr1b.rk05.p01.ny5 Version is now EOS: 4.28.7M
2024-08-14 05:26:36  esr1b.rk13.p01.ny5 Version is now EOS: 4.28.7M
2024-08-14 05:26:36  esr1b.rk15.p01.ny5 is now Up / Up
2024-08-14 05:26:36  esr1a.rk03.p01.ny5 Version is now EOS: 4.28.7M
2024-08-14 05:26:36  esr1a.rk11.p01.ny5 is now Up / Up
2024-08-14 05:26:36  esr1b.rk12.p01.ny5 Version is now EOS: 4.28.7M
2024-08-14 05:26:36  esr1a.rk15.p01.ny5 Version is now EOS: 4.28.7M
2024-08-14 05:26:36  esr1a.rk08.p01.ny5 is now Up / Up
2024-08-14 05:26:36  esr1b.rk10.p01.ny5 Version is now EOS: 4.28.7M
2024-08-14 05:26:36  esr1b.rk14.p01.ny5 Version is now EOS: 4.28.7M
2024-08-14 05:26:36  esr1a.rk13.p01.ny5 Version is now EOS: 4.28.7M
2024-08-14 05:26:36  esr1a.rk09.p01.ny5 is now Up / Up
2024-08-14 05:26:36  esr1a.rk07.p01.ny5 is now Up / Up
2024-08-14 05:26:36  esr1b.rk08.p01.ny5 is now Up / Up
2024-08-14 05:26:36  esr1a.rk14.p01.ny5 is now Up / Up
2024-08-14 05:26:36  esr1b.rk06.p01.ny5 is now Up / Up
2024-08-14 05:26:36  esr1a.rk10.p01.ny5 is now Up / Up
2024-08-14 05:26:36  esr1b.rk07.p01.ny5 is now Up / Up
2024-08-14 05:26:36  esr1b.rk03.p01.ny5 is now Up / Up
2024-08-14 05:26:36  esr1a.rk15.p01.ny5 is now Up / Up
2024-08-14 05:26:36  esr1a.rk06.p01.ny5 Version is now EOS: 4.28.7M
2024-08-14 05:26:36  esr1b.rk10.p01.ny5 is now Up / Up
2024-08-14 05:26:36  esr1a.rk05.p01.ny5 is now Up / Up
2024-08-14 05:26:36  esr1a.rk13.p01.ny5 is now Up / Up
2024-08-14 05:26:36  esr1b.rk14.p01.ny5 is now Up / Up
2024-08-14 05:26:36  esr1a.rk03.p01.ny5 is now Up / Up
2024-08-14 05:26:36  esr1a.rk12.p01.ny5 is now Up / Up
2024-08-14 05:26:36  esr1b.rk09.p01.ny5 is now Up / Up
2024-08-14 05:26:36  esr1b.rk05.p01.ny5 is now Up / Up
2024-08-14 05:26:36  msw1.rk31.p04.ny5 Version is now EOS: 4.28.7M
2024-08-14 05:26:36  dsr1.rk07.p01.ny5 Version is now EOS: 4.28.7M
2024-08-14 05:26:36  msw1.rk09.p04.ny5 Version is now EOS: 4.28.7M
2024-08-14 05:26:36  msw1.rk11.p04.ny5 Version is now EOS: 4.28.7M
2024-08-14 05:26:36  esr1b.rk02.p01.ny5 Version is now EOS: 4.28.7M
2024-08-14 05:26:36  ssp3.ny5 Version is now EOS: 4.28.7M
2024-08-14 05:26:36  esr1a.rk01.p01.ny5 Version is now EOS: 4.28.7M
2024-08-14 05:26:36  esr1b.rk11.p01.ny5 is now Up / Up
2024-08-14 05:26:36  msw1.rk13.p04.ny5 Version is now EOS: 4.28.7M
2024-08-14 05:26:36  msw1.rk32.p04.ny5 Version is now EOS: 4.28.7M
2024-08-14 05:26:36  msw1.rk06.p04.ny5 Version is now EOS: 4.28.7M
2024-08-14 05:26:36  msw1.rk14.p04.ny5 Version is now EOS: 4.28.7M
2024-08-14 05:26:36  esr1b.rk01.p01.ny5 Version is now EOS: 4.28.7M
2024-08-14 05:26:36  ssp2.ny5 Version is now EOS: 4.28.7M
2024-08-14 05:26:36  msw1.rk10.p04.ny5 Version is now EOS: 4.28.7M
2024-08-14 05:26:36  dsr2.rk08.p01.ny5 Version is now EOS: 4.28.7M
2024-08-14 05:26:36  esr1b.rk13.p01.ny5 is now Up / Up
2024-08-14 05:26:36  msw1.rk12.p04.ny5 Version is now EOS: 4.28.7M
2024-08-14 05:26:36  esr1b.rk01.p01.ny5 is now Up / Up
2024-08-14 05:26:36  esr1b.rk12.p01.ny5 is now Up / Up
2024-08-14 05:26:36  dsr2.rk08.p01.ny5 is now Up / Up
2024-08-14 05:26:36  ssp2.ny5 is now Up / Up
2024-08-14 05:26:36  esr1a.rk02.p01.ny5 Version is now EOS: 4.28.7M
2024-08-14 05:26:36  msw1.rk08.p04.ny5 Version is now EOS: 4.28.7M
2024-08-14 05:26:36  msw1.rk07.p04.ny5 Version is now EOS: 4.28.7M
2024-08-14 05:26:36  msw1.rk05.p04.ny5 Version is now EOS: 4.28.7M
2024-08-14 05:26:36  esr1a.rk06.p01.ny5 is now Up / Up
2024-08-14 05:26:36  esr1a.rk02.p01.ny5 is now Up / Up
2024-08-14 05:26:36  msw1.rk15.p04.ny5 Version is now EOS: 4.28.7M
2024-08-14 05:26:36  dsr1.rk07.p01.ny5 is now Up / Up
2024-08-14 05:26:36  esr1a.rk01.p01.ny5 is now Up / Up
2024-08-14 05:26:36  esr1b.rk02.p01.ny5 is now Up / Up
2024-08-14 05:26:36  ssp3.ny5 is now Up / Up
2024-08-14 05:26:37  esr1a.rk08.p01.ny5 is now NoMaint
2024-08-14 05:26:37  esr1a.rk12.p01.ny5 is now NoMaint
2024-08-14 05:26:37  esr1a.rk14.p01.ny5 is now NoMaint
2024-08-14 05:26:37  esr1b.rk05.p01.ny5 is now NoMaint
2024-08-14 05:26:37  esr1b.rk09.p01.ny5 is now NoMaint
2024-08-14 05:26:37  esr1b.rk13.p01.ny5 is now NoMaint
2024-08-14 05:26:37  esr1a.rk11.p01.ny5 is now NoMaint
2024-08-14 05:26:37  esr1a.rk03.p01.ny5 is now NoMaint
2024-08-14 05:26:37  esr1b.rk08.p01.ny5 is now NoMaint
2024-08-14 05:26:37  esr1a.rk07.p01.ny5 is now NoMaint
2024-08-14 05:26:37  esr1a.rk15.p01.ny5 is now NoMaint
2024-08-14 05:26:37  esr1b.rk03.p01.ny5 is now NoMaint
2024-08-14 05:26:37  esr1b.rk15.p01.ny5 is now NoMaint
2024-08-14 05:26:37  esr1a.rk06.p01.ny5 is now NoMaint
2024-08-14 05:26:37  esr1b.rk07.p01.ny5 is now NoMaint
2024-08-14 05:26:37  esr1b.rk11.p01.ny5 is now NoMaint
2024-08-14 05:26:37  esr1b.rk06.p01.ny5 is now NoMaint
2024-08-14 05:26:37  esr1b.rk10.p01.ny5 is now NoMaint
2024-08-14 05:26:37  esr1b.rk12.p01.ny5 is now NoMaint
2024-08-14 05:26:37  msw1.rk06.p04.ny5 pstate is now 2/2
2024-08-14 05:26:37  msw1.rk06.p04.ny5 SC pstate is now -
2024-08-14 05:26:37  msw1.rk06.p04.ny5 is now Up
2024-08-14 05:26:37  msw1.rk14.p04.ny5 pstate is now 2/2
2024-08-14 05:26:37  msw1.rk14.p04.ny5 SC pstate is now -
2024-08-14 05:26:37  msw1.rk14.p04.ny5 is now Up
2024-08-14 05:26:37  esr1a.rk13.p01.ny5 is now NoMaint
2024-08-14 05:26:37  esr1a.rk09.p01.ny5 is now NoMaint
2024-08-14 05:26:37  esr1a.rk05.p01.ny5 is now NoMaint
2024-08-14 05:26:37  esr1b.rk14.p01.ny5 is now NoMaint
2024-08-14 05:26:37  msw1.rk10.p04.ny5 pstate is now 2/2
2024-08-14 05:26:37  msw1.rk10.p04.ny5 SC pstate is now -
2024-08-14 05:26:37  msw1.rk10.p04.ny5 is now Up
2024-08-14 05:26:37  esr1a.rk10.p01.ny5 is now NoMaint
2024-08-14 05:26:37  ssp2.ny5 is now NoMaint
2024-08-14 05:26:37  dsr2.rk08.p01.ny5 is now NoMaint
2024-08-14 05:26:37  esr1b.rk01.p01.ny5 is now NoMaint
2024-08-14 05:26:37  msw1.rk08.p04.ny5 pstate is now 2/2
2024-08-14 05:26:37  msw1.rk32.p04.ny5 pstate is now 2/2
2024-08-14 05:26:37  msw1.rk32.p04.ny5 SC pstate is now -
2024-08-14 05:26:37  msw1.rk32.p04.ny5 is now Up
2024-08-14 05:26:37  msw1.rk31.p04.ny5 pstate is now 2/2
2024-08-14 05:26:37  msw1.rk12.p04.ny5 pstate is now 2/2
2024-08-14 05:26:37  msw1.rk08.p04.ny5 SC pstate is now -
2024-08-14 05:26:37  msw1.rk12.p04.ny5 SC pstate is now -
2024-08-14 05:26:37  msw1.rk12.p04.ny5 is now Up
2024-08-14 05:26:37  msw1.rk31.p04.ny5 SC pstate is now -
2024-08-14 05:26:37  msw1.rk31.p04.ny5 is now Up
2024-08-14 05:26:37  msw1.rk08.p04.ny5 is now Up
2024-08-14 05:26:37  esr1a.rk02.p01.ny5 is now NoMaint
2024-08-14 05:26:37  msw1.rk09.p04.ny5 pstate is now 2/2
2024-08-14 05:26:37  msw1.rk09.p04.ny5 SC pstate is now -
2024-08-14 05:26:37  msw1.rk09.p04.ny5 is now Up
2024-08-14 05:26:37  msw1.rk05.p04.ny5 pstate is now 2/2
2024-08-14 05:26:37  msw1.rk05.p04.ny5 SC pstate is now -
2024-08-14 05:26:37  msw1.rk05.p04.ny5 is now Up
2024-08-14 05:26:37  dsr1.rk07.p01.ny5 is now NoMaint
2024-08-14 05:26:37  msw1.rk11.p04.ny5 pstate is now 2/2
2024-08-14 05:26:37  msw1.rk11.p04.ny5 SC pstate is now -
2024-08-14 05:26:37  msw1.rk11.p04.ny5 is now Up
2024-08-14 05:26:37  msw1.rk07.p04.ny5 pstate is now 2/2
2024-08-14 05:26:37  msw1.rk07.p04.ny5 SC pstate is now -
2024-08-14 05:26:37  msw1.rk07.p04.ny5 is now Up
2024-08-14 05:26:37  msw1.rk15.p04.ny5 pstate is now 2/2
2024-08-14 05:26:37  msw1.rk15.p04.ny5 SC pstate is now -
2024-08-14 05:26:37  msw1.rk15.p04.ny5 is now Up
2024-08-14 05:26:37  msw1.rk13.p04.ny5 pstate is now 2/2
2024-08-14 05:26:37  msw1.rk13.p04.ny5 SC pstate is now -
2024-08-14 05:26:37  msw1.rk13.p04.ny5 is now Up
2024-08-14 05:26:37  ssp3.ny5 is now NoMaint
2024-08-14 05:26:37  esr1b.rk02.p01.ny5 is now NoMaint
2024-08-14 05:26:37  esr1a.rk01.p01.ny5 is now NoMaint
2024-08-14 05:26:37  ssp2.ny5 pstate is now 2/2
2024-08-14 05:26:37  ssp2.ny5 SC pstate is now -
2024-08-14 05:26:37  esr1b.rk09.p01.ny5 pstate is now 12/12
2024-08-14 05:26:37  esr1b.rk13.p01.ny5 pstate is now 12/12
2024-08-14 05:26:37  dsr2.rk08.p01.ny5 pstate is now 8/8
2024-08-14 05:26:37  esr1a.rk12.p01.ny5 pstate is now 12/12
2024-08-14 05:26:37  dsr2.rk08.p01.ny5 SC pstate is now -
2024-08-14 05:26:37  esr1b.rk09.p01.ny5 SC pstate is now -
2024-08-14 05:26:37  esr1a.rk08.p01.ny5 pstate is now 12/12
2024-08-14 05:26:37  ssp3.ny5 pstate is now 2/2
2024-08-14 05:26:37  ssp3.ny5 SC pstate is now -
2024-08-14 05:26:37  esr1a.rk15.p01.ny5 pstate is now 12/12
2024-08-14 05:26:37  esr1a.rk15.p01.ny5 SC pstate is now 15/27
2024-08-14 05:26:37  esr1a.rk11.p01.ny5 pstate is now 12/12
2024-08-14 05:26:37  esr1a.rk11.p01.ny5 SC pstate is now -
2024-08-14 05:26:37  esr1a.rk07.p01.ny5 pstate is now 12/12
2024-08-14 05:26:37  esr1a.rk07.p01.ny5 SC pstate is now -
2024-08-14 05:26:37  esr1a.rk03.p01.ny5 pstate is now 12/12
2024-08-14 05:26:37  esr1a.rk03.p01.ny5 SC pstate is now -
2024-08-14 05:26:37  esr1b.rk08.p01.ny5 pstate is now 12/12
2024-08-14 05:26:37  esr1b.rk08.p01.ny5 SC pstate is now -
2024-08-14 05:26:37  esr1b.rk13.p01.ny5 SC pstate is now -
2024-08-14 05:26:37  esr1a.rk08.p01.ny5 SC pstate is now -
2024-08-14 05:26:37  esr1a.rk12.p01.ny5 SC pstate is now -
2024-08-14 05:26:37  esr1b.rk05.p01.ny5 pstate is now 12/12
2024-08-14 05:26:37  esr1b.rk05.p01.ny5 SC pstate is now -
2024-08-14 05:26:37  esr1b.rk12.p01.ny5 pstate is now 12/12
2024-08-14 05:26:37  esr1b.rk12.p01.ny5 SC pstate is now -
2024-08-14 05:26:37  dsr1.rk07.p01.ny5 pstate is now 8/8
2024-08-14 05:26:37  dsr1.rk07.p01.ny5 SC pstate is now -
2024-08-14 05:26:37  esr1b.rk10.p01.ny5 pstate is now 12/12
2024-08-14 05:26:37  esr1b.rk10.p01.ny5 SC pstate is now -
2024-08-14 05:26:37  esr1b.rk14.p01.ny5 pstate is now 12/12
2024-08-14 05:26:37  esr1b.rk06.p01.ny5 pstate is now 12/12
2024-08-14 05:26:37  esr1b.rk14.p01.ny5 SC pstate is now 14/23
2024-08-14 05:26:37  esr1b.rk06.p01.ny5 SC pstate is now -
2024-08-14 05:26:37  esr1a.rk05.p01.ny5 pstate is now 12/12
2024-08-14 05:26:37  esr1a.rk05.p01.ny5 SC pstate is now -
2024-08-14 05:26:37  esr1a.rk09.p01.ny5 pstate is now 12/12
2024-08-14 05:26:37  esr1a.rk09.p01.ny5 SC pstate is now -
2024-08-14 05:26:37  esr1a.rk14.p01.ny5 pstate is now 12/12
2024-08-14 05:26:37  esr1a.rk14.p01.ny5 SC pstate is now 14/23
2024-08-14 05:26:37  esr1a.rk13.p01.ny5 pstate is now 12/12
2024-08-14 05:26:37  esr1a.rk13.p01.ny5 SC pstate is now -
2024-08-14 05:26:37  esr1b.rk15.p01.ny5 pstate is now 12/12
2024-08-14 05:26:37  esr1b.rk15.p01.ny5 SC pstate is now 15/27
2024-08-14 05:26:37  esr1a.rk06.p01.ny5 pstate is now 12/12
2024-08-14 05:26:37  esr1a.rk06.p01.ny5 SC pstate is now -
2024-08-14 05:26:37  esr1b.rk03.p01.ny5 pstate is now 12/12
2024-08-14 05:26:37  esr1b.rk03.p01.ny5 SC pstate is now -
2024-08-14 05:26:37  esr1b.rk11.p01.ny5 pstate is now 12/12
2024-08-14 05:26:37  esr1b.rk11.p01.ny5 SC pstate is now -
2024-08-14 05:26:37  esr1b.rk07.p01.ny5 pstate is now 12/12
2024-08-14 05:26:37  esr1b.rk07.p01.ny5 SC pstate is now -
2024-08-14 05:26:37  esr1a.rk10.p01.ny5 pstate is now 12/12
2024-08-14 05:26:37  esr1a.rk10.p01.ny5 SC pstate is now -
2024-08-14 05:26:38  esr1a.rk02.p01.ny5 pstate is now 12/12
2024-08-14 05:26:38  esr1a.rk02.p01.ny5 SC pstate is now -
2024-08-14 05:26:38  esr1b.rk02.p01.ny5 pstate is now 12/12
2024-08-14 05:26:38  esr1b.rk02.p01.ny5 SC pstate is now -
2024-08-14 05:26:38  esr1b.rk01.p01.ny5 pstate is now 12/12
2024-08-14 05:26:38  esr1b.rk01.p01.ny5 SC pstate is now -
2024-08-14 05:26:38  esr1a.rk01.p01.ny5 pstate is now 12/12
2024-08-14 05:26:38  esr1a.rk01.p01.ny5 SC pstate is now -
2024-08-14 05:27:09  esr1b.rk14.p01.ny5 Version is now EOS: 4.28.7M
2024-08-14 05:27:09  esr1a.rk05.p01.ny5 Version is now EOS: 4.28.7M
2024-08-14 05:27:09  esr1b.rk07.p01.ny5 Version is now EOS: 4.28.7M
2024-08-14 05:27:09  esr1a.rk09.p01.ny5 Version is now EOS: 4.28.7M
2024-08-14 05:27:09  esr1a.rk15.p01.ny5 Version is now EOS: 4.28.7M
2024-08-14 05:27:09  esr1a.rk03.p01.ny5 Version is now EOS: 4.28.7M
2024-08-14 05:27:09  esr1b.rk12.p01.ny5 Version is now EOS: 4.28.7M
2024-08-14 05:27:09  esr1a.rk14.p01.ny5 Version is now EOS: 4.28.7M
2024-08-14 05:27:09  esr1b.rk11.p01.ny5 Version is now EOS: 4.28.7M
2024-08-14 05:27:09  esr1b.rk03.p01.ny5 Version is now EOS: 4.28.7M
2024-08-14 05:27:09  esr1b.rk09.p01.ny5 Version is now EOS: 4.28.7M
2024-08-14 05:27:09  esr1b.rk06.p01.ny5 Version is now EOS: 4.28.7M
2024-08-14 05:27:09  esr1a.rk13.p01.ny5 Version is now EOS: 4.28.7M
2024-08-14 05:27:09  esr1b.rk10.p01.ny5 Version is now EOS: 4.28.7M
2024-08-14 05:27:09  esr1a.rk10.p01.ny5 Version is now EOS: 4.28.7M
2024-08-14 05:27:09  esr1a.rk15.p01.ny5 is now Up / Up
2024-08-14 05:27:09  esr1a.rk11.p01.ny5 Version is now EOS: 4.28.7M
2024-08-14 05:27:09  esr1b.rk08.p01.ny5 Version is now EOS: 4.28.7M
2024-08-14 05:27:09  esr1a.rk03.p01.ny5 is now Up / Up
2024-08-14 05:27:09  esr1a.rk07.p01.ny5 Version is now EOS: 4.28.7M
2024-08-14 05:27:09  esr1a.rk05.p01.ny5 is now Up / Up
2024-08-14 05:27:09  esr1a.rk06.p01.ny5 Version is now EOS: 4.28.7M
2024-08-14 05:27:09  esr1b.rk11.p01.ny5 is now Up / Up
2024-08-14 05:27:09  esr1b.rk12.p01.ny5 is now Up / Up
2024-08-14 05:27:09  esr1a.rk09.p01.ny5 is now Up / Up
2024-08-14 05:27:09  esr1b.rk14.p01.ny5 is now Up / Up
2024-08-14 05:27:09  esr1b.rk06.p01.ny5 is now Up / Up
2024-08-14 05:27:09  esr1b.rk10.p01.ny5 is now Up / Up
2024-08-14 05:27:09  esr1a.rk14.p01.ny5 is now Up / Up
2024-08-14 05:27:09  esr1b.rk15.p01.ny5 Version is now EOS: 4.28.7M
2024-08-14 05:27:09  esr1a.rk08.p01.ny5 Version is now EOS: 4.28.7M
2024-08-14 05:27:09  esr1b.rk13.p01.ny5 Version is now EOS: 4.28.7M
2024-08-14 05:27:09  esr1a.rk12.p01.ny5 Version is now EOS: 4.28.7M
2024-08-14 05:27:09  esr1b.rk05.p01.ny5 Version is now EOS: 4.28.7M
2024-08-14 05:27:09  esr1a.rk11.p01.ny5 is now Up / Up
2024-08-14 05:27:09  esr1b.rk07.p01.ny5 is now Up / Up
2024-08-14 05:27:09  esr1a.rk07.p01.ny5 is now Up / Up
2024-08-14 05:27:09  esr1b.rk09.p01.ny5 is now Up / Up
2024-08-14 05:27:09  esr1a.rk12.p01.ny5 is now Up / Up
2024-08-14 05:27:09  msw1.rk06.p04.ny5 Version is now EOS: 4.28.7M
2024-08-14 05:27:09  esr1b.rk13.p01.ny5 is now Up / Up
2024-08-14 05:27:09  dsr2.rk08.p01.ny5 Version is now EOS: 4.28.7M
2024-08-14 05:27:09  msw1.rk10.p04.ny5 Version is now EOS: 4.28.7M
2024-08-14 05:27:09  esr1a.rk13.p01.ny5 is now Up / Up
2024-08-14 05:27:09  esr1a.rk06.p01.ny5 is now Up / Up
2024-08-14 05:27:09  msw1.rk08.p04.ny5 Version is now EOS: 4.28.7M
2024-08-14 05:27:09  esr1b.rk03.p01.ny5 is now Up / Up
2024-08-14 05:27:09  msw1.rk11.p04.ny5 Version is now EOS: 4.28.7M
2024-08-14 05:27:09  msw1.rk15.p04.ny5 Version is now EOS: 4.28.7M
2024-08-14 05:27:09  ssp2.ny5 Version is now EOS: 4.28.7M
2024-08-14 05:27:09  esr1b.rk01.p01.ny5 Version is now EOS: 4.28.7M
2024-08-14 05:27:09  msw1.rk14.p04.ny5 Version is now EOS: 4.28.7M
2024-08-14 05:27:09  msw1.rk05.p04.ny5 Version is now EOS: 4.28.7M
2024-08-14 05:27:09  msw1.rk13.p04.ny5 Version is now EOS: 4.28.7M
2024-08-14 05:27:09  esr1a.rk08.p01.ny5 is now Up / Up
2024-08-14 05:27:09  msw1.rk32.p04.ny5 Version is now EOS: 4.28.7M
2024-08-14 05:27:09  esr1b.rk08.p01.ny5 is now Up / Up
2024-08-14 05:27:09  esr1b.rk05.p01.ny5 is now Up / Up
2024-08-14 05:27:09  dsr2.rk08.p01.ny5 is now Up / Up
2024-08-14 05:27:09  ssp2.ny5 is now Up / Up
2024-08-14 05:27:09  esr1b.rk01.p01.ny5 is now Up / Up
2024-08-14 05:27:09  dsr1.rk07.p01.ny5 Version is now EOS: 4.28.7M
2024-08-14 05:27:09  msw1.rk09.p04.ny5 Version is now EOS: 4.28.7M
2024-08-14 05:27:09  msw1.rk07.p04.ny5 Version is now EOS: 4.28.7M
2024-08-14 05:27:09  esr1b.rk02.p01.ny5 Version is now EOS: 4.28.7M
2024-08-14 05:27:09  esr1a.rk01.p01.ny5 Version is now EOS: 4.28.7M
2024-08-14 05:27:09  esr1a.rk10.p01.ny5 is now Up / Up
2024-08-14 05:27:09  esr1a.rk02.p01.ny5 Version is now EOS: 4.28.7M
2024-08-14 05:27:09  msw1.rk31.p04.ny5 Version is now EOS: 4.28.7M
2024-08-14 05:27:09  dsr1.rk07.p01.ny5 is now Up / Up
2024-08-14 05:27:09  msw1.rk12.p04.ny5 Version is now EOS: 4.28.7M
2024-08-14 05:27:10  esr1b.rk15.p01.ny5 is now Up / Up
2024-08-14 05:27:10  esr1a.rk02.p01.ny5 is now Up / Up
2024-08-14 05:27:10  ssp3.ny5 Version is now EOS: 4.28.7M
2024-08-14 05:27:10  esr1b.rk02.p01.ny5 is now Up / Up
2024-08-14 05:27:10  ssp3.ny5 is now Up / Up
2024-08-14 05:27:10  esr1a.rk01.p01.ny5 is now Up / Up
2024-08-14 05:27:10  esr1b.rk09.p01.ny5 is now NoMaint
2024-08-14 05:27:10  esr1a.rk12.p01.ny5 is now NoMaint
2024-08-14 05:27:10  esr1a.rk08.p01.ny5 is now NoMaint
2024-08-14 05:27:10  esr1b.rk05.p01.ny5 is now NoMaint
2024-08-14 05:27:10  esr1b.rk11.p01.ny5 is now NoMaint
2024-08-14 05:27:10  esr1a.rk15.p01.ny5 is now NoMaint
2024-08-14 05:27:10  esr1b.rk13.p01.ny5 is now NoMaint
2024-08-14 05:27:10  esr1b.rk07.p01.ny5 is now NoMaint
2024-08-14 05:27:10  esr1a.rk10.p01.ny5 is now NoMaint
2024-08-14 05:27:10  esr1b.rk03.p01.ny5 is now NoMaint
2024-08-14 05:27:10  esr1b.rk15.p01.ny5 is now NoMaint
2024-08-14 05:27:10  esr1a.rk06.p01.ny5 is now NoMaint
2024-08-14 05:27:10  esr1a.rk14.p01.ny5 is now NoMaint
2024-08-14 05:27:10  esr1a.rk05.p01.ny5 is now NoMaint
2024-08-14 05:27:10  msw1.rk14.p04.ny5 pstate is now 2/2
2024-08-14 05:27:10  msw1.rk14.p04.ny5 SC pstate is now -
2024-08-14 05:27:10  msw1.rk14.p04.ny5 is now Up
2024-08-14 05:27:10  msw1.rk10.p04.ny5 pstate is now 2/2
2024-08-14 05:27:10  msw1.rk10.p04.ny5 SC pstate is now -
2024-08-14 05:27:10  msw1.rk10.p04.ny5 is now Up
2024-08-14 05:27:10  esr1b.rk08.p01.ny5 is now NoMaint
2024-08-14 05:27:10  esr1b.rk14.p01.ny5 is now NoMaint
2024-08-14 05:27:10  esr1b.rk12.p01.ny5 is now NoMaint
2024-08-14 05:27:10  esr1b.rk06.p01.ny5 is now NoMaint
2024-08-14 05:27:10  esr1a.rk03.p01.ny5 is now NoMaint
2024-08-14 05:27:10  esr1a.rk07.p01.ny5 is now NoMaint
2024-08-14 05:27:10  esr1a.rk11.p01.ny5 is now NoMaint
2024-08-14 05:27:10  dsr2.rk08.p01.ny5 is now NoMaint
2024-08-14 05:27:10  msw1.rk06.p04.ny5 pstate is now 2/2
2024-08-14 05:27:10  msw1.rk06.p04.ny5 SC pstate is now -
2024-08-14 05:27:10  msw1.rk06.p04.ny5 is now Up
2024-08-14 05:27:10  esr1b.rk01.p01.ny5 is now NoMaint
2024-08-14 05:27:10  esr1a.rk09.p01.ny5 is now NoMaint
2024-08-14 05:27:10  esr1b.rk10.p01.ny5 is now NoMaint
2024-08-14 05:27:10  esr1a.rk13.p01.ny5 is now NoMaint
2024-08-14 05:27:10  ssp2.ny5 is now NoMaint
2024-08-14 05:27:10  msw1.rk31.p04.ny5 pstate is now 2/2
2024-08-14 05:27:10  msw1.rk08.p04.ny5 pstate is now 2/2
2024-08-14 05:27:10  msw1.rk31.p04.ny5 SC pstate is now -
2024-08-14 05:27:10  msw1.rk08.p04.ny5 SC pstate is now -
2024-08-14 05:27:10  msw1.rk31.p04.ny5 is now Up
2024-08-14 05:27:10  msw1.rk08.p04.ny5 is now Up
2024-08-14 05:27:10  msw1.rk12.p04.ny5 pstate is now 2/2
2024-08-14 05:27:10  msw1.rk12.p04.ny5 SC pstate is now -
2024-08-14 05:27:10  msw1.rk12.p04.ny5 is now Up
2024-08-14 05:27:10  msw1.rk05.p04.ny5 pstate is now 2/2
2024-08-14 05:27:10  msw1.rk32.p04.ny5 pstate is now 2/2
2024-08-14 05:27:10  msw1.rk05.p04.ny5 SC pstate is now -
2024-08-14 05:27:10  msw1.rk09.p04.ny5 pstate is now 2/2
2024-08-14 05:27:10  msw1.rk09.p04.ny5 SC pstate is now -
2024-08-14 05:27:10  msw1.rk05.p04.ny5 is now Up
2024-08-14 05:27:10  msw1.rk09.p04.ny5 is now Up
2024-08-14 05:27:10  msw1.rk32.p04.ny5 SC pstate is now -
2024-08-14 05:27:10  msw1.rk13.p04.ny5 pstate is now 2/2
2024-08-14 05:27:10  msw1.rk13.p04.ny5 SC pstate is now -
2024-08-14 05:27:10  msw1.rk32.p04.ny5 is now Up
2024-08-14 05:27:10  msw1.rk13.p04.ny5 is now Up
2024-08-14 05:27:10  dsr1.rk07.p01.ny5 is now NoMaint
2024-08-14 05:27:10  esr1a.rk02.p01.ny5 is now NoMaint
2024-08-14 05:27:10  msw1.rk11.p04.ny5 pstate is now 2/2
2024-08-14 05:27:10  msw1.rk11.p04.ny5 SC pstate is now -
2024-08-14 05:27:10  msw1.rk11.p04.ny5 is now Up
2024-08-14 05:27:10  msw1.rk15.p04.ny5 pstate is now 2/2
2024-08-14 05:27:10  msw1.rk15.p04.ny5 SC pstate is now -
2024-08-14 05:27:10  msw1.rk15.p04.ny5 is now Up
2024-08-14 05:27:10  msw1.rk07.p04.ny5 pstate is now 2/2
2024-08-14 05:27:10  msw1.rk07.p04.ny5 SC pstate is now -
2024-08-14 05:27:10  msw1.rk07.p04.ny5 is now Up
2024-08-14 05:27:10  ssp3.ny5 is now NoMaint
2024-08-14 05:27:10  esr1b.rk02.p01.ny5 is now NoMaint
2024-08-14 05:27:10  esr1a.rk01.p01.ny5 is now NoMaint
2024-08-14 05:27:10  dsr2.rk08.p01.ny5 pstate is now 8/8
2024-08-14 05:27:10  dsr2.rk08.p01.ny5 SC pstate is now -
2024-08-14 05:27:10  ssp2.ny5 pstate is now 2/2
2024-08-14 05:27:10  ssp2.ny5 SC pstate is now -
2024-08-14 05:27:10  dsr1.rk07.p01.ny5 pstate is now 8/8
2024-08-14 05:27:10  dsr1.rk07.p01.ny5 SC pstate is now -
2024-08-14 05:27:10  esr1b.rk11.p01.ny5 pstate is now 12/12
2024-08-14 05:27:10  esr1b.rk11.p01.ny5 SC pstate is now -
2024-08-14 05:27:10  esr1b.rk05.p01.ny5 pstate is now 12/12
2024-08-14 05:27:10  esr1b.rk09.p01.ny5 pstate is now 12/12
2024-08-14 05:27:10  esr1b.rk09.p01.ny5 SC pstate is now -
2024-08-14 05:27:10  esr1a.rk12.p01.ny5 pstate is now 12/12
2024-08-14 05:27:10  esr1b.rk05.p01.ny5 SC pstate is now -
2024-08-14 05:27:10  esr1a.rk12.p01.ny5 SC pstate is now -
2024-08-14 05:27:10  esr1b.rk13.p01.ny5 pstate is now 12/12
2024-08-14 05:27:10  esr1b.rk13.p01.ny5 SC pstate is now -
2024-08-14 05:27:10  esr1a.rk08.p01.ny5 pstate is now 12/12
2024-08-14 05:27:10  esr1a.rk08.p01.ny5 SC pstate is now -
2024-08-14 05:27:10  ssp3.ny5 pstate is now 2/2
2024-08-14 05:27:10  ssp3.ny5 SC pstate is now -
2024-08-14 05:27:11  esr1a.rk11.p01.ny5 pstate is now 12/12
2024-08-14 05:27:11  esr1a.rk11.p01.ny5 SC pstate is now -
2024-08-14 05:27:11  esr1a.rk03.p01.ny5 pstate is now 12/12
2024-08-14 05:27:11  esr1a.rk03.p01.ny5 SC pstate is now -
2024-08-14 05:27:11  esr1a.rk15.p01.ny5 pstate is now 12/12
2024-08-14 05:27:11  esr1b.rk12.p01.ny5 pstate is now 12/12
2024-08-14 05:27:11  esr1a.rk15.p01.ny5 SC pstate is now 15/27
2024-08-14 05:27:11  esr1b.rk12.p01.ny5 SC pstate is now -
2024-08-14 05:27:11  esr1b.rk08.p01.ny5 pstate is now 12/12
2024-08-14 05:27:11  esr1b.rk08.p01.ny5 SC pstate is now -
2024-08-14 05:27:11  esr1a.rk10.p01.ny5 pstate is now 12/12
2024-08-14 05:27:11  esr1a.rk10.p01.ny5 SC pstate is now -
2024-08-14 05:27:11  esr1a.rk07.p01.ny5 pstate is now 12/12
2024-08-14 05:27:11  esr1a.rk07.p01.ny5 SC pstate is now -
2024-08-14 05:27:11  esr1b.rk03.p01.ny5 pstate is now 12/12
2024-08-14 05:27:11  esr1b.rk03.p01.ny5 SC pstate is now -
2024-08-14 05:27:11  esr1a.rk06.p01.ny5 pstate is now 12/12
2024-08-14 05:27:11  esr1a.rk06.p01.ny5 SC pstate is now -
2024-08-14 05:27:11  esr1a.rk14.p01.ny5 pstate is now 12/12
2024-08-14 05:27:11  esr1b.rk15.p01.ny5 pstate is now 12/12
2024-08-14 05:27:11  esr1a.rk14.p01.ny5 SC pstate is now 14/23
2024-08-14 05:27:11  esr1b.rk15.p01.ny5 SC pstate is now 15/27
2024-08-14 05:27:11  esr1b.rk07.p01.ny5 pstate is now 12/12
2024-08-14 05:27:11  esr1b.rk07.p01.ny5 SC pstate is now -
2024-08-14 05:27:11  esr1a.rk13.p01.ny5 pstate is now 12/12
2024-08-14 05:27:11  esr1a.rk13.p01.ny5 SC pstate is now -
2024-08-14 05:27:11  esr1a.rk05.p01.ny5 pstate is now 12/12
2024-08-14 05:27:11  esr1a.rk05.p01.ny5 SC pstate is now -
2024-08-14 05:27:11  esr1b.rk14.p01.ny5 pstate is now 12/12
2024-08-14 05:27:11  esr1b.rk14.p01.ny5 SC pstate is now 14/23
2024-08-14 05:27:11  esr1b.rk10.p01.ny5 pstate is now 12/12
2024-08-14 05:27:11  esr1b.rk10.p01.ny5 SC pstate is now -
2024-08-14 05:27:11  esr1b.rk06.p01.ny5 pstate is now 12/12
2024-08-14 05:27:11  esr1b.rk06.p01.ny5 SC pstate is now -
2024-08-14 05:27:11  esr1a.rk09.p01.ny5 pstate is now 12/12
2024-08-14 05:27:11  esr1a.rk09.p01.ny5 SC pstate is now -
2024-08-14 05:27:11  esr1b.rk01.p01.ny5 pstate is now 12/12
2024-08-14 05:27:11  esr1b.rk01.p01.ny5 SC pstate is now -
2024-08-14 05:27:11  esr1a.rk01.p01.ny5 pstate is now 12/12
2024-08-14 05:27:11  esr1a.rk01.p01.ny5 SC pstate is now -
2024-08-14 05:27:11  esr1b.rk02.p01.ny5 pstate is now 12/12
2024-08-14 05:27:11  esr1b.rk02.p01.ny5 SC pstate is now -
2024-08-14 05:27:11  esr1a.rk02.p01.ny5 pstate is now 12/12
2024-08-14 05:27:11  esr1a.rk02.p01.ny5 SC pstate is now -
2024-08-14 05:27:42  esr1b.rk09.p01.ny5 Version is now EOS: 4.28.7M
2024-08-14 05:27:42  esr1a.rk09.p01.ny5 Version is now EOS: 4.28.7M
2024-08-14 05:27:42  esr1b.rk05.p01.ny5 Version is now EOS: 4.28.7M
2024-08-14 05:27:42  esr1a.rk12.p01.ny5 Version is now EOS: 4.28.7M
2024-08-14 05:27:42  esr1a.rk08.p01.ny5 Version is now EOS: 4.28.7M
2024-08-14 05:27:42  esr1a.rk10.p01.ny5 Version is now EOS: 4.28.7M
2024-08-14 05:27:42  esr1a.rk14.p01.ny5 Version is now EOS: 4.28.7M
2024-08-14 05:27:42  esr1a.rk15.p01.ny5 Version is now EOS: 4.28.7M
2024-08-14 05:27:42  esr1b.rk14.p01.ny5 Version is now EOS: 4.28.7M
2024-08-14 05:27:42  esr1a.rk13.p01.ny5 Version is now EOS: 4.28.7M
2024-08-14 05:27:42  esr1b.rk10.p01.ny5 Version is now EOS: 4.28.7M
2024-08-14 05:27:42  esr1a.rk05.p01.ny5 Version is now EOS: 4.28.7M
2024-08-14 05:27:42  esr1b.rk06.p01.ny5 Version is now EOS: 4.28.7M
2024-08-14 05:27:42  esr1a.rk03.p01.ny5 Version is now EOS: 4.28.7M
2024-08-14 05:27:42  esr1b.rk12.p01.ny5 Version is now EOS: 4.28.7M
2024-08-14 05:27:42  esr1a.rk11.p01.ny5 Version is now EOS: 4.28.7M
2024-08-14 05:27:42  esr1b.rk08.p01.ny5 Version is now EOS: 4.28.7M
2024-08-14 05:27:42  esr1b.rk13.p01.ny5 Version is now EOS: 4.28.7M
2024-08-14 05:27:42  esr1a.rk07.p01.ny5 Version is now EOS: 4.28.7M
2024-08-14 05:27:43  esr1b.rk09.p01.ny5 is now Up / Up
2024-08-14 05:27:43  esr1b.rk06.p01.ny5 is now Up / Up
2024-08-14 05:27:43  esr1a.rk11.p01.ny5 is now Up / Up
2024-08-14 05:27:43  esr1b.rk12.p01.ny5 is now Up / Up
2024-08-14 05:27:43  esr1a.rk15.p01.ny5 is now Up / Up
2024-08-14 05:27:43  esr1a.rk03.p01.ny5 is now Up / Up
2024-08-14 05:27:43  esr1b.rk05.p01.ny5 is now Up / Up
2024-08-14 05:27:43  esr1a.rk12.p01.ny5 is now Up / Up
2024-08-14 05:27:43  esr1a.rk08.p01.ny5 is now Up / Up
2024-08-14 05:27:43  esr1b.rk13.p01.ny5 is now Up / Up
2024-08-14 05:27:43  esr1a.rk09.p01.ny5 is now Up / Up
2024-08-14 05:27:43  esr1a.rk13.p01.ny5 is now Up / Up
2024-08-14 05:27:43  esr1a.rk05.p01.ny5 is now Up / Up
2024-08-14 05:27:43  esr1b.rk10.p01.ny5 is now Up / Up
2024-08-14 05:27:43  esr1b.rk14.p01.ny5 is now Up / Up
2024-08-14 05:27:43  esr1b.rk08.p01.ny5 is now Up / Up
2024-08-14 05:27:43  esr1b.rk15.p01.ny5 Version is now EOS: 4.28.7M
2024-08-14 05:27:43  esr1a.rk06.p01.ny5 Version is now EOS: 4.28.7M
2024-08-14 05:27:43  msw1.rk10.p04.ny5 Version is now EOS: 4.28.7M
2024-08-14 05:27:43  esr1b.rk03.p01.ny5 Version is now EOS: 4.28.7M
2024-08-14 05:27:43  esr1b.rk01.p01.ny5 Version is now EOS: 4.28.7M
2024-08-14 05:27:43  ssp2.ny5 Version is now EOS: 4.28.7M
2024-08-14 05:27:43  esr1b.rk11.p01.ny5 Version is now EOS: 4.28.7M
2024-08-14 05:27:43  msw1.rk14.p04.ny5 Version is now EOS: 4.28.7M
2024-08-14 05:27:43  dsr2.rk08.p01.ny5 Version is now EOS: 4.28.7M
2024-08-14 05:27:43  msw1.rk06.p04.ny5 Version is now EOS: 4.28.7M
2024-08-14 05:27:43  msw1.rk11.p04.ny5 Version is now EOS: 4.28.7M
2024-08-14 05:27:43  msw1.rk15.p04.ny5 Version is now EOS: 4.28.7M
2024-08-14 05:27:43  esr1a.rk01.p01.ny5 Version is now EOS: 4.28.7M
2024-08-14 05:27:43  dsr1.rk07.p01.ny5 Version is now EOS: 4.28.7M
2024-08-14 05:27:43  msw1.rk05.p04.ny5 Version is now EOS: 4.28.7M
2024-08-14 05:27:43  ssp3.ny5 Version is now EOS: 4.28.7M
2024-08-14 05:27:43  msw1.rk13.p04.ny5 Version is now EOS: 4.28.7M
2024-08-14 05:27:43  msw1.rk32.p04.ny5 Version is now EOS: 4.28.7M
2024-08-14 05:27:43  ssp2.ny5 is now Up / Up
2024-08-14 05:27:43  esr1a.rk07.p01.ny5 is now Up / Up
2024-08-14 05:27:43  dsr2.rk08.p01.ny5 is now Up / Up
2024-08-14 05:27:43  msw1.rk09.p04.ny5 Version is now EOS: 4.28.7M
2024-08-14 05:27:43  esr1b.rk01.p01.ny5 is now Up / Up
2024-08-14 05:27:43  dsr1.rk07.p01.ny5 is now Up / Up
2024-08-14 05:27:43  esr1b.rk07.p01.ny5 Version is now EOS: 4.28.7M
2024-08-14 05:27:43  esr1a.rk14.p01.ny5 is now Up / Up
2024-08-14 05:27:43  esr1b.rk02.p01.ny5 Version is now EOS: 4.28.7M
2024-08-14 05:27:43  msw1.rk07.p04.ny5 Version is now EOS: 4.28.7M
2024-08-14 05:27:43  esr1a.rk01.p01.ny5 is now Up / Up
2024-08-14 05:27:43  ssp3.ny5 is now Up / Up
2024-08-14 05:27:43  msw1.rk31.p04.ny5 Version is now EOS: 4.28.7M
2024-08-14 05:27:43  esr1a.rk10.p01.ny5 is now Up / Up
2024-08-14 05:27:43  msw1.rk12.p04.ny5 Version is now EOS: 4.28.7M
2024-08-14 05:27:43  esr1b.rk02.p01.ny5 is now Up / Up
2024-08-14 05:27:43  esr1b.rk15.p01.ny5 is now Up / Up
2024-08-14 05:27:43  msw1.rk08.p04.ny5 Version is now EOS: 4.28.7M
2024-08-14 05:27:43  esr1a.rk02.p01.ny5 Version is now EOS: 4.28.7M
2024-08-14 05:27:43  esr1a.rk06.p01.ny5 is now Up / Up
2024-08-14 05:27:43  esr1b.rk03.p01.ny5 is now Up / Up
2024-08-14 05:27:43  esr1b.rk07.p01.ny5 is now Up / Up
2024-08-14 05:27:43  esr1b.rk11.p01.ny5 is now Up / Up
2024-08-14 05:27:43  esr1a.rk02.p01.ny5 is now Up / Up
2024-08-14 05:27:43  esr1b.rk09.p01.ny5 is now NoMaint
2024-08-14 05:27:43  esr1a.rk08.p01.ny5 is now NoMaint
2024-08-14 05:27:43  esr1b.rk12.p01.ny5 is now NoMaint
2024-08-14 05:27:43  esr1b.rk05.p01.ny5 is now NoMaint
2024-08-14 05:27:43  esr1a.rk12.p01.ny5 is now NoMaint
2024-08-14 05:27:43  esr1a.rk05.p01.ny5 is now NoMaint
2024-08-14 05:27:43  esr1b.rk10.p01.ny5 is now NoMaint
2024-08-14 05:27:43  esr1b.rk13.p01.ny5 is now NoMaint
2024-08-14 05:27:43  esr1b.rk08.p01.ny5 is now NoMaint
2024-08-14 05:27:43  esr1a.rk07.p01.ny5 is now NoMaint
2024-08-14 05:27:43  esr1a.rk11.p01.ny5 is now NoMaint
2024-08-14 05:27:43  esr1a.rk10.p01.ny5 is now NoMaint
2024-08-14 05:27:43  esr1a.rk14.p01.ny5 is now NoMaint
2024-08-14 05:27:43  esr1a.rk15.p01.ny5 is now NoMaint
2024-08-14 05:27:43  esr1a.rk03.p01.ny5 is now NoMaint
2024-08-14 05:27:43  msw1.rk14.p04.ny5 pstate is now 2/2
2024-08-14 05:27:43  msw1.rk14.p04.ny5 SC pstate is now -
2024-08-14 05:27:43  msw1.rk14.p04.ny5 is now Up
2024-08-14 05:27:43  esr1a.rk06.p01.ny5 is now NoMaint
2024-08-14 05:27:43  esr1b.rk15.p01.ny5 is now NoMaint
2024-08-14 05:27:43  esr1b.rk07.p01.ny5 is now NoMaint
2024-08-14 05:27:43  esr1b.rk11.p01.ny5 is now NoMaint
2024-08-14 05:27:43  esr1b.rk03.p01.ny5 is now NoMaint
2024-08-14 05:27:43  msw1.rk06.p04.ny5 pstate is now 2/2
2024-08-14 05:27:43  msw1.rk06.p04.ny5 SC pstate is now -
2024-08-14 05:27:43  msw1.rk06.p04.ny5 is now Up
2024-08-14 05:27:43  ssp2.ny5 is now NoMaint
2024-08-14 05:27:43  msw1.rk10.p04.ny5 pstate is now 2/2
2024-08-14 05:27:43  msw1.rk10.p04.ny5 SC pstate is now -
2024-08-14 05:27:43  msw1.rk10.p04.ny5 is now Up
2024-08-14 05:27:43  dsr2.rk08.p01.ny5 is now NoMaint
2024-08-14 05:27:43  esr1b.rk14.p01.ny5 is now NoMaint
2024-08-14 05:27:43  esr1a.rk13.p01.ny5 is now NoMaint
2024-08-14 05:27:43  esr1a.rk09.p01.ny5 is now NoMaint
2024-08-14 05:27:43  esr1b.rk06.p01.ny5 is now NoMaint
2024-08-14 05:27:43  esr1b.rk01.p01.ny5 is now NoMaint
2024-08-14 05:27:43  dsr1.rk07.p01.ny5 is now NoMaint
2024-08-14 05:27:43  msw1.rk05.p04.ny5 pstate is now 2/2
2024-08-14 05:27:43  msw1.rk05.p04.ny5 SC pstate is now -
2024-08-14 05:27:43  msw1.rk09.p04.ny5 pstate is now 2/2
2024-08-14 05:27:43  msw1.rk32.p04.ny5 pstate is now 2/2
2024-08-14 05:27:43  msw1.rk05.p04.ny5 is now Up
2024-08-14 05:27:43  msw1.rk13.p04.ny5 pstate is now 2/2
2024-08-14 05:27:43  msw1.rk09.p04.ny5 SC pstate is now -
2024-08-14 05:27:43  msw1.rk32.p04.ny5 SC pstate is now -
2024-08-14 05:27:43  msw1.rk13.p04.ny5 SC pstate is now -
2024-08-14 05:27:43  msw1.rk09.p04.ny5 is now Up
2024-08-14 05:27:43  msw1.rk32.p04.ny5 is now Up
2024-08-14 05:27:43  msw1.rk13.p04.ny5 is now Up
2024-08-14 05:27:43  ssp3.ny5 is now NoMaint
2024-08-14 05:27:43  msw1.rk07.p04.ny5 pstate is now 2/2
2024-08-14 05:27:43  msw1.rk11.p04.ny5 pstate is now 2/2
2024-08-14 05:27:43  msw1.rk15.p04.ny5 pstate is now 2/2
2024-08-14 05:27:43  msw1.rk11.p04.ny5 SC pstate is now -
2024-08-14 05:27:43  msw1.rk07.p04.ny5 SC pstate is now -
2024-08-14 05:27:43  esr1a.rk01.p01.ny5 is now NoMaint
2024-08-14 05:27:43  msw1.rk15.p04.ny5 SC pstate is now -
2024-08-14 05:27:43  msw1.rk15.p04.ny5 is now Up
2024-08-14 05:27:43  msw1.rk11.p04.ny5 is now Up
2024-08-14 05:27:43  msw1.rk07.p04.ny5 is now Up
2024-08-14 05:27:43  msw1.rk31.p04.ny5 pstate is now 2/2
2024-08-14 05:27:43  msw1.rk12.p04.ny5 pstate is now 2/2
2024-08-14 05:27:43  msw1.rk31.p04.ny5 SC pstate is now -
2024-08-14 05:27:43  msw1.rk12.p04.ny5 SC pstate is now -
2024-08-14 05:27:43  msw1.rk31.p04.ny5 is now Up
2024-08-14 05:27:43  msw1.rk12.p04.ny5 is now Up
2024-08-14 05:27:43  msw1.rk08.p04.ny5 pstate is now 2/2
2024-08-14 05:27:43  msw1.rk08.p04.ny5 SC pstate is now -
2024-08-14 05:27:43  msw1.rk08.p04.ny5 is now Up
2024-08-14 05:27:43  esr1a.rk02.p01.ny5 is now NoMaint
2024-08-14 05:27:43  esr1b.rk02.p01.ny5 is now NoMaint
2024-08-14 05:27:43  ssp2.ny5 pstate is now 2/2
2024-08-14 05:27:43  ssp2.ny5 SC pstate is now -
2024-08-14 05:27:44  dsr2.rk08.p01.ny5 pstate is now 8/8
2024-08-14 05:27:44  dsr2.rk08.p01.ny5 SC pstate is now -
2024-08-14 05:27:44  dsr1.rk07.p01.ny5 pstate is now 8/8
2024-08-14 05:27:44  dsr1.rk07.p01.ny5 SC pstate is now -
2024-08-14 05:27:44  ssp3.ny5 pstate is now 2/2
2024-08-14 05:27:44  ssp3.ny5 SC pstate is now -
2024-08-14 05:27:44  esr1a.rk12.p01.ny5 pstate is now 12/12
2024-08-14 05:27:44  esr1b.rk13.p01.ny5 pstate is now 12/12
2024-08-14 05:27:44  esr1b.rk05.p01.ny5 pstate is now 12/12
2024-08-14 05:27:44  esr1a.rk12.p01.ny5 SC pstate is now -
2024-08-14 05:27:44  esr1b.rk05.p01.ny5 SC pstate is now -
2024-08-14 05:27:44  esr1b.rk09.p01.ny5 pstate is now 12/12
2024-08-14 05:27:44  esr1b.rk13.p01.ny5 SC pstate is now -
2024-08-14 05:27:44  esr1b.rk09.p01.ny5 SC pstate is now -
2024-08-14 05:27:44  esr1a.rk08.p01.ny5 pstate is now 12/12
2024-08-14 05:27:44  esr1a.rk08.p01.ny5 SC pstate is now -
2024-08-14 05:27:44  esr1b.rk12.p01.ny5 pstate is now 12/12
2024-08-14 05:27:44  esr1b.rk12.p01.ny5 SC pstate is now -
2024-08-14 05:27:44  esr1b.rk03.p01.ny5 pstate is now 12/12
2024-08-14 05:27:44  esr1b.rk03.p01.ny5 SC pstate is now -
2024-08-14 05:27:44  esr1b.rk07.p01.ny5 pstate is now 12/12
2024-08-14 05:27:44  esr1a.rk10.p01.ny5 pstate is now 12/12
2024-08-14 05:27:44  esr1b.rk07.p01.ny5 SC pstate is now -
2024-08-14 05:27:44  esr1a.rk10.p01.ny5 SC pstate is now -
2024-08-14 05:27:44  esr1a.rk14.p01.ny5 pstate is now 12/12
2024-08-14 05:27:44  esr1a.rk14.p01.ny5 SC pstate is now 14/23
2024-08-14 05:27:44  esr1a.rk06.p01.ny5 pstate is now 12/12
2024-08-14 05:27:44  esr1a.rk06.p01.ny5 SC pstate is now -
2024-08-14 05:27:44  esr1b.rk11.p01.ny5 pstate is now 12/12
2024-08-14 05:27:44  esr1b.rk11.p01.ny5 SC pstate is now -
2024-08-14 05:27:44  esr1b.rk15.p01.ny5 pstate is now 12/12
2024-08-14 05:27:44  esr1b.rk15.p01.ny5 SC pstate is now 15/27
2024-08-14 05:27:44  esr1a.rk03.p01.ny5 pstate is now 12/12
2024-08-14 05:27:44  esr1a.rk11.p01.ny5 pstate is now 12/12
2024-08-14 05:27:44  esr1a.rk07.p01.ny5 pstate is now 12/12
2024-08-14 05:27:44  esr1a.rk03.p01.ny5 SC pstate is now -
2024-08-14 05:27:44  esr1a.rk07.p01.ny5 SC pstate is now -
2024-08-14 05:27:44  esr1a.rk11.p01.ny5 SC pstate is now -
2024-08-14 05:27:44  esr1b.rk08.p01.ny5 pstate is now 12/12
2024-08-14 05:27:44  esr1b.rk08.p01.ny5 SC pstate is now -
2024-08-14 05:27:44  esr1a.rk15.p01.ny5 pstate is now 12/12
2024-08-14 05:27:44  esr1a.rk15.p01.ny5 SC pstate is now 15/27
2024-08-14 05:27:44  esr1b.rk10.p01.ny5 pstate is now 12/12
2024-08-14 05:27:44  esr1b.rk10.p01.ny5 SC pstate is now -
2024-08-14 05:27:44  esr1a.rk05.p01.ny5 pstate is now 12/12
2024-08-14 05:27:44  esr1b.rk06.p01.ny5 pstate is now 12/12
2024-08-14 05:27:44  esr1a.rk05.p01.ny5 SC pstate is now -
2024-08-14 05:27:44  esr1b.rk06.p01.ny5 SC pstate is now -
2024-08-14 05:27:44  esr1a.rk09.p01.ny5 pstate is now 12/12
2024-08-14 05:27:44  esr1a.rk13.p01.ny5 pstate is now 12/12
2024-08-14 05:27:44  esr1a.rk09.p01.ny5 SC pstate is now -
2024-08-14 05:27:44  esr1a.rk13.p01.ny5 SC pstate is now -
2024-08-14 05:27:44  esr1b.rk14.p01.ny5 pstate is now 12/12
2024-08-14 05:27:44  esr1b.rk14.p01.ny5 SC pstate is now 14/23
2024-08-14 05:27:44  esr1b.rk01.p01.ny5 pstate is now 12/12
2024-08-14 05:27:44  esr1b.rk01.p01.ny5 SC pstate is now -
2024-08-14 05:27:44  esr1a.rk02.p01.ny5 pstate is now 12/12
2024-08-14 05:27:44  esr1a.rk02.p01.ny5 SC pstate is now -
2024-08-14 05:27:44  esr1a.rk01.p01.ny5 pstate is now 12/12
2024-08-14 05:27:44  esr1a.rk01.p01.ny5 SC pstate is now -
2024-08-14 05:27:44  esr1b.rk02.p01.ny5 pstate is now 12/12
2024-08-14 05:27:44  esr1b.rk02.p01.ny5 SC pstate is now -
2024-08-14 05:27:45  Status Checking Complete
