2024-07-10 07:03:02  Script Start
2024-07-10 07:03:03  {
    "csr1.sv5": {
        "dev_type": "Arista",
        "updown": "Down/Down",
        "peerstate": "INIT",
        "scpeerstate": "INIT",
        "maintmode": "INIT",
        "mlagstate": "INIT",
        "first_ping": 2,
        "version": "INIT",
        "svrPortState": "INIT"
    },
    "csr2.sv5": {
        "dev_type": "Arista",
        "updown": "Down/Down",
        "peerstate": "INIT",
        "scpeerstate": "INIT",
        "maintmode": "INIT",
        "mlagstate": "INIT",
        "first_ping": 2,
        "version": "INIT",
        "svrPortState": "INIT"
    }
}
2024-07-10 07:03:03  Starting Status Checks
2024-07-10 07:03:04  csr2.sv5 Version is now EOS: 4.28.7M
2024-07-10 07:03:05  csr2.sv5 is now Up / Up
2024-07-10 07:03:05  csr1.sv5 Version is now EOS: 4.28.7M
2024-07-10 07:03:05  csr1.sv5 is now Up / Up
2024-07-10 07:03:05  csr2.sv5 is now Disabled
2024-07-10 07:03:06  csr1.sv5 is now Disabled
2024-07-10 07:03:06  csr2.sv5 pstate is now 2/2
2024-07-10 07:03:06  csr2.sv5 SC pstate is now -
2024-07-10 07:03:07  csr1.sv5 pstate is now 2/2
2024-07-10 07:03:07  csr1.sv5 SC pstate is now -
2024-07-10 07:03:30  csr1.sv5 Version is now EOS: 4.28.7M
2024-07-10 07:03:30  csr2.sv5 Version is now EOS: 4.28.7M
2024-07-10 07:03:30  csr1.sv5 is now Up / Up
2024-07-10 07:03:30  csr2.sv5 is now Up / Up
2024-07-10 07:03:31  csr1.sv5 is now Disabled
2024-07-10 07:03:33  csr2.sv5 is now Disabled
2024-07-10 07:03:33  csr1.sv5 pstate is now 2/2
2024-07-10 07:03:33  csr1.sv5 SC pstate is now -
2024-07-10 07:03:34  csr2.sv5 pstate is now 2/2
2024-07-10 07:03:34  csr2.sv5 SC pstate is now -
2024-07-10 07:03:57  csr1.sv5 Version is now EOS: 4.28.7M
2024-07-10 07:03:57  csr2.sv5 Version is now EOS: 4.28.7M
2024-07-10 07:03:57  csr1.sv5 is now Up / Up
2024-07-10 07:03:57  csr2.sv5 is now Up / Up
2024-07-10 07:03:58  csr1.sv5 is now Disabled
2024-07-10 07:03:58  csr2.sv5 is now Disabled
2024-07-10 07:03:59  csr1.sv5 pstate is now 2/2
2024-07-10 07:03:59  csr1.sv5 SC pstate is now -
2024-07-10 07:03:59  csr2.sv5 pstate is now 2/2
2024-07-10 07:03:59  csr2.sv5 SC pstate is now -
2024-07-10 07:04:27  csr2.sv5 Version is now EOS: 4.28.7M
2024-07-10 07:04:27  csr1.sv5 Version is now EOS: 4.28.7M
2024-07-10 07:04:27  csr2.sv5 is now Up / Up
2024-07-10 07:04:27  csr1.sv5 is now Up / Up
2024-07-10 07:04:27  csr2.sv5 is now Disabled
2024-07-10 07:04:28  csr2.sv5 pstate is now 2/2
2024-07-10 07:04:28  csr2.sv5 SC pstate is now -
2024-07-10 07:04:28  csr1.sv5 is now Disabled
2024-07-10 07:04:29  csr1.sv5 pstate is now 2/2
2024-07-10 07:04:29  csr1.sv5 SC pstate is now -
2024-07-10 07:04:53  csr1.sv5 Version is now EOS: 4.28.7M
2024-07-10 07:04:53  csr1.sv5 is now Up / Up
2024-07-10 07:04:54  csr1.sv5 is now Disabled
2024-07-10 07:04:54  csr2.sv5 Version is now EOS: 4.28.7M
2024-07-10 07:04:54  csr2.sv5 is now Up / Up
2024-07-10 07:04:54  csr1.sv5 pstate is now 2/2
2024-07-10 07:04:54  csr1.sv5 SC pstate is now -
2024-07-10 07:04:55  csr2.sv5 is now Disabled
2024-07-10 07:04:56  csr2.sv5 pstate is now 2/2
2024-07-10 07:04:56  csr2.sv5 SC pstate is now -
2024-07-10 07:05:28  csr1.sv5 Version is now EOS: 4.28.7M
2024-07-10 07:05:28  csr1.sv5 is now Up / Up
2024-07-10 07:05:30  csr1.sv5 is now Disabled
2024-07-10 07:05:48  csr2.sv5 Version is now EOS: 4.28.7M
2024-07-10 07:05:49  csr2.sv5 is now Up / Up
2024-07-10 07:05:49  csr2.sv5 is now Disabled
2024-07-10 07:05:50  csr2.sv5 pstate is now 2/2
2024-07-10 07:05:50  csr2.sv5 SC pstate is now -
2024-07-10 07:09:18  Status Checking Complete
