2024-07-31 05:18:49  Script Start
2024-07-31 05:18:59  {
    "dsr1.rk01.p02.da11": {
        "dev_type": "Arista",
        "updown": "Down/Down",
        "peerstate": "INIT",
        "scpeerstate": "INIT",
        "maintmode": "INIT",
        "mlagstate": "INIT",
        "first_ping": 2,
        "version": "INIT",
        "svrPortState": "INIT"
    },
    "dsr2.rk02.p02.da11": {
        "dev_type": "Arista",
        "updown": "Down/Down",
        "peerstate": "INIT",
        "scpeerstate": "INIT",
        "maintmode": "INIT",
        "mlagstate": "INIT",
        "first_ping": 2,
        "version": "INIT",
        "svrPortState": "INIT"
    },
    "dsr3.rk03.p02.da11": {
        "dev_type": "Arista",
        "updown": "Down/Down",
        "peerstate": "INIT",
        "scpeerstate": "INIT",
        "maintmode": "INIT",
        "mlagstate": "INIT",
        "first_ping": 2,
        "version": "INIT",
        "svrPortState": "INIT"
    },
    "dsr4.rk04.p02.da11": {
        "dev_type": "Arista",
        "updown": "Down/Down",
        "peerstate": "INIT",
        "scpeerstate": "INIT",
        "maintmode": "INIT",
        "mlagstate": "INIT",
        "first_ping": 2,
        "version": "INIT",
        "svrPortState": "INIT"
    },
    "esr1a.rk05.p02.da11": {
        "dev_type": "Arista",
        "updown": "Down/Down",
        "peerstate": "INIT",
        "scpeerstate": "INIT",
        "maintmode": "INIT",
        "mlagstate": "INIT",
        "first_ping": 2,
        "version": "INIT",
        "svrPortState": "INIT"
    },
    "esr1a.rk06.p02.da11": {
        "dev_type": "Arista",
        "updown": "Down/Down",
        "peerstate": "INIT",
        "scpeerstate": "INIT",
        "maintmode": "INIT",
        "mlagstate": "INIT",
        "first_ping": 2,
        "version": "INIT",
        "svrPortState": "INIT"
    },
    "esr1a.rk07.p02.da11": {
        "dev_type": "Arista",
        "updown": "Down/Down",
        "peerstate": "INIT",
        "scpeerstate": "INIT",
        "maintmode": "INIT",
        "mlagstate": "INIT",
        "first_ping": 2,
        "version": "INIT",
        "svrPortState": "INIT"
    },
    "esr1a.rk08.p02.da11": {
        "dev_type": "Arista",
        "updown": "Down/Down",
        "peerstate": "INIT",
        "scpeerstate": "INIT",
        "maintmode": "INIT",
        "mlagstate": "INIT",
        "first_ping": 2,
        "version": "INIT",
        "svrPortState": "INIT"
    },
    "esr1a.rk09.p02.da11": {
        "dev_type": "Arista",
        "updown": "Down/Down",
        "peerstate": "INIT",
        "scpeerstate": "INIT",
        "maintmode": "INIT",
        "mlagstate": "INIT",
        "first_ping": 2,
        "version": "INIT",
        "svrPortState": "INIT"
    },
    "esr1a.rk10.p02.da11": {
        "dev_type": "Arista",
        "updown": "Down/Down",
        "peerstate": "INIT",
        "scpeerstate": "INIT",
        "maintmode": "INIT",
        "mlagstate": "INIT",
        "first_ping": 2,
        "version": "INIT",
        "svrPortState": "INIT"
    },
    "esr1a.rk11.p02.da11": {
        "dev_type": "Arista",
        "updown": "Down/Down",
        "peerstate": "INIT",
        "scpeerstate": "INIT",
        "maintmode": "INIT",
        "mlagstate": "INIT",
        "first_ping": 2,
        "version": "INIT",
        "svrPortState": "INIT"
    },
    "esr1a.rk12.p02.da11": {
        "dev_type": "Arista",
        "updown": "Down/Down",
        "peerstate": "INIT",
        "scpeerstate": "INIT",
        "maintmode": "INIT",
        "mlagstate": "INIT",
        "first_ping": 2,
        "version": "INIT",
        "svrPortState": "INIT"
    },
    "esr1a.rk13.p02.da11": {
        "dev_type": "Arista",
        "updown": "Down/Down",
        "peerstate": "INIT",
        "scpeerstate": "INIT",
        "maintmode": "INIT",
        "mlagstate": "INIT",
        "first_ping": 2,
        "version": "INIT",
        "svrPortState": "INIT"
    },
    "esr1a.rk14.p02.da11": {
        "dev_type": "Arista",
        "updown": "Down/Down",
        "peerstate": "INIT",
        "scpeerstate": "INIT",
        "maintmode": "INIT",
        "mlagstate": "INIT",
        "first_ping": 2,
        "version": "INIT",
        "svrPortState": "INIT"
    },
    "esr1a.rk15.p02.da11": {
        "dev_type": "Arista",
        "updown": "Down/Down",
        "peerstate": "INIT",
        "scpeerstate": "INIT",
        "maintmode": "INIT",
        "mlagstate": "INIT",
        "first_ping": 2,
        "version": "INIT",
        "svrPortState": "INIT"
    },
    "esr1a.rk16.p02.da11": {
        "dev_type": "Arista",
        "updown": "Down/Down",
        "peerstate": "INIT",
        "scpeerstate": "INIT",
        "maintmode": "INIT",
        "mlagstate": "INIT",
        "first_ping": 2,
        "version": "INIT",
        "svrPortState": "INIT"
    },
    "esr1a.rk17.p02.da11": {
        "dev_type": "Arista",
        "updown": "Down/Down",
        "peerstate": "INIT",
        "scpeerstate": "INIT",
        "maintmode": "INIT",
        "mlagstate": "INIT",
        "first_ping": 2,
        "version": "INIT",
        "svrPortState": "INIT"
    },
    "esr1a.rk18.p02.da11": {
        "dev_type": "Arista",
        "updown": "Down/Down",
        "peerstate": "INIT",
        "scpeerstate": "INIT",
        "maintmode": "INIT",
        "mlagstate": "INIT",
        "first_ping": 2,
        "version": "INIT",
        "svrPortState": "INIT"
    },
    "esr1a.rk19.p02.da11": {
        "dev_type": "Arista",
        "updown": "Down/Down",
        "peerstate": "INIT",
        "scpeerstate": "INIT",
        "maintmode": "INIT",
        "mlagstate": "INIT",
        "first_ping": 2,
        "version": "INIT",
        "svrPortState": "INIT"
    },
    "esr1a.rk20.p02.da11": {
        "dev_type": "Arista",
        "updown": "Down/Down",
        "peerstate": "INIT",
        "scpeerstate": "INIT",
        "maintmode": "INIT",
        "mlagstate": "INIT",
        "first_ping": 2,
        "version": "INIT",
        "svrPortState": "INIT"
    },
    "esr1a.rk21.p02.da11": {
        "dev_type": "Arista",
        "updown": "Down/Down",
        "peerstate": "INIT",
        "scpeerstate": "INIT",
        "maintmode": "INIT",
        "mlagstate": "INIT",
        "first_ping": 2,
        "version": "INIT",
        "svrPortState": "INIT"
    },
    "esr1a.rk22.p02.da11": {
        "dev_type": "Arista",
        "updown": "Down/Down",
        "peerstate": "INIT",
        "scpeerstate": "INIT",
        "maintmode": "INIT",
        "mlagstate": "INIT",
        "first_ping": 2,
        "version": "INIT",
        "svrPortState": "INIT"
    },
    "esr1a.rk23.p02.da11": {
        "dev_type": "Arista",
        "updown": "Down/Down",
        "peerstate": "INIT",
        "scpeerstate": "INIT",
        "maintmode": "INIT",
        "mlagstate": "INIT",
        "first_ping": 2,
        "version": "INIT",
        "svrPortState": "INIT"
    },
    "esr1a.rk24.p02.da11": {
        "dev_type": "Arista",
        "updown": "Down/Down",
        "peerstate": "INIT",
        "scpeerstate": "INIT",
        "maintmode": "INIT",
        "mlagstate": "INIT",
        "first_ping": 2,
        "version": "INIT",
        "svrPortState": "INIT"
    },
    "esr1a.rk25.p02.da11": {
        "dev_type": "Arista",
        "updown": "Down/Down",
        "peerstate": "INIT",
        "scpeerstate": "INIT",
        "maintmode": "INIT",
        "mlagstate": "INIT",
        "first_ping": 2,
        "version": "INIT",
        "svrPortState": "INIT"
    },
    "esr1a.rk26.p02.da11": {
        "dev_type": "Arista",
        "updown": "Down/Down",
        "peerstate": "INIT",
        "scpeerstate": "INIT",
        "maintmode": "INIT",
        "mlagstate": "INIT",
        "first_ping": 2,
        "version": "INIT",
        "svrPortState": "INIT"
    },
    "esr1a.rk35.p02.da11": {
        "dev_type": "Arista",
        "updown": "Down/Down",
        "peerstate": "INIT",
        "scpeerstate": "INIT",
        "maintmode": "INIT",
        "mlagstate": "INIT",
        "first_ping": 2,
        "version": "INIT",
        "svrPortState": "INIT"
    },
    "esr1a.rk36.p02.da11": {
        "dev_type": "Arista",
        "updown": "Down/Down",
        "peerstate": "INIT",
        "scpeerstate": "INIT",
        "maintmode": "INIT",
        "mlagstate": "INIT",
        "first_ping": 2,
        "version": "INIT",
        "svrPortState": "INIT"
    },
    "esr1a.rk37.p02.da11": {
        "dev_type": "Arista",
        "updown": "Down/Down",
        "peerstate": "INIT",
        "scpeerstate": "INIT",
        "maintmode": "INIT",
        "mlagstate": "INIT",
        "first_ping": 2,
        "version": "INIT",
        "svrPortState": "INIT"
    },
    "esr1b.rk05.p02.da11": {
        "dev_type": "Arista",
        "updown": "Down/Down",
        "peerstate": "INIT",
        "scpeerstate": "INIT",
        "maintmode": "INIT",
        "mlagstate": "INIT",
        "first_ping": 2,
        "version": "INIT",
        "svrPortState": "INIT"
    },
    "esr1b.rk06.p02.da11": {
        "dev_type": "Arista",
        "updown": "Down/Down",
        "peerstate": "INIT",
        "scpeerstate": "INIT",
        "maintmode": "INIT",
        "mlagstate": "INIT",
        "first_ping": 2,
        "version": "INIT",
        "svrPortState": "INIT"
    },
    "esr1b.rk07.p02.da11": {
        "dev_type": "Arista",
        "updown": "Down/Down",
        "peerstate": "INIT",
        "scpeerstate": "INIT",
        "maintmode": "INIT",
        "mlagstate": "INIT",
        "first_ping": 2,
        "version": "INIT",
        "svrPortState": "INIT"
    },
    "esr1b.rk08.p02.da11": {
        "dev_type": "Arista",
        "updown": "Down/Down",
        "peerstate": "INIT",
        "scpeerstate": "INIT",
        "maintmode": "INIT",
        "mlagstate": "INIT",
        "first_ping": 2,
        "version": "INIT",
        "svrPortState": "INIT"
    },
    "esr1b.rk09.p02.da11": {
        "dev_type": "Arista",
        "updown": "Down/Down",
        "peerstate": "INIT",
        "scpeerstate": "INIT",
        "maintmode": "INIT",
        "mlagstate": "INIT",
        "first_ping": 2,
        "version": "INIT",
        "svrPortState": "INIT"
    },
    "esr1b.rk10.p02.da11": {
        "dev_type": "Arista",
        "updown": "Down/Down",
        "peerstate": "INIT",
        "scpeerstate": "INIT",
        "maintmode": "INIT",
        "mlagstate": "INIT",
        "first_ping": 2,
        "version": "INIT",
        "svrPortState": "INIT"
    },
    "esr1b.rk11.p02.da11": {
        "dev_type": "Arista",
        "updown": "Down/Down",
        "peerstate": "INIT",
        "scpeerstate": "INIT",
        "maintmode": "INIT",
        "mlagstate": "INIT",
        "first_ping": 2,
        "version": "INIT",
        "svrPortState": "INIT"
    },
    "esr1b.rk12.p02.da11": {
        "dev_type": "Arista",
        "updown": "Down/Down",
        "peerstate": "INIT",
        "scpeerstate": "INIT",
        "maintmode": "INIT",
        "mlagstate": "INIT",
        "first_ping": 2,
        "version": "INIT",
        "svrPortState": "INIT"
    },
    "esr1b.rk13.p02.da11": {
        "dev_type": "Arista",
        "updown": "Down/Down",
        "peerstate": "INIT",
        "scpeerstate": "INIT",
        "maintmode": "INIT",
        "mlagstate": "INIT",
        "first_ping": 2,
        "version": "INIT",
        "svrPortState": "INIT"
    },
    "esr1b.rk14.p02.da11": {
        "dev_type": "Arista",
        "updown": "Down/Down",
        "peerstate": "INIT",
        "scpeerstate": "INIT",
        "maintmode": "INIT",
        "mlagstate": "INIT",
        "first_ping": 2,
        "version": "INIT",
        "svrPortState": "INIT"
    },
    "esr1b.rk15.p02.da11": {
        "dev_type": "Arista",
        "updown": "Down/Down",
        "peerstate": "INIT",
        "scpeerstate": "INIT",
        "maintmode": "INIT",
        "mlagstate": "INIT",
        "first_ping": 2,
        "version": "INIT",
        "svrPortState": "INIT"
    },
    "esr1b.rk16.p02.da11": {
        "dev_type": "Arista",
        "updown": "Down/Down",
        "peerstate": "INIT",
        "scpeerstate": "INIT",
        "maintmode": "INIT",
        "mlagstate": "INIT",
        "first_ping": 2,
        "version": "INIT",
        "svrPortState": "INIT"
    },
    "esr1b.rk17.p02.da11": {
        "dev_type": "Arista",
        "updown": "Down/Down",
        "peerstate": "INIT",
        "scpeerstate": "INIT",
        "maintmode": "INIT",
        "mlagstate": "INIT",
        "first_ping": 2,
        "version": "INIT",
        "svrPortState": "INIT"
    },
    "esr1b.rk18.p02.da11": {
        "dev_type": "Arista",
        "updown": "Down/Down",
        "peerstate": "INIT",
        "scpeerstate": "INIT",
        "maintmode": "INIT",
        "mlagstate": "INIT",
        "first_ping": 2,
        "version": "INIT",
        "svrPortState": "INIT"
    },
    "esr1b.rk19.p02.da11": {
        "dev_type": "Arista",
        "updown": "Down/Down",
        "peerstate": "INIT",
        "scpeerstate": "INIT",
        "maintmode": "INIT",
        "mlagstate": "INIT",
        "first_ping": 2,
        "version": "INIT",
        "svrPortState": "INIT"
    },
    "esr1b.rk20.p02.da11": {
        "dev_type": "Arista",
        "updown": "Down/Down",
        "peerstate": "INIT",
        "scpeerstate": "INIT",
        "maintmode": "INIT",
        "mlagstate": "INIT",
        "first_ping": 2,
        "version": "INIT",
        "svrPortState": "INIT"
    },
    "esr1b.rk21.p02.da11": {
        "dev_type": "Arista",
        "updown": "Down/Down",
        "peerstate": "INIT",
        "scpeerstate": "INIT",
        "maintmode": "INIT",
        "mlagstate": "INIT",
        "first_ping": 2,
        "version": "INIT",
        "svrPortState": "INIT"
    },
    "esr1b.rk22.p02.da11": {
        "dev_type": "Arista",
        "updown": "Down/Down",
        "peerstate": "INIT",
        "scpeerstate": "INIT",
        "maintmode": "INIT",
        "mlagstate": "INIT",
        "first_ping": 2,
        "version": "INIT",
        "svrPortState": "INIT"
    },
    "esr1b.rk23.p02.da11": {
        "dev_type": "Arista",
        "updown": "Down/Down",
        "peerstate": "INIT",
        "scpeerstate": "INIT",
        "maintmode": "INIT",
        "mlagstate": "INIT",
        "first_ping": 2,
        "version": "INIT",
        "svrPortState": "INIT"
    },
    "esr1b.rk24.p02.da11": {
        "dev_type": "Arista",
        "updown": "Down/Down",
        "peerstate": "INIT",
        "scpeerstate": "INIT",
        "maintmode": "INIT",
        "mlagstate": "INIT",
        "first_ping": 2,
        "version": "INIT",
        "svrPortState": "INIT"
    },
    "esr1b.rk25.p02.da11": {
        "dev_type": "Arista",
        "updown": "Down/Down",
        "peerstate": "INIT",
        "scpeerstate": "INIT",
        "maintmode": "INIT",
        "mlagstate": "INIT",
        "first_ping": 2,
        "version": "INIT",
        "svrPortState": "INIT"
    },
    "esr1b.rk26.p02.da11": {
        "dev_type": "Arista",
        "updown": "Down/Down",
        "peerstate": "INIT",
        "scpeerstate": "INIT",
        "maintmode": "INIT",
        "mlagstate": "INIT",
        "first_ping": 2,
        "version": "INIT",
        "svrPortState": "INIT"
    },
    "esr1b.rk35.p02.da11": {
        "dev_type": "Arista",
        "updown": "Down/Down",
        "peerstate": "INIT",
        "scpeerstate": "INIT",
        "maintmode": "INIT",
        "mlagstate": "INIT",
        "first_ping": 2,
        "version": "INIT",
        "svrPortState": "INIT"
    },
    "esr1b.rk36.p02.da11": {
        "dev_type": "Arista",
        "updown": "Down/Down",
        "peerstate": "INIT",
        "scpeerstate": "INIT",
        "maintmode": "INIT",
        "mlagstate": "INIT",
        "first_ping": 2,
        "version": "INIT",
        "svrPortState": "INIT"
    },
    "esr1b.rk37.p02.da11": {
        "dev_type": "Arista",
        "updown": "Down/Down",
        "peerstate": "INIT",
        "scpeerstate": "INIT",
        "maintmode": "INIT",
        "mlagstate": "INIT",
        "first_ping": 2,
        "version": "INIT",
        "svrPortState": "INIT"
    },
    "esr2a.rk37.p02.da11": {
        "dev_type": "Arista",
        "updown": "Down/Down",
        "peerstate": "INIT",
        "scpeerstate": "INIT",
        "maintmode": "INIT",
        "mlagstate": "INIT",
        "first_ping": 2,
        "version": "INIT",
        "svrPortState": "INIT"
    },
    "esr2b.rk37.p02.da11": {
        "dev_type": "Arista",
        "updown": "Down/Down",
        "peerstate": "INIT",
        "scpeerstate": "INIT",
        "maintmode": "INIT",
        "mlagstate": "INIT",
        "first_ping": 2,
        "version": "INIT",
        "svrPortState": "INIT"
    },
    "msw1.rk05.p02.da11": {
        "dev_type": "Arista",
        "updown": "Down",
        "peerstate": "INIT",
        "scpeerstate": "INIT",
        "maintmode": "",
        "mlagstate": "",
        "first_ping": 2,
        "version": "INIT",
        "svrPortState": "INIT"
    },
    "msw1.rk06.p02.da11": {
        "dev_type": "Arista",
        "updown": "Down",
        "peerstate": "INIT",
        "scpeerstate": "INIT",
        "maintmode": "",
        "mlagstate": "",
        "first_ping": 2,
        "version": "INIT",
        "svrPortState": "INIT"
    },
    "msw1.rk07.p02.da11": {
        "dev_type": "Arista",
        "updown": "Down",
        "peerstate": "INIT",
        "scpeerstate": "INIT",
        "maintmode": "",
        "mlagstate": "",
        "first_ping": 2,
        "version": "INIT",
        "svrPortState": "INIT"
    },
    "msw1.rk08.p02.da11": {
        "dev_type": "Arista",
        "updown": "Down",
        "peerstate": "INIT",
        "scpeerstate": "INIT",
        "maintmode": "",
        "mlagstate": "",
        "first_ping": 2,
        "version": "INIT",
        "svrPortState": "INIT"
    },
    "msw1.rk09.p02.da11": {
        "dev_type": "Arista",
        "updown": "Down",
        "peerstate": "INIT",
        "scpeerstate": "INIT",
        "maintmode": "",
        "mlagstate": "",
        "first_ping": 2,
        "version": "INIT",
        "svrPortState": "INIT"
    },
    "msw1.rk10.p02.da11": {
        "dev_type": "Arista",
        "updown": "Down",
        "peerstate": "INIT",
        "scpeerstate": "INIT",
        "maintmode": "",
        "mlagstate": "",
        "first_ping": 2,
        "version": "INIT",
        "svrPortState": "INIT"
    },
    "msw1.rk11.p02.da11": {
        "dev_type": "Arista",
        "updown": "Down",
        "peerstate": "INIT",
        "scpeerstate": "INIT",
        "maintmode": "",
        "mlagstate": "",
        "first_ping": 2,
        "version": "INIT",
        "svrPortState": "INIT"
    },
    "msw1.rk12.p02.da11": {
        "dev_type": "Arista",
        "updown": "Down",
        "peerstate": "INIT",
        "scpeerstate": "INIT",
        "maintmode": "",
        "mlagstate": "",
        "first_ping": 2,
        "version": "INIT",
        "svrPortState": "INIT"
    },
    "msw1.rk13.p02.da11": {
        "dev_type": "Arista",
        "updown": "Down",
        "peerstate": "INIT",
        "scpeerstate": "INIT",
        "maintmode": "",
        "mlagstate": "",
        "first_ping": 2,
        "version": "INIT",
        "svrPortState": "INIT"
    },
    "msw1.rk14.p02.da11": {
        "dev_type": "Arista",
        "updown": "Down",
        "peerstate": "INIT",
        "scpeerstate": "INIT",
        "maintmode": "",
        "mlagstate": "",
        "first_ping": 2,
        "version": "INIT",
        "svrPortState": "INIT"
    },
    "msw1.rk15.p02.da11": {
        "dev_type": "Arista",
        "updown": "Down",
        "peerstate": "INIT",
        "scpeerstate": "INIT",
        "maintmode": "",
        "mlagstate": "",
        "first_ping": 2,
        "version": "INIT",
        "svrPortState": "INIT"
    },
    "msw1.rk16.p02.da11": {
        "dev_type": "Arista",
        "updown": "Down",
        "peerstate": "INIT",
        "scpeerstate": "INIT",
        "maintmode": "",
        "mlagstate": "",
        "first_ping": 2,
        "version": "INIT",
        "svrPortState": "INIT"
    },
    "msw1.rk17.p02.da11": {
        "dev_type": "Arista",
        "updown": "Down",
        "peerstate": "INIT",
        "scpeerstate": "INIT",
        "maintmode": "",
        "mlagstate": "",
        "first_ping": 2,
        "version": "INIT",
        "svrPortState": "INIT"
    },
    "msw1.rk18.p02.da11": {
        "dev_type": "Arista",
        "updown": "Down",
        "peerstate": "INIT",
        "scpeerstate": "INIT",
        "maintmode": "",
        "mlagstate": "",
        "first_ping": 2,
        "version": "INIT",
        "svrPortState": "INIT"
    },
    "msw1.rk19.p02.da11": {
        "dev_type": "Arista",
        "updown": "Down",
        "peerstate": "INIT",
        "scpeerstate": "INIT",
        "maintmode": "",
        "mlagstate": "",
        "first_ping": 2,
        "version": "INIT",
        "svrPortState": "INIT"
    },
    "msw1.rk20.p02.da11": {
        "dev_type": "Arista",
        "updown": "Down",
        "peerstate": "INIT",
        "scpeerstate": "INIT",
        "maintmode": "",
        "mlagstate": "",
        "first_ping": 2,
        "version": "INIT",
        "svrPortState": "INIT"
    },
    "msw1.rk21.p02.da11": {
        "dev_type": "Arista",
        "updown": "Down",
        "peerstate": "INIT",
        "scpeerstate": "INIT",
        "maintmode": "",
        "mlagstate": "",
        "first_ping": 2,
        "version": "INIT",
        "svrPortState": "INIT"
    },
    "msw1.rk22.p02.da11": {
        "dev_type": "Arista",
        "updown": "Down",
        "peerstate": "INIT",
        "scpeerstate": "INIT",
        "maintmode": "",
        "mlagstate": "",
        "first_ping": 2,
        "version": "INIT",
        "svrPortState": "INIT"
    },
    "msw1.rk23.p02.da11": {
        "dev_type": "Arista",
        "updown": "Down",
        "peerstate": "INIT",
        "scpeerstate": "INIT",
        "maintmode": "",
        "mlagstate": "",
        "first_ping": 2,
        "version": "INIT",
        "svrPortState": "INIT"
    },
    "msw1.rk24.p02.da11": {
        "dev_type": "Arista",
        "updown": "Down",
        "peerstate": "INIT",
        "scpeerstate": "INIT",
        "maintmode": "",
        "mlagstate": "",
        "first_ping": 2,
        "version": "INIT",
        "svrPortState": "INIT"
    },
    "msw1.rk25.p02.da11": {
        "dev_type": "Arista",
        "updown": "Down",
        "peerstate": "INIT",
        "scpeerstate": "INIT",
        "maintmode": "",
        "mlagstate": "",
        "first_ping": 2,
        "version": "INIT",
        "svrPortState": "INIT"
    },
    "msw1.rk26.p02.da11": {
        "dev_type": "Arista",
        "updown": "Down",
        "peerstate": "INIT",
        "scpeerstate": "INIT",
        "maintmode": "",
        "mlagstate": "",
        "first_ping": 2,
        "version": "INIT",
        "svrPortState": "INIT"
    },
    "msw1.rk35.p02.da11": {
        "dev_type": "Arista",
        "updown": "Down",
        "peerstate": "INIT",
        "scpeerstate": "INIT",
        "maintmode": "",
        "mlagstate": "",
        "first_ping": 2,
        "version": "INIT",
        "svrPortState": "INIT"
    },
    "msw1.rk36.p02.da11": {
        "dev_type": "Arista",
        "updown": "Down",
        "peerstate": "INIT",
        "scpeerstate": "INIT",
        "maintmode": "",
        "mlagstate": "",
        "first_ping": 2,
        "version": "INIT",
        "svrPortState": "INIT"
    },
    "msw1.rk37.p02.da11": {
        "dev_type": "Arista",
        "updown": "Down",
        "peerstate": "INIT",
        "scpeerstate": "INIT",
        "maintmode": "",
        "mlagstate": "",
        "first_ping": 2,
        "version": "INIT",
        "svrPortState": "INIT"
    },
    "ssp1.da11": {
        "dev_type": "Arista",
        "updown": "Down/Down",
        "peerstate": "INIT",
        "scpeerstate": "INIT",
        "maintmode": "INIT",
        "mlagstate": "INIT",
        "first_ping": 2,
        "version": "INIT",
        "svrPortState": "INIT"
    },
    "ssp2.da11": {
        "dev_type": "Arista",
        "updown": "Down/Down",
        "peerstate": "INIT",
        "scpeerstate": "INIT",
        "maintmode": "INIT",
        "mlagstate": "INIT",
        "first_ping": 2,
        "version": "INIT",
        "svrPortState": "INIT"
    },
    "ssp3.da11": {
        "dev_type": "Arista",
        "updown": "Down/Down",
        "peerstate": "INIT",
        "scpeerstate": "INIT",
        "maintmode": "INIT",
        "mlagstate": "INIT",
        "first_ping": 2,
        "version": "INIT",
        "svrPortState": "INIT"
    },
    "ssp4.da11": {
        "dev_type": "Arista",
        "updown": "Down/Down",
        "peerstate": "INIT",
        "scpeerstate": "INIT",
        "maintmode": "INIT",
        "mlagstate": "INIT",
        "first_ping": 2,
        "version": "INIT",
        "svrPortState": "INIT"
    }
}
2024-07-31 05:18:59  Starting Status Checks
2024-07-31 05:19:01  esr1a.rk18.p02.da11 Version is now EOS: 4.28.7M
2024-07-31 05:19:01  esr1b.rk12.p02.da11 Version is now EOS: 4.28.7M
2024-07-31 05:19:01  esr1a.rk14.p02.da11 Version is now EOS: 4.28.7M
2024-07-31 05:19:01  esr1b.rk13.p02.da11 Version is now EOS: 4.28.7M
2024-07-31 05:19:01  esr1b.rk16.p02.da11 Version is now EOS: 4.28.7M
2024-07-31 05:19:01  esr1a.rk09.p02.da11 Version is now EOS: 4.28.7M
2024-07-31 05:19:01  esr1a.rk17.p02.da11 Version is now EOS: 4.28.7M
2024-07-31 05:19:01  esr1b.rk17.p02.da11 Version is now EOS: 4.28.7M
2024-07-31 05:19:01  esr1a.rk37.p02.da11 Version is now EOS: 4.30.5M
2024-07-31 05:19:01  esr1b.rk37.p02.da11 Version is now EOS: 4.30.5M
2024-07-31 05:19:01  esr1b.rk09.p02.da11 Version is now EOS: 4.28.7M
2024-07-31 05:19:01  esr1a.rk10.p02.da11 Version is now EOS: 4.28.7M
2024-07-31 05:19:01  esr1a.rk12.p02.da11 Version is now EOS: 4.28.7M
2024-07-31 05:19:01  esr1b.rk11.p02.da11 Version is now EOS: 4.28.7M
2024-07-31 05:19:01  esr1a.rk05.p02.da11 Version is now EOS: 4.28.7M
2024-07-31 05:19:01  esr1b.rk05.p02.da11 Version is now EOS: 4.28.7M
2024-07-31 05:19:01  esr1b.rk14.p02.da11 Version is now EOS: 4.28.7M
2024-07-31 05:19:01  esr1b.rk08.p02.da11 Version is now EOS: 4.28.7M
2024-07-31 05:19:01  esr1a.rk13.p02.da11 Version is now EOS: 4.28.7M
2024-07-31 05:19:01  esr1a.rk15.p02.da11 Version is now EOS: 4.28.7M
2024-07-31 05:19:01  esr1a.rk24.p02.da11 Version is now EOS: 4.28.7M
2024-07-31 05:19:01  esr1b.rk19.p02.da11 Version is now EOS: 4.28.7M
2024-07-31 05:19:01  esr1b.rk24.p02.da11 Version is now EOS: 4.28.7M
2024-07-31 05:19:01  esr1a.rk22.p02.da11 Version is now EOS: 4.28.7M
2024-07-31 05:19:01  esr1b.rk18.p02.da11 Version is now EOS: 4.28.7M
2024-07-31 05:19:01  esr1a.rk11.p02.da11 Version is now EOS: 4.28.7M
2024-07-31 05:19:01  esr1b.rk22.p02.da11 Version is now EOS: 4.28.7M
2024-07-31 05:19:01  esr1a.rk23.p02.da11 Version is now EOS: 4.28.7M
2024-07-31 05:19:01  esr1a.rk07.p02.da11 Version is now EOS: 4.28.7M
2024-07-31 05:19:01  esr1a.rk18.p02.da11 is now Up / Up
2024-07-31 05:19:01  esr1a.rk20.p02.da11 Version is now EOS: 4.28.7M
2024-07-31 05:19:01  esr1b.rk07.p02.da11 Version is now EOS: 4.28.7M
2024-07-31 05:19:01  esr1b.rk23.p02.da11 Version is now EOS: 4.28.7M
2024-07-31 05:19:01  esr1b.rk21.p02.da11 Version is now EOS: 4.28.7M
2024-07-31 05:19:01  esr1b.rk12.p02.da11 is now Up / Up
2024-07-31 05:19:01  esr1b.rk10.p02.da11 Version is now EOS: 4.28.7M
2024-07-31 05:19:01  esr1a.rk19.p02.da11 Version is now EOS: 4.28.7M
2024-07-31 05:19:01  esr1b.rk20.p02.da11 Version is now EOS: 4.28.7M
2024-07-31 05:19:01  esr1a.rk14.p02.da11 is now Up / Up
2024-07-31 05:19:01  esr1b.rk13.p02.da11 is now Up / Up
2024-07-31 05:19:01  esr1a.rk10.p02.da11 is now Up / Up
2024-07-31 05:19:01  esr1a.rk37.p02.da11 is now Up / Up
2024-07-31 05:19:01  esr1a.rk09.p02.da11 is now Up / Up
2024-07-31 05:19:01  esr1a.rk21.p02.da11 Version is now EOS: 4.28.7M
2024-07-31 05:19:01  esr1b.rk15.p02.da11 Version is now EOS: 4.28.7M
2024-07-31 05:19:01  esr1a.rk08.p02.da11 Version is now EOS: 4.28.7M
2024-07-31 05:19:01  esr1a.rk16.p02.da11 Version is now EOS: 4.28.7M
2024-07-31 05:19:01  esr1b.rk06.p02.da11 Version is now EOS: 4.28.7M
2024-07-31 05:19:01  esr1b.rk17.p02.da11 is now Up / Up
2024-07-31 05:19:01  esr1b.rk09.p02.da11 is now Up / Up
2024-07-31 05:19:01  esr1b.rk11.p02.da11 is now Up / Up
2024-07-31 05:19:01  esr1a.rk05.p02.da11 is now Up / Up
2024-07-31 05:19:01  esr1b.rk16.p02.da11 is now Up / Up
2024-07-31 05:19:01  esr1a.rk17.p02.da11 is now Up / Up
2024-07-31 05:19:01  esr1b.rk05.p02.da11 is now Up / Up
2024-07-31 05:19:01  esr1b.rk37.p02.da11 is now Up / Up
2024-07-31 05:19:01  esr1b.rk14.p02.da11 is now Up / Up
2024-07-31 05:19:01  esr1a.rk15.p02.da11 is now Up / Up
2024-07-31 05:19:01  esr1a.rk12.p02.da11 is now Up / Up
2024-07-31 05:19:01  esr1b.rk19.p02.da11 is now Up / Up
2024-07-31 05:19:01  esr1a.rk24.p02.da11 is now Up / Up
2024-07-31 05:19:01  esr1a.rk22.p02.da11 is now Up / Up
2024-07-31 05:19:01  esr1a.rk07.p02.da11 is now Up / Up
2024-07-31 05:19:01  esr1b.rk18.p02.da11 is now Up / Up
2024-07-31 05:19:01  esr1a.rk13.p02.da11 is now Up / Up
2024-07-31 05:19:01  esr1b.rk08.p02.da11 is now Up / Up
2024-07-31 05:19:01  esr1b.rk23.p02.da11 is now Up / Up
2024-07-31 05:19:01  esr1a.rk20.p02.da11 is now Up / Up
2024-07-31 05:19:01  esr1b.rk07.p02.da11 is now Up / Up
2024-07-31 05:19:01  esr1b.rk24.p02.da11 is now Up / Up
2024-07-31 05:19:01  esr1a.rk23.p02.da11 is now Up / Up
2024-07-31 05:19:01  esr1a.rk11.p02.da11 is now Up / Up
2024-07-31 05:19:01  esr1b.rk21.p02.da11 is now Up / Up
2024-07-31 05:19:01  esr1b.rk22.p02.da11 is now Up / Up
2024-07-31 05:19:01  esr1a.rk08.p02.da11 is now Up / Up
2024-07-31 05:19:01  esr1b.rk20.p02.da11 is now Up / Up
2024-07-31 05:19:01  esr1a.rk16.p02.da11 is now Up / Up
2024-07-31 05:19:01  esr1a.rk19.p02.da11 is now Up / Up
2024-07-31 05:19:01  esr1b.rk10.p02.da11 is now Up / Up
2024-07-31 05:19:01  esr1b.rk15.p02.da11 is now Up / Up
2024-07-31 05:19:01  esr1a.rk21.p02.da11 is now Up / Up
2024-07-31 05:19:01  esr1b.rk06.p02.da11 is now Up / Up
2024-07-31 05:19:01  msw1.rk13.p02.da11 Version is now EOS: 4.28.7M
2024-07-31 05:19:01  msw1.rk17.p02.da11 Version is now EOS: 4.28.7M
2024-07-31 05:19:01  msw1.rk06.p02.da11 Version is now EOS: 4.28.7M
2024-07-31 05:19:01  msw1.rk14.p02.da11 Version is now EOS: 4.28.7M
2024-07-31 05:19:01  msw1.rk09.p02.da11 Version is now EOS: 4.28.7M
2024-07-31 05:19:01  msw1.rk37.p02.da11 Version is now EOS: 4.30.5M
2024-07-31 05:19:01  msw1.rk05.p02.da11 Version is now EOS: 4.28.7M
2024-07-31 05:19:01  msw1.rk22.p02.da11 Version is now EOS: 4.28.7M
2024-07-31 05:19:01  msw1.rk23.p02.da11 Version is now EOS: 4.28.7M
2024-07-31 05:19:01  esr1a.rk25.p02.da11 Version is now EOS: 4.28.7M
2024-07-31 05:19:01  msw1.rk24.p02.da11 Version is now EOS: 4.28.7M
2024-07-31 05:19:01  msw1.rk21.p02.da11 Version is now EOS: 4.28.7M
2024-07-31 05:19:01  ssp1.da11 Version is now EOS: 4.28.7M
2024-07-31 05:19:01  msw1.rk10.p02.da11 Version is now EOS: 4.28.7M
2024-07-31 05:19:01  msw1.rk20.p02.da11 Version is now EOS: 4.28.7M
2024-07-31 05:19:01  msw1.rk08.p02.da11 Version is now EOS: 4.28.7M
2024-07-31 05:19:01  msw1.rk35.p02.da11 Version is now EOS: 4.28.7M
2024-07-31 05:19:01  msw1.rk25.p02.da11 Version is now EOS: 4.28.7M
2024-07-31 05:19:01  ssp4.da11 Version is now EOS: 4.28.7M
2024-07-31 05:19:01  esr1a.rk35.p02.da11 Version is now EOS: 4.28.7M
2024-07-31 05:19:01  msw1.rk26.p02.da11 Version is now EOS: 4.28.7M
2024-07-31 05:19:01  msw1.rk07.p02.da11 Version is now EOS: 4.28.7M
2024-07-31 05:19:01  esr2a.rk37.p02.da11 Version is now EOS: 4.30.5M
2024-07-31 05:19:01  ssp2.da11 Version is now EOS: 4.28.7M
2024-07-31 05:19:01  esr1b.rk35.p02.da11 Version is now EOS: 4.28.7M
2024-07-31 05:19:01  ssp3.da11 Version is now EOS: 4.28.7M
2024-07-31 05:19:01  msw1.rk15.p02.da11 Version is now EOS: 4.28.7M
2024-07-31 05:19:01  msw1.rk19.p02.da11 Version is now EOS: 4.28.7M
2024-07-31 05:19:01  msw1.rk18.p02.da11 Version is now EOS: 4.28.7M
2024-07-31 05:19:01  msw1.rk16.p02.da11 Version is now EOS: 4.28.7M
2024-07-31 05:19:01  esr2b.rk37.p02.da11 Version is now EOS: 4.30.5M
2024-07-31 05:19:01  msw1.rk36.p02.da11 Version is now EOS: 4.28.7M
2024-07-31 05:19:01  esr1a.rk25.p02.da11 is now Up / Up
2024-07-31 05:19:01  msw1.rk11.p02.da11 Version is now EOS: 4.28.7M
2024-07-31 05:19:01  esr1a.rk26.p02.da11 Version is now EOS: 4.28.7M
2024-07-31 05:19:01  esr1a.rk36.p02.da11 Version is now EOS: 4.28.7M
2024-07-31 05:19:01  msw1.rk12.p02.da11 Version is now EOS: 4.28.7M
2024-07-31 05:19:01  ssp1.da11 is now Up / Up
2024-07-31 05:19:01  ssp4.da11 is now Up / Up
2024-07-31 05:19:01  esr1b.rk26.p02.da11 Version is now EOS: 4.28.7M
2024-07-31 05:19:01  esr1b.rk25.p02.da11 Version is now EOS: 4.28.7M
2024-07-31 05:19:01  esr1b.rk35.p02.da11 is now Up / Up
2024-07-31 05:19:01  ssp3.da11 is now Up / Up
2024-07-31 05:19:01  esr2a.rk37.p02.da11 is now Up / Up
2024-07-31 05:19:01  esr1a.rk35.p02.da11 is now Up / Up
2024-07-31 05:19:01  ssp2.da11 is now Up / Up
2024-07-31 05:19:01  esr1a.rk26.p02.da11 is now Up / Up
2024-07-31 05:19:01  esr2b.rk37.p02.da11 is now Up / Up
2024-07-31 05:19:01  esr1b.rk36.p02.da11 Version is now EOS: 4.28.7M
2024-07-31 05:19:01  esr1a.rk36.p02.da11 is now Up / Up
2024-07-31 05:19:01  esr1b.rk26.p02.da11 is now Up / Up
2024-07-31 05:19:01  esr1b.rk25.p02.da11 is now Up / Up
2024-07-31 05:19:01  esr1b.rk36.p02.da11 is now Up / Up
2024-07-31 05:19:01  dsr1.rk01.p02.da11 Version is now EOS: 4.28.7M
2024-07-31 05:19:01  dsr2.rk02.p02.da11 Version is now EOS: 4.28.7M
2024-07-31 05:19:01  dsr3.rk03.p02.da11 Version is now EOS: 4.28.7M
2024-07-31 05:19:01  dsr1.rk01.p02.da11 is now Up / Up
2024-07-31 05:19:01  dsr2.rk02.p02.da11 is now Up / Up
2024-07-31 05:19:01  dsr4.rk04.p02.da11 Version is now EOS: 4.28.7M
2024-07-31 05:19:01  dsr3.rk03.p02.da11 is now Up / Up
2024-07-31 05:19:01  esr1b.rk12.p02.da11 is now NoMaint
2024-07-31 05:19:01  esr1a.rk18.p02.da11 is now NoMaint
2024-07-31 05:19:01  esr1b.rk13.p02.da11 is now NoMaint
2024-07-31 05:19:01  esr1a.rk10.p02.da11 is now NoMaint
2024-07-31 05:19:01  esr1a.rk09.p02.da11 is now NoMaint
2024-07-31 05:19:01  dsr4.rk04.p02.da11 is now Up / Up
2024-07-31 05:19:01  esr1b.rk17.p02.da11 is now NoMaint
2024-07-31 05:19:01  esr1b.rk11.p02.da11 is now NoMaint
2024-07-31 05:19:01  esr1b.rk08.p02.da11 is now NoMaint
2024-07-31 05:19:01  esr1b.rk05.p02.da11 is now NoMaint
2024-07-31 05:19:01  esr1b.rk16.p02.da11 is now NoMaint
2024-07-31 05:19:01  esr1a.rk24.p02.da11 is now NoMaint
2024-07-31 05:19:01  esr1a.rk14.p02.da11 is now NoMaint
2024-07-31 05:19:01  esr1a.rk23.p02.da11 is now NoMaint
2024-07-31 05:19:01  esr1a.rk13.p02.da11 is now NoMaint
2024-07-31 05:19:01  esr1a.rk17.p02.da11 is now NoMaint
2024-07-31 05:19:01  esr1b.rk23.p02.da11 is now NoMaint
2024-07-31 05:19:01  esr1b.rk24.p02.da11 is now NoMaint
2024-07-31 05:19:01  esr1b.rk19.p02.da11 is now NoMaint
2024-07-31 05:19:01  esr1a.rk20.p02.da11 is now NoMaint
2024-07-31 05:19:01  esr1a.rk12.p02.da11 is now NoMaint
2024-07-31 05:19:01  esr1b.rk21.p02.da11 is now NoMaint
2024-07-31 05:19:01  esr1a.rk07.p02.da11 is now NoMaint
2024-07-31 05:19:01  esr1a.rk15.p02.da11 is now NoMaint
2024-07-31 05:19:01  esr1a.rk05.p02.da11 is now NoMaint
2024-07-31 05:19:01  esr1b.rk07.p02.da11 is now NoMaint
2024-07-31 05:19:01  esr1a.rk22.p02.da11 is now NoMaint
2024-07-31 05:19:01  esr1b.rk20.p02.da11 is now NoMaint
2024-07-31 05:19:01  esr1b.rk18.p02.da11 is now NoMaint
2024-07-31 05:19:01  esr1b.rk14.p02.da11 is now NoMaint
2024-07-31 05:19:01  esr1a.rk11.p02.da11 is now NoMaint
2024-07-31 05:19:01  esr1a.rk08.p02.da11 is now NoMaint
2024-07-31 05:19:01  esr1a.rk16.p02.da11 is now NoMaint
2024-07-31 05:19:01  esr1b.rk15.p02.da11 is now NoMaint
2024-07-31 05:19:01  esr1b.rk22.p02.da11 is now NoMaint
2024-07-31 05:19:01  esr1a.rk19.p02.da11 is now NoMaint
2024-07-31 05:19:01  esr1b.rk06.p02.da11 is now NoMaint
2024-07-31 05:19:01  esr1b.rk10.p02.da11 is now NoMaint
2024-07-31 05:19:01  esr1a.rk21.p02.da11 is now NoMaint
2024-07-31 05:19:01  esr1b.rk09.p02.da11 is now NoMaint
2024-07-31 05:19:01  esr1b.rk37.p02.da11 is now Disabled
2024-07-31 05:19:01  esr1a.rk37.p02.da11 is now Disabled
2024-07-31 05:19:01  msw1.rk13.p02.da11 pstate is now 2/2
2024-07-31 05:19:01  msw1.rk13.p02.da11 SC pstate is now -
2024-07-31 05:19:01  msw1.rk13.p02.da11 is now Up
2024-07-31 05:19:01  msw1.rk17.p02.da11 pstate is now 2/2
2024-07-31 05:19:01  msw1.rk17.p02.da11 SC pstate is now -
2024-07-31 05:19:01  msw1.rk17.p02.da11 is now Up
2024-07-31 05:19:01  msw1.rk09.p02.da11 pstate is now 2/2
2024-07-31 05:19:01  msw1.rk09.p02.da11 SC pstate is now -
2024-07-31 05:19:01  msw1.rk09.p02.da11 is now Up
2024-07-31 05:19:01  msw1.rk14.p02.da11 pstate is now 2/2
2024-07-31 05:19:01  msw1.rk14.p02.da11 SC pstate is now -
2024-07-31 05:19:01  msw1.rk14.p02.da11 is now Up
2024-07-31 05:19:01  msw1.rk10.p02.da11 pstate is now 2/2
2024-07-31 05:19:01  msw1.rk10.p02.da11 SC pstate is now -
2024-07-31 05:19:01  msw1.rk10.p02.da11 is now Up
2024-07-31 05:19:01  msw1.rk22.p02.da11 pstate is now 2/2
2024-07-31 05:19:01  msw1.rk22.p02.da11 SC pstate is now -
2024-07-31 05:19:01  msw1.rk22.p02.da11 is now Up
2024-07-31 05:19:01  msw1.rk24.p02.da11 pstate is now 2/2
2024-07-31 05:19:01  msw1.rk24.p02.da11 SC pstate is now -
2024-07-31 05:19:01  msw1.rk24.p02.da11 is now Up
2024-07-31 05:19:01  msw1.rk21.p02.da11 pstate is now 2/2
2024-07-31 05:19:01  msw1.rk21.p02.da11 SC pstate is now -
2024-07-31 05:19:01  msw1.rk21.p02.da11 is now Up
2024-07-31 05:19:01  msw1.rk23.p02.da11 pstate is now 2/2
2024-07-31 05:19:01  msw1.rk23.p02.da11 SC pstate is now -
2024-07-31 05:19:01  msw1.rk23.p02.da11 is now Up
2024-07-31 05:19:01  msw1.rk05.p02.da11 pstate is now 2/2
2024-07-31 05:19:01  msw1.rk05.p02.da11 SC pstate is now -
2024-07-31 05:19:01  msw1.rk05.p02.da11 is now Up
2024-07-31 05:19:02  msw1.rk06.p02.da11 pstate is now 2/2
2024-07-31 05:19:02  msw1.rk06.p02.da11 SC pstate is now -
2024-07-31 05:19:02  msw1.rk06.p02.da11 is now Up
2024-07-31 05:19:02  msw1.rk08.p02.da11 pstate is now 2/2
2024-07-31 05:19:02  msw1.rk08.p02.da11 SC pstate is now -
2024-07-31 05:19:02  msw1.rk08.p02.da11 is now Up
2024-07-31 05:19:02  msw1.rk18.p02.da11 pstate is now 2/2
2024-07-31 05:19:02  msw1.rk18.p02.da11 SC pstate is now -
2024-07-31 05:19:02  msw1.rk18.p02.da11 is now Up
2024-07-31 05:19:02  msw1.rk35.p02.da11 pstate is now 2/2
2024-07-31 05:19:02  msw1.rk35.p02.da11 SC pstate is now -
2024-07-31 05:19:02  msw1.rk35.p02.da11 is now Up
2024-07-31 05:19:02  msw1.rk37.p02.da11 pstate is now 2/2
2024-07-31 05:19:02  msw1.rk37.p02.da11 SC pstate is now -
2024-07-31 05:19:02  msw1.rk37.p02.da11 is now Up
2024-07-31 05:19:02  msw1.rk25.p02.da11 pstate is now 2/2
2024-07-31 05:19:02  msw1.rk25.p02.da11 SC pstate is now -
2024-07-31 05:19:02  msw1.rk25.p02.da11 is now Up
2024-07-31 05:19:02  msw1.rk20.p02.da11 pstate is now 2/2
2024-07-31 05:19:02  msw1.rk20.p02.da11 SC pstate is now -
2024-07-31 05:19:02  msw1.rk20.p02.da11 is now Up
2024-07-31 05:19:02  msw1.rk12.p02.da11 pstate is now 2/2
2024-07-31 05:19:02  msw1.rk12.p02.da11 SC pstate is now -
2024-07-31 05:19:02  msw1.rk12.p02.da11 is now Up
2024-07-31 05:19:02  msw1.rk26.p02.da11 pstate is now 2/2
2024-07-31 05:19:02  msw1.rk26.p02.da11 SC pstate is now -
2024-07-31 05:19:02  msw1.rk26.p02.da11 is now Up
2024-07-31 05:19:02  msw1.rk19.p02.da11 pstate is now 2/2
2024-07-31 05:19:02  msw1.rk19.p02.da11 SC pstate is now -
2024-07-31 05:19:02  msw1.rk19.p02.da11 is now Up
2024-07-31 05:19:02  msw1.rk16.p02.da11 pstate is now 2/2
2024-07-31 05:19:02  msw1.rk16.p02.da11 SC pstate is now -
2024-07-31 05:19:02  msw1.rk16.p02.da11 is now Up
2024-07-31 05:19:02  ssp4.da11 is now NoMaint
2024-07-31 05:19:02  msw1.rk11.p02.da11 pstate is now 2/2
2024-07-31 05:19:02  msw1.rk15.p02.da11 pstate is now 2/2
2024-07-31 05:19:02  msw1.rk07.p02.da11 pstate is now 2/2
2024-07-31 05:19:02  msw1.rk11.p02.da11 SC pstate is now -
2024-07-31 05:19:02  msw1.rk11.p02.da11 is now Up
2024-07-31 05:19:02  msw1.rk15.p02.da11 SC pstate is now -
2024-07-31 05:19:02  msw1.rk07.p02.da11 SC pstate is now -
2024-07-31 05:19:02  msw1.rk07.p02.da11 is now Up
2024-07-31 05:19:02  msw1.rk15.p02.da11 is now Up
2024-07-31 05:19:02  msw1.rk36.p02.da11 pstate is now 2/2
2024-07-31 05:19:02  msw1.rk36.p02.da11 SC pstate is now -
2024-07-31 05:19:02  msw1.rk36.p02.da11 is now Up
2024-07-31 05:19:02  esr1b.rk35.p02.da11 is now Disabled
2024-07-31 05:19:02  esr1a.rk25.p02.da11 is now NoMaint
2024-07-31 05:19:02  ssp1.da11 is now NoMaint
2024-07-31 05:19:02  ssp3.da11 is now NoMaint
2024-07-31 05:19:02  ssp2.da11 is now NoMaint
2024-07-31 05:19:02  esr1a.rk26.p02.da11 is now NoMaint
2024-07-31 05:19:02  esr1a.rk35.p02.da11 is now Disabled
2024-07-31 05:19:02  esr1a.rk36.p02.da11 is now Disabled
2024-07-31 05:19:02  esr1b.rk26.p02.da11 is now NoMaint
2024-07-31 05:19:02  dsr1.rk01.p02.da11 is now NoMaint
2024-07-31 05:19:02  esr1b.rk25.p02.da11 is now NoMaint
2024-07-31 05:19:02  esr1b.rk36.p02.da11 is now Disabled
2024-07-31 05:19:02  dsr2.rk02.p02.da11 is now NoMaint
2024-07-31 05:19:02  dsr4.rk04.p02.da11 is now NoMaint
2024-07-31 05:19:02  dsr3.rk03.p02.da11 is now NoMaint
2024-07-31 05:19:02  esr2a.rk37.p02.da11 is now Disabled
2024-07-31 05:19:02  esr2b.rk37.p02.da11 is now Disabled
2024-07-31 05:19:02  esr1b.rk12.p02.da11 pstate is now 12/12
2024-07-31 05:19:02  esr1b.rk12.p02.da11 SC pstate is now -
2024-07-31 05:19:02  esr1b.rk13.p02.da11 pstate is now 12/12
2024-07-31 05:19:02  esr1b.rk13.p02.da11 SC pstate is now -
2024-07-31 05:19:02  esr1a.rk10.p02.da11 pstate is now 12/12
2024-07-31 05:19:02  esr1a.rk10.p02.da11 SC pstate is now -
2024-07-31 05:19:02  esr1a.rk18.p02.da11 pstate is now 12/12
2024-07-31 05:19:02  esr1a.rk18.p02.da11 SC pstate is now -
2024-07-31 05:19:02  esr1b.rk17.p02.da11 pstate is now 12/12
2024-07-31 05:19:02  esr1b.rk17.p02.da11 SC pstate is now -
2024-07-31 05:19:02  esr1a.rk24.p02.da11 pstate is now 12/12
2024-07-31 05:19:02  esr1a.rk24.p02.da11 SC pstate is now -
2024-07-31 05:19:02  esr1b.rk21.p02.da11 pstate is now 12/12
2024-07-31 05:19:02  esr1b.rk21.p02.da11 SC pstate is now -
2024-07-31 05:19:02  esr1b.rk11.p02.da11 pstate is now 12/12
2024-07-31 05:19:02  esr1b.rk11.p02.da11 SC pstate is now -
2024-07-31 05:19:02  esr1a.rk09.p02.da11 pstate is now 12/12
2024-07-31 05:19:02  dsr1.rk01.p02.da11 pstate is now 8/8
2024-07-31 05:19:02  dsr1.rk01.p02.da11 SC pstate is now -
2024-07-31 05:19:02  esr1a.rk09.p02.da11 SC pstate is now -
2024-07-31 05:19:02  esr1b.rk08.p02.da11 pstate is now 12/12
2024-07-31 05:19:02  esr1b.rk08.p02.da11 SC pstate is now -
2024-07-31 05:19:02  esr1a.rk20.p02.da11 pstate is now 12/12
2024-07-31 05:19:02  esr1a.rk20.p02.da11 SC pstate is now -
2024-07-31 05:19:02  esr1b.rk05.p02.da11 pstate is now 12/12
2024-07-31 05:19:02  esr1b.rk05.p02.da11 SC pstate is now -
2024-07-31 05:19:02  esr1b.rk19.p02.da11 pstate is now 12/12
2024-07-31 05:19:02  esr1b.rk19.p02.da11 SC pstate is now -
2024-07-31 05:19:02  esr1a.rk23.p02.da11 pstate is now 12/12
2024-07-31 05:19:02  esr1a.rk07.p02.da11 pstate is now 12/12
2024-07-31 05:19:02  esr1a.rk23.p02.da11 SC pstate is now -
2024-07-31 05:19:02  esr1a.rk07.p02.da11 SC pstate is now -
2024-07-31 05:19:02  esr1a.rk12.p02.da11 pstate is now 12/12
2024-07-31 05:19:02  esr1a.rk12.p02.da11 SC pstate is now -
2024-07-31 05:19:02  esr1a.rk05.p02.da11 pstate is now 12/12
2024-07-31 05:19:02  esr1a.rk05.p02.da11 SC pstate is now -
2024-07-31 05:19:02  esr1a.rk13.p02.da11 pstate is now 12/12
2024-07-31 05:19:02  esr1b.rk16.p02.da11 pstate is now 12/12
2024-07-31 05:19:02  esr1b.rk16.p02.da11 SC pstate is now -
2024-07-31 05:19:02  esr1a.rk13.p02.da11 SC pstate is now -
2024-07-31 05:19:02  esr1b.rk23.p02.da11 pstate is now 12/12
2024-07-31 05:19:02  esr1b.rk23.p02.da11 SC pstate is now -
2024-07-31 05:19:02  esr1b.rk18.p02.da11 pstate is now 12/12
2024-07-31 05:19:02  esr1b.rk18.p02.da11 SC pstate is now -
2024-07-31 05:19:02  esr1a.rk06.p02.da11 Version is now EOS: 4.28.7M
2024-07-31 05:19:02  dsr2.rk02.p02.da11 pstate is now 8/8
2024-07-31 05:19:02  esr1a.rk14.p02.da11 pstate is now 12/12
2024-07-31 05:19:02  esr1a.rk14.p02.da11 SC pstate is now -
2024-07-31 05:19:02  esr1a.rk15.p02.da11 pstate is now 12/12
2024-07-31 05:19:02  esr1a.rk15.p02.da11 SC pstate is now -
2024-07-31 05:19:02  dsr2.rk02.p02.da11 SC pstate is now -
2024-07-31 05:19:02  esr1b.rk15.p02.da11 pstate is now 12/12
2024-07-31 05:19:02  esr1b.rk15.p02.da11 SC pstate is now -
2024-07-31 05:19:02  ssp4.da11 pstate is now 2/2
2024-07-31 05:19:02  ssp4.da11 SC pstate is now -
2024-07-31 05:19:02  esr1a.rk17.p02.da11 pstate is now 12/12
2024-07-31 05:19:02  esr1a.rk17.p02.da11 SC pstate is now -
2024-07-31 05:19:02  esr1a.rk08.p02.da11 pstate is now 12/12
2024-07-31 05:19:02  esr1a.rk08.p02.da11 SC pstate is now -
2024-07-31 05:19:02  esr1b.rk14.p02.da11 pstate is now 12/12
2024-07-31 05:19:02  esr1a.rk11.p02.da11 pstate is now 12/12
2024-07-31 05:19:02  esr1b.rk14.p02.da11 SC pstate is now -
2024-07-31 05:19:02  esr1a.rk11.p02.da11 SC pstate is now -
2024-07-31 05:19:02  esr1b.rk20.p02.da11 pstate is now 12/12
2024-07-31 05:19:02  esr1b.rk20.p02.da11 SC pstate is now -
2024-07-31 05:19:02  esr1b.rk24.p02.da11 pstate is now 12/12
2024-07-31 05:19:02  esr1b.rk24.p02.da11 SC pstate is now -
2024-07-31 05:19:02  esr1a.rk22.p02.da11 pstate is now 12/12
2024-07-31 05:19:02  esr1a.rk22.p02.da11 SC pstate is now -
2024-07-31 05:19:02  esr1b.rk22.p02.da11 pstate is now 12/12
2024-07-31 05:19:02  esr1b.rk22.p02.da11 SC pstate is now -
2024-07-31 05:19:02  esr1b.rk07.p02.da11 pstate is now 12/12
2024-07-31 05:19:02  esr1b.rk07.p02.da11 SC pstate is now -
2024-07-31 05:19:02  ssp1.da11 pstate is now 2/2
2024-07-31 05:19:02  ssp1.da11 SC pstate is now -
2024-07-31 05:19:02  esr1b.rk06.p02.da11 pstate is now 12/12
2024-07-31 05:19:02  esr1b.rk06.p02.da11 SC pstate is now -
2024-07-31 05:19:02  esr1a.rk06.p02.da11 is now Up / Up
2024-07-31 05:19:02  esr1a.rk16.p02.da11 pstate is now 12/12
2024-07-31 05:19:02  esr1a.rk16.p02.da11 SC pstate is now -
2024-07-31 05:19:02  esr1a.rk19.p02.da11 pstate is now 12/12
2024-07-31 05:19:02  esr1a.rk19.p02.da11 SC pstate is now -
2024-07-31 05:19:02  ssp3.da11 pstate is now 2/2
2024-07-31 05:19:02  ssp3.da11 SC pstate is now -
2024-07-31 05:19:02  esr1a.rk21.p02.da11 pstate is now 12/12
2024-07-31 05:19:02  esr1a.rk21.p02.da11 SC pstate is now -
2024-07-31 05:19:02  esr1b.rk10.p02.da11 pstate is now 12/12
2024-07-31 05:19:02  esr1b.rk10.p02.da11 SC pstate is now -
2024-07-31 05:19:02  esr1b.rk09.p02.da11 pstate is now 12/12
2024-07-31 05:19:02  esr1b.rk09.p02.da11 SC pstate is now -
2024-07-31 05:19:02  ssp2.da11 pstate is now 2/2
2024-07-31 05:19:02  ssp2.da11 SC pstate is now -
2024-07-31 05:19:02  dsr4.rk04.p02.da11 pstate is now 8/8
2024-07-31 05:19:02  dsr4.rk04.p02.da11 SC pstate is now -
2024-07-31 05:19:02  dsr3.rk03.p02.da11 pstate is now 8/8
2024-07-31 05:19:02  dsr3.rk03.p02.da11 SC pstate is now -
2024-07-31 05:19:03  esr1a.rk06.p02.da11 is now NoMaint
2024-07-31 05:19:03  esr1b.rk35.p02.da11 pstate is now 12/12
2024-07-31 05:19:03  esr1b.rk35.p02.da11 SC pstate is now -
2024-07-31 05:19:03  esr1a.rk36.p02.da11 pstate is now 12/12
2024-07-31 05:19:03  esr1a.rk36.p02.da11 SC pstate is now -
2024-07-31 05:19:03  esr1a.rk26.p02.da11 pstate is now 12/12
2024-07-31 05:19:03  esr1a.rk26.p02.da11 SC pstate is now -
2024-07-31 05:19:03  esr1a.rk35.p02.da11 pstate is now 12/12
2024-07-31 05:19:03  esr1a.rk35.p02.da11 SC pstate is now -
2024-07-31 05:19:03  esr1a.rk37.p02.da11 pstate is now 12/12
2024-07-31 05:19:03  esr1a.rk37.p02.da11 SC pstate is now -
2024-07-31 05:19:03  esr1b.rk37.p02.da11 pstate is now 12/12
2024-07-31 05:19:03  esr1b.rk25.p02.da11 pstate is now 12/12
2024-07-31 05:19:03  esr1b.rk37.p02.da11 SC pstate is now -
2024-07-31 05:19:03  esr1b.rk25.p02.da11 SC pstate is now -
2024-07-31 05:19:03  esr1b.rk26.p02.da11 pstate is now 12/12
2024-07-31 05:19:03  esr1b.rk26.p02.da11 SC pstate is now -
2024-07-31 05:19:03  esr1a.rk25.p02.da11 pstate is now 12/12
2024-07-31 05:19:03  esr1a.rk25.p02.da11 SC pstate is now -
2024-07-31 05:19:03  esr1b.rk36.p02.da11 pstate is now 12/12
2024-07-31 05:19:03  esr1b.rk36.p02.da11 SC pstate is now -
2024-07-31 05:19:04  esr1a.rk06.p02.da11 pstate is now 12/12
2024-07-31 05:19:04  esr1a.rk06.p02.da11 SC pstate is now -
2024-07-31 05:19:04  esr2a.rk37.p02.da11 pstate is now 12/12
2024-07-31 05:19:04  esr2a.rk37.p02.da11 SC pstate is now -
2024-07-31 05:19:04  esr2b.rk37.p02.da11 pstate is now 12/12
2024-07-31 05:19:04  esr2b.rk37.p02.da11 SC pstate is now -
2024-07-31 05:19:35  esr1b.rk11.p02.da11 Version is now EOS: 4.28.7M
2024-07-31 05:19:35  esr1b.rk13.p02.da11 Version is now EOS: 4.28.7M
2024-07-31 05:19:35  esr1a.rk17.p02.da11 Version is now EOS: 4.28.7M
2024-07-31 05:19:35  esr1a.rk23.p02.da11 Version is now EOS: 4.28.7M
2024-07-31 05:19:35  esr1a.rk08.p02.da11 Version is now EOS: 4.28.7M
2024-07-31 05:19:35  esr1a.rk14.p02.da11 Version is now EOS: 4.28.7M
2024-07-31 05:19:35  esr1a.rk18.p02.da11 Version is now EOS: 4.28.7M
2024-07-31 05:19:35  esr1b.rk12.p02.da11 Version is now EOS: 4.28.7M
2024-07-31 05:19:35  esr1a.rk05.p02.da11 Version is now EOS: 4.28.7M
2024-07-31 05:19:35  esr1a.rk24.p02.da11 Version is now EOS: 4.28.7M
2024-07-31 05:19:35  esr1b.rk22.p02.da11 Version is now EOS: 4.28.7M
2024-07-31 05:19:35  esr1a.rk19.p02.da11 Version is now EOS: 4.28.7M
2024-07-31 05:19:35  esr1a.rk07.p02.da11 Version is now EOS: 4.28.7M
2024-07-31 05:19:35  esr1a.rk10.p02.da11 Version is now EOS: 4.28.7M
2024-07-31 05:19:35  esr1b.rk06.p02.da11 Version is now EOS: 4.28.7M
2024-07-31 05:19:35  esr1a.rk11.p02.da11 Version is now EOS: 4.28.7M
2024-07-31 05:19:35  esr1a.rk13.p02.da11 Version is now EOS: 4.28.7M
2024-07-31 05:19:35  esr1a.rk21.p02.da11 Version is now EOS: 4.28.7M
2024-07-31 05:19:35  esr1a.rk06.p02.da11 Version is now EOS: 4.28.7M
2024-07-31 05:19:35  esr1a.rk12.p02.da11 Version is now EOS: 4.28.7M
2024-07-31 05:19:35  esr1b.rk14.p02.da11 Version is now EOS: 4.28.7M
2024-07-31 05:19:35  esr1b.rk08.p02.da11 Version is now EOS: 4.28.7M
2024-07-31 05:19:35  esr1b.rk05.p02.da11 Version is now EOS: 4.28.7M
2024-07-31 05:19:35  esr1a.rk09.p02.da11 Version is now EOS: 4.28.7M
2024-07-31 05:19:35  esr1a.rk16.p02.da11 Version is now EOS: 4.28.7M
2024-07-31 05:19:35  esr1b.rk07.p02.da11 Version is now EOS: 4.28.7M
2024-07-31 05:19:35  esr1a.rk20.p02.da11 Version is now EOS: 4.28.7M
2024-07-31 05:19:35  esr1b.rk21.p02.da11 Version is now EOS: 4.28.7M
2024-07-31 05:19:35  esr1b.rk37.p02.da11 Version is now EOS: 4.30.5M
2024-07-31 05:19:35  esr1a.rk22.p02.da11 Version is now EOS: 4.28.7M
2024-07-31 05:19:35  esr1a.rk15.p02.da11 Version is now EOS: 4.28.7M
2024-07-31 05:19:35  esr1b.rk20.p02.da11 Version is now EOS: 4.28.7M
2024-07-31 05:19:35  esr1b.rk23.p02.da11 Version is now EOS: 4.28.7M
2024-07-31 05:19:35  esr1a.rk08.p02.da11 is now Up / Up
2024-07-31 05:19:35  esr1b.rk11.p02.da11 is now Up / Up
2024-07-31 05:19:35  esr1b.rk10.p02.da11 Version is now EOS: 4.28.7M
2024-07-31 05:19:35  esr1b.rk18.p02.da11 Version is now EOS: 4.28.7M
2024-07-31 05:19:35  esr1a.rk17.p02.da11 is now Up / Up
2024-07-31 05:19:35  esr1b.rk12.p02.da11 is now Up / Up
2024-07-31 05:19:35  esr1b.rk09.p02.da11 Version is now EOS: 4.28.7M
2024-07-31 05:19:35  esr1b.rk17.p02.da11 Version is now EOS: 4.28.7M
2024-07-31 05:19:35  esr1b.rk13.p02.da11 is now Up / Up
2024-07-31 05:19:35  esr1a.rk23.p02.da11 is now Up / Up
2024-07-31 05:19:35  esr1a.rk14.p02.da11 is now Up / Up
2024-07-31 05:19:35  esr1b.rk22.p02.da11 is now Up / Up
2024-07-31 05:19:35  esr1a.rk37.p02.da11 Version is now EOS: 4.30.5M
2024-07-31 05:19:35  esr1a.rk05.p02.da11 is now Up / Up
2024-07-31 05:19:35  esr1a.rk24.p02.da11 is now Up / Up
2024-07-31 05:19:35  esr1b.rk15.p02.da11 Version is now EOS: 4.28.7M
2024-07-31 05:19:35  esr1b.rk16.p02.da11 Version is now EOS: 4.28.7M
2024-07-31 05:19:35  esr1a.rk18.p02.da11 is now Up / Up
2024-07-31 05:19:35  esr1b.rk06.p02.da11 is now Up / Up
2024-07-31 05:19:35  esr1a.rk10.p02.da11 is now Up / Up
2024-07-31 05:19:35  esr1a.rk06.p02.da11 is now Up / Up
2024-07-31 05:19:35  esr1a.rk16.p02.da11 is now Up / Up
2024-07-31 05:19:35  esr1b.rk19.p02.da11 Version is now EOS: 4.28.7M
2024-07-31 05:19:35  esr1a.rk12.p02.da11 is now Up / Up
2024-07-31 05:19:35  esr1b.rk24.p02.da11 Version is now EOS: 4.28.7M
2024-07-31 05:19:35  esr1b.rk08.p02.da11 is now Up / Up
2024-07-31 05:19:35  esr1a.rk19.p02.da11 is now Up / Up
2024-07-31 05:19:35  esr1a.rk07.p02.da11 is now Up / Up
2024-07-31 05:19:35  esr1b.rk14.p02.da11 is now Up / Up
2024-07-31 05:19:35  esr1a.rk13.p02.da11 is now Up / Up
2024-07-31 05:19:35  esr1a.rk21.p02.da11 is now Up / Up
2024-07-31 05:19:35  esr1a.rk09.p02.da11 is now Up / Up
2024-07-31 05:19:35  esr1b.rk05.p02.da11 is now Up / Up
2024-07-31 05:19:35  esr1a.rk20.p02.da11 is now Up / Up
2024-07-31 05:19:35  esr1b.rk37.p02.da11 is now Up / Up
2024-07-31 05:19:35  esr1b.rk07.p02.da11 is now Up / Up
2024-07-31 05:19:35  esr1a.rk15.p02.da11 is now Up / Up
2024-07-31 05:19:35  esr1a.rk11.p02.da11 is now Up / Up
2024-07-31 05:19:35  esr1b.rk21.p02.da11 is now Up / Up
2024-07-31 05:19:35  esr1b.rk10.p02.da11 is now Up / Up
2024-07-31 05:19:36  esr1a.rk22.p02.da11 is now Up / Up
2024-07-31 05:19:36  esr1b.rk23.p02.da11 is now Up / Up
2024-07-31 05:19:36  esr1b.rk20.p02.da11 is now Up / Up
2024-07-31 05:19:36  esr1b.rk09.p02.da11 is now Up / Up
2024-07-31 05:19:36  esr1a.rk37.p02.da11 is now Up / Up
2024-07-31 05:19:36  esr1b.rk18.p02.da11 is now Up / Up
2024-07-31 05:19:36  esr1b.rk15.p02.da11 is now Up / Up
2024-07-31 05:19:36  esr1b.rk16.p02.da11 is now Up / Up
2024-07-31 05:19:36  esr1b.rk19.p02.da11 is now Up / Up
2024-07-31 05:19:36  esr1b.rk24.p02.da11 is now Up / Up
2024-07-31 05:19:36  esr1b.rk17.p02.da11 is now Up / Up
2024-07-31 05:19:36  msw1.rk35.p02.da11 Version is now EOS: 4.28.7M
2024-07-31 05:19:36  msw1.rk18.p02.da11 Version is now EOS: 4.28.7M
2024-07-31 05:19:36  msw1.rk07.p02.da11 Version is now EOS: 4.28.7M
2024-07-31 05:19:36  msw1.rk11.p02.da11 Version is now EOS: 4.28.7M
2024-07-31 05:19:36  msw1.rk15.p02.da11 Version is now EOS: 4.28.7M
2024-07-31 05:19:36  esr1b.rk35.p02.da11 Version is now EOS: 4.28.7M
2024-07-31 05:19:36  msw1.rk05.p02.da11 Version is now EOS: 4.28.7M
2024-07-31 05:19:36  msw1.rk19.p02.da11 Version is now EOS: 4.28.7M
2024-07-31 05:19:36  msw1.rk14.p02.da11 Version is now EOS: 4.28.7M
2024-07-31 05:19:36  esr1a.rk36.p02.da11 Version is now EOS: 4.28.7M
2024-07-31 05:19:36  msw1.rk26.p02.da11 Version is now EOS: 4.28.7M
2024-07-31 05:19:36  esr1b.rk26.p02.da11 Version is now EOS: 4.28.7M
2024-07-31 05:19:36  msw1.rk23.p02.da11 Version is now EOS: 4.28.7M
2024-07-31 05:19:36  msw1.rk10.p02.da11 Version is now EOS: 4.28.7M
2024-07-31 05:19:36  ssp2.da11 Version is now EOS: 4.28.7M
2024-07-31 05:19:36  msw1.rk16.p02.da11 Version is now EOS: 4.28.7M
2024-07-31 05:19:36  msw1.rk22.p02.da11 Version is now EOS: 4.28.7M
2024-07-31 05:19:36  ssp1.da11 Version is now EOS: 4.28.7M
2024-07-31 05:19:36  esr1a.rk26.p02.da11 Version is now EOS: 4.28.7M
2024-07-31 05:19:36  ssp3.da11 Version is now EOS: 4.28.7M
2024-07-31 05:19:36  esr1b.rk36.p02.da11 Version is now EOS: 4.28.7M
2024-07-31 05:19:36  esr2a.rk37.p02.da11 Version is now EOS: 4.30.5M
2024-07-31 05:19:36  msw1.rk06.p02.da11 Version is now EOS: 4.28.7M
2024-07-31 05:19:36  msw1.rk17.p02.da11 Version is now EOS: 4.28.7M
2024-07-31 05:19:36  msw1.rk24.p02.da11 Version is now EOS: 4.28.7M
2024-07-31 05:19:36  msw1.rk25.p02.da11 Version is now EOS: 4.28.7M
2024-07-31 05:19:36  esr1b.rk25.p02.da11 Version is now EOS: 4.28.7M
2024-07-31 05:19:36  msw1.rk20.p02.da11 Version is now EOS: 4.28.7M
2024-07-31 05:19:36  msw1.rk08.p02.da11 Version is now EOS: 4.28.7M
2024-07-31 05:19:36  msw1.rk12.p02.da11 Version is now EOS: 4.28.7M
2024-07-31 05:19:36  msw1.rk13.p02.da11 Version is now EOS: 4.28.7M
2024-07-31 05:19:36  msw1.rk09.p02.da11 Version is now EOS: 4.28.7M
2024-07-31 05:19:36  esr1b.rk26.p02.da11 is now Up / Up
2024-07-31 05:19:36  esr1b.rk35.p02.da11 is now Up / Up
2024-07-31 05:19:36  msw1.rk36.p02.da11 Version is now EOS: 4.28.7M
2024-07-31 05:19:36  ssp4.da11 Version is now EOS: 4.28.7M
2024-07-31 05:19:36  msw1.rk21.p02.da11 Version is now EOS: 4.28.7M
2024-07-31 05:19:36  esr1a.rk35.p02.da11 Version is now EOS: 4.28.7M
2024-07-31 05:19:36  ssp2.da11 is now Up / Up
2024-07-31 05:19:36  esr1a.rk26.p02.da11 is now Up / Up
2024-07-31 05:19:36  esr1a.rk36.p02.da11 is now Up / Up
2024-07-31 05:19:36  ssp1.da11 is now Up / Up
2024-07-31 05:19:36  ssp3.da11 is now Up / Up
2024-07-31 05:19:36  esr2a.rk37.p02.da11 is now Up / Up
2024-07-31 05:19:36  msw1.rk37.p02.da11 Version is now EOS: 4.30.5M
2024-07-31 05:19:36  esr1b.rk36.p02.da11 is now Up / Up
2024-07-31 05:19:36  esr1a.rk25.p02.da11 Version is now EOS: 4.28.7M
2024-07-31 05:19:36  esr2b.rk37.p02.da11 Version is now EOS: 4.30.5M
2024-07-31 05:19:36  esr1b.rk25.p02.da11 is now Up / Up
2024-07-31 05:19:36  esr1a.rk35.p02.da11 is now Up / Up
2024-07-31 05:19:36  ssp4.da11 is now Up / Up
2024-07-31 05:19:36  esr1a.rk25.p02.da11 is now Up / Up
2024-07-31 05:19:36  esr2b.rk37.p02.da11 is now Up / Up
2024-07-31 05:19:36  dsr4.rk04.p02.da11 Version is now EOS: 4.28.7M
2024-07-31 05:19:36  dsr1.rk01.p02.da11 Version is now EOS: 4.28.7M
2024-07-31 05:19:36  dsr4.rk04.p02.da11 is now Up / Up
2024-07-31 05:19:36  dsr2.rk02.p02.da11 Version is now EOS: 4.28.7M
2024-07-31 05:19:36  dsr3.rk03.p02.da11 Version is now EOS: 4.28.7M
2024-07-31 05:19:36  esr1b.rk12.p02.da11 is now NoMaint
2024-07-31 05:19:36  dsr1.rk01.p02.da11 is now Up / Up
2024-07-31 05:19:36  esr1a.rk19.p02.da11 is now NoMaint
2024-07-31 05:19:36  esr1b.rk06.p02.da11 is now NoMaint
2024-07-31 05:19:36  esr1a.rk23.p02.da11 is now NoMaint
2024-07-31 05:19:36  dsr2.rk02.p02.da11 is now Up / Up
2024-07-31 05:19:36  esr1a.rk17.p02.da11 is now NoMaint
2024-07-31 05:19:36  esr1b.rk11.p02.da11 is now NoMaint
2024-07-31 05:19:36  esr1a.rk18.p02.da11 is now NoMaint
2024-07-31 05:19:36  esr1a.rk16.p02.da11 is now NoMaint
2024-07-31 05:19:36  esr1a.rk08.p02.da11 is now NoMaint
2024-07-31 05:19:36  esr1a.rk07.p02.da11 is now NoMaint
2024-07-31 05:19:36  esr1b.rk13.p02.da11 is now NoMaint
2024-07-31 05:19:36  esr1a.rk05.p02.da11 is now NoMaint
2024-07-31 05:19:36  esr1b.rk08.p02.da11 is now NoMaint
2024-07-31 05:19:36  esr1a.rk11.p02.da11 is now NoMaint
2024-07-31 05:19:36  dsr3.rk03.p02.da11 is now Up / Up
2024-07-31 05:19:36  esr1a.rk12.p02.da11 is now NoMaint
2024-07-31 05:19:36  esr1a.rk24.p02.da11 is now NoMaint
2024-07-31 05:19:36  esr1b.rk05.p02.da11 is now NoMaint
2024-07-31 05:19:36  esr1a.rk14.p02.da11 is now NoMaint
2024-07-31 05:19:36  esr1a.rk10.p02.da11 is now NoMaint
2024-07-31 05:19:36  esr1b.rk14.p02.da11 is now NoMaint
2024-07-31 05:19:36  esr1a.rk21.p02.da11 is now NoMaint
2024-07-31 05:19:36  esr1a.rk15.p02.da11 is now NoMaint
2024-07-31 05:19:36  esr1a.rk22.p02.da11 is now NoMaint
2024-07-31 05:19:36  esr1b.rk22.p02.da11 is now NoMaint
2024-07-31 05:19:36  esr1b.rk07.p02.da11 is now NoMaint
2024-07-31 05:19:36  esr1b.rk15.p02.da11 is now NoMaint
2024-07-31 05:19:36  esr1b.rk20.p02.da11 is now NoMaint
2024-07-31 05:19:36  esr1a.rk06.p02.da11 is now NoMaint
2024-07-31 05:19:36  esr1b.rk10.p02.da11 is now NoMaint
2024-07-31 05:19:36  esr1b.rk24.p02.da11 is now NoMaint
2024-07-31 05:19:36  esr1b.rk16.p02.da11 is now NoMaint
2024-07-31 05:19:36  esr1b.rk23.p02.da11 is now NoMaint
2024-07-31 05:19:36  esr1b.rk21.p02.da11 is now NoMaint
2024-07-31 05:19:36  esr1a.rk13.p02.da11 is now NoMaint
2024-07-31 05:19:36  esr1a.rk20.p02.da11 is now NoMaint
2024-07-31 05:19:36  esr1b.rk17.p02.da11 is now NoMaint
2024-07-31 05:19:36  esr1b.rk19.p02.da11 is now NoMaint
2024-07-31 05:19:36  esr1b.rk18.p02.da11 is now NoMaint
2024-07-31 05:19:36  msw1.rk10.p02.da11 pstate is now 2/2
2024-07-31 05:19:36  msw1.rk10.p02.da11 SC pstate is now -
2024-07-31 05:19:36  msw1.rk10.p02.da11 is now Up
2024-07-31 05:19:36  msw1.rk15.p02.da11 pstate is now 2/2
2024-07-31 05:19:36  msw1.rk15.p02.da11 SC pstate is now -
2024-07-31 05:19:36  msw1.rk15.p02.da11 is now Up
2024-07-31 05:19:36  msw1.rk07.p02.da11 pstate is now 2/2
2024-07-31 05:19:36  msw1.rk07.p02.da11 SC pstate is now -
2024-07-31 05:19:36  msw1.rk07.p02.da11 is now Up
2024-07-31 05:19:36  msw1.rk18.p02.da11 pstate is now 2/2
2024-07-31 05:19:36  msw1.rk18.p02.da11 SC pstate is now -
2024-07-31 05:19:36  msw1.rk18.p02.da11 is now Up
2024-07-31 05:19:36  msw1.rk35.p02.da11 pstate is now 2/2
2024-07-31 05:19:36  msw1.rk35.p02.da11 SC pstate is now -
2024-07-31 05:19:36  msw1.rk35.p02.da11 is now Up
2024-07-31 05:19:36  msw1.rk14.p02.da11 pstate is now 2/2
2024-07-31 05:19:36  msw1.rk14.p02.da11 SC pstate is now -
2024-07-31 05:19:36  msw1.rk14.p02.da11 is now Up
2024-07-31 05:19:36  msw1.rk19.p02.da11 pstate is now 2/2
2024-07-31 05:19:36  msw1.rk19.p02.da11 SC pstate is now -
2024-07-31 05:19:36  msw1.rk19.p02.da11 is now Up
2024-07-31 05:19:36  msw1.rk05.p02.da11 pstate is now 2/2
2024-07-31 05:19:36  msw1.rk05.p02.da11 SC pstate is now -
2024-07-31 05:19:36  msw1.rk05.p02.da11 is now Up
2024-07-31 05:19:36  esr1a.rk37.p02.da11 is now Disabled
2024-07-31 05:19:36  msw1.rk22.p02.da11 pstate is now 2/2
2024-07-31 05:19:36  msw1.rk22.p02.da11 SC pstate is now -
2024-07-31 05:19:36  msw1.rk22.p02.da11 is now Up
2024-07-31 05:19:36  msw1.rk11.p02.da11 pstate is now 2/2
2024-07-31 05:19:36  msw1.rk11.p02.da11 SC pstate is now -
2024-07-31 05:19:36  msw1.rk11.p02.da11 is now Up
2024-07-31 05:19:36  msw1.rk26.p02.da11 pstate is now 2/2
2024-07-31 05:19:36  msw1.rk26.p02.da11 SC pstate is now -
2024-07-31 05:19:36  msw1.rk26.p02.da11 is now Up
2024-07-31 05:19:36  esr1b.rk37.p02.da11 is now Disabled
2024-07-31 05:19:36  msw1.rk20.p02.da11 pstate is now 2/2
2024-07-31 05:19:36  msw1.rk20.p02.da11 SC pstate is now -
2024-07-31 05:19:36  msw1.rk20.p02.da11 is now Up
2024-07-31 05:19:36  msw1.rk06.p02.da11 pstate is now 2/2
2024-07-31 05:19:36  msw1.rk06.p02.da11 SC pstate is now -
2024-07-31 05:19:36  msw1.rk06.p02.da11 is now Up
2024-07-31 05:19:36  msw1.rk16.p02.da11 pstate is now 2/2
2024-07-31 05:19:36  msw1.rk16.p02.da11 SC pstate is now -
2024-07-31 05:19:36  msw1.rk16.p02.da11 is now Up
2024-07-31 05:19:36  msw1.rk23.p02.da11 pstate is now 2/2
2024-07-31 05:19:36  msw1.rk23.p02.da11 SC pstate is now -
2024-07-31 05:19:36  msw1.rk23.p02.da11 is now Up
2024-07-31 05:19:36  msw1.rk24.p02.da11 pstate is now 2/2
2024-07-31 05:19:36  msw1.rk24.p02.da11 SC pstate is now -
2024-07-31 05:19:36  msw1.rk24.p02.da11 is now Up
2024-07-31 05:19:36  msw1.rk12.p02.da11 pstate is now 2/2
2024-07-31 05:19:36  msw1.rk12.p02.da11 SC pstate is now -
2024-07-31 05:19:36  msw1.rk12.p02.da11 is now Up
2024-07-31 05:19:36  msw1.rk08.p02.da11 pstate is now 2/2
2024-07-31 05:19:36  msw1.rk08.p02.da11 SC pstate is now -
2024-07-31 05:19:36  msw1.rk08.p02.da11 is now Up
2024-07-31 05:19:36  msw1.rk17.p02.da11 pstate is now 2/2
2024-07-31 05:19:36  msw1.rk17.p02.da11 SC pstate is now -
2024-07-31 05:19:36  msw1.rk17.p02.da11 is now Up
2024-07-31 05:19:36  msw1.rk21.p02.da11 pstate is now 2/2
2024-07-31 05:19:36  msw1.rk21.p02.da11 SC pstate is now -
2024-07-31 05:19:36  msw1.rk21.p02.da11 is now Up
2024-07-31 05:19:36  msw1.rk13.p02.da11 pstate is now 2/2
2024-07-31 05:19:36  msw1.rk13.p02.da11 SC pstate is now -
2024-07-31 05:19:36  msw1.rk13.p02.da11 is now Up
2024-07-31 05:19:36  esr1b.rk26.p02.da11 is now NoMaint
2024-07-31 05:19:36  ssp1.da11 is now NoMaint
2024-07-31 05:19:36  msw1.rk36.p02.da11 pstate is now 2/2
2024-07-31 05:19:36  msw1.rk36.p02.da11 SC pstate is now -
2024-07-31 05:19:36  msw1.rk36.p02.da11 is now Up
2024-07-31 05:19:36  msw1.rk25.p02.da11 pstate is now 2/2
2024-07-31 05:19:36  msw1.rk25.p02.da11 SC pstate is now -
2024-07-31 05:19:36  msw1.rk25.p02.da11 is now Up
2024-07-31 05:19:36  esr1b.rk35.p02.da11 is now Disabled
2024-07-31 05:19:36  msw1.rk37.p02.da11 pstate is now 2/2
2024-07-31 05:19:36  msw1.rk09.p02.da11 pstate is now 2/2
2024-07-31 05:19:36  msw1.rk37.p02.da11 SC pstate is now -
2024-07-31 05:19:36  msw1.rk09.p02.da11 SC pstate is now -
2024-07-31 05:19:36  msw1.rk37.p02.da11 is now Up
2024-07-31 05:19:36  msw1.rk09.p02.da11 is now Up
2024-07-31 05:19:36  esr1b.rk36.p02.da11 is now Disabled
2024-07-31 05:19:36  ssp3.da11 is now NoMaint
2024-07-31 05:19:36  esr1a.rk36.p02.da11 is now Disabled
2024-07-31 05:19:36  ssp2.da11 is now NoMaint
2024-07-31 05:19:36  esr1a.rk26.p02.da11 is now NoMaint
2024-07-31 05:19:36  ssp4.da11 is now NoMaint
2024-07-31 05:19:36  esr1a.rk35.p02.da11 is now Disabled
2024-07-31 05:19:36  esr1b.rk25.p02.da11 is now NoMaint
2024-07-31 05:19:36  dsr4.rk04.p02.da11 is now NoMaint
2024-07-31 05:19:36  esr1a.rk25.p02.da11 is now NoMaint
2024-07-31 05:19:36  dsr1.rk01.p02.da11 is now NoMaint
2024-07-31 05:19:36  dsr3.rk03.p02.da11 is now NoMaint
2024-07-31 05:19:36  dsr2.rk02.p02.da11 is now NoMaint
2024-07-31 05:19:37  esr1b.rk09.p02.da11 is now NoMaint
2024-07-31 05:19:37  esr1a.rk09.p02.da11 is now NoMaint
2024-07-31 05:19:37  esr2a.rk37.p02.da11 is now Disabled
2024-07-31 05:19:37  esr2b.rk37.p02.da11 is now Disabled
2024-07-31 05:19:37  esr1a.rk16.p02.da11 pstate is now 12/12
2024-07-31 05:19:37  esr1a.rk16.p02.da11 SC pstate is now -
2024-07-31 05:19:37  esr1a.rk08.p02.da11 pstate is now 12/12
2024-07-31 05:19:37  esr1a.rk08.p02.da11 SC pstate is now -
2024-07-31 05:19:37  esr1b.rk12.p02.da11 pstate is now 12/12
2024-07-31 05:19:37  esr1b.rk12.p02.da11 SC pstate is now -
2024-07-31 05:19:37  esr1b.rk11.p02.da11 pstate is now 12/12
2024-07-31 05:19:37  esr1b.rk11.p02.da11 SC pstate is now -
2024-07-31 05:19:37  esr1a.rk17.p02.da11 pstate is now 12/12
2024-07-31 05:19:37  esr1a.rk17.p02.da11 SC pstate is now -
2024-07-31 05:19:37  esr1a.rk24.p02.da11 pstate is now 12/12
2024-07-31 05:19:37  esr1a.rk24.p02.da11 SC pstate is now -
2024-07-31 05:19:37  esr1a.rk05.p02.da11 pstate is now 12/12
2024-07-31 05:19:37  esr1a.rk19.p02.da11 pstate is now 12/12
2024-07-31 05:19:37  esr1a.rk05.p02.da11 SC pstate is now -
2024-07-31 05:19:37  esr1a.rk19.p02.da11 SC pstate is now -
2024-07-31 05:19:37  esr1a.rk23.p02.da11 pstate is now 12/12
2024-07-31 05:19:37  esr1a.rk23.p02.da11 SC pstate is now -
2024-07-31 05:19:37  esr1b.rk10.p02.da11 pstate is now 12/12
2024-07-31 05:19:37  esr1b.rk10.p02.da11 SC pstate is now -
2024-07-31 05:19:37  esr1a.rk12.p02.da11 pstate is now 12/12
2024-07-31 05:19:37  dsr4.rk04.p02.da11 pstate is now 8/8
2024-07-31 05:19:37  esr1a.rk12.p02.da11 SC pstate is now -
2024-07-31 05:19:37  dsr4.rk04.p02.da11 SC pstate is now -
2024-07-31 05:19:37  esr1a.rk06.p02.da11 pstate is now 12/12
2024-07-31 05:19:37  esr1a.rk06.p02.da11 SC pstate is now -
2024-07-31 05:19:37  esr1b.rk13.p02.da11 pstate is now 12/12
2024-07-31 05:19:37  esr1b.rk13.p02.da11 SC pstate is now -
2024-07-31 05:19:37  esr1b.rk08.p02.da11 pstate is now 12/12
2024-07-31 05:19:37  esr1b.rk08.p02.da11 SC pstate is now -
2024-07-31 05:19:37  esr1a.rk11.p02.da11 pstate is now 12/12
2024-07-31 05:19:37  esr1a.rk11.p02.da11 SC pstate is now -
2024-07-31 05:19:37  esr1b.rk07.p02.da11 pstate is now 12/12
2024-07-31 05:19:37  esr1a.rk18.p02.da11 pstate is now 12/12
2024-07-31 05:19:37  esr1b.rk07.p02.da11 SC pstate is now -
2024-07-31 05:19:37  esr1a.rk18.p02.da11 SC pstate is now -
2024-07-31 05:19:37  esr1a.rk21.p02.da11 pstate is now 12/12
2024-07-31 05:19:37  esr1a.rk21.p02.da11 SC pstate is now -
2024-07-31 05:19:37  esr1b.rk06.p02.da11 pstate is now 12/12
2024-07-31 05:19:37  esr1b.rk06.p02.da11 SC pstate is now -
2024-07-31 05:19:37  esr1a.rk10.p02.da11 pstate is now 12/12
2024-07-31 05:19:37  esr1a.rk10.p02.da11 SC pstate is now -
2024-07-31 05:19:37  esr1a.rk15.p02.da11 pstate is now 12/12
2024-07-31 05:19:37  esr1a.rk15.p02.da11 SC pstate is now -
2024-07-31 05:19:37  esr1b.rk14.p02.da11 pstate is now 12/12
2024-07-31 05:19:37  esr1b.rk14.p02.da11 SC pstate is now -
2024-07-31 05:19:37  esr1b.rk05.p02.da11 pstate is now 12/12
2024-07-31 05:19:37  esr1b.rk05.p02.da11 SC pstate is now -
2024-07-31 05:19:37  esr1b.rk23.p02.da11 pstate is now 12/12
2024-07-31 05:19:37  esr1b.rk23.p02.da11 SC pstate is now -
2024-07-31 05:19:37  esr1b.rk20.p02.da11 pstate is now 12/12
2024-07-31 05:19:37  esr1b.rk20.p02.da11 SC pstate is now -
2024-07-31 05:19:37  esr1a.rk13.p02.da11 pstate is now 12/12
2024-07-31 05:19:37  esr1a.rk13.p02.da11 SC pstate is now -
2024-07-31 05:19:37  esr1a.rk22.p02.da11 pstate is now 12/12
2024-07-31 05:19:37  esr1a.rk22.p02.da11 SC pstate is now -
2024-07-31 05:19:37  esr1a.rk14.p02.da11 pstate is now 12/12
2024-07-31 05:19:37  esr1a.rk14.p02.da11 SC pstate is now -
2024-07-31 05:19:37  esr1b.rk16.p02.da11 pstate is now 12/12
2024-07-31 05:19:37  esr1b.rk16.p02.da11 SC pstate is now -
2024-07-31 05:19:37  esr1b.rk15.p02.da11 pstate is now 12/12
2024-07-31 05:19:37  esr1b.rk15.p02.da11 SC pstate is now -
2024-07-31 05:19:37  esr1a.rk07.p02.da11 pstate is now 12/12
2024-07-31 05:19:37  esr1a.rk07.p02.da11 SC pstate is now -
2024-07-31 05:19:37  ssp1.da11 pstate is now 2/2
2024-07-31 05:19:37  ssp1.da11 SC pstate is now -
2024-07-31 05:19:37  esr1b.rk22.p02.da11 pstate is now 12/12
2024-07-31 05:19:37  esr1b.rk22.p02.da11 SC pstate is now -
2024-07-31 05:19:37  esr1a.rk20.p02.da11 pstate is now 12/12
2024-07-31 05:19:37  esr1a.rk20.p02.da11 SC pstate is now -
2024-07-31 05:19:37  esr1b.rk21.p02.da11 pstate is now 12/12
2024-07-31 05:19:37  esr1b.rk21.p02.da11 SC pstate is now -
2024-07-31 05:19:37  ssp2.da11 pstate is now 2/2
2024-07-31 05:19:37  ssp2.da11 SC pstate is now -
2024-07-31 05:19:37  ssp3.da11 pstate is now 2/2
2024-07-31 05:19:37  esr1b.rk19.p02.da11 pstate is now 12/12
2024-07-31 05:19:37  esr1b.rk19.p02.da11 SC pstate is now -
2024-07-31 05:19:37  ssp3.da11 SC pstate is now -
2024-07-31 05:19:37  dsr3.rk03.p02.da11 pstate is now 8/8
2024-07-31 05:19:37  dsr3.rk03.p02.da11 SC pstate is now -
2024-07-31 05:19:37  esr1b.rk18.p02.da11 pstate is now 12/12
2024-07-31 05:19:37  esr1b.rk18.p02.da11 SC pstate is now -
2024-07-31 05:19:37  dsr1.rk01.p02.da11 pstate is now 8/8
2024-07-31 05:19:37  dsr1.rk01.p02.da11 SC pstate is now -
2024-07-31 05:19:37  ssp4.da11 pstate is now 2/2
2024-07-31 05:19:37  ssp4.da11 SC pstate is now -
2024-07-31 05:19:37  esr1b.rk24.p02.da11 pstate is now 12/12
2024-07-31 05:19:37  esr1b.rk24.p02.da11 SC pstate is now -
2024-07-31 05:19:37  esr1b.rk17.p02.da11 pstate is now 12/12
2024-07-31 05:19:37  esr1b.rk17.p02.da11 SC pstate is now -
2024-07-31 05:19:37  dsr2.rk02.p02.da11 pstate is now 8/8
2024-07-31 05:19:37  dsr2.rk02.p02.da11 SC pstate is now -
2024-07-31 05:19:38  esr1a.rk36.p02.da11 pstate is now 12/12
2024-07-31 05:19:38  esr1a.rk36.p02.da11 SC pstate is now -
2024-07-31 05:19:38  esr1b.rk35.p02.da11 pstate is now 12/12
2024-07-31 05:19:38  esr1b.rk35.p02.da11 SC pstate is now -
2024-07-31 05:19:38  esr1b.rk26.p02.da11 pstate is now 12/12
2024-07-31 05:19:38  esr1b.rk26.p02.da11 SC pstate is now -
2024-07-31 05:19:38  esr1b.rk36.p02.da11 pstate is now 12/12
2024-07-31 05:19:38  esr1b.rk36.p02.da11 SC pstate is now -
2024-07-31 05:19:38  esr1a.rk35.p02.da11 pstate is now 12/12
2024-07-31 05:19:38  esr1a.rk35.p02.da11 SC pstate is now -
2024-07-31 05:19:38  esr1b.rk25.p02.da11 pstate is now 12/12
2024-07-31 05:19:38  esr1b.rk09.p02.da11 pstate is now 12/12
2024-07-31 05:19:38  esr1b.rk25.p02.da11 SC pstate is now -
2024-07-31 05:19:38  esr1b.rk09.p02.da11 SC pstate is now -
2024-07-31 05:19:38  esr1a.rk26.p02.da11 pstate is now 12/12
2024-07-31 05:19:38  esr1a.rk26.p02.da11 SC pstate is now -
2024-07-31 05:19:38  esr1b.rk37.p02.da11 pstate is now 12/12
2024-07-31 05:19:38  esr1b.rk37.p02.da11 SC pstate is now -
2024-07-31 05:19:38  esr1a.rk37.p02.da11 pstate is now 12/12
2024-07-31 05:19:38  esr1a.rk37.p02.da11 SC pstate is now -
2024-07-31 05:19:38  esr1a.rk25.p02.da11 pstate is now 12/12
2024-07-31 05:19:38  esr1a.rk25.p02.da11 SC pstate is now -
2024-07-31 05:19:38  esr1a.rk09.p02.da11 pstate is now 12/12
2024-07-31 05:19:38  esr1a.rk09.p02.da11 SC pstate is now -
2024-07-31 05:19:38  esr2a.rk37.p02.da11 pstate is now 12/12
2024-07-31 05:19:38  esr2a.rk37.p02.da11 SC pstate is now -
2024-07-31 05:19:39  esr2b.rk37.p02.da11 pstate is now 12/12
2024-07-31 05:19:39  esr2b.rk37.p02.da11 SC pstate is now -
2024-07-31 05:20:10  esr1b.rk10.p02.da11 Version is now EOS: 4.28.7M
2024-07-31 05:20:10  esr1a.rk19.p02.da11 Version is now EOS: 4.28.7M
2024-07-31 05:20:10  esr1a.rk06.p02.da11 Version is now EOS: 4.28.7M
2024-07-31 05:20:10  esr1b.rk14.p02.da11 Version is now EOS: 4.28.7M
2024-07-31 05:20:10  esr1a.rk15.p02.da11 Version is now EOS: 4.28.7M
2024-07-31 05:20:10  esr1a.rk16.p02.da11 Version is now EOS: 4.28.7M
2024-07-31 05:20:10  esr1a.rk37.p02.da11 Version is now EOS: 4.30.5M
2024-07-31 05:20:10  esr1b.rk18.p02.da11 Version is now EOS: 4.28.7M
2024-07-31 05:20:10  esr1b.rk07.p02.da11 Version is now EOS: 4.28.7M
2024-07-31 05:20:10  esr1b.rk21.p02.da11 Version is now EOS: 4.28.7M
2024-07-31 05:20:10  esr1a.rk11.p02.da11 Version is now EOS: 4.28.7M
2024-07-31 05:20:10  esr1a.rk07.p02.da11 Version is now EOS: 4.28.7M
2024-07-31 05:20:10  esr1b.rk10.p02.da11 is now Up / Up
2024-07-31 05:20:10  esr1a.rk09.p02.da11 Version is now EOS: 4.28.7M
2024-07-31 05:20:10  esr1a.rk13.p02.da11 Version is now EOS: 4.28.7M
2024-07-31 05:20:10  esr1a.rk20.p02.da11 Version is now EOS: 4.28.7M
2024-07-31 05:20:10  esr1b.rk15.p02.da11 Version is now EOS: 4.28.7M
2024-07-31 05:20:10  esr1a.rk08.p02.da11 Version is now EOS: 4.28.7M
2024-07-31 05:20:10  esr1a.rk10.p02.da11 Version is now EOS: 4.28.7M
2024-07-31 05:20:10  esr1a.rk17.p02.da11 Version is now EOS: 4.28.7M
2024-07-31 05:20:10  esr1a.rk22.p02.da11 Version is now EOS: 4.28.7M
2024-07-31 05:20:10  esr1b.rk08.p02.da11 Version is now EOS: 4.28.7M
2024-07-31 05:20:10  esr1a.rk18.p02.da11 Version is now EOS: 4.28.7M
2024-07-31 05:20:10  esr1b.rk05.p02.da11 Version is now EOS: 4.28.7M
2024-07-31 05:20:10  esr1b.rk17.p02.da11 Version is now EOS: 4.28.7M
2024-07-31 05:20:10  esr1b.rk12.p02.da11 Version is now EOS: 4.28.7M
2024-07-31 05:20:10  esr1a.rk21.p02.da11 Version is now EOS: 4.28.7M
2024-07-31 05:20:10  esr1b.rk22.p02.da11 Version is now EOS: 4.28.7M
2024-07-31 05:20:10  esr1a.rk23.p02.da11 Version is now EOS: 4.28.7M
2024-07-31 05:20:10  esr1a.rk19.p02.da11 is now Up / Up
2024-07-31 05:20:10  esr1b.rk24.p02.da11 Version is now EOS: 4.28.7M
2024-07-31 05:20:10  esr1b.rk16.p02.da11 Version is now EOS: 4.28.7M
2024-07-31 05:20:10  esr1b.rk20.p02.da11 Version is now EOS: 4.28.7M
2024-07-31 05:20:10  esr1a.rk24.p02.da11 Version is now EOS: 4.28.7M
2024-07-31 05:20:10  esr1a.rk12.p02.da11 Version is now EOS: 4.28.7M
2024-07-31 05:20:10  esr1b.rk19.p02.da11 Version is now EOS: 4.28.7M
2024-07-31 05:20:10  esr1b.rk23.p02.da11 Version is now EOS: 4.28.7M
2024-07-31 05:20:10  esr1b.rk11.p02.da11 Version is now EOS: 4.28.7M
2024-07-31 05:20:10  esr1b.rk37.p02.da11 Version is now EOS: 4.30.5M
2024-07-31 05:20:10  esr1b.rk06.p02.da11 Version is now EOS: 4.28.7M
2024-07-31 05:20:10  esr1b.rk14.p02.da11 is now Up / Up
2024-07-31 05:20:10  esr1a.rk06.p02.da11 is now Up / Up
2024-07-31 05:20:10  esr1b.rk13.p02.da11 Version is now EOS: 4.28.7M
2024-07-31 05:20:10  esr1a.rk15.p02.da11 is now Up / Up
2024-07-31 05:20:10  esr1a.rk14.p02.da11 Version is now EOS: 4.28.7M
2024-07-31 05:20:10  esr1a.rk05.p02.da11 Version is now EOS: 4.28.7M
2024-07-31 05:20:10  esr1a.rk16.p02.da11 is now Up / Up
2024-07-31 05:20:10  esr1b.rk07.p02.da11 is now Up / Up
2024-07-31 05:20:10  esr1a.rk10.p02.da11 is now Up / Up
2024-07-31 05:20:10  esr1a.rk11.p02.da11 is now Up / Up
2024-07-31 05:20:10  esr1b.rk18.p02.da11 is now Up / Up
2024-07-31 05:20:10  esr1a.rk37.p02.da11 is now Up / Up
2024-07-31 05:20:10  esr1b.rk21.p02.da11 is now Up / Up
2024-07-31 05:20:10  esr1a.rk13.p02.da11 is now Up / Up
2024-07-31 05:20:10  esr1b.rk09.p02.da11 Version is now EOS: 4.28.7M
2024-07-31 05:20:10  esr1b.rk15.p02.da11 is now Up / Up
2024-07-31 05:20:10  esr1a.rk08.p02.da11 is now Up / Up
2024-07-31 05:20:10  esr1a.rk07.p02.da11 is now Up / Up
2024-07-31 05:20:10  esr1b.rk08.p02.da11 is now Up / Up
2024-07-31 05:20:10  esr1a.rk09.p02.da11 is now Up / Up
2024-07-31 05:20:10  esr1a.rk20.p02.da11 is now Up / Up
2024-07-31 05:20:10  esr1a.rk17.p02.da11 is now Up / Up
2024-07-31 05:20:10  esr1a.rk23.p02.da11 is now Up / Up
2024-07-31 05:20:10  esr1b.rk22.p02.da11 is now Up / Up
2024-07-31 05:20:10  esr1a.rk24.p02.da11 is now Up / Up
2024-07-31 05:20:10  esr1b.rk19.p02.da11 is now Up / Up
2024-07-31 05:20:10  esr1a.rk18.p02.da11 is now Up / Up
2024-07-31 05:20:10  esr1a.rk22.p02.da11 is now Up / Up
2024-07-31 05:20:10  esr1b.rk05.p02.da11 is now Up / Up
2024-07-31 05:20:10  esr1b.rk37.p02.da11 is now Up / Up
2024-07-31 05:20:10  esr1b.rk16.p02.da11 is now Up / Up
2024-07-31 05:20:10  esr1b.rk24.p02.da11 is now Up / Up
2024-07-31 05:20:10  esr1b.rk12.p02.da11 is now Up / Up
2024-07-31 05:20:10  esr1b.rk11.p02.da11 is now Up / Up
2024-07-31 05:20:10  esr1b.rk06.p02.da11 is now Up / Up
2024-07-31 05:20:10  esr1b.rk23.p02.da11 is now Up / Up
2024-07-31 05:20:10  esr1a.rk21.p02.da11 is now Up / Up
2024-07-31 05:20:10  esr1a.rk05.p02.da11 is now Up / Up
2024-07-31 05:20:10  esr1b.rk20.p02.da11 is now Up / Up
2024-07-31 05:20:10  esr1a.rk14.p02.da11 is now Up / Up
2024-07-31 05:20:10  esr1b.rk17.p02.da11 is now Up / Up
2024-07-31 05:20:10  esr1a.rk12.p02.da11 is now Up / Up
2024-07-31 05:20:10  esr1b.rk13.p02.da11 is now Up / Up
2024-07-31 05:20:10  esr1b.rk09.p02.da11 is now Up / Up
2024-07-31 05:20:10  msw1.rk15.p02.da11 Version is now EOS: 4.28.7M
2024-07-31 05:20:10  ssp3.da11 Version is now EOS: 4.28.7M
2024-07-31 05:20:10  msw1.rk13.p02.da11 Version is now EOS: 4.28.7M
2024-07-31 05:20:10  msw1.rk14.p02.da11 Version is now EOS: 4.28.7M
2024-07-31 05:20:10  esr1a.rk36.p02.da11 Version is now EOS: 4.28.7M
2024-07-31 05:20:10  msw1.rk12.p02.da11 Version is now EOS: 4.28.7M
2024-07-31 05:20:10  msw1.rk24.p02.da11 Version is now EOS: 4.28.7M
2024-07-31 05:20:10  esr1a.rk35.p02.da11 Version is now EOS: 4.28.7M
2024-07-31 05:20:10  esr1b.rk25.p02.da11 Version is now EOS: 4.28.7M
2024-07-31 05:20:10  msw1.rk17.p02.da11 Version is now EOS: 4.28.7M
2024-07-31 05:20:10  msw1.rk19.p02.da11 Version is now EOS: 4.28.7M
2024-07-31 05:20:10  msw1.rk06.p02.da11 Version is now EOS: 4.28.7M
2024-07-31 05:20:10  esr2b.rk37.p02.da11 Version is now EOS: 4.30.5M
2024-07-31 05:20:10  esr1b.rk36.p02.da11 Version is now EOS: 4.28.7M
2024-07-31 05:20:10  msw1.rk05.p02.da11 Version is now EOS: 4.28.7M
2024-07-31 05:20:10  ssp4.da11 Version is now EOS: 4.28.7M
2024-07-31 05:20:10  msw1.rk07.p02.da11 Version is now EOS: 4.28.7M
2024-07-31 05:20:10  msw1.rk08.p02.da11 Version is now EOS: 4.28.7M
2024-07-31 05:20:10  msw1.rk20.p02.da11 Version is now EOS: 4.28.7M
2024-07-31 05:20:10  msw1.rk16.p02.da11 Version is now EOS: 4.28.7M
2024-07-31 05:20:10  ssp1.da11 Version is now EOS: 4.28.7M
2024-07-31 05:20:10  msw1.rk26.p02.da11 Version is now EOS: 4.28.7M
2024-07-31 05:20:10  msw1.rk35.p02.da11 Version is now EOS: 4.28.7M
2024-07-31 05:20:10  esr1a.rk25.p02.da11 Version is now EOS: 4.28.7M
2024-07-31 05:20:10  msw1.rk22.p02.da11 Version is now EOS: 4.28.7M
2024-07-31 05:20:10  msw1.rk09.p02.da11 Version is now EOS: 4.28.7M
2024-07-31 05:20:10  msw1.rk21.p02.da11 Version is now EOS: 4.28.7M
2024-07-31 05:20:10  msw1.rk23.p02.da11 Version is now EOS: 4.28.7M
2024-07-31 05:20:10  msw1.rk36.p02.da11 Version is now EOS: 4.28.7M
2024-07-31 05:20:10  msw1.rk25.p02.da11 Version is now EOS: 4.28.7M
2024-07-31 05:20:10  esr1b.rk26.p02.da11 Version is now EOS: 4.28.7M
2024-07-31 05:20:10  esr1a.rk26.p02.da11 Version is now EOS: 4.28.7M
2024-07-31 05:20:10  msw1.rk10.p02.da11 Version is now EOS: 4.28.7M
2024-07-31 05:20:10  msw1.rk18.p02.da11 Version is now EOS: 4.28.7M
2024-07-31 05:20:10  msw1.rk37.p02.da11 Version is now EOS: 4.30.5M
2024-07-31 05:20:10  esr2a.rk37.p02.da11 Version is now EOS: 4.30.5M
2024-07-31 05:20:10  msw1.rk11.p02.da11 Version is now EOS: 4.28.7M
2024-07-31 05:20:10  ssp2.da11 Version is now EOS: 4.28.7M
2024-07-31 05:20:10  esr1b.rk35.p02.da11 Version is now EOS: 4.28.7M
2024-07-31 05:20:10  ssp3.da11 is now Up / Up
2024-07-31 05:20:10  esr1b.rk25.p02.da11 is now Up / Up
2024-07-31 05:20:10  esr1a.rk36.p02.da11 is now Up / Up
2024-07-31 05:20:10  esr2b.rk37.p02.da11 is now Up / Up
2024-07-31 05:20:10  ssp1.da11 is now Up / Up
2024-07-31 05:20:10  esr1a.rk35.p02.da11 is now Up / Up
2024-07-31 05:20:10  esr1b.rk36.p02.da11 is now Up / Up
2024-07-31 05:20:10  esr1a.rk25.p02.da11 is now Up / Up
2024-07-31 05:20:10  esr1b.rk26.p02.da11 is now Up / Up
2024-07-31 05:20:10  esr1a.rk26.p02.da11 is now Up / Up
2024-07-31 05:20:10  ssp4.da11 is now Up / Up
2024-07-31 05:20:10  esr2a.rk37.p02.da11 is now Up / Up
2024-07-31 05:20:10  esr1b.rk35.p02.da11 is now Up / Up
2024-07-31 05:20:10  ssp2.da11 is now Up / Up
2024-07-31 05:20:11  dsr3.rk03.p02.da11 Version is now EOS: 4.28.7M
2024-07-31 05:20:11  dsr2.rk02.p02.da11 Version is now EOS: 4.28.7M
2024-07-31 05:20:11  dsr3.rk03.p02.da11 is now Up / Up
2024-07-31 05:20:11  dsr2.rk02.p02.da11 is now Up / Up
2024-07-31 05:20:11  dsr4.rk04.p02.da11 Version is now EOS: 4.28.7M
2024-07-31 05:20:11  esr1b.rk10.p02.da11 is now NoMaint
2024-07-31 05:20:11  esr1b.rk14.p02.da11 is now NoMaint
2024-07-31 05:20:11  esr1a.rk19.p02.da11 is now NoMaint
2024-07-31 05:20:11  esr1a.rk06.p02.da11 is now NoMaint
2024-07-31 05:20:11  dsr4.rk04.p02.da11 is now Up / Up
2024-07-31 05:20:11  esr1b.rk18.p02.da11 is now NoMaint
2024-07-31 05:20:11  esr1a.rk11.p02.da11 is now NoMaint
2024-07-31 05:20:11  esr1b.rk07.p02.da11 is now NoMaint
2024-07-31 05:20:11  esr1a.rk15.p02.da11 is now NoMaint
2024-07-31 05:20:11  esr1a.rk08.p02.da11 is now NoMaint
2024-07-31 05:20:11  esr1b.rk21.p02.da11 is now NoMaint
2024-07-31 05:20:11  esr1a.rk13.p02.da11 is now NoMaint
2024-07-31 05:20:11  esr1a.rk07.p02.da11 is now NoMaint
2024-07-31 05:20:11  esr1a.rk20.p02.da11 is now NoMaint
2024-07-31 05:20:11  dsr1.rk01.p02.da11 Version is now EOS: 4.28.7M
2024-07-31 05:20:11  esr1a.rk23.p02.da11 is now NoMaint
2024-07-31 05:20:11  esr1b.rk22.p02.da11 is now NoMaint
2024-07-31 05:20:11  esr1a.rk24.p02.da11 is now NoMaint
2024-07-31 05:20:11  esr1b.rk23.p02.da11 is now NoMaint
2024-07-31 05:20:11  esr1b.rk12.p02.da11 is now NoMaint
2024-07-31 05:20:11  esr1a.rk17.p02.da11 is now NoMaint
2024-07-31 05:20:11  esr1b.rk08.p02.da11 is now NoMaint
2024-07-31 05:20:11  esr1a.rk14.p02.da11 is now NoMaint
2024-07-31 05:20:11  esr1a.rk05.p02.da11 is now NoMaint
2024-07-31 05:20:11  esr1a.rk18.p02.da11 is now NoMaint
2024-07-31 05:20:11  esr1a.rk22.p02.da11 is now NoMaint
2024-07-31 05:20:11  esr1a.rk16.p02.da11 is now NoMaint
2024-07-31 05:20:11  esr1b.rk15.p02.da11 is now NoMaint
2024-07-31 05:20:11  esr1a.rk09.p02.da11 is now NoMaint
2024-07-31 05:20:11  esr1b.rk05.p02.da11 is now NoMaint
2024-07-31 05:20:11  esr1b.rk11.p02.da11 is now NoMaint
2024-07-31 05:20:11  esr1b.rk17.p02.da11 is now NoMaint
2024-07-31 05:20:11  esr1b.rk09.p02.da11 is now NoMaint
2024-07-31 05:20:11  esr1b.rk19.p02.da11 is now NoMaint
2024-07-31 05:20:11  esr1b.rk20.p02.da11 is now NoMaint
2024-07-31 05:20:11  esr1b.rk16.p02.da11 is now NoMaint
2024-07-31 05:20:11  esr1b.rk13.p02.da11 is now NoMaint
2024-07-31 05:20:11  esr1b.rk06.p02.da11 is now NoMaint
2024-07-31 05:20:11  esr1a.rk12.p02.da11 is now NoMaint
2024-07-31 05:20:11  esr1b.rk24.p02.da11 is now NoMaint
2024-07-31 05:20:11  esr1a.rk21.p02.da11 is now NoMaint
2024-07-31 05:20:11  esr1a.rk10.p02.da11 is now NoMaint
2024-07-31 05:20:11  dsr1.rk01.p02.da11 is now Up / Up
2024-07-31 05:20:11  esr1b.rk37.p02.da11 is now Disabled
2024-07-31 05:20:11  msw1.rk15.p02.da11 pstate is now 2/2
2024-07-31 05:20:11  msw1.rk15.p02.da11 SC pstate is now -
2024-07-31 05:20:11  msw1.rk15.p02.da11 is now Up
2024-07-31 05:20:11  esr1a.rk37.p02.da11 is now Disabled
2024-07-31 05:20:11  msw1.rk14.p02.da11 pstate is now 2/2
2024-07-31 05:20:11  msw1.rk14.p02.da11 SC pstate is now -
2024-07-31 05:20:11  msw1.rk14.p02.da11 is now Up
2024-07-31 05:20:11  msw1.rk06.p02.da11 pstate is now 2/2
2024-07-31 05:20:11  msw1.rk06.p02.da11 SC pstate is now -
2024-07-31 05:20:11  msw1.rk06.p02.da11 is now Up
2024-07-31 05:20:11  msw1.rk19.p02.da11 pstate is now 2/2
2024-07-31 05:20:11  msw1.rk19.p02.da11 SC pstate is now -
2024-07-31 05:20:11  msw1.rk19.p02.da11 is now Up
2024-07-31 05:20:11  msw1.rk08.p02.da11 pstate is now 2/2
2024-07-31 05:20:11  msw1.rk08.p02.da11 SC pstate is now -
2024-07-31 05:20:11  msw1.rk08.p02.da11 is now Up
2024-07-31 05:20:11  msw1.rk20.p02.da11 pstate is now 2/2
2024-07-31 05:20:11  msw1.rk20.p02.da11 SC pstate is now -
2024-07-31 05:20:11  msw1.rk20.p02.da11 is now Up
2024-07-31 05:20:11  msw1.rk23.p02.da11 pstate is now 2/2
2024-07-31 05:20:11  msw1.rk23.p02.da11 SC pstate is now -
2024-07-31 05:20:11  msw1.rk23.p02.da11 is now Up
2024-07-31 05:20:11  msw1.rk13.p02.da11 pstate is now 2/2
2024-07-31 05:20:11  msw1.rk13.p02.da11 SC pstate is now -
2024-07-31 05:20:11  msw1.rk13.p02.da11 is now Up
2024-07-31 05:20:11  msw1.rk12.p02.da11 pstate is now 2/2
2024-07-31 05:20:11  msw1.rk12.p02.da11 SC pstate is now -
2024-07-31 05:20:11  msw1.rk12.p02.da11 is now Up
2024-07-31 05:20:11  msw1.rk07.p02.da11 pstate is now 2/2
2024-07-31 05:20:11  msw1.rk07.p02.da11 SC pstate is now -
2024-07-31 05:20:11  msw1.rk07.p02.da11 is now Up
2024-07-31 05:20:11  msw1.rk26.p02.da11 pstate is now 2/2
2024-07-31 05:20:11  msw1.rk26.p02.da11 SC pstate is now -
2024-07-31 05:20:11  msw1.rk26.p02.da11 is now Up
2024-07-31 05:20:11  msw1.rk18.p02.da11 pstate is now 2/2
2024-07-31 05:20:11  msw1.rk18.p02.da11 SC pstate is now -
2024-07-31 05:20:11  msw1.rk18.p02.da11 is now Up
2024-07-31 05:20:11  msw1.rk16.p02.da11 pstate is now 2/2
2024-07-31 05:20:11  msw1.rk16.p02.da11 SC pstate is now -
2024-07-31 05:20:11  msw1.rk16.p02.da11 is now Up
2024-07-31 05:20:11  msw1.rk22.p02.da11 pstate is now 2/2
2024-07-31 05:20:11  msw1.rk22.p02.da11 SC pstate is now -
2024-07-31 05:20:11  msw1.rk22.p02.da11 is now Up
2024-07-31 05:20:11  msw1.rk24.p02.da11 pstate is now 2/2
2024-07-31 05:20:11  msw1.rk17.p02.da11 pstate is now 2/2
2024-07-31 05:20:11  msw1.rk24.p02.da11 SC pstate is now -
2024-07-31 05:20:11  msw1.rk24.p02.da11 is now Up
2024-07-31 05:20:11  msw1.rk17.p02.da11 SC pstate is now -
2024-07-31 05:20:11  msw1.rk17.p02.da11 is now Up
2024-07-31 05:20:11  msw1.rk05.p02.da11 pstate is now 2/2
2024-07-31 05:20:11  msw1.rk05.p02.da11 SC pstate is now -
2024-07-31 05:20:11  msw1.rk05.p02.da11 is now Up
2024-07-31 05:20:11  msw1.rk35.p02.da11 pstate is now 2/2
2024-07-31 05:20:11  msw1.rk35.p02.da11 SC pstate is now -
2024-07-31 05:20:11  msw1.rk35.p02.da11 is now Up
2024-07-31 05:20:11  msw1.rk37.p02.da11 pstate is now 2/2
2024-07-31 05:20:11  msw1.rk37.p02.da11 SC pstate is now -
2024-07-31 05:20:11  msw1.rk37.p02.da11 is now Up
2024-07-31 05:20:11  msw1.rk10.p02.da11 pstate is now 2/2
2024-07-31 05:20:11  msw1.rk10.p02.da11 SC pstate is now -
2024-07-31 05:20:11  msw1.rk10.p02.da11 is now Up
2024-07-31 05:20:11  msw1.rk09.p02.da11 pstate is now 2/2
2024-07-31 05:20:11  msw1.rk09.p02.da11 SC pstate is now -
2024-07-31 05:20:11  msw1.rk09.p02.da11 is now Up
2024-07-31 05:20:11  msw1.rk36.p02.da11 pstate is now 2/2
2024-07-31 05:20:11  msw1.rk36.p02.da11 SC pstate is now -
2024-07-31 05:20:11  msw1.rk36.p02.da11 is now Up
2024-07-31 05:20:11  msw1.rk25.p02.da11 pstate is now 2/2
2024-07-31 05:20:11  msw1.rk25.p02.da11 SC pstate is now -
2024-07-31 05:20:11  msw1.rk25.p02.da11 is now Up
2024-07-31 05:20:11  msw1.rk21.p02.da11 pstate is now 2/2
2024-07-31 05:20:11  msw1.rk21.p02.da11 SC pstate is now -
2024-07-31 05:20:11  msw1.rk21.p02.da11 is now Up
2024-07-31 05:20:11  msw1.rk11.p02.da11 pstate is now 2/2
2024-07-31 05:20:11  msw1.rk11.p02.da11 SC pstate is now -
2024-07-31 05:20:11  msw1.rk11.p02.da11 is now Up
2024-07-31 05:20:11  ssp3.da11 is now NoMaint
2024-07-31 05:20:11  ssp1.da11 is now NoMaint
2024-07-31 05:20:11  esr1a.rk36.p02.da11 is now Disabled
2024-07-31 05:20:11  esr1a.rk35.p02.da11 is now Disabled
2024-07-31 05:20:11  esr1b.rk25.p02.da11 is now NoMaint
2024-07-31 05:20:11  esr1b.rk26.p02.da11 is now NoMaint
2024-07-31 05:20:11  esr1b.rk36.p02.da11 is now Disabled
2024-07-31 05:20:11  esr1b.rk35.p02.da11 is now Disabled
2024-07-31 05:20:11  ssp4.da11 is now NoMaint
2024-07-31 05:20:11  dsr3.rk03.p02.da11 is now NoMaint
2024-07-31 05:20:11  esr1a.rk26.p02.da11 is now NoMaint
2024-07-31 05:20:11  ssp2.da11 is now NoMaint
2024-07-31 05:20:11  dsr2.rk02.p02.da11 is now NoMaint
2024-07-31 05:20:11  esr1a.rk25.p02.da11 is now NoMaint
2024-07-31 05:20:11  dsr4.rk04.p02.da11 is now NoMaint
2024-07-31 05:20:11  dsr1.rk01.p02.da11 is now NoMaint
2024-07-31 05:20:11  esr2a.rk37.p02.da11 is now Disabled
2024-07-31 05:20:11  esr2b.rk37.p02.da11 is now Disabled
2024-07-31 05:20:12  esr1b.rk10.p02.da11 pstate is now 12/12
2024-07-31 05:20:12  esr1b.rk10.p02.da11 SC pstate is now -
2024-07-31 05:20:12  dsr3.rk03.p02.da11 pstate is now 8/8
2024-07-31 05:20:12  dsr3.rk03.p02.da11 SC pstate is now -
2024-07-31 05:20:12  esr1b.rk14.p02.da11 pstate is now 12/12
2024-07-31 05:20:12  esr1b.rk14.p02.da11 SC pstate is now -
2024-07-31 05:20:12  esr1a.rk07.p02.da11 pstate is now 12/12
2024-07-31 05:20:12  esr1a.rk07.p02.da11 SC pstate is now -
2024-07-31 05:20:12  dsr2.rk02.p02.da11 pstate is now 8/8
2024-07-31 05:20:12  dsr2.rk02.p02.da11 SC pstate is now -
2024-07-31 05:20:12  esr1a.rk18.p02.da11 pstate is now 12/12
2024-07-31 05:20:12  esr1a.rk18.p02.da11 SC pstate is now -
2024-07-31 05:20:12  esr1b.rk18.p02.da11 pstate is now 12/12
2024-07-31 05:20:12  esr1b.rk18.p02.da11 SC pstate is now -
2024-07-31 05:20:12  esr1a.rk15.p02.da11 pstate is now 12/12
2024-07-31 05:20:12  esr1a.rk15.p02.da11 SC pstate is now -
2024-07-31 05:20:12  esr1a.rk23.p02.da11 pstate is now 12/12
2024-07-31 05:20:12  esr1a.rk23.p02.da11 SC pstate is now -
2024-07-31 05:20:12  esr1a.rk19.p02.da11 pstate is now 12/12
2024-07-31 05:20:12  esr1a.rk19.p02.da11 SC pstate is now -
2024-07-31 05:20:12  esr1b.rk05.p02.da11 pstate is now 12/12
2024-07-31 05:20:12  esr1b.rk05.p02.da11 SC pstate is now -
2024-07-31 05:20:12  esr1b.rk22.p02.da11 pstate is now 12/12
2024-07-31 05:20:12  esr1b.rk22.p02.da11 SC pstate is now -
2024-07-31 05:20:12  esr1b.rk21.p02.da11 pstate is now 12/12
2024-07-31 05:20:12  esr1b.rk21.p02.da11 SC pstate is now -
2024-07-31 05:20:12  esr1a.rk11.p02.da11 pstate is now 12/12
2024-07-31 05:20:12  esr1a.rk11.p02.da11 SC pstate is now -
2024-07-31 05:20:12  esr1a.rk06.p02.da11 pstate is now 12/12
2024-07-31 05:20:12  esr1a.rk06.p02.da11 SC pstate is now -
2024-07-31 05:20:12  esr1a.rk20.p02.da11 pstate is now 12/12
2024-07-31 05:20:12  esr1a.rk20.p02.da11 SC pstate is now -
2024-07-31 05:20:12  esr1b.rk07.p02.da11 pstate is now 12/12
2024-07-31 05:20:12  esr1b.rk07.p02.da11 SC pstate is now -
2024-07-31 05:20:12  esr1b.rk23.p02.da11 pstate is now 12/12
2024-07-31 05:20:12  esr1b.rk23.p02.da11 SC pstate is now -
2024-07-31 05:20:12  esr1b.rk06.p02.da11 pstate is now 12/12
2024-07-31 05:20:12  esr1b.rk06.p02.da11 SC pstate is now -
2024-07-31 05:20:12  esr1a.rk13.p02.da11 pstate is now 12/12
2024-07-31 05:20:12  esr1a.rk13.p02.da11 SC pstate is now -
2024-07-31 05:20:12  esr1b.rk12.p02.da11 pstate is now 12/12
2024-07-31 05:20:12  esr1b.rk12.p02.da11 SC pstate is now -
2024-07-31 05:20:12  ssp1.da11 pstate is now 2/2
2024-07-31 05:20:12  esr1a.rk22.p02.da11 pstate is now 12/12
2024-07-31 05:20:12  ssp1.da11 SC pstate is now -
2024-07-31 05:20:12  esr1a.rk22.p02.da11 SC pstate is now -
2024-07-31 05:20:12  esr1a.rk08.p02.da11 pstate is now 12/12
2024-07-31 05:20:12  esr1a.rk17.p02.da11 pstate is now 12/12
2024-07-31 05:20:12  esr1a.rk17.p02.da11 SC pstate is now -
2024-07-31 05:20:12  esr1a.rk08.p02.da11 SC pstate is now -
2024-07-31 05:20:12  esr1b.rk11.p02.da11 pstate is now 12/12
2024-07-31 05:20:12  esr1b.rk16.p02.da11 pstate is now 12/12
2024-07-31 05:20:12  esr1b.rk16.p02.da11 SC pstate is now -
2024-07-31 05:20:12  esr1a.rk09.p02.da11 pstate is now 12/12
2024-07-31 05:20:12  esr1a.rk09.p02.da11 SC pstate is now -
2024-07-31 05:20:12  esr1a.rk12.p02.da11 pstate is now 12/12
2024-07-31 05:20:12  ssp3.da11 pstate is now 2/2
2024-07-31 05:20:12  esr1a.rk12.p02.da11 SC pstate is now -
2024-07-31 05:20:12  esr1a.rk16.p02.da11 pstate is now 12/12
2024-07-31 05:20:12  esr1a.rk24.p02.da11 pstate is now 12/12
2024-07-31 05:20:12  esr1a.rk16.p02.da11 SC pstate is now -
2024-07-31 05:20:12  ssp3.da11 SC pstate is now -
2024-07-31 05:20:12  esr1b.rk11.p02.da11 SC pstate is now -
2024-07-31 05:20:12  esr1a.rk24.p02.da11 SC pstate is now -
2024-07-31 05:20:12  esr1b.rk24.p02.da11 pstate is now 12/12
2024-07-31 05:20:12  esr1b.rk24.p02.da11 SC pstate is now -
2024-07-31 05:20:12  esr1b.rk08.p02.da11 pstate is now 12/12
2024-07-31 05:20:12  esr1b.rk08.p02.da11 SC pstate is now -
2024-07-31 05:20:12  esr1a.rk10.p02.da11 pstate is now 12/12
2024-07-31 05:20:12  esr1a.rk10.p02.da11 SC pstate is now -
2024-07-31 05:20:12  esr1b.rk15.p02.da11 pstate is now 12/12
2024-07-31 05:20:12  esr1b.rk15.p02.da11 SC pstate is now -
2024-07-31 05:20:12  esr1b.rk13.p02.da11 pstate is now 12/12
2024-07-31 05:20:12  esr1b.rk13.p02.da11 SC pstate is now -
2024-07-31 05:20:12  esr1b.rk19.p02.da11 pstate is now 12/12
2024-07-31 05:20:12  esr1b.rk19.p02.da11 SC pstate is now -
2024-07-31 05:20:12  esr1b.rk20.p02.da11 pstate is now 12/12
2024-07-31 05:20:12  esr1b.rk20.p02.da11 SC pstate is now -
2024-07-31 05:20:12  esr1a.rk21.p02.da11 pstate is now 12/12
2024-07-31 05:20:12  esr1a.rk21.p02.da11 SC pstate is now -
2024-07-31 05:20:12  esr1a.rk14.p02.da11 pstate is now 12/12
2024-07-31 05:20:12  esr1b.rk09.p02.da11 pstate is now 12/12
2024-07-31 05:20:12  esr1b.rk17.p02.da11 pstate is now 12/12
2024-07-31 05:20:12  esr1b.rk09.p02.da11 SC pstate is now -
2024-07-31 05:20:12  esr1a.rk14.p02.da11 SC pstate is now -
2024-07-31 05:20:12  esr1b.rk17.p02.da11 SC pstate is now -
2024-07-31 05:20:12  ssp2.da11 pstate is now 2/2
2024-07-31 05:20:12  ssp2.da11 SC pstate is now -
2024-07-31 05:20:12  esr1a.rk05.p02.da11 pstate is now 12/12
2024-07-31 05:20:12  esr1a.rk05.p02.da11 SC pstate is now -
2024-07-31 05:20:12  dsr4.rk04.p02.da11 pstate is now 8/8
2024-07-31 05:20:12  dsr4.rk04.p02.da11 SC pstate is now -
2024-07-31 05:20:12  ssp4.da11 pstate is now 2/2
2024-07-31 05:20:12  ssp4.da11 SC pstate is now -
2024-07-31 05:20:12  dsr1.rk01.p02.da11 pstate is now 8/8
2024-07-31 05:20:12  dsr1.rk01.p02.da11 SC pstate is now -
2024-07-31 05:20:12  esr1a.rk35.p02.da11 pstate is now 12/12
2024-07-31 05:20:12  esr1a.rk35.p02.da11 SC pstate is now -
2024-07-31 05:20:12  esr1b.rk35.p02.da11 pstate is now 12/12
2024-07-31 05:20:12  esr1b.rk35.p02.da11 SC pstate is now -
2024-07-31 05:20:12  esr1b.rk36.p02.da11 pstate is now 12/12
2024-07-31 05:20:12  esr1b.rk36.p02.da11 SC pstate is now -
2024-07-31 05:20:12  esr1a.rk36.p02.da11 pstate is now 12/12
2024-07-31 05:20:12  esr1a.rk36.p02.da11 SC pstate is now -
2024-07-31 05:20:12  esr1b.rk37.p02.da11 pstate is now 12/12
2024-07-31 05:20:12  esr1b.rk37.p02.da11 SC pstate is now -
2024-07-31 05:20:12  esr1b.rk26.p02.da11 pstate is now 12/12
2024-07-31 05:20:12  esr1b.rk26.p02.da11 SC pstate is now -
2024-07-31 05:20:12  esr1b.rk25.p02.da11 pstate is now 12/12
2024-07-31 05:20:12  esr1b.rk25.p02.da11 SC pstate is now -
2024-07-31 05:20:12  esr1a.rk37.p02.da11 pstate is now 12/12
2024-07-31 05:20:12  esr1a.rk37.p02.da11 SC pstate is now -
2024-07-31 05:20:12  esr1a.rk25.p02.da11 pstate is now 12/12
2024-07-31 05:20:12  esr1a.rk25.p02.da11 SC pstate is now -
2024-07-31 05:20:13  esr1a.rk26.p02.da11 pstate is now 12/12
2024-07-31 05:20:13  esr1a.rk26.p02.da11 SC pstate is now -
2024-07-31 05:20:13  esr2b.rk37.p02.da11 pstate is now 12/12
2024-07-31 05:20:13  esr2b.rk37.p02.da11 SC pstate is now -
2024-07-31 05:20:13  esr2a.rk37.p02.da11 pstate is now 12/12
2024-07-31 05:20:13  esr2a.rk37.p02.da11 SC pstate is now -
2024-07-31 05:20:19  Status Checking Complete
