2024-09-20 12:28:31 - Script Start
2024-09-20 12:28:32 - {
    "esr1a.rk15.p01.fr8": {
        "dev_type": "Nokia",
        "updown": "Down/Down",
        "peerstate": "INIT",
        "scpeerstate": "INIT",
        "maintmode": "INIT",
        "mlagstate": "INIT",
        "version": "INIT",
        "svrPortState": "INIT"
    },
    "esr1b.rk15.p01.fr8": {
        "dev_type": "Nokia",
        "updown": "Down/Down",
        "peerstate": "INIT",
        "scpeerstate": "INIT",
        "maintmode": "INIT",
        "mlagstate": "INIT",
        "version": "INIT",
        "svrPortState": "INIT"
    }
}
2024-09-20 12:28:32 - Starting Status Checks
2024-09-20 12:28:34 - esr1a.rk15.p01.fr8 Version is now SRL: v23.10.4-89-g68bbba5a50
2024-09-20 12:28:34 - esr1a.rk15.p01.fr8 is now Up / Up
2024-09-20 12:28:34 - esr1b.rk15.p01.fr8 Version is now SRL: v23.10.4-89-g68bbba5a50
2024-09-20 12:28:34 - esr1b.rk15.p01.fr8 is now Up / Up
2024-09-20 12:28:35 - esr1a.rk15.p01.mgmt.fr8 GNMI System Maintenance request failed
2024-09-20 12:28:35 - esr1b.rk15.p01.fr8 is now NoMaint
2024-09-20 12:28:36 - esr1a.rk15.p01.fr8 pstate is now 15/15
2024-09-20 12:28:36 - esr1a.rk15.p01.fr8 SC pstate is now -
2024-09-20 12:28:36 - esr1b.rk15.p01.fr8 pstate is now 15/15
2024-09-20 12:28:36 - esr1b.rk15.p01.fr8 SC pstate is now -
2024-09-20 12:29:11 - esr1b.rk15.p01.fr8 Version is now SRL: v23.10.4-89-g68bbba5a50
2024-09-20 12:29:11 - esr1b.rk15.p01.fr8 is now Up / Up
2024-09-20 12:29:11 - esr1a.rk15.p01.fr8 Version is now SRL: v23.10.4-89-g68bbba5a50
2024-09-20 12:29:11 - esr1a.rk15.p01.fr8 is now Up / Up
2024-09-20 12:29:12 - esr1b.rk15.p01.fr8 is now NoMaint
2024-09-20 12:29:12 - esr1a.rk15.p01.mgmt.fr8 GNMI System Maintenance request failed
2024-09-20 12:29:13 - esr1b.rk15.p01.fr8 pstate is now 15/15
2024-09-20 12:29:13 - esr1b.rk15.p01.fr8 SC pstate is now -
2024-09-20 12:29:13 - esr1a.rk15.p01.fr8 pstate is now 15/15
2024-09-20 12:29:13 - esr1a.rk15.p01.fr8 SC pstate is now -
2024-09-20 12:29:48 - esr1b.rk15.p01.fr8 Version is now SRL: v23.10.4-89-g68bbba5a50
2024-09-20 12:29:48 - esr1b.rk15.p01.fr8 is now Up / Up
2024-09-20 12:29:48 - esr1a.rk15.p01.fr8 Version is now SRL: v23.10.4-89-g68bbba5a50
2024-09-20 12:29:48 - esr1a.rk15.p01.fr8 is now Up / Up
2024-09-20 12:29:49 - esr1a.rk15.p01.mgmt.fr8 GNMI System Maintenance request failed
2024-09-20 12:29:49 - esr1b.rk15.p01.fr8 is now NoMaint
2024-09-20 12:29:50 - esr1b.rk15.p01.fr8 pstate is now 15/15
2024-09-20 12:29:50 - esr1b.rk15.p01.fr8 SC pstate is now -
2024-09-20 12:29:50 - esr1a.rk15.p01.fr8 pstate is now 15/15
2024-09-20 12:29:50 - esr1a.rk15.p01.fr8 SC pstate is now -
2024-09-20 12:30:24 - esr1a.rk15.p01.fr8 Version is now SRL: v23.10.4-89-g68bbba5a50
2024-09-20 12:30:24 - esr1a.rk15.p01.fr8 is now Up / Up
2024-09-20 12:30:24 - esr1b.rk15.p01.fr8 Version is now SRL: v23.10.4-89-g68bbba5a50
2024-09-20 12:30:24 - esr1b.rk15.p01.fr8 is now Up / Up
2024-09-20 12:30:26 - esr1a.rk15.p01.mgmt.fr8 GNMI System Maintenance request failed
2024-09-20 12:30:26 - esr1b.rk15.p01.fr8 is now NoMaint
2024-09-20 12:30:27 - esr1b.rk15.p01.fr8 pstate is now 15/15
2024-09-20 12:30:27 - esr1b.rk15.p01.fr8 SC pstate is now -
2024-09-20 12:30:27 - esr1a.rk15.p01.fr8 pstate is now 15/15
2024-09-20 12:30:27 - esr1a.rk15.p01.fr8 SC pstate is now -
2024-09-20 12:31:02 - esr1a.rk15.p01.fr8 Version is now SRL: v23.10.4-89-g68bbba5a50
2024-09-20 12:31:02 - esr1a.rk15.p01.fr8 is now Up / Up
2024-09-20 12:31:02 - esr1b.rk15.p01.fr8 Version is now SRL: v23.10.4-89-g68bbba5a50
2024-09-20 12:31:02 - esr1b.rk15.p01.fr8 is now Up / Up
2024-09-20 12:31:03 - esr1a.rk15.p01.mgmt.fr8 GNMI System Maintenance request failed
2024-09-20 12:31:03 - esr1b.rk15.p01.fr8 is now NoMaint
2024-09-20 12:31:04 - esr1a.rk15.p01.fr8 pstate is now 15/15
2024-09-20 12:31:04 - esr1a.rk15.p01.fr8 SC pstate is now -
2024-09-20 12:31:04 - esr1b.rk15.p01.fr8 pstate is now 15/15
2024-09-20 12:31:04 - esr1b.rk15.p01.fr8 SC pstate is now -
2024-09-20 12:31:40 - esr1b.rk15.p01.fr8 Version is now SRL: v23.10.4-89-g68bbba5a50
2024-09-20 12:31:40 - esr1b.rk15.p01.fr8 is now Up / Up
2024-09-20 12:31:40 - esr1a.rk15.p01.fr8 Version is now SRL: v23.10.4-89-g68bbba5a50
2024-09-20 12:31:40 - esr1a.rk15.p01.fr8 is now Up / Up
2024-09-20 12:31:41 - esr1b.rk15.p01.fr8 is now NoMaint
2024-09-20 12:31:41 - esr1a.rk15.p01.mgmt.fr8 GNMI System Maintenance request failed
2024-09-20 12:31:42 - esr1b.rk15.p01.fr8 pstate is now 15/15
2024-09-20 12:31:42 - esr1b.rk15.p01.fr8 SC pstate is now -
2024-09-20 12:31:42 - esr1a.rk15.p01.fr8 pstate is now 15/15
2024-09-20 12:31:42 - esr1a.rk15.p01.fr8 SC pstate is now -
2024-09-20 12:32:05 - Status Checking Complete
