2024-07-04 10:54:53  Script Start
2024-07-04 10:54:57  {
    "csr2.dc1": {
        "dev_type": "Arista",
        "updown": "Down/Down",
        "peerstate": "INIT",
        "scpeerstate": "INIT",
        "maintmode": "INIT",
        "mlagstate": "INIT",
        "first_ping": 2,
        "version": "INIT",
        "svrPortState": "INIT"
    },
    "dsr1.rk01.p01.sv16": {
        "dev_type": "Arista",
        "updown": "Down/Down",
        "peerstate": "INIT",
        "scpeerstate": "INIT",
        "maintmode": "INIT",
        "mlagstate": "INIT",
        "first_ping": 2,
        "version": "INIT",
        "svrPortState": "INIT"
    },
    "dsr1.rk01.p02.sv16": {
        "dev_type": "Arista",
        "updown": "Down/Down",
        "peerstate": "INIT",
        "scpeerstate": "INIT",
        "maintmode": "INIT",
        "mlagstate": "INIT",
        "first_ping": 2,
        "version": "INIT",
        "svrPortState": "INIT"
    },
    "dsr2.rk02.p01.sv16": {
        "dev_type": "Arista",
        "updown": "Down/Down",
        "peerstate": "INIT",
        "scpeerstate": "INIT",
        "maintmode": "INIT",
        "mlagstate": "INIT",
        "first_ping": 2,
        "version": "INIT",
        "svrPortState": "INIT"
    },
    "dsr2.rk02.p02.sv16": {
        "dev_type": "Arista",
        "updown": "Down/Down",
        "peerstate": "INIT",
        "scpeerstate": "INIT",
        "maintmode": "INIT",
        "mlagstate": "INIT",
        "first_ping": 2,
        "version": "INIT",
        "svrPortState": "INIT"
    },
    "dsr3.rk03.p01.sv16": {
        "dev_type": "Arista",
        "updown": "Down/Down",
        "peerstate": "INIT",
        "scpeerstate": "INIT",
        "maintmode": "INIT",
        "mlagstate": "INIT",
        "first_ping": 2,
        "version": "INIT",
        "svrPortState": "INIT"
    },
    "dsr3.rk03.p02.sv16": {
        "dev_type": "Arista",
        "updown": "Down/Down",
        "peerstate": "INIT",
        "scpeerstate": "INIT",
        "maintmode": "INIT",
        "mlagstate": "INIT",
        "first_ping": 2,
        "version": "INIT",
        "svrPortState": "INIT"
    },
    "dsr4.rk04.p01.sv16": {
        "dev_type": "Arista",
        "updown": "Down/Down",
        "peerstate": "INIT",
        "scpeerstate": "INIT",
        "maintmode": "INIT",
        "mlagstate": "INIT",
        "first_ping": 2,
        "version": "INIT",
        "svrPortState": "INIT"
    },
    "dsr4.rk04.p02.sv16": {
        "dev_type": "Arista",
        "updown": "Down/Down",
        "peerstate": "INIT",
        "scpeerstate": "INIT",
        "maintmode": "INIT",
        "mlagstate": "INIT",
        "first_ping": 2,
        "version": "INIT",
        "svrPortState": "INIT"
    },
    "esr1a.rk05.p01.sv16": {
        "dev_type": "Arista",
        "updown": "Down/Down",
        "peerstate": "INIT",
        "scpeerstate": "INIT",
        "maintmode": "INIT",
        "mlagstate": "INIT",
        "first_ping": 2,
        "version": "INIT",
        "svrPortState": "INIT"
    },
    "esr1a.rk06.p01.sv16": {
        "dev_type": "Arista",
        "updown": "Down/Down",
        "peerstate": "INIT",
        "scpeerstate": "INIT",
        "maintmode": "INIT",
        "mlagstate": "INIT",
        "first_ping": 2,
        "version": "INIT",
        "svrPortState": "INIT"
    },
    "esr1a.rk07.p01.sv16": {
        "dev_type": "Arista",
        "updown": "Down/Down",
        "peerstate": "INIT",
        "scpeerstate": "INIT",
        "maintmode": "INIT",
        "mlagstate": "INIT",
        "first_ping": 2,
        "version": "INIT",
        "svrPortState": "INIT"
    },
    "esr1a.rk08.p01.sv16": {
        "dev_type": "Arista",
        "updown": "Down/Down",
        "peerstate": "INIT",
        "scpeerstate": "INIT",
        "maintmode": "INIT",
        "mlagstate": "INIT",
        "first_ping": 2,
        "version": "INIT",
        "svrPortState": "INIT"
    },
    "esr1a.rk09.p01.sv16": {
        "dev_type": "Arista",
        "updown": "Down/Down",
        "peerstate": "INIT",
        "scpeerstate": "INIT",
        "maintmode": "INIT",
        "mlagstate": "INIT",
        "first_ping": 2,
        "version": "INIT",
        "svrPortState": "INIT"
    },
    "esr1a.rk10.p01.sv16": {
        "dev_type": "Arista",
        "updown": "Down/Down",
        "peerstate": "INIT",
        "scpeerstate": "INIT",
        "maintmode": "INIT",
        "mlagstate": "INIT",
        "first_ping": 2,
        "version": "INIT",
        "svrPortState": "INIT"
    },
    "esr1a.rk11.p01.sv16": {
        "dev_type": "Arista",
        "updown": "Down/Down",
        "peerstate": "INIT",
        "scpeerstate": "INIT",
        "maintmode": "INIT",
        "mlagstate": "INIT",
        "first_ping": 2,
        "version": "INIT",
        "svrPortState": "INIT"
    },
    "esr1a.rk12.p01.sv16": {
        "dev_type": "Arista",
        "updown": "Down/Down",
        "peerstate": "INIT",
        "scpeerstate": "INIT",
        "maintmode": "INIT",
        "mlagstate": "INIT",
        "first_ping": 2,
        "version": "INIT",
        "svrPortState": "INIT"
    },
    "esr1b.rk05.p01.sv16": {
        "dev_type": "Arista",
        "updown": "Down/Down",
        "peerstate": "INIT",
        "scpeerstate": "INIT",
        "maintmode": "INIT",
        "mlagstate": "INIT",
        "first_ping": 2,
        "version": "INIT",
        "svrPortState": "INIT"
    },
    "esr1b.rk06.p01.sv16": {
        "dev_type": "Arista",
        "updown": "Down/Down",
        "peerstate": "INIT",
        "scpeerstate": "INIT",
        "maintmode": "INIT",
        "mlagstate": "INIT",
        "first_ping": 2,
        "version": "INIT",
        "svrPortState": "INIT"
    },
    "esr1b.rk07.p01.sv16": {
        "dev_type": "Arista",
        "updown": "Down/Down",
        "peerstate": "INIT",
        "scpeerstate": "INIT",
        "maintmode": "INIT",
        "mlagstate": "INIT",
        "first_ping": 2,
        "version": "INIT",
        "svrPortState": "INIT"
    },
    "esr1b.rk08.p01.sv16": {
        "dev_type": "Arista",
        "updown": "Down/Down",
        "peerstate": "INIT",
        "scpeerstate": "INIT",
        "maintmode": "INIT",
        "mlagstate": "INIT",
        "first_ping": 2,
        "version": "INIT",
        "svrPortState": "INIT"
    },
    "esr1b.rk09.p01.sv16": {
        "dev_type": "Arista",
        "updown": "Down/Down",
        "peerstate": "INIT",
        "scpeerstate": "INIT",
        "maintmode": "INIT",
        "mlagstate": "INIT",
        "first_ping": 2,
        "version": "INIT",
        "svrPortState": "INIT"
    },
    "esr1b.rk10.p01.sv16": {
        "dev_type": "Arista",
        "updown": "Down/Down",
        "peerstate": "INIT",
        "scpeerstate": "INIT",
        "maintmode": "INIT",
        "mlagstate": "INIT",
        "first_ping": 2,
        "version": "INIT",
        "svrPortState": "INIT"
    },
    "esr1b.rk11.p01.sv16": {
        "dev_type": "Arista",
        "updown": "Down/Down",
        "peerstate": "INIT",
        "scpeerstate": "INIT",
        "maintmode": "INIT",
        "mlagstate": "INIT",
        "first_ping": 2,
        "version": "INIT",
        "svrPortState": "INIT"
    },
    "esr1b.rk12.p01.sv16": {
        "dev_type": "Arista",
        "updown": "Down/Down",
        "peerstate": "INIT",
        "scpeerstate": "INIT",
        "maintmode": "INIT",
        "mlagstate": "INIT",
        "first_ping": 2,
        "version": "INIT",
        "svrPortState": "INIT"
    },
    "msw1.rk05.p01.sv16": {
        "dev_type": "Arista",
        "updown": "Down",
        "peerstate": "INIT",
        "scpeerstate": "INIT",
        "maintmode": "",
        "mlagstate": "",
        "first_ping": 2,
        "version": "INIT",
        "svrPortState": "INIT"
    },
    "msw1.rk05.p02.sv16": {
        "dev_type": "Arista",
        "updown": "Down",
        "peerstate": "INIT",
        "scpeerstate": "INIT",
        "maintmode": "",
        "mlagstate": "",
        "first_ping": 2,
        "version": "INIT",
        "svrPortState": "INIT"
    },
    "msw1.rk06.p01.sv16": {
        "dev_type": "Arista",
        "updown": "Down",
        "peerstate": "INIT",
        "scpeerstate": "INIT",
        "maintmode": "",
        "mlagstate": "",
        "first_ping": 2,
        "version": "INIT",
        "svrPortState": "INIT"
    },
    "msw1.rk06.p02.sv16": {
        "dev_type": "Arista",
        "updown": "Down",
        "peerstate": "INIT",
        "scpeerstate": "INIT",
        "maintmode": "",
        "mlagstate": "",
        "first_ping": 2,
        "version": "INIT",
        "svrPortState": "INIT"
    },
    "msw1.rk07.p01.sv16": {
        "dev_type": "Arista",
        "updown": "Down",
        "peerstate": "INIT",
        "scpeerstate": "INIT",
        "maintmode": "",
        "mlagstate": "",
        "first_ping": 2,
        "version": "INIT",
        "svrPortState": "INIT"
    },
    "msw1.rk07.p02.sv16": {
        "dev_type": "Arista",
        "updown": "Down",
        "peerstate": "INIT",
        "scpeerstate": "INIT",
        "maintmode": "",
        "mlagstate": "",
        "first_ping": 2,
        "version": "INIT",
        "svrPortState": "INIT"
    },
    "msw1.rk08.p01.sv16": {
        "dev_type": "Arista",
        "updown": "Down",
        "peerstate": "INIT",
        "scpeerstate": "INIT",
        "maintmode": "",
        "mlagstate": "",
        "first_ping": 2,
        "version": "INIT",
        "svrPortState": "INIT"
    },
    "msw1.rk08.p02.sv16": {
        "dev_type": "Arista",
        "updown": "Down",
        "peerstate": "INIT",
        "scpeerstate": "INIT",
        "maintmode": "",
        "mlagstate": "",
        "first_ping": 2,
        "version": "INIT",
        "svrPortState": "INIT"
    },
    "msw1.rk09.p01.sv16": {
        "dev_type": "Arista",
        "updown": "Down",
        "peerstate": "INIT",
        "scpeerstate": "INIT",
        "maintmode": "",
        "mlagstate": "",
        "first_ping": 2,
        "version": "INIT",
        "svrPortState": "INIT"
    },
    "msw1.rk09.p02.sv16": {
        "dev_type": "Arista",
        "updown": "Down",
        "peerstate": "INIT",
        "scpeerstate": "INIT",
        "maintmode": "",
        "mlagstate": "",
        "first_ping": 2,
        "version": "INIT",
        "svrPortState": "INIT"
    },
    "msw1.rk10.p01.sv16": {
        "dev_type": "Arista",
        "updown": "Down",
        "peerstate": "INIT",
        "scpeerstate": "INIT",
        "maintmode": "",
        "mlagstate": "",
        "first_ping": 2,
        "version": "INIT",
        "svrPortState": "INIT"
    },
    "msw1.rk11.p01.sv16": {
        "dev_type": "Arista",
        "updown": "Down",
        "peerstate": "INIT",
        "scpeerstate": "INIT",
        "maintmode": "",
        "mlagstate": "",
        "first_ping": 2,
        "version": "INIT",
        "svrPortState": "INIT"
    },
    "msw1.rk12.p01.sv16": {
        "dev_type": "Arista",
        "updown": "Down",
        "peerstate": "INIT",
        "scpeerstate": "INIT",
        "maintmode": "",
        "mlagstate": "",
        "first_ping": 2,
        "version": "INIT",
        "svrPortState": "INIT"
    },
    "ssp1.sv15": {
        "dev_type": "Arista",
        "updown": "Down/Down",
        "peerstate": "INIT",
        "scpeerstate": "INIT",
        "maintmode": "INIT",
        "mlagstate": "INIT",
        "first_ping": 2,
        "version": "INIT",
        "svrPortState": "INIT"
    },
    "ssp2.sv15": {
        "dev_type": "Arista",
        "updown": "Down/Down",
        "peerstate": "INIT",
        "scpeerstate": "INIT",
        "maintmode": "INIT",
        "mlagstate": "INIT",
        "first_ping": 2,
        "version": "INIT",
        "svrPortState": "INIT"
    },
    "ssp3.sv15": {
        "dev_type": "Arista",
        "updown": "Down/Down",
        "peerstate": "INIT",
        "scpeerstate": "INIT",
        "maintmode": "INIT",
        "mlagstate": "INIT",
        "first_ping": 2,
        "version": "INIT",
        "svrPortState": "INIT"
    },
    "ssp4.sv15": {
        "dev_type": "Arista",
        "updown": "Down/Down",
        "peerstate": "INIT",
        "scpeerstate": "INIT",
        "maintmode": "INIT",
        "mlagstate": "INIT",
        "first_ping": 2,
        "version": "INIT",
        "svrPortState": "INIT"
    }
}
2024-07-04 10:54:57  Starting Status Checks
2024-07-04 10:54:59  esr1a.rk06.p01.sv16 Version is now EOS: 4.28.7M
2024-07-04 10:54:59  esr1b.rk08.p01.sv16 Version is now EOS: 4.28.7M
2024-07-04 10:54:59  esr1a.rk09.p01.sv16 Version is now EOS: 4.28.7M
2024-07-04 10:54:59  esr1a.rk05.p01.sv16 Version is now EOS: 4.28.7M
2024-07-04 10:54:59  esr1b.rk06.p01.sv16 Version is now EOS: 4.28.7M
2024-07-04 10:54:59  esr1a.rk10.p01.sv16 Version is now EOS: 4.28.7M
2024-07-04 10:54:59  esr1b.rk10.p01.sv16 Version is now EOS: 4.28.7M
2024-07-04 10:54:59  esr1b.rk09.p01.sv16 Version is now EOS: 4.28.7M
2024-07-04 10:54:59  esr1b.rk05.p01.sv16 Version is now EOS: 4.28.7M
2024-07-04 10:54:59  esr1a.rk08.p01.sv16 Version is now EOS: 4.28.7M
2024-07-04 10:54:59  esr1b.rk07.p01.sv16 Version is now EOS: 4.28.7M
2024-07-04 10:54:59  esr1a.rk07.p01.sv16 Version is now EOS: 4.28.7M
2024-07-04 10:54:59  esr1a.rk06.p01.sv16 is now Up / Up
2024-07-04 10:54:59  esr1a.rk09.p01.sv16 is now Up / Up
2024-07-04 10:54:59  esr1b.rk08.p01.sv16 is now Up / Up
2024-07-04 10:54:59  esr1b.rk06.p01.sv16 is now Up / Up
2024-07-04 10:54:59  esr1a.rk05.p01.sv16 is now Up / Up
2024-07-04 10:54:59  esr1a.rk10.p01.sv16 is now Up / Up
2024-07-04 10:54:59  esr1b.rk09.p01.sv16 is now Up / Up
2024-07-04 10:54:59  esr1b.rk10.p01.sv16 is now Up / Up
2024-07-04 10:54:59  esr1b.rk05.p01.sv16 is now Up / Up
2024-07-04 10:54:59  esr1a.rk08.p01.sv16 is now Up / Up
2024-07-04 10:54:59  esr1a.rk07.p01.sv16 is now Up / Up
2024-07-04 10:54:59  esr1b.rk07.p01.sv16 is now Up / Up
2024-07-04 10:54:59  esr1a.rk12.p01.sv16 Version is now EOS: 4.28.7M
2024-07-04 10:54:59  esr1b.rk12.p01.sv16 Version is now EOS: 4.28.7M
2024-07-04 10:54:59  msw1.rk07.p01.sv16 Version is now EOS: 4.28.7M
2024-07-04 10:54:59  msw1.rk06.p02.sv16 Version is now EOS: 4.28.7M
2024-07-04 10:54:59  msw1.rk08.p01.sv16 Version is now EOS: 4.28.7M
2024-07-04 10:54:59  msw1.rk05.p01.sv16 Version is now EOS: 4.28.7M
2024-07-04 10:54:59  msw1.rk07.p02.sv16 Version is now EOS: 4.28.7M
2024-07-04 10:54:59  msw1.rk09.p02.sv16 Version is now EOS: 4.28.7M
2024-07-04 10:54:59  esr1b.rk11.p01.sv16 Version is now EOS: 4.28.7M
2024-07-04 10:54:59  ssp4.sv15 Version is now EOS: 4.28.7M
2024-07-04 10:54:59  esr1a.rk11.p01.sv16 Version is now EOS: 4.28.7M
2024-07-04 10:54:59  msw1.rk12.p01.sv16 Version is now EOS: 4.28.7M
2024-07-04 10:54:59  msw1.rk06.p01.sv16 Version is now EOS: 4.28.7M
2024-07-04 10:54:59  msw1.rk05.p02.sv16 Version is now EOS: 4.28.7M
2024-07-04 10:54:59  msw1.rk11.p01.sv16 Version is now EOS: 4.28.7M
2024-07-04 10:54:59  ssp1.sv15 Version is now EOS: 4.28.7M
2024-07-04 10:54:59  msw1.rk09.p01.sv16 Version is now EOS: 4.28.7M
2024-07-04 10:54:59  msw1.rk10.p01.sv16 Version is now EOS: 4.28.7M
2024-07-04 10:54:59  esr1a.rk12.p01.sv16 is now Up / Up
2024-07-04 10:54:59  msw1.rk08.p02.sv16 Version is now EOS: 4.28.7M
2024-07-04 10:54:59  ssp3.sv15 Version is now EOS: 4.28.7M
2024-07-04 10:54:59  esr1b.rk12.p01.sv16 is now Up / Up
2024-07-04 10:54:59  ssp2.sv15 Version is now EOS: 4.28.7M
2024-07-04 10:54:59  esr1b.rk11.p01.sv16 is now Up / Up
2024-07-04 10:54:59  ssp4.sv15 is now Up / Up
2024-07-04 10:54:59  esr1a.rk11.p01.sv16 is now Up / Up
2024-07-04 10:54:59  ssp1.sv15 is now Up / Up
2024-07-04 10:54:59  ssp3.sv15 is now Up / Up
2024-07-04 10:54:59  ssp2.sv15 is now Up / Up
2024-07-04 10:55:00  dsr4.rk04.p02.sv16 Version is now EOS: 4.28.7M
2024-07-04 10:55:00  dsr3.rk03.p01.sv16 Version is now EOS: 4.28.7M
2024-07-04 10:55:00  dsr3.rk03.p02.sv16 Version is now EOS: 4.28.7M
2024-07-04 10:55:00  dsr1.rk01.p02.sv16 Version is now EOS: 4.28.7M
2024-07-04 10:55:00  dsr4.rk04.p01.sv16 Version is now EOS: 4.28.7M
2024-07-04 10:55:00  dsr4.rk04.p02.sv16 is now Up / Up
2024-07-04 10:55:00  dsr2.rk02.p01.sv16 Version is now EOS: 4.28.7M
2024-07-04 10:55:00  dsr2.rk02.p02.sv16 Version is now EOS: 4.28.7M
2024-07-04 10:55:00  dsr3.rk03.p01.sv16 is now Up / Up
2024-07-04 10:55:00  dsr1.rk01.p01.sv16 Version is now EOS: 4.28.7M
2024-07-04 10:55:00  dsr3.rk03.p02.sv16 is now Up / Up
2024-07-04 10:55:00  dsr1.rk01.p02.sv16 is now Up / Up
2024-07-04 10:55:00  dsr4.rk04.p01.sv16 is now Up / Up
2024-07-04 10:55:00  dsr2.rk02.p01.sv16 is now Up / Up
2024-07-04 10:55:00  dsr2.rk02.p02.sv16 is now Up / Up
2024-07-04 10:55:00  dsr1.rk01.p01.sv16 is now Up / Up
2024-07-04 10:55:00  esr1a.rk09.p01.sv16 is now NoMaint
2024-07-04 10:55:00  esr1a.rk06.p01.sv16 is now NoMaint
2024-07-04 10:55:00  esr1a.rk05.p01.sv16 is now NoMaint
2024-07-04 10:55:00  esr1b.rk06.p01.sv16 is now NoMaint
2024-07-04 10:55:00  esr1b.rk05.p01.sv16 is now NoMaint
2024-07-04 10:55:00  esr1a.rk07.p01.sv16 is now NoMaint
2024-07-04 10:55:00  esr1b.rk09.p01.sv16 is now NoMaint
2024-07-04 10:55:00  esr1b.rk07.p01.sv16 is now NoMaint
2024-07-04 10:55:00  esr1b.rk08.p01.sv16 is now NoMaint
2024-07-04 10:55:00  esr1b.rk10.p01.sv16 is now NoMaint
2024-07-04 10:55:00  esr1a.rk08.p01.sv16 is now NoMaint
2024-07-04 10:55:00  esr1a.rk10.p01.sv16 is now NoMaint
2024-07-04 10:55:00  msw1.rk07.p02.sv16 pstate is now 2/2
2024-07-04 10:55:00  msw1.rk07.p02.sv16 SC pstate is now -
2024-07-04 10:55:00  msw1.rk07.p02.sv16 is now Up
2024-07-04 10:55:00  msw1.rk08.p01.sv16 pstate is now 2/2
2024-07-04 10:55:00  msw1.rk08.p01.sv16 SC pstate is now -
2024-07-04 10:55:00  msw1.rk08.p01.sv16 is now Up
2024-07-04 10:55:00  msw1.rk06.p01.sv16 pstate is now 2/2
2024-07-04 10:55:00  msw1.rk06.p01.sv16 SC pstate is now -
2024-07-04 10:55:00  msw1.rk06.p01.sv16 is now Up
2024-07-04 10:55:00  msw1.rk05.p01.sv16 pstate is now 2/2
2024-07-04 10:55:00  msw1.rk05.p01.sv16 SC pstate is now -
2024-07-04 10:55:00  msw1.rk05.p01.sv16 is now Up
2024-07-04 10:55:00  msw1.rk09.p02.sv16 pstate is now 2/2
2024-07-04 10:55:00  msw1.rk09.p02.sv16 SC pstate is now -
2024-07-04 10:55:00  msw1.rk09.p02.sv16 is now Up
2024-07-04 10:55:00  msw1.rk12.p01.sv16 pstate is now 2/2
2024-07-04 10:55:00  msw1.rk12.p01.sv16 SC pstate is now -
2024-07-04 10:55:00  msw1.rk12.p01.sv16 is now Up
2024-07-04 10:55:00  msw1.rk06.p02.sv16 pstate is now 2/2
2024-07-04 10:55:00  msw1.rk06.p02.sv16 SC pstate is now -
2024-07-04 10:55:00  msw1.rk06.p02.sv16 is now Up
2024-07-04 10:55:00  msw1.rk07.p01.sv16 pstate is now 2/2
2024-07-04 10:55:00  msw1.rk07.p01.sv16 SC pstate is now -
2024-07-04 10:55:00  msw1.rk07.p01.sv16 is now Up
2024-07-04 10:55:00  msw1.rk11.p01.sv16 pstate is now 2/2
2024-07-04 10:55:00  msw1.rk11.p01.sv16 SC pstate is now -
2024-07-04 10:55:00  msw1.rk11.p01.sv16 is now Up
2024-07-04 10:55:00  msw1.rk05.p02.sv16 pstate is now 2/2
2024-07-04 10:55:00  msw1.rk05.p02.sv16 SC pstate is now -
2024-07-04 10:55:00  msw1.rk05.p02.sv16 is now Up
2024-07-04 10:55:00  msw1.rk08.p02.sv16 pstate is now 2/2
2024-07-04 10:55:00  msw1.rk08.p02.sv16 SC pstate is now -
2024-07-04 10:55:00  msw1.rk08.p02.sv16 is now Up
2024-07-04 10:55:00  msw1.rk10.p01.sv16 pstate is now 2/2
2024-07-04 10:55:00  msw1.rk10.p01.sv16 SC pstate is now -
2024-07-04 10:55:00  msw1.rk09.p01.sv16 pstate is now 2/2
2024-07-04 10:55:00  msw1.rk10.p01.sv16 is now Up
2024-07-04 10:55:00  msw1.rk09.p01.sv16 SC pstate is now -
2024-07-04 10:55:00  msw1.rk09.p01.sv16 is now Up
2024-07-04 10:55:00  esr1b.rk11.p01.sv16 is now NoMaint
2024-07-04 10:55:00  ssp4.sv15 is now NoMaint
2024-07-04 10:55:00  esr1a.rk11.p01.sv16 is now NoMaint
2024-07-04 10:55:00  esr1a.rk12.p01.sv16 is now NoMaint
2024-07-04 10:55:00  esr1b.rk12.p01.sv16 is now NoMaint
2024-07-04 10:55:00  ssp1.sv15 is now NoMaint
2024-07-04 10:55:00  ssp3.sv15 is now NoMaint
2024-07-04 10:55:00  ssp2.sv15 is now NoMaint
2024-07-04 10:55:00  dsr4.rk04.p02.sv16 is now NoMaint
2024-07-04 10:55:00  dsr1.rk01.p02.sv16 is now NoMaint
2024-07-04 10:55:00  dsr3.rk03.p02.sv16 is now NoMaint
2024-07-04 10:55:00  dsr3.rk03.p01.sv16 is now NoMaint
2024-07-04 10:55:00  dsr4.rk04.p01.sv16 is now NoMaint
2024-07-04 10:55:00  dsr2.rk02.p02.sv16 is now NoMaint
2024-07-04 10:55:01  dsr2.rk02.p01.sv16 is now NoMaint
2024-07-04 10:55:01  dsr1.rk01.p01.sv16 is now NoMaint
2024-07-04 10:55:01  esr1a.rk06.p01.sv16 pstate is now 5/5
2024-07-04 10:55:01  esr1a.rk06.p01.sv16 SC pstate is now -
2024-07-04 10:55:01  esr1a.rk09.p01.sv16 pstate is now 5/5
2024-07-04 10:55:01  esr1a.rk09.p01.sv16 SC pstate is now -
2024-07-04 10:55:01  esr1b.rk07.p01.sv16 pstate is now 5/5
2024-07-04 10:55:01  esr1b.rk07.p01.sv16 SC pstate is now -
2024-07-04 10:55:01  esr1b.rk06.p01.sv16 pstate is now 5/5
2024-07-04 10:55:01  esr1b.rk06.p01.sv16 SC pstate is now -
2024-07-04 10:55:01  esr1b.rk09.p01.sv16 pstate is now 5/5
2024-07-04 10:55:01  esr1b.rk09.p01.sv16 SC pstate is now -
2024-07-04 10:55:01  esr1b.rk05.p01.sv16 pstate is now 5/5
2024-07-04 10:55:01  esr1b.rk05.p01.sv16 SC pstate is now 7/7
2024-07-04 10:55:01  esr1a.rk07.p01.sv16 pstate is now 5/5
2024-07-04 10:55:01  esr1a.rk08.p01.sv16 pstate is now 5/5
2024-07-04 10:55:01  esr1a.rk07.p01.sv16 SC pstate is now -
2024-07-04 10:55:01  esr1b.rk10.p01.sv16 pstate is now 5/5
2024-07-04 10:55:01  esr1a.rk08.p01.sv16 SC pstate is now -
2024-07-04 10:55:01  esr1a.rk05.p01.sv16 pstate is now 5/5
2024-07-04 10:55:01  esr1b.rk08.p01.sv16 pstate is now 5/5
2024-07-04 10:55:01  esr1a.rk10.p01.sv16 pstate is now 5/5
2024-07-04 10:55:01  esr1b.rk10.p01.sv16 SC pstate is now -
2024-07-04 10:55:01  esr1a.rk10.p01.sv16 SC pstate is now -
2024-07-04 10:55:01  esr1a.rk05.p01.sv16 SC pstate is now 7/7
2024-07-04 10:55:01  esr1b.rk08.p01.sv16 SC pstate is now -
2024-07-04 10:55:01  esr1b.rk11.p01.sv16 pstate is now 9/9
2024-07-04 10:55:01  esr1b.rk11.p01.sv16 SC pstate is now -
2024-07-04 10:55:01  esr1a.rk12.p01.sv16 pstate is now 9/9
2024-07-04 10:55:01  esr1a.rk12.p01.sv16 SC pstate is now -
2024-07-04 10:55:01  esr1b.rk12.p01.sv16 pstate is now 9/9
2024-07-04 10:55:01  esr1b.rk12.p01.sv16 SC pstate is now -
2024-07-04 10:55:01  esr1a.rk11.p01.sv16 pstate is now 9/9
2024-07-04 10:55:01  esr1a.rk11.p01.sv16 SC pstate is now -
2024-07-04 10:55:01  ssp4.sv15 pstate is now 2/2
2024-07-04 10:55:01  ssp4.sv15 SC pstate is now -
2024-07-04 10:55:01  ssp1.sv15 pstate is now 2/2
2024-07-04 10:55:01  ssp3.sv15 pstate is now 2/2
2024-07-04 10:55:01  ssp3.sv15 SC pstate is now -
2024-07-04 10:55:01  ssp1.sv15 SC pstate is now -
2024-07-04 10:55:01  ssp2.sv15 pstate is now 2/2
2024-07-04 10:55:01  ssp2.sv15 SC pstate is now -
2024-07-04 10:55:01  dsr4.rk04.p02.sv16 pstate is now 4/4
2024-07-04 10:55:01  dsr4.rk04.p02.sv16 SC pstate is now -
2024-07-04 10:55:01  dsr3.rk03.p01.sv16 pstate is now 4/4
2024-07-04 10:55:01  dsr3.rk03.p01.sv16 SC pstate is now -
2024-07-04 10:55:01  dsr1.rk01.p02.sv16 pstate is now 4/4
2024-07-04 10:55:01  dsr1.rk01.p02.sv16 SC pstate is now -
2024-07-04 10:55:01  dsr3.rk03.p02.sv16 pstate is now 4/4
2024-07-04 10:55:01  dsr3.rk03.p02.sv16 SC pstate is now -
2024-07-04 10:55:01  dsr4.rk04.p01.sv16 pstate is now 4/4
2024-07-04 10:55:01  dsr4.rk04.p01.sv16 SC pstate is now -
2024-07-04 10:55:01  dsr2.rk02.p02.sv16 pstate is now 4/4
2024-07-04 10:55:01  dsr2.rk02.p02.sv16 SC pstate is now -
2024-07-04 10:55:01  dsr1.rk01.p01.sv16 pstate is now 4/4
2024-07-04 10:55:01  dsr1.rk01.p01.sv16 SC pstate is now -
2024-07-04 10:55:01  dsr2.rk02.p01.sv16 pstate is now 4/4
2024-07-04 10:55:01  dsr2.rk02.p01.sv16 SC pstate is now -
2024-07-04 10:59:20  csr2.mgmt.dc1 Arista Version Request Failed
2024-07-04 10:59:20  csr2.dc1 Version is now UNKOWN
2024-07-04 10:59:21  csr2.dc1 is now Up / Up
2024-07-04 10:59:22  Status Checking Complete
