2024-08-14 05:10:49  Script Start
2024-08-14 05:10:55  {
    "dsr1.rk04.p02.ny5": {
        "dev_type": "Arista",
        "updown": "Down/Down",
        "peerstate": "INIT",
        "scpeerstate": "INIT",
        "maintmode": "INIT",
        "mlagstate": "INIT",
        "first_ping": 2,
        "version": "INIT",
        "svrPortState": "INIT"
    },
    "dsr2.rk05.p02.ny5": {
        "dev_type": "Arista",
        "updown": "Down/Down",
        "peerstate": "INIT",
        "scpeerstate": "INIT",
        "maintmode": "INIT",
        "mlagstate": "INIT",
        "first_ping": 2,
        "version": "INIT",
        "svrPortState": "INIT"
    },
    "esr1a.rk01.p02.ny5": {
        "dev_type": "Arista",
        "updown": "Down/Down",
        "peerstate": "INIT",
        "scpeerstate": "INIT",
        "maintmode": "INIT",
        "mlagstate": "INIT",
        "first_ping": 2,
        "version": "INIT",
        "svrPortState": "INIT"
    },
    "esr1a.rk02.p02.ny5": {
        "dev_type": "Arista",
        "updown": "Down/Down",
        "peerstate": "INIT",
        "scpeerstate": "INIT",
        "maintmode": "INIT",
        "mlagstate": "INIT",
        "first_ping": 2,
        "version": "INIT",
        "svrPortState": "INIT"
    },
    "esr1a.rk03.p02.ny5": {
        "dev_type": "Arista",
        "updown": "Down/Down",
        "peerstate": "INIT",
        "scpeerstate": "INIT",
        "maintmode": "INIT",
        "mlagstate": "INIT",
        "first_ping": 2,
        "version": "INIT",
        "svrPortState": "INIT"
    },
    "esr1a.rk04.p02.ny5": {
        "dev_type": "Arista",
        "updown": "Down/Down",
        "peerstate": "INIT",
        "scpeerstate": "INIT",
        "maintmode": "INIT",
        "mlagstate": "INIT",
        "first_ping": 2,
        "version": "INIT",
        "svrPortState": "INIT"
    },
    "esr1a.rk05.p02.ny5": {
        "dev_type": "Arista",
        "updown": "Down/Down",
        "peerstate": "INIT",
        "scpeerstate": "INIT",
        "maintmode": "INIT",
        "mlagstate": "INIT",
        "first_ping": 2,
        "version": "INIT",
        "svrPortState": "INIT"
    },
    "esr1a.rk06.p02.ny5": {
        "dev_type": "Arista",
        "updown": "Down/Down",
        "peerstate": "INIT",
        "scpeerstate": "INIT",
        "maintmode": "INIT",
        "mlagstate": "INIT",
        "first_ping": 2,
        "version": "INIT",
        "svrPortState": "INIT"
    },
    "esr1a.rk07.p02.ny5": {
        "dev_type": "Arista",
        "updown": "Down/Down",
        "peerstate": "INIT",
        "scpeerstate": "INIT",
        "maintmode": "INIT",
        "mlagstate": "INIT",
        "first_ping": 2,
        "version": "INIT",
        "svrPortState": "INIT"
    },
    "esr1a.rk08.p02.ny5": {
        "dev_type": "Arista",
        "updown": "Down/Down",
        "peerstate": "INIT",
        "scpeerstate": "INIT",
        "maintmode": "INIT",
        "mlagstate": "INIT",
        "first_ping": 2,
        "version": "INIT",
        "svrPortState": "INIT"
    },
    "esr1a.rk09.p02.ny5": {
        "dev_type": "Arista",
        "updown": "Down/Down",
        "peerstate": "INIT",
        "scpeerstate": "INIT",
        "maintmode": "INIT",
        "mlagstate": "INIT",
        "first_ping": 2,
        "version": "INIT",
        "svrPortState": "INIT"
    },
    "esr1a.rk10.p02.ny5": {
        "dev_type": "Arista",
        "updown": "Down/Down",
        "peerstate": "INIT",
        "scpeerstate": "INIT",
        "maintmode": "INIT",
        "mlagstate": "INIT",
        "first_ping": 2,
        "version": "INIT",
        "svrPortState": "INIT"
    },
    "esr1a.rk11.p02.ny5": {
        "dev_type": "Arista",
        "updown": "Down/Down",
        "peerstate": "INIT",
        "scpeerstate": "INIT",
        "maintmode": "INIT",
        "mlagstate": "INIT",
        "first_ping": 2,
        "version": "INIT",
        "svrPortState": "INIT"
    },
    "esr1a.rk12.p02.ny5": {
        "dev_type": "Arista",
        "updown": "Down/Down",
        "peerstate": "INIT",
        "scpeerstate": "INIT",
        "maintmode": "INIT",
        "mlagstate": "INIT",
        "first_ping": 2,
        "version": "INIT",
        "svrPortState": "INIT"
    },
    "esr1b.rk01.p02.ny5": {
        "dev_type": "Arista",
        "updown": "Down/Down",
        "peerstate": "INIT",
        "scpeerstate": "INIT",
        "maintmode": "INIT",
        "mlagstate": "INIT",
        "first_ping": 2,
        "version": "INIT",
        "svrPortState": "INIT"
    },
    "esr1b.rk02.p02.ny5": {
        "dev_type": "Arista",
        "updown": "Down/Down",
        "peerstate": "INIT",
        "scpeerstate": "INIT",
        "maintmode": "INIT",
        "mlagstate": "INIT",
        "first_ping": 2,
        "version": "INIT",
        "svrPortState": "INIT"
    },
    "esr1b.rk03.p02.ny5": {
        "dev_type": "Arista",
        "updown": "Down/Down",
        "peerstate": "INIT",
        "scpeerstate": "INIT",
        "maintmode": "INIT",
        "mlagstate": "INIT",
        "first_ping": 2,
        "version": "INIT",
        "svrPortState": "INIT"
    },
    "esr1b.rk04.p02.ny5": {
        "dev_type": "Arista",
        "updown": "Down/Down",
        "peerstate": "INIT",
        "scpeerstate": "INIT",
        "maintmode": "INIT",
        "mlagstate": "INIT",
        "first_ping": 2,
        "version": "INIT",
        "svrPortState": "INIT"
    },
    "esr1b.rk05.p02.ny5": {
        "dev_type": "Arista",
        "updown": "Down/Down",
        "peerstate": "INIT",
        "scpeerstate": "INIT",
        "maintmode": "INIT",
        "mlagstate": "INIT",
        "first_ping": 2,
        "version": "INIT",
        "svrPortState": "INIT"
    },
    "esr1b.rk06.p02.ny5": {
        "dev_type": "Arista",
        "updown": "Down/Down",
        "peerstate": "INIT",
        "scpeerstate": "INIT",
        "maintmode": "INIT",
        "mlagstate": "INIT",
        "first_ping": 2,
        "version": "INIT",
        "svrPortState": "INIT"
    },
    "esr1b.rk07.p02.ny5": {
        "dev_type": "Arista",
        "updown": "Down/Down",
        "peerstate": "INIT",
        "scpeerstate": "INIT",
        "maintmode": "INIT",
        "mlagstate": "INIT",
        "first_ping": 2,
        "version": "INIT",
        "svrPortState": "INIT"
    },
    "esr1b.rk08.p02.ny5": {
        "dev_type": "Arista",
        "updown": "Down/Down",
        "peerstate": "INIT",
        "scpeerstate": "INIT",
        "maintmode": "INIT",
        "mlagstate": "INIT",
        "first_ping": 2,
        "version": "INIT",
        "svrPortState": "INIT"
    },
    "esr1b.rk09.p02.ny5": {
        "dev_type": "Arista",
        "updown": "Down/Down",
        "peerstate": "INIT",
        "scpeerstate": "INIT",
        "maintmode": "INIT",
        "mlagstate": "INIT",
        "first_ping": 2,
        "version": "INIT",
        "svrPortState": "INIT"
    },
    "esr1b.rk10.p02.ny5": {
        "dev_type": "Arista",
        "updown": "Down/Down",
        "peerstate": "INIT",
        "scpeerstate": "INIT",
        "maintmode": "INIT",
        "mlagstate": "INIT",
        "first_ping": 2,
        "version": "INIT",
        "svrPortState": "INIT"
    },
    "esr1b.rk11.p02.ny5": {
        "dev_type": "Arista",
        "updown": "Down/Down",
        "peerstate": "INIT",
        "scpeerstate": "INIT",
        "maintmode": "INIT",
        "mlagstate": "INIT",
        "first_ping": 2,
        "version": "INIT",
        "svrPortState": "INIT"
    },
    "esr1b.rk12.p02.ny5": {
        "dev_type": "Arista",
        "updown": "Down/Down",
        "peerstate": "INIT",
        "scpeerstate": "INIT",
        "maintmode": "INIT",
        "mlagstate": "INIT",
        "first_ping": 2,
        "version": "INIT",
        "svrPortState": "INIT"
    },
    "csr1.ny5": {
        "dev_type": "Arista",
        "updown": "Down/Down",
        "peerstate": "INIT",
        "scpeerstate": "INIT",
        "maintmode": "INIT",
        "mlagstate": "INIT",
        "first_ping": 2,
        "version": "INIT",
        "svrPortState": "INIT"
    },
    "dsr1.rk01.p04.ny5": {
        "dev_type": "Arista",
        "updown": "Down/Down",
        "peerstate": "INIT",
        "scpeerstate": "INIT",
        "maintmode": "INIT",
        "mlagstate": "INIT",
        "first_ping": 2,
        "version": "INIT",
        "svrPortState": "INIT"
    },
    "dsr2.rk02.p04.ny5": {
        "dev_type": "Arista",
        "updown": "Down/Down",
        "peerstate": "INIT",
        "scpeerstate": "INIT",
        "maintmode": "INIT",
        "mlagstate": "INIT",
        "first_ping": 2,
        "version": "INIT",
        "svrPortState": "INIT"
    },
    "dsr3.rk03.p04.ny5": {
        "dev_type": "Arista",
        "updown": "Down/Down",
        "peerstate": "INIT",
        "scpeerstate": "INIT",
        "maintmode": "INIT",
        "mlagstate": "INIT",
        "first_ping": 2,
        "version": "INIT",
        "svrPortState": "INIT"
    },
    "dsr4.rk04.p04.ny5": {
        "dev_type": "Arista",
        "updown": "Down/Down",
        "peerstate": "INIT",
        "scpeerstate": "INIT",
        "maintmode": "INIT",
        "mlagstate": "INIT",
        "first_ping": 2,
        "version": "INIT",
        "svrPortState": "INIT"
    },
    "esr1a.rk05.p04.ny5": {
        "dev_type": "Arista",
        "updown": "Down/Down",
        "peerstate": "INIT",
        "scpeerstate": "INIT",
        "maintmode": "INIT",
        "mlagstate": "INIT",
        "first_ping": 2,
        "version": "INIT",
        "svrPortState": "INIT"
    },
    "esr1a.rk06.p04.ny5": {
        "dev_type": "Arista",
        "updown": "Down/Down",
        "peerstate": "INIT",
        "scpeerstate": "INIT",
        "maintmode": "INIT",
        "mlagstate": "INIT",
        "first_ping": 2,
        "version": "INIT",
        "svrPortState": "INIT"
    },
    "esr1a.rk07.p04.ny5": {
        "dev_type": "Arista",
        "updown": "Down/Down",
        "peerstate": "INIT",
        "scpeerstate": "INIT",
        "maintmode": "INIT",
        "mlagstate": "INIT",
        "first_ping": 2,
        "version": "INIT",
        "svrPortState": "INIT"
    },
    "esr1a.rk08.p04.ny5": {
        "dev_type": "Arista",
        "updown": "Down/Down",
        "peerstate": "INIT",
        "scpeerstate": "INIT",
        "maintmode": "INIT",
        "mlagstate": "INIT",
        "first_ping": 2,
        "version": "INIT",
        "svrPortState": "INIT"
    },
    "esr1a.rk09.p04.ny5": {
        "dev_type": "Arista",
        "updown": "Down/Down",
        "peerstate": "INIT",
        "scpeerstate": "INIT",
        "maintmode": "INIT",
        "mlagstate": "INIT",
        "first_ping": 2,
        "version": "INIT",
        "svrPortState": "INIT"
    },
    "esr1a.rk10.p04.ny5": {
        "dev_type": "Arista",
        "updown": "Down/Down",
        "peerstate": "INIT",
        "scpeerstate": "INIT",
        "maintmode": "INIT",
        "mlagstate": "INIT",
        "first_ping": 2,
        "version": "INIT",
        "svrPortState": "INIT"
    },
    "esr1a.rk11.p04.ny5": {
        "dev_type": "Arista",
        "updown": "Down/Down",
        "peerstate": "INIT",
        "scpeerstate": "INIT",
        "maintmode": "INIT",
        "mlagstate": "INIT",
        "first_ping": 2,
        "version": "INIT",
        "svrPortState": "INIT"
    },
    "esr1a.rk12.p04.ny5": {
        "dev_type": "Arista",
        "updown": "Down/Down",
        "peerstate": "INIT",
        "scpeerstate": "INIT",
        "maintmode": "INIT",
        "mlagstate": "INIT",
        "first_ping": 2,
        "version": "INIT",
        "svrPortState": "INIT"
    },
    "esr1a.rk13.p04.ny5": {
        "dev_type": "Arista",
        "updown": "Down/Down",
        "peerstate": "INIT",
        "scpeerstate": "INIT",
        "maintmode": "INIT",
        "mlagstate": "INIT",
        "first_ping": 2,
        "version": "INIT",
        "svrPortState": "INIT"
    },
    "esr1a.rk14.p04.ny5": {
        "dev_type": "Arista",
        "updown": "Down/Down",
        "peerstate": "INIT",
        "scpeerstate": "INIT",
        "maintmode": "INIT",
        "mlagstate": "INIT",
        "first_ping": 2,
        "version": "INIT",
        "svrPortState": "INIT"
    },
    "esr1a.rk15.p04.ny5": {
        "dev_type": "Arista",
        "updown": "Down/Down",
        "peerstate": "INIT",
        "scpeerstate": "INIT",
        "maintmode": "INIT",
        "mlagstate": "INIT",
        "first_ping": 2,
        "version": "INIT",
        "svrPortState": "INIT"
    },
    "esr1b.rk05.p04.ny5": {
        "dev_type": "Arista",
        "updown": "Down/Down",
        "peerstate": "INIT",
        "scpeerstate": "INIT",
        "maintmode": "INIT",
        "mlagstate": "INIT",
        "first_ping": 2,
        "version": "INIT",
        "svrPortState": "INIT"
    },
    "esr1b.rk06.p04.ny5": {
        "dev_type": "Arista",
        "updown": "Down/Down",
        "peerstate": "INIT",
        "scpeerstate": "INIT",
        "maintmode": "INIT",
        "mlagstate": "INIT",
        "first_ping": 2,
        "version": "INIT",
        "svrPortState": "INIT"
    },
    "esr1b.rk07.p04.ny5": {
        "dev_type": "Arista",
        "updown": "Down/Down",
        "peerstate": "INIT",
        "scpeerstate": "INIT",
        "maintmode": "INIT",
        "mlagstate": "INIT",
        "first_ping": 2,
        "version": "INIT",
        "svrPortState": "INIT"
    },
    "esr1b.rk08.p04.ny5": {
        "dev_type": "Arista",
        "updown": "Down/Down",
        "peerstate": "INIT",
        "scpeerstate": "INIT",
        "maintmode": "INIT",
        "mlagstate": "INIT",
        "first_ping": 2,
        "version": "INIT",
        "svrPortState": "INIT"
    },
    "esr1b.rk09.p04.ny5": {
        "dev_type": "Arista",
        "updown": "Down/Down",
        "peerstate": "INIT",
        "scpeerstate": "INIT",
        "maintmode": "INIT",
        "mlagstate": "INIT",
        "first_ping": 2,
        "version": "INIT",
        "svrPortState": "INIT"
    },
    "esr1b.rk10.p04.ny5": {
        "dev_type": "Arista",
        "updown": "Down/Down",
        "peerstate": "INIT",
        "scpeerstate": "INIT",
        "maintmode": "INIT",
        "mlagstate": "INIT",
        "first_ping": 2,
        "version": "INIT",
        "svrPortState": "INIT"
    },
    "esr1b.rk11.p04.ny5": {
        "dev_type": "Arista",
        "updown": "Down/Down",
        "peerstate": "INIT",
        "scpeerstate": "INIT",
        "maintmode": "INIT",
        "mlagstate": "INIT",
        "first_ping": 2,
        "version": "INIT",
        "svrPortState": "INIT"
    },
    "esr1b.rk12.p04.ny5": {
        "dev_type": "Arista",
        "updown": "Down/Down",
        "peerstate": "INIT",
        "scpeerstate": "INIT",
        "maintmode": "INIT",
        "mlagstate": "INIT",
        "first_ping": 2,
        "version": "INIT",
        "svrPortState": "INIT"
    },
    "esr1b.rk13.p04.ny5": {
        "dev_type": "Arista",
        "updown": "Down/Down",
        "peerstate": "INIT",
        "scpeerstate": "INIT",
        "maintmode": "INIT",
        "mlagstate": "INIT",
        "first_ping": 2,
        "version": "INIT",
        "svrPortState": "INIT"
    },
    "esr1b.rk14.p04.ny5": {
        "dev_type": "Arista",
        "updown": "Down/Down",
        "peerstate": "INIT",
        "scpeerstate": "INIT",
        "maintmode": "INIT",
        "mlagstate": "INIT",
        "first_ping": 2,
        "version": "INIT",
        "svrPortState": "INIT"
    },
    "esr1b.rk15.p04.ny5": {
        "dev_type": "Arista",
        "updown": "Down/Down",
        "peerstate": "INIT",
        "scpeerstate": "INIT",
        "maintmode": "INIT",
        "mlagstate": "INIT",
        "first_ping": 2,
        "version": "INIT",
        "svrPortState": "INIT"
    }
}
2024-08-14 05:10:55  Starting Status Checks
2024-08-14 05:10:56  esr1a.rk13.p04.ny5 Version is now EOS: 4.28.7M
2024-08-14 05:10:56  esr1a.rk12.p04.ny5 Version is now EOS: 4.28.7M
2024-08-14 05:10:56  esr1a.rk04.p02.ny5 Version is now EOS: 4.28.7M
2024-08-14 05:10:56  esr1b.rk12.p04.ny5 Version is now EOS: 4.28.7M
2024-08-14 05:10:56  esr1b.rk05.p02.ny5 Version is now EOS: 4.28.7M
2024-08-14 05:10:56  esr1a.rk05.p02.ny5 Version is now EOS: 4.28.7M
2024-08-14 05:10:56  csr1.ny5 Version is now EOS: 4.28.7M
2024-08-14 05:10:56  esr1b.rk04.p02.ny5 Version is now EOS: 4.28.7M
2024-08-14 05:10:56  esr1a.rk03.p02.ny5 Version is now EOS: 4.28.7M
2024-08-14 05:10:56  esr1a.rk04.p02.ny5 is now Up / Up
2024-08-14 05:10:56  esr1b.rk05.p02.ny5 is now Up / Up
2024-08-14 05:10:56  esr1a.rk08.p04.ny5 Version is now EOS: 4.28.7M
2024-08-14 05:10:56  esr1a.rk12.p04.ny5 is now Up / Up
2024-08-14 05:10:56  esr1b.rk12.p04.ny5 is now Up / Up
2024-08-14 05:10:56  esr1b.rk08.p04.ny5 Version is now EOS: 4.28.7M
2024-08-14 05:10:56  esr1b.rk04.p02.ny5 is now Up / Up
2024-08-14 05:10:56  esr1b.rk13.p04.ny5 Version is now EOS: 4.28.7M
2024-08-14 05:10:56  esr1b.rk05.p04.ny5 Version is now EOS: 4.28.7M
2024-08-14 05:10:56  esr1b.rk09.p04.ny5 Version is now EOS: 4.28.7M
2024-08-14 05:10:56  csr1.ny5 is now Up / Up
2024-08-14 05:10:56  esr1b.rk06.p04.ny5 Version is now EOS: 4.28.7M
2024-08-14 05:10:56  esr1b.rk02.p02.ny5 Version is now EOS: 4.28.7M
2024-08-14 05:10:56  esr1a.rk02.p02.ny5 Version is now EOS: 4.28.7M
2024-08-14 05:10:56  esr1a.rk09.p04.ny5 Version is now EOS: 4.28.7M
2024-08-14 05:10:56  esr1a.rk07.p04.ny5 Version is now EOS: 4.28.7M
2024-08-14 05:10:56  esr1a.rk05.p04.ny5 Version is now EOS: 4.28.7M
2024-08-14 05:10:56  esr1b.rk06.p04.ny5 is now Up / Up
2024-08-14 05:10:56  esr1a.rk13.p04.ny5 is now Up / Up
2024-08-14 05:10:56  esr1b.rk03.p02.ny5 Version is now EOS: 4.28.7M
2024-08-14 05:10:56  esr1b.rk07.p04.ny5 Version is now EOS: 4.28.7M
2024-08-14 05:10:56  esr1b.rk08.p02.ny5 Version is now EOS: 4.28.7M
2024-08-14 05:10:56  esr1a.rk05.p02.ny5 is now Up / Up
2024-08-14 05:10:56  esr1b.rk08.p04.ny5 is now Up / Up
2024-08-14 05:10:56  esr1a.rk08.p04.ny5 is now Up / Up
2024-08-14 05:10:56  esr1b.rk05.p04.ny5 is now Up / Up
2024-08-14 05:10:56  esr1b.rk01.p02.ny5 Version is now EOS: 4.28.7M
2024-08-14 05:10:56  esr1b.rk13.p04.ny5 is now Up / Up
2024-08-14 05:10:56  esr1a.rk06.p04.ny5 Version is now EOS: 4.28.7M
2024-08-14 05:10:56  esr1a.rk07.p04.ny5 is now Up / Up
2024-08-14 05:10:56  dsr2.rk05.p02.ny5 Version is now EOS: 4.28.7M
2024-08-14 05:10:56  esr1b.rk02.p02.ny5 is now Up / Up
2024-08-14 05:10:56  esr1a.rk02.p02.ny5 is now Up / Up
2024-08-14 05:10:56  esr1b.rk06.p02.ny5 Version is now EOS: 4.28.7M
2024-08-14 05:10:56  esr1a.rk10.p02.ny5 Version is now EOS: 4.28.7M
2024-08-14 05:10:56  esr1b.rk09.p04.ny5 is now Up / Up
2024-08-14 05:10:57  esr1a.rk11.p02.ny5 Version is now EOS: 4.28.7M
2024-08-14 05:10:57  esr1b.rk07.p02.ny5 Version is now EOS: 4.28.7M
2024-08-14 05:10:57  esr1a.rk08.p02.ny5 Version is now EOS: 4.28.7M
2024-08-14 05:10:57  esr1b.rk08.p02.ny5 is now Up / Up
2024-08-14 05:10:57  esr1b.rk12.p02.ny5 Version is now EOS: 4.28.7M
2024-08-14 05:10:57  dsr1.rk04.p02.ny5 Version is now EOS: 4.28.7M
2024-08-14 05:10:57  esr1a.rk03.p02.ny5 is now Up / Up
2024-08-14 05:10:57  esr1a.rk06.p02.ny5 Version is now EOS: 4.28.7M
2024-08-14 05:10:57  dsr2.rk05.p02.ny5 is now Up / Up
2024-08-14 05:10:57  esr1a.rk09.p02.ny5 Version is now EOS: 4.28.7M
2024-08-14 05:10:57  esr1b.rk11.p02.ny5 Version is now EOS: 4.28.7M
2024-08-14 05:10:57  esr1b.rk03.p02.ny5 is now Up / Up
2024-08-14 05:10:57  esr1a.rk12.p02.ny5 Version is now EOS: 4.28.7M
2024-08-14 05:10:57  esr1b.rk10.p02.ny5 Version is now EOS: 4.28.7M
2024-08-14 05:10:57  esr1a.rk09.p04.ny5 is now Up / Up
2024-08-14 05:10:57  esr1a.rk05.p04.ny5 is now Up / Up
2024-08-14 05:10:57  esr1a.rk01.p02.ny5 Version is now EOS: 4.28.7M
2024-08-14 05:10:57  esr1b.rk01.p02.ny5 is now Up / Up
2024-08-14 05:10:57  esr1b.rk07.p04.ny5 is now Up / Up
2024-08-14 05:10:57  esr1a.rk07.p02.ny5 Version is now EOS: 4.28.7M
2024-08-14 05:10:57  esr1b.rk09.p02.ny5 Version is now EOS: 4.28.7M
2024-08-14 05:10:57  esr1b.rk12.p02.ny5 is now Up / Up
2024-08-14 05:10:57  esr1a.rk08.p02.ny5 is now Up / Up
2024-08-14 05:10:57  esr1a.rk06.p02.ny5 is now Up / Up
2024-08-14 05:10:57  esr1a.rk10.p02.ny5 is now Up / Up
2024-08-14 05:10:57  esr1b.rk06.p02.ny5 is now Up / Up
2024-08-14 05:10:57  esr1b.rk10.p02.ny5 is now Up / Up
2024-08-14 05:10:57  esr1a.rk12.p02.ny5 is now Up / Up
2024-08-14 05:10:57  esr1a.rk09.p02.ny5 is now Up / Up
2024-08-14 05:10:57  esr1a.rk11.p02.ny5 is now Up / Up
2024-08-14 05:10:57  esr1a.rk06.p04.ny5 is now Up / Up
2024-08-14 05:10:57  esr1b.rk07.p02.ny5 is now Up / Up
2024-08-14 05:10:57  esr1b.rk11.p02.ny5 is now Up / Up
2024-08-14 05:10:57  esr1a.rk01.p02.ny5 is now Up / Up
2024-08-14 05:10:57  esr1b.rk09.p02.ny5 is now Up / Up
2024-08-14 05:10:57  esr1a.rk11.p04.ny5 Version is now EOS: 4.28.7M
2024-08-14 05:10:57  dsr1.rk04.p02.ny5 is now Up / Up
2024-08-14 05:10:57  esr1b.rk10.p04.ny5 Version is now EOS: 4.28.7M
2024-08-14 05:10:57  esr1b.rk10.p04.ny5 is now Up / Up
2024-08-14 05:10:57  esr1a.rk15.p04.ny5 Version is now EOS: 4.28.7M
2024-08-14 05:10:57  esr1a.rk11.p04.ny5 is now Up / Up
2024-08-14 05:10:57  esr1b.rk14.p04.ny5 Version is now EOS: 4.28.7M
2024-08-14 05:10:57  esr1a.rk10.p04.ny5 Version is now EOS: 4.28.7M
2024-08-14 05:10:57  esr1a.rk07.p02.ny5 is now Up / Up
2024-08-14 05:10:57  dsr3.rk03.p04.ny5 Version is now EOS: 4.28.7M
2024-08-14 05:10:57  esr1a.rk15.p04.ny5 is now Up / Up
2024-08-14 05:10:57  esr1b.rk11.p04.ny5 Version is now EOS: 4.28.7M
2024-08-14 05:10:57  esr1b.rk14.p04.ny5 is now Up / Up
2024-08-14 05:10:57  dsr3.rk03.p04.ny5 is now Up / Up
2024-08-14 05:10:57  esr1a.rk14.p04.ny5 Version is now EOS: 4.28.7M
2024-08-14 05:10:57  esr1b.rk15.p04.ny5 Version is now EOS: 4.28.7M
2024-08-14 05:10:57  esr1b.rk12.p04.ny5 is now NoMaint
2024-08-14 05:10:57  esr1a.rk10.p04.ny5 is now Up / Up
2024-08-14 05:10:57  esr1a.rk04.p02.ny5 is now NoMaint
2024-08-14 05:10:57  esr1b.rk11.p04.ny5 is now Up / Up
2024-08-14 05:10:57  esr1a.rk14.p04.ny5 is now Up / Up
2024-08-14 05:10:57  esr1b.rk05.p02.ny5 is now NoMaint
2024-08-14 05:10:57  esr1b.rk04.p02.ny5 is now NoMaint
2024-08-14 05:10:57  esr1a.rk07.p04.ny5 is now NoMaint
2024-08-14 05:10:57  esr1b.rk08.p04.ny5 is now NoMaint
2024-08-14 05:10:57  esr1b.rk15.p04.ny5 is now Up / Up
2024-08-14 05:10:57  dsr4.rk04.p04.ny5 Version is now EOS: 4.28.7M
2024-08-14 05:10:57  dsr1.rk01.p04.ny5 Version is now EOS: 4.28.7M
2024-08-14 05:10:57  esr1a.rk12.p04.ny5 is now NoMaint
2024-08-14 05:10:57  dsr1.rk01.p04.ny5 is now Up / Up
2024-08-14 05:10:57  dsr4.rk04.p04.ny5 is now Up / Up
2024-08-14 05:10:57  esr1a.rk08.p04.ny5 is now NoMaint
2024-08-14 05:10:57  esr1b.rk06.p04.ny5 is now NoMaint
2024-08-14 05:10:57  esr1b.rk02.p02.ny5 is now NoMaint
2024-08-14 05:10:57  dsr2.rk02.p04.ny5 Version is now EOS: 4.28.7M
2024-08-14 05:10:57  csr1.ny5 is now Disabled
2024-08-14 05:10:57  esr1b.rk13.p04.ny5 is now NoMaint
2024-08-14 05:10:57  esr1a.rk05.p02.ny5 is now NoMaint
2024-08-14 05:10:57  esr1a.rk13.p04.ny5 is now NoMaint
2024-08-14 05:10:57  esr1a.rk09.p04.ny5 is now NoMaint
2024-08-14 05:10:57  esr1a.rk02.p02.ny5 is now NoMaint
2024-08-14 05:10:57  dsr2.rk02.p04.ny5 is now Up / Up
2024-08-14 05:10:57  esr1a.rk03.p02.ny5 is now NoMaint
2024-08-14 05:10:57  esr1a.rk05.p04.ny5 is now NoMaint
2024-08-14 05:10:57  esr1b.rk05.p04.ny5 is now NoMaint
2024-08-14 05:10:57  esr1b.rk09.p04.ny5 is now NoMaint
2024-08-14 05:10:57  esr1b.rk08.p02.ny5 is now NoMaint
2024-08-14 05:10:57  dsr2.rk05.p02.ny5 is now NoMaint
2024-08-14 05:10:57  esr1b.rk12.p02.ny5 is now NoMaint
2024-08-14 05:10:57  esr1b.rk03.p02.ny5 is now NoMaint
2024-08-14 05:10:57  esr1a.rk08.p02.ny5 is now NoMaint
2024-08-14 05:10:57  esr1a.rk12.p02.ny5 is now NoMaint
2024-08-14 05:10:57  esr1a.rk06.p04.ny5 is now NoMaint
2024-08-14 05:10:57  esr1a.rk06.p02.ny5 is now NoMaint
2024-08-14 05:10:57  esr1a.rk10.p02.ny5 is now NoMaint
2024-08-14 05:10:57  esr1b.rk06.p02.ny5 is now NoMaint
2024-08-14 05:10:57  esr1b.rk01.p02.ny5 is now NoMaint
2024-08-14 05:10:57  esr1b.rk07.p04.ny5 is now NoMaint
2024-08-14 05:10:57  esr1b.rk10.p02.ny5 is now NoMaint
2024-08-14 05:10:57  esr1a.rk09.p02.ny5 is now NoMaint
2024-08-14 05:10:57  dsr3.rk03.p04.ny5 is now NoMaint
2024-08-14 05:10:57  esr1a.rk01.p02.ny5 is now NoMaint
2024-08-14 05:10:57  esr1b.rk09.p02.ny5 is now NoMaint
2024-08-14 05:10:57  esr1b.rk07.p02.ny5 is now NoMaint
2024-08-14 05:10:57  dsr1.rk01.p04.ny5 is now NoMaint
2024-08-14 05:10:57  esr1a.rk11.p02.ny5 is now NoMaint
2024-08-14 05:10:57  esr1b.rk11.p02.ny5 is now NoMaint
2024-08-14 05:10:57  dsr2.rk02.p04.ny5 is now NoMaint
2024-08-14 05:10:57  dsr1.rk04.p02.ny5 is now NoMaint
2024-08-14 05:10:57  dsr4.rk04.p04.ny5 is now NoMaint
2024-08-14 05:10:57  csr1.ny5 pstate is now 6/6
2024-08-14 05:10:57  csr1.ny5 SC pstate is now -
2024-08-14 05:10:57  esr1a.rk07.p02.ny5 is now NoMaint
2024-08-14 05:10:58  esr1b.rk10.p04.ny5 is now NoMaint
2024-08-14 05:10:58  esr1b.rk12.p04.ny5 pstate is now 12/12
2024-08-14 05:10:58  esr1b.rk12.p04.ny5 SC pstate is now -
2024-08-14 05:10:58  esr1b.rk05.p02.ny5 pstate is now 12/12
2024-08-14 05:10:58  esr1b.rk05.p02.ny5 SC pstate is now -
2024-08-14 05:10:58  esr1b.rk08.p04.ny5 pstate is now 12/12
2024-08-14 05:10:58  esr1b.rk08.p04.ny5 SC pstate is now -
2024-08-14 05:10:58  dsr3.rk03.p04.ny5 pstate is now 8/8
2024-08-14 05:10:58  dsr3.rk03.p04.ny5 SC pstate is now -
2024-08-14 05:10:58  dsr2.rk05.p02.ny5 pstate is now 8/8
2024-08-14 05:10:58  dsr2.rk05.p02.ny5 SC pstate is now -
2024-08-14 05:10:58  esr1a.rk04.p02.ny5 pstate is now 12/12
2024-08-14 05:10:58  esr1a.rk04.p02.ny5 SC pstate is now -
2024-08-14 05:10:58  esr1b.rk04.p02.ny5 pstate is now 12/12
2024-08-14 05:10:58  esr1b.rk04.p02.ny5 SC pstate is now -
2024-08-14 05:10:58  esr1a.rk07.p04.ny5 pstate is now 12/12
2024-08-14 05:10:58  esr1a.rk07.p04.ny5 SC pstate is now -
2024-08-14 05:10:58  esr1b.rk14.p04.ny5 is now NoMaint
2024-08-14 05:10:58  esr1a.rk11.p04.ny5 is now NoMaint
2024-08-14 05:10:58  esr1b.rk11.p04.ny5 is now NoMaint
2024-08-14 05:10:58  esr1a.rk15.p04.ny5 is now NoMaint
2024-08-14 05:10:58  esr1a.rk10.p04.ny5 is now NoMaint
2024-08-14 05:10:58  esr1a.rk12.p04.ny5 pstate is now 12/12
2024-08-14 05:10:58  esr1a.rk12.p04.ny5 SC pstate is now -
2024-08-14 05:10:58  esr1a.rk14.p04.ny5 is now NoMaint
2024-08-14 05:10:58  esr1b.rk15.p04.ny5 is now NoMaint
2024-08-14 05:10:58  esr1b.rk06.p04.ny5 pstate is now 12/12
2024-08-14 05:10:58  esr1b.rk02.p02.ny5 pstate is now 12/12
2024-08-14 05:10:58  esr1a.rk05.p04.ny5 pstate is now 12/12
2024-08-14 05:10:58  esr1a.rk02.p02.ny5 pstate is now 12/12
2024-08-14 05:10:58  esr1b.rk02.p02.ny5 SC pstate is now -
2024-08-14 05:10:58  esr1b.rk06.p04.ny5 SC pstate is now -
2024-08-14 05:10:58  esr1a.rk09.p04.ny5 pstate is now 12/12
2024-08-14 05:10:58  dsr1.rk01.p04.ny5 pstate is now 8/8
2024-08-14 05:10:58  esr1a.rk02.p02.ny5 SC pstate is now -
2024-08-14 05:10:58  esr1a.rk05.p04.ny5 SC pstate is now -
2024-08-14 05:10:58  esr1a.rk13.p04.ny5 pstate is now 12/12
2024-08-14 05:10:58  esr1a.rk13.p04.ny5 SC pstate is now -
2024-08-14 05:10:58  esr1a.rk09.p04.ny5 SC pstate is now -
2024-08-14 05:10:58  dsr1.rk01.p04.ny5 SC pstate is now -
2024-08-14 05:10:58  esr1a.rk08.p04.ny5 pstate is now 12/12
2024-08-14 05:10:58  esr1a.rk08.p04.ny5 SC pstate is now -
2024-08-14 05:10:58  esr1b.rk13.p04.ny5 pstate is now 12/12
2024-08-14 05:10:58  esr1a.rk05.p02.ny5 pstate is now 12/12
2024-08-14 05:10:58  esr1a.rk05.p02.ny5 SC pstate is now -
2024-08-14 05:10:58  esr1b.rk13.p04.ny5 SC pstate is now -
2024-08-14 05:10:58  esr1b.rk05.p04.ny5 pstate is now 12/12
2024-08-14 05:10:58  esr1b.rk05.p04.ny5 SC pstate is now -
2024-08-14 05:10:58  esr1b.rk09.p04.ny5 pstate is now 12/12
2024-08-14 05:10:58  esr1b.rk09.p04.ny5 SC pstate is now -
2024-08-14 05:10:58  esr1a.rk03.p02.ny5 pstate is now 12/12
2024-08-14 05:10:58  esr1a.rk03.p02.ny5 SC pstate is now -
2024-08-14 05:10:58  dsr4.rk04.p04.ny5 pstate is now 8/8
2024-08-14 05:10:58  dsr4.rk04.p04.ny5 SC pstate is now -
2024-08-14 05:10:58  esr1b.rk07.p04.ny5 pstate is now 12/12
2024-08-14 05:10:58  esr1b.rk07.p04.ny5 SC pstate is now -
2024-08-14 05:10:58  esr1a.rk06.p04.ny5 pstate is now 12/12
2024-08-14 05:10:58  esr1a.rk06.p04.ny5 SC pstate is now -
2024-08-14 05:10:58  dsr2.rk02.p04.ny5 pstate is now 8/8
2024-08-14 05:10:58  esr1b.rk03.p02.ny5 pstate is now 12/12
2024-08-14 05:10:58  dsr2.rk02.p04.ny5 SC pstate is now -
2024-08-14 05:10:58  esr1b.rk03.p02.ny5 SC pstate is now -
2024-08-14 05:10:58  esr1b.rk08.p02.ny5 pstate is now 8/8
2024-08-14 05:10:58  esr1b.rk08.p02.ny5 SC pstate is now -
2024-08-14 05:10:58  dsr1.rk04.p02.ny5 pstate is now 8/8
2024-08-14 05:10:58  dsr1.rk04.p02.ny5 SC pstate is now -
2024-08-14 05:10:58  esr1b.rk06.p02.ny5 pstate is now 12/12
2024-08-14 05:10:58  esr1b.rk06.p02.ny5 SC pstate is now -
2024-08-14 05:10:58  esr1a.rk10.p02.ny5 pstate is now 8/8
2024-08-14 05:10:58  esr1a.rk10.p02.ny5 SC pstate is now -
2024-08-14 05:10:58  esr1a.rk08.p02.ny5 pstate is now 8/8
2024-08-14 05:10:58  esr1a.rk08.p02.ny5 SC pstate is now -
2024-08-14 05:10:58  esr1b.rk12.p02.ny5 pstate is now 8/8
2024-08-14 05:10:58  esr1b.rk12.p02.ny5 SC pstate is now -
2024-08-14 05:10:58  esr1a.rk12.p02.ny5 pstate is now 8/8
2024-08-14 05:10:58  esr1a.rk12.p02.ny5 SC pstate is now -
2024-08-14 05:10:58  esr1a.rk01.p02.ny5 pstate is now 12/12
2024-08-14 05:10:58  esr1a.rk01.p02.ny5 SC pstate is now -
2024-08-14 05:10:58  esr1b.rk01.p02.ny5 pstate is now 12/12
2024-08-14 05:10:58  esr1b.rk01.p02.ny5 SC pstate is now -
2024-08-14 05:10:58  esr1a.rk06.p02.ny5 pstate is now 12/12
2024-08-14 05:10:58  esr1a.rk06.p02.ny5 SC pstate is now -
2024-08-14 05:10:58  esr1b.rk09.p02.ny5 pstate is now 8/8
2024-08-14 05:10:58  esr1b.rk09.p02.ny5 SC pstate is now -
2024-08-14 05:10:58  esr1a.rk09.p02.ny5 pstate is now 8/8
2024-08-14 05:10:58  esr1a.rk09.p02.ny5 SC pstate is now -
2024-08-14 05:10:58  esr1b.rk10.p02.ny5 pstate is now 8/8
2024-08-14 05:10:58  esr1b.rk10.p02.ny5 SC pstate is now -
2024-08-14 05:10:58  esr1a.rk11.p02.ny5 pstate is now 8/8
2024-08-14 05:10:58  esr1a.rk11.p02.ny5 SC pstate is now -
2024-08-14 05:10:58  esr1b.rk07.p02.ny5 pstate is now 8/8
2024-08-14 05:10:58  esr1b.rk07.p02.ny5 SC pstate is now -
2024-08-14 05:10:58  esr1a.rk07.p02.ny5 pstate is now 8/8
2024-08-14 05:10:58  esr1a.rk07.p02.ny5 SC pstate is now -
2024-08-14 05:10:59  esr1b.rk11.p02.ny5 pstate is now 8/8
2024-08-14 05:10:59  esr1b.rk11.p02.ny5 SC pstate is now -
2024-08-14 05:10:59  esr1b.rk10.p04.ny5 pstate is now 12/12
2024-08-14 05:10:59  esr1b.rk10.p04.ny5 SC pstate is now -
2024-08-14 05:10:59  esr1b.rk14.p04.ny5 pstate is now 12/12
2024-08-14 05:10:59  esr1b.rk14.p04.ny5 SC pstate is now -
2024-08-14 05:10:59  esr1a.rk10.p04.ny5 pstate is now 12/12
2024-08-14 05:10:59  esr1a.rk10.p04.ny5 SC pstate is now -
2024-08-14 05:10:59  esr1b.rk15.p04.ny5 pstate is now 12/12
2024-08-14 05:10:59  esr1b.rk15.p04.ny5 SC pstate is now -
2024-08-14 05:10:59  esr1a.rk14.p04.ny5 pstate is now 12/12
2024-08-14 05:10:59  esr1a.rk14.p04.ny5 SC pstate is now -
2024-08-14 05:10:59  esr1b.rk11.p04.ny5 pstate is now 12/12
2024-08-14 05:10:59  esr1b.rk11.p04.ny5 SC pstate is now -
2024-08-14 05:10:59  esr1a.rk11.p04.ny5 pstate is now 12/12
2024-08-14 05:10:59  esr1a.rk11.p04.ny5 SC pstate is now -
2024-08-14 05:10:59  esr1a.rk15.p04.ny5 pstate is now 12/12
2024-08-14 05:10:59  esr1a.rk15.p04.ny5 SC pstate is now -
2024-08-14 05:11:31  csr1.ny5 Version is now EOS: 4.28.7M
2024-08-14 05:11:31  esr1a.rk05.p02.ny5 Version is now EOS: 4.28.7M
2024-08-14 05:11:31  esr1a.rk12.p04.ny5 Version is now EOS: 4.28.7M
2024-08-14 05:11:31  esr1a.rk08.p04.ny5 Version is now EOS: 4.28.7M
2024-08-14 05:11:31  esr1a.rk02.p02.ny5 Version is now EOS: 4.28.7M
2024-08-14 05:11:31  esr1a.rk04.p02.ny5 Version is now EOS: 4.28.7M
2024-08-14 05:11:31  esr1a.rk09.p04.ny5 Version is now EOS: 4.28.7M
2024-08-14 05:11:31  esr1a.rk13.p04.ny5 Version is now EOS: 4.28.7M
2024-08-14 05:11:31  esr1b.rk02.p02.ny5 Version is now EOS: 4.28.7M
2024-08-14 05:11:31  esr1a.rk03.p02.ny5 Version is now EOS: 4.28.7M
2024-08-14 05:11:31  esr1b.rk05.p02.ny5 Version is now EOS: 4.28.7M
2024-08-14 05:11:31  csr1.ny5 is now Up / Up
2024-08-14 05:11:31  esr1b.rk05.p04.ny5 Version is now EOS: 4.28.7M
2024-08-14 05:11:31  esr1b.rk13.p04.ny5 Version is now EOS: 4.28.7M
2024-08-14 05:11:31  esr1b.rk06.p04.ny5 Version is now EOS: 4.28.7M
2024-08-14 05:11:31  esr1b.rk09.p04.ny5 Version is now EOS: 4.28.7M
2024-08-14 05:11:31  esr1a.rk02.p02.ny5 is now Up / Up
2024-08-14 05:11:31  esr1a.rk05.p04.ny5 Version is now EOS: 4.28.7M
2024-08-14 05:11:31  esr1a.rk09.p04.ny5 is now Up / Up
2024-08-14 05:11:31  esr1b.rk03.p02.ny5 Version is now EOS: 4.28.7M
2024-08-14 05:11:31  esr1a.rk06.p04.ny5 Version is now EOS: 4.28.7M
2024-08-14 05:11:31  esr1a.rk13.p04.ny5 is now Up / Up
2024-08-14 05:11:31  esr1b.rk07.p04.ny5 Version is now EOS: 4.28.7M
2024-08-14 05:11:31  esr1a.rk12.p04.ny5 is now Up / Up
2024-08-14 05:11:31  esr1b.rk08.p04.ny5 Version is now EOS: 4.28.7M
2024-08-14 05:11:31  esr1a.rk07.p04.ny5 Version is now EOS: 4.28.7M
2024-08-14 05:11:31  esr1a.rk05.p02.ny5 is now Up / Up
2024-08-14 05:11:31  esr1b.rk12.p04.ny5 Version is now EOS: 4.28.7M
2024-08-14 05:11:31  esr1b.rk02.p02.ny5 is now Up / Up
2024-08-14 05:11:31  esr1a.rk03.p02.ny5 is now Up / Up
2024-08-14 05:11:31  esr1b.rk10.p02.ny5 Version is now EOS: 4.28.7M
2024-08-14 05:11:31  esr1a.rk06.p02.ny5 Version is now EOS: 4.28.7M
2024-08-14 05:11:31  esr1b.rk06.p02.ny5 Version is now EOS: 4.28.7M
2024-08-14 05:11:31  esr1a.rk05.p04.ny5 is now Up / Up
2024-08-14 05:11:31  esr1b.rk09.p04.ny5 is now Up / Up
2024-08-14 05:11:31  esr1b.rk05.p02.ny5 is now Up / Up
2024-08-14 05:11:31  esr1a.rk04.p02.ny5 is now Up / Up
2024-08-14 05:11:31  esr1b.rk04.p02.ny5 Version is now EOS: 4.28.7M
2024-08-14 05:11:31  dsr1.rk04.p02.ny5 Version is now EOS: 4.28.7M
2024-08-14 05:11:31  esr1a.rk06.p04.ny5 is now Up / Up
2024-08-14 05:11:31  esr1b.rk07.p04.ny5 is now Up / Up
2024-08-14 05:11:31  esr1b.rk03.p02.ny5 is now Up / Up
2024-08-14 05:11:31  esr1a.rk10.p02.ny5 Version is now EOS: 4.28.7M
2024-08-14 05:11:31  esr1b.rk06.p04.ny5 is now Up / Up
2024-08-14 05:11:31  esr1a.rk01.p02.ny5 Version is now EOS: 4.28.7M
2024-08-14 05:11:31  esr1a.rk08.p02.ny5 Version is now EOS: 4.28.7M
2024-08-14 05:11:31  esr1a.rk12.p02.ny5 Version is now EOS: 4.28.7M
2024-08-14 05:11:31  esr1b.rk12.p02.ny5 Version is now EOS: 4.28.7M
2024-08-14 05:11:31  esr1b.rk12.p04.ny5 is now Up / Up
2024-08-14 05:11:31  esr1b.rk08.p02.ny5 Version is now EOS: 4.28.7M
2024-08-14 05:11:31  esr1b.rk08.p04.ny5 is now Up / Up
2024-08-14 05:11:31  esr1a.rk07.p02.ny5 Version is now EOS: 4.28.7M
2024-08-14 05:11:31  esr1b.rk07.p02.ny5 Version is now EOS: 4.28.7M
2024-08-14 05:11:31  esr1b.rk11.p02.ny5 Version is now EOS: 4.28.7M
2024-08-14 05:11:31  esr1a.rk11.p02.ny5 Version is now EOS: 4.28.7M
2024-08-14 05:11:31  dsr1.rk04.p02.ny5 is now Up / Up
2024-08-14 05:11:31  esr1b.rk05.p04.ny5 is now Up / Up
2024-08-14 05:11:31  esr1b.rk09.p02.ny5 Version is now EOS: 4.28.7M
2024-08-14 05:11:31  esr1a.rk08.p04.ny5 is now Up / Up
2024-08-14 05:11:31  esr1b.rk13.p04.ny5 is now Up / Up
2024-08-14 05:11:31  esr1b.rk01.p02.ny5 Version is now EOS: 4.28.7M
2024-08-14 05:11:31  esr1a.rk09.p02.ny5 Version is now EOS: 4.28.7M
2024-08-14 05:11:31  esr1a.rk07.p04.ny5 is now Up / Up
2024-08-14 05:11:31  dsr2.rk05.p02.ny5 Version is now EOS: 4.28.7M
2024-08-14 05:11:31  esr1b.rk09.p02.ny5 is now Up / Up
2024-08-14 05:11:31  esr1b.rk10.p02.ny5 is now Up / Up
2024-08-14 05:11:31  esr1b.rk06.p02.ny5 is now Up / Up
2024-08-14 05:11:31  esr1a.rk06.p02.ny5 is now Up / Up
2024-08-14 05:11:31  esr1b.rk04.p02.ny5 is now Up / Up
2024-08-14 05:11:31  esr1a.rk09.p02.ny5 is now Up / Up
2024-08-14 05:11:31  esr1a.rk10.p02.ny5 is now Up / Up
2024-08-14 05:11:31  esr1a.rk01.p02.ny5 is now Up / Up
2024-08-14 05:11:31  esr1a.rk12.p02.ny5 is now Up / Up
2024-08-14 05:11:31  esr1a.rk08.p02.ny5 is now Up / Up
2024-08-14 05:11:31  esr1b.rk01.p02.ny5 is now Up / Up
2024-08-14 05:11:31  esr1b.rk07.p02.ny5 is now Up / Up
2024-08-14 05:11:31  esr1a.rk11.p02.ny5 is now Up / Up
2024-08-14 05:11:31  esr1a.rk07.p02.ny5 is now Up / Up
2024-08-14 05:11:31  esr1b.rk12.p02.ny5 is now Up / Up
2024-08-14 05:11:31  dsr2.rk05.p02.ny5 is now Up / Up
2024-08-14 05:11:31  esr1b.rk08.p02.ny5 is now Up / Up
2024-08-14 05:11:31  esr1a.rk11.p04.ny5 Version is now EOS: 4.28.7M
2024-08-14 05:11:31  esr1b.rk11.p02.ny5 is now Up / Up
2024-08-14 05:11:31  esr1a.rk10.p04.ny5 Version is now EOS: 4.28.7M
2024-08-14 05:11:31  esr1b.rk10.p04.ny5 Version is now EOS: 4.28.7M
2024-08-14 05:11:31  esr1b.rk10.p04.ny5 is now Up / Up
2024-08-14 05:11:31  esr1a.rk15.p04.ny5 Version is now EOS: 4.28.7M
2024-08-14 05:11:31  esr1b.rk14.p04.ny5 Version is now EOS: 4.28.7M
2024-08-14 05:11:31  esr1a.rk14.p04.ny5 Version is now EOS: 4.28.7M
2024-08-14 05:11:31  esr1b.rk15.p04.ny5 Version is now EOS: 4.28.7M
2024-08-14 05:11:31  esr1a.rk11.p04.ny5 is now Up / Up
2024-08-14 05:11:31  esr1a.rk15.p04.ny5 is now Up / Up
2024-08-14 05:11:31  esr1b.rk14.p04.ny5 is now Up / Up
2024-08-14 05:11:31  esr1b.rk11.p04.ny5 Version is now EOS: 4.28.7M
2024-08-14 05:11:31  esr1a.rk10.p04.ny5 is now Up / Up
2024-08-14 05:11:31  esr1b.rk15.p04.ny5 is now Up / Up
2024-08-14 05:11:31  esr1a.rk14.p04.ny5 is now Up / Up
2024-08-14 05:11:31  dsr1.rk01.p04.ny5 Version is now EOS: 4.28.7M
2024-08-14 05:11:31  esr1a.rk05.p02.ny5 is now NoMaint
2024-08-14 05:11:31  dsr1.rk01.p04.ny5 is now Up / Up
2024-08-14 05:11:31  csr1.ny5 is now Disabled
2024-08-14 05:11:31  dsr2.rk02.p04.ny5 Version is now EOS: 4.28.7M
2024-08-14 05:11:31  esr1a.rk09.p04.ny5 is now NoMaint
2024-08-14 05:11:31  esr1b.rk02.p02.ny5 is now NoMaint
2024-08-14 05:11:31  esr1a.rk12.p04.ny5 is now NoMaint
2024-08-14 05:11:31  dsr4.rk04.p04.ny5 Version is now EOS: 4.28.7M
2024-08-14 05:11:31  esr1b.rk09.p04.ny5 is now NoMaint
2024-08-14 05:11:31  esr1b.rk11.p04.ny5 is now Up / Up
2024-08-14 05:11:31  dsr3.rk03.p04.ny5 Version is now EOS: 4.28.7M
2024-08-14 05:11:31  dsr2.rk02.p04.ny5 is now Up / Up
2024-08-14 05:11:31  dsr3.rk03.p04.ny5 is now Up / Up
2024-08-14 05:11:31  esr1a.rk05.p04.ny5 is now NoMaint
2024-08-14 05:11:31  esr1a.rk02.p02.ny5 is now NoMaint
2024-08-14 05:11:31  esr1b.rk06.p04.ny5 is now NoMaint
2024-08-14 05:11:31  esr1a.rk13.p04.ny5 is now NoMaint
2024-08-14 05:11:31  esr1a.rk03.p02.ny5 is now NoMaint
2024-08-14 05:11:31  esr1a.rk04.p02.ny5 is now NoMaint
2024-08-14 05:11:31  esr1a.rk08.p04.ny5 is now NoMaint
2024-08-14 05:11:31  esr1b.rk13.p04.ny5 is now NoMaint
2024-08-14 05:11:31  esr1b.rk05.p02.ny5 is now NoMaint
2024-08-14 05:11:31  esr1b.rk04.p02.ny5 is now NoMaint
2024-08-14 05:11:31  esr1b.rk08.p04.ny5 is now NoMaint
2024-08-14 05:11:31  esr1b.rk12.p04.ny5 is now NoMaint
2024-08-14 05:11:31  esr1a.rk07.p04.ny5 is now NoMaint
2024-08-14 05:11:31  esr1a.rk06.p04.ny5 is now NoMaint
2024-08-14 05:11:31  esr1b.rk05.p04.ny5 is now NoMaint
2024-08-14 05:11:31  dsr4.rk04.p04.ny5 is now Up / Up
2024-08-14 05:11:31  esr1b.rk03.p02.ny5 is now NoMaint
2024-08-14 05:11:31  esr1b.rk07.p04.ny5 is now NoMaint
2024-08-14 05:11:31  esr1a.rk10.p02.ny5 is now NoMaint
2024-08-14 05:11:31  esr1a.rk06.p02.ny5 is now NoMaint
2024-08-14 05:11:31  esr1a.rk01.p02.ny5 is now NoMaint
2024-08-14 05:11:31  esr1b.rk10.p02.ny5 is now NoMaint
2024-08-14 05:11:31  esr1b.rk06.p02.ny5 is now NoMaint
2024-08-14 05:11:31  esr1b.rk12.p02.ny5 is now NoMaint
2024-08-14 05:11:31  esr1a.rk08.p02.ny5 is now NoMaint
2024-08-14 05:11:32  esr1b.rk01.p02.ny5 is now NoMaint
2024-08-14 05:11:32  esr1b.rk09.p02.ny5 is now NoMaint
2024-08-14 05:11:32  esr1a.rk09.p02.ny5 is now NoMaint
2024-08-14 05:11:32  dsr1.rk04.p02.ny5 is now NoMaint
2024-08-14 05:11:32  esr1b.rk08.p02.ny5 is now NoMaint
2024-08-14 05:11:32  esr1a.rk12.p02.ny5 is now NoMaint
2024-08-14 05:11:32  dsr2.rk02.p04.ny5 is now NoMaint
2024-08-14 05:11:32  dsr2.rk05.p02.ny5 is now NoMaint
2024-08-14 05:11:32  esr1a.rk11.p02.ny5 is now NoMaint
2024-08-14 05:11:32  dsr3.rk03.p04.ny5 is now NoMaint
2024-08-14 05:11:32  esr1b.rk07.p02.ny5 is now NoMaint
2024-08-14 05:11:32  csr1.ny5 pstate is now 6/6
2024-08-14 05:11:32  csr1.ny5 SC pstate is now -
2024-08-14 05:11:32  dsr1.rk01.p04.ny5 is now NoMaint
2024-08-14 05:11:32  esr1b.rk11.p02.ny5 is now NoMaint
2024-08-14 05:11:32  dsr4.rk04.p04.ny5 is now NoMaint
2024-08-14 05:11:32  esr1b.rk10.p04.ny5 is now NoMaint
2024-08-14 05:11:32  esr1a.rk11.p04.ny5 is now NoMaint
2024-08-14 05:11:32  esr1b.rk14.p04.ny5 is now NoMaint
2024-08-14 05:11:32  esr1a.rk15.p04.ny5 is now NoMaint
2024-08-14 05:11:32  esr1a.rk03.p02.ny5 pstate is now 12/12
2024-08-14 05:11:32  esr1a.rk03.p02.ny5 SC pstate is now -
2024-08-14 05:11:32  dsr2.rk02.p04.ny5 pstate is now 8/8
2024-08-14 05:11:32  dsr2.rk02.p04.ny5 SC pstate is now -
2024-08-14 05:11:32  esr1a.rk14.p04.ny5 is now NoMaint
2024-08-14 05:11:32  esr1b.rk02.p02.ny5 pstate is now 12/12
2024-08-14 05:11:32  esr1b.rk02.p02.ny5 SC pstate is now -
2024-08-14 05:11:32  esr1a.rk09.p04.ny5 pstate is now 12/12
2024-08-14 05:11:32  esr1a.rk09.p04.ny5 SC pstate is now -
2024-08-14 05:11:32  esr1a.rk13.p04.ny5 pstate is now 12/12
2024-08-14 05:11:32  esr1a.rk02.p02.ny5 pstate is now 12/12
2024-08-14 05:11:32  esr1a.rk02.p02.ny5 SC pstate is now -
2024-08-14 05:11:32  esr1a.rk13.p04.ny5 SC pstate is now -
2024-08-14 05:11:32  esr1b.rk06.p04.ny5 pstate is now 12/12
2024-08-14 05:11:32  esr1b.rk06.p04.ny5 SC pstate is now -
2024-08-14 05:11:32  esr1b.rk15.p04.ny5 is now NoMaint
2024-08-14 05:11:32  esr1a.rk05.p04.ny5 pstate is now 12/12
2024-08-14 05:11:32  esr1a.rk05.p04.ny5 SC pstate is now -
2024-08-14 05:11:32  dsr1.rk01.p04.ny5 pstate is now 8/8
2024-08-14 05:11:32  dsr1.rk01.p04.ny5 SC pstate is now -
2024-08-14 05:11:32  esr1a.rk04.p02.ny5 pstate is now 12/12
2024-08-14 05:11:32  dsr3.rk03.p04.ny5 pstate is now 8/8
2024-08-14 05:11:32  esr1a.rk04.p02.ny5 SC pstate is now -
2024-08-14 05:11:32  dsr3.rk03.p04.ny5 SC pstate is now -
2024-08-14 05:11:32  dsr1.rk04.p02.ny5 pstate is now 8/8
2024-08-14 05:11:32  esr1a.rk10.p04.ny5 is now NoMaint
2024-08-14 05:11:32  esr1a.rk06.p04.ny5 pstate is now 12/12
2024-08-14 05:11:32  esr1a.rk07.p02.ny5 is now NoMaint
2024-08-14 05:11:32  esr1b.rk04.p02.ny5 pstate is now 12/12
2024-08-14 05:11:32  esr1b.rk04.p02.ny5 SC pstate is now -
2024-08-14 05:11:32  esr1b.rk08.p04.ny5 pstate is now 12/12
2024-08-14 05:11:32  esr1b.rk08.p04.ny5 SC pstate is now -
2024-08-14 05:11:32  esr1a.rk07.p04.ny5 pstate is now 12/12
2024-08-14 05:11:32  esr1a.rk07.p04.ny5 SC pstate is now -
2024-08-14 05:11:32  esr1b.rk12.p04.ny5 pstate is now 12/12
2024-08-14 05:11:32  esr1b.rk12.p04.ny5 SC pstate is now -
2024-08-14 05:11:32  esr1a.rk05.p02.ny5 pstate is now 12/12
2024-08-14 05:11:32  esr1a.rk05.p02.ny5 SC pstate is now -
2024-08-14 05:11:32  esr1b.rk11.p04.ny5 is now NoMaint
2024-08-14 05:11:32  esr1a.rk06.p04.ny5 SC pstate is now -
2024-08-14 05:11:32  dsr1.rk04.p02.ny5 SC pstate is now -
2024-08-14 05:11:32  esr1b.rk07.p04.ny5 pstate is now 12/12
2024-08-14 05:11:32  esr1b.rk03.p02.ny5 pstate is now 12/12
2024-08-14 05:11:32  esr1b.rk03.p02.ny5 SC pstate is now -
2024-08-14 05:11:32  dsr2.rk05.p02.ny5 pstate is now 8/8
2024-08-14 05:11:32  dsr2.rk05.p02.ny5 SC pstate is now -
2024-08-14 05:11:32  esr1a.rk08.p04.ny5 pstate is now 12/12
2024-08-14 05:11:32  esr1b.rk05.p02.ny5 pstate is now 12/12
2024-08-14 05:11:32  esr1a.rk08.p04.ny5 SC pstate is now -
2024-08-14 05:11:32  esr1b.rk05.p02.ny5 SC pstate is now -
2024-08-14 05:11:32  esr1a.rk12.p04.ny5 pstate is now 12/12
2024-08-14 05:11:32  esr1a.rk12.p04.ny5 SC pstate is now -
2024-08-14 05:11:32  esr1b.rk07.p04.ny5 SC pstate is now -
2024-08-14 05:11:32  esr1b.rk05.p04.ny5 pstate is now 12/12
2024-08-14 05:11:32  esr1b.rk09.p04.ny5 pstate is now 12/12
2024-08-14 05:11:32  esr1b.rk09.p04.ny5 SC pstate is now -
2024-08-14 05:11:32  esr1b.rk05.p04.ny5 SC pstate is now -
2024-08-14 05:11:32  esr1b.rk13.p04.ny5 pstate is now 12/12
2024-08-14 05:11:32  esr1b.rk13.p04.ny5 SC pstate is now -
2024-08-14 05:11:32  dsr4.rk04.p04.ny5 pstate is now 8/8
2024-08-14 05:11:32  dsr4.rk04.p04.ny5 SC pstate is now -
2024-08-14 05:11:32  esr1a.rk09.p02.ny5 pstate is now 8/8
2024-08-14 05:11:32  esr1a.rk09.p02.ny5 SC pstate is now -
2024-08-14 05:11:32  esr1b.rk06.p02.ny5 pstate is now 12/12
2024-08-14 05:11:32  esr1b.rk06.p02.ny5 SC pstate is now -
2024-08-14 05:11:32  esr1a.rk01.p02.ny5 pstate is now 12/12
2024-08-14 05:11:32  esr1a.rk01.p02.ny5 SC pstate is now -
2024-08-14 05:11:32  esr1a.rk10.p02.ny5 pstate is now 8/8
2024-08-14 05:11:32  esr1a.rk10.p02.ny5 SC pstate is now -
2024-08-14 05:11:32  esr1b.rk01.p02.ny5 pstate is now 12/12
2024-08-14 05:11:32  esr1b.rk01.p02.ny5 SC pstate is now -
2024-08-14 05:11:32  esr1b.rk10.p02.ny5 pstate is now 8/8
2024-08-14 05:11:32  esr1b.rk10.p02.ny5 SC pstate is now -
2024-08-14 05:11:32  esr1b.rk09.p02.ny5 pstate is now 8/8
2024-08-14 05:11:32  esr1b.rk09.p02.ny5 SC pstate is now -
2024-08-14 05:11:33  esr1a.rk06.p02.ny5 pstate is now 12/12
2024-08-14 05:11:33  esr1a.rk06.p02.ny5 SC pstate is now -
2024-08-14 05:11:33  esr1a.rk08.p02.ny5 pstate is now 8/8
2024-08-14 05:11:33  esr1a.rk08.p02.ny5 SC pstate is now -
2024-08-14 05:11:33  esr1b.rk12.p02.ny5 pstate is now 8/8
2024-08-14 05:11:33  esr1b.rk12.p02.ny5 SC pstate is now -
2024-08-14 05:11:33  esr1b.rk08.p02.ny5 pstate is now 8/8
2024-08-14 05:11:33  esr1b.rk08.p02.ny5 SC pstate is now -
2024-08-14 05:11:33  esr1a.rk12.p02.ny5 pstate is now 8/8
2024-08-14 05:11:33  esr1a.rk12.p02.ny5 SC pstate is now -
2024-08-14 05:11:33  esr1a.rk11.p02.ny5 pstate is now 8/8
2024-08-14 05:11:33  esr1a.rk11.p02.ny5 SC pstate is now -
2024-08-14 05:11:33  esr1b.rk07.p02.ny5 pstate is now 8/8
2024-08-14 05:11:33  esr1b.rk07.p02.ny5 SC pstate is now -
2024-08-14 05:11:33  esr1b.rk11.p02.ny5 pstate is now 8/8
2024-08-14 05:11:33  esr1b.rk11.p02.ny5 SC pstate is now -
2024-08-14 05:11:33  esr1a.rk07.p02.ny5 pstate is now 8/8
2024-08-14 05:11:33  esr1a.rk07.p02.ny5 SC pstate is now -
2024-08-14 05:11:33  esr1b.rk10.p04.ny5 pstate is now 12/12
2024-08-14 05:11:33  esr1b.rk10.p04.ny5 SC pstate is now -
2024-08-14 05:11:33  esr1b.rk14.p04.ny5 pstate is now 12/12
2024-08-14 05:11:33  esr1b.rk14.p04.ny5 SC pstate is now -
2024-08-14 05:11:33  esr1a.rk11.p04.ny5 pstate is now 12/12
2024-08-14 05:11:33  esr1a.rk11.p04.ny5 SC pstate is now -
2024-08-14 05:11:33  esr1a.rk15.p04.ny5 pstate is now 12/12
2024-08-14 05:11:33  esr1a.rk15.p04.ny5 SC pstate is now -
2024-08-14 05:11:34  esr1a.rk10.p04.ny5 pstate is now 12/12
2024-08-14 05:11:34  esr1a.rk10.p04.ny5 SC pstate is now -
2024-08-14 05:11:34  esr1b.rk15.p04.ny5 pstate is now 12/12
2024-08-14 05:11:34  esr1b.rk15.p04.ny5 SC pstate is now -
2024-08-14 05:11:34  esr1a.rk14.p04.ny5 pstate is now 12/12
2024-08-14 05:11:34  esr1a.rk14.p04.ny5 SC pstate is now -
2024-08-14 05:11:34  esr1b.rk11.p04.ny5 pstate is now 12/12
2024-08-14 05:11:34  esr1b.rk11.p04.ny5 SC pstate is now -
2024-08-14 05:12:05  esr1b.rk02.p02.ny5 Version is now EOS: 4.28.7M
2024-08-14 05:12:05  esr1a.rk02.p02.ny5 Version is now EOS: 4.28.7M
2024-08-14 05:12:05  esr1b.rk12.p04.ny5 Version is now EOS: 4.28.7M
2024-08-14 05:12:05  esr1a.rk04.p02.ny5 Version is now EOS: 4.28.7M
2024-08-14 05:12:05  esr1a.rk05.p02.ny5 Version is now EOS: 4.28.7M
2024-08-14 05:12:05  esr1b.rk04.p02.ny5 Version is now EOS: 4.28.7M
2024-08-14 05:12:05  esr1b.rk05.p04.ny5 Version is now EOS: 4.28.7M
2024-08-14 05:12:05  esr1b.rk13.p04.ny5 Version is now EOS: 4.28.7M
2024-08-14 05:12:05  esr1a.rk08.p04.ny5 Version is now EOS: 4.28.7M
2024-08-14 05:12:05  esr1b.rk05.p02.ny5 Version is now EOS: 4.28.7M
2024-08-14 05:12:05  esr1a.rk12.p04.ny5 Version is now EOS: 4.28.7M
2024-08-14 05:12:05  esr1a.rk03.p02.ny5 Version is now EOS: 4.28.7M
2024-08-14 05:12:05  esr1b.rk07.p04.ny5 Version is now EOS: 4.28.7M
2024-08-14 05:12:05  esr1b.rk03.p02.ny5 Version is now EOS: 4.28.7M
2024-08-14 05:12:05  esr1a.rk07.p04.ny5 Version is now EOS: 4.28.7M
2024-08-14 05:12:05  esr1b.rk08.p04.ny5 Version is now EOS: 4.28.7M
2024-08-14 05:12:05  esr1b.rk09.p04.ny5 Version is now EOS: 4.28.7M
2024-08-14 05:12:05  esr1a.rk06.p04.ny5 Version is now EOS: 4.28.7M
2024-08-14 05:12:05  esr1b.rk12.p04.ny5 is now Up / Up
2024-08-14 05:12:05  esr1a.rk04.p02.ny5 is now Up / Up
2024-08-14 05:12:05  csr1.ny5 Version is now EOS: 4.28.7M
2024-08-14 05:12:05  esr1b.rk07.p04.ny5 is now Up / Up
2024-08-14 05:12:05  esr1b.rk04.p02.ny5 is now Up / Up
2024-08-14 05:12:05  esr1a.rk03.p02.ny5 is now Up / Up
2024-08-14 05:12:05  esr1a.rk05.p02.ny5 is now Up / Up
2024-08-14 05:12:05  esr1b.rk13.p04.ny5 is now Up / Up
2024-08-14 05:12:05  esr1a.rk12.p04.ny5 is now Up / Up
2024-08-14 05:12:05  esr1a.rk13.p04.ny5 Version is now EOS: 4.28.7M
2024-08-14 05:12:05  esr1a.rk09.p04.ny5 Version is now EOS: 4.28.7M
2024-08-14 05:12:05  esr1a.rk05.p04.ny5 Version is now EOS: 4.28.7M
2024-08-14 05:12:05  esr1b.rk06.p04.ny5 Version is now EOS: 4.28.7M
2024-08-14 05:12:05  esr1b.rk05.p04.ny5 is now Up / Up
2024-08-14 05:12:05  esr1b.rk03.p02.ny5 is now Up / Up
2024-08-14 05:12:05  esr1a.rk08.p04.ny5 is now Up / Up
2024-08-14 05:12:05  esr1a.rk07.p04.ny5 is now Up / Up
2024-08-14 05:12:05  esr1b.rk08.p04.ny5 is now Up / Up
2024-08-14 05:12:05  esr1a.rk06.p04.ny5 is now Up / Up
2024-08-14 05:12:05  esr1a.rk09.p02.ny5 Version is now EOS: 4.28.7M
2024-08-14 05:12:05  esr1b.rk08.p02.ny5 Version is now EOS: 4.28.7M
2024-08-14 05:12:05  esr1b.rk12.p02.ny5 Version is now EOS: 4.28.7M
2024-08-14 05:12:05  esr1a.rk08.p02.ny5 Version is now EOS: 4.28.7M
2024-08-14 05:12:05  dsr2.rk05.p02.ny5 Version is now EOS: 4.28.7M
2024-08-14 05:12:05  dsr1.rk04.p02.ny5 Version is now EOS: 4.28.7M
2024-08-14 05:12:05  esr1a.rk02.p02.ny5 is now Up / Up
2024-08-14 05:12:05  esr1b.rk02.p02.ny5 is now Up / Up
2024-08-14 05:12:05  esr1a.rk09.p04.ny5 is now Up / Up
2024-08-14 05:12:05  esr1a.rk07.p02.ny5 Version is now EOS: 4.28.7M
2024-08-14 05:12:05  esr1b.rk06.p04.ny5 is now Up / Up
2024-08-14 05:12:05  esr1b.rk05.p02.ny5 is now Up / Up
2024-08-14 05:12:05  esr1a.rk13.p04.ny5 is now Up / Up
2024-08-14 05:12:05  esr1b.rk07.p02.ny5 Version is now EOS: 4.28.7M
2024-08-14 05:12:05  esr1a.rk11.p02.ny5 Version is now EOS: 4.28.7M
2024-08-14 05:12:05  dsr1.rk04.p02.ny5 is now Up / Up
2024-08-14 05:12:05  esr1b.rk11.p02.ny5 Version is now EOS: 4.28.7M
2024-08-14 05:12:05  esr1b.rk10.p02.ny5 Version is now EOS: 4.28.7M
2024-08-14 05:12:05  esr1b.rk06.p02.ny5 Version is now EOS: 4.28.7M
2024-08-14 05:12:05  esr1a.rk05.p04.ny5 is now Up / Up
2024-08-14 05:12:05  esr1a.rk10.p02.ny5 Version is now EOS: 4.28.7M
2024-08-14 05:12:05  csr1.ny5 is now Up / Up
2024-08-14 05:12:05  esr1a.rk06.p02.ny5 Version is now EOS: 4.28.7M
2024-08-14 05:12:05  esr1a.rk12.p02.ny5 Version is now EOS: 4.28.7M
2024-08-14 05:12:05  esr1b.rk12.p02.ny5 is now Up / Up
2024-08-14 05:12:05  esr1a.rk01.p02.ny5 Version is now EOS: 4.28.7M
2024-08-14 05:12:05  esr1b.rk01.p02.ny5 Version is now EOS: 4.28.7M
2024-08-14 05:12:05  esr1b.rk09.p04.ny5 is now Up / Up
2024-08-14 05:12:05  esr1a.rk08.p02.ny5 is now Up / Up
2024-08-14 05:12:05  dsr2.rk05.p02.ny5 is now Up / Up
2024-08-14 05:12:05  esr1b.rk08.p02.ny5 is now Up / Up
2024-08-14 05:12:05  esr1a.rk07.p02.ny5 is now Up / Up
2024-08-14 05:12:05  esr1a.rk11.p02.ny5 is now Up / Up
2024-08-14 05:12:05  esr1a.rk10.p02.ny5 is now Up / Up
2024-08-14 05:12:05  esr1b.rk06.p02.ny5 is now Up / Up
2024-08-14 05:12:05  esr1b.rk10.p02.ny5 is now Up / Up
2024-08-14 05:12:05  esr1b.rk09.p02.ny5 Version is now EOS: 4.28.7M
2024-08-14 05:12:05  esr1a.rk09.p02.ny5 is now Up / Up
2024-08-14 05:12:05  esr1b.rk07.p02.ny5 is now Up / Up
2024-08-14 05:12:05  esr1b.rk11.p02.ny5 is now Up / Up
2024-08-14 05:12:05  esr1a.rk12.p02.ny5 is now Up / Up
2024-08-14 05:12:05  esr1a.rk01.p02.ny5 is now Up / Up
2024-08-14 05:12:05  esr1b.rk09.p02.ny5 is now Up / Up
2024-08-14 05:12:05  esr1b.rk01.p02.ny5 is now Up / Up
2024-08-14 05:12:05  esr1a.rk06.p02.ny5 is now Up / Up
2024-08-14 05:12:05  dsr3.rk03.p04.ny5 Version is now EOS: 4.28.7M
2024-08-14 05:12:05  esr1b.rk14.p04.ny5 Version is now EOS: 4.28.7M
2024-08-14 05:12:05  esr1b.rk11.p04.ny5 Version is now EOS: 4.28.7M
2024-08-14 05:12:05  esr1a.rk15.p04.ny5 Version is now EOS: 4.28.7M
2024-08-14 05:12:05  esr1b.rk14.p04.ny5 is now Up / Up
2024-08-14 05:12:05  esr1b.rk10.p04.ny5 Version is now EOS: 4.28.7M
2024-08-14 05:12:05  esr1a.rk11.p04.ny5 Version is now EOS: 4.28.7M
2024-08-14 05:12:05  dsr3.rk03.p04.ny5 is now Up / Up
2024-08-14 05:12:05  esr1a.rk14.p04.ny5 Version is now EOS: 4.28.7M
2024-08-14 05:12:05  esr1a.rk10.p04.ny5 Version is now EOS: 4.28.7M
2024-08-14 05:12:05  esr1b.rk15.p04.ny5 Version is now EOS: 4.28.7M
2024-08-14 05:12:05  esr1b.rk10.p04.ny5 is now Up / Up
2024-08-14 05:12:05  esr1b.rk11.p04.ny5 is now Up / Up
2024-08-14 05:12:05  esr1a.rk15.p04.ny5 is now Up / Up
2024-08-14 05:12:05  esr1a.rk11.p04.ny5 is now Up / Up
2024-08-14 05:12:05  dsr1.rk01.p04.ny5 Version is now EOS: 4.28.7M
2024-08-14 05:12:05  dsr2.rk02.p04.ny5 Version is now EOS: 4.28.7M
2024-08-14 05:12:05  esr1a.rk10.p04.ny5 is now Up / Up
2024-08-14 05:12:05  dsr1.rk01.p04.ny5 is now Up / Up
2024-08-14 05:12:06  esr1b.rk05.p04.ny5 is now NoMaint
2024-08-14 05:12:06  dsr4.rk04.p04.ny5 Version is now EOS: 4.28.7M
2024-08-14 05:12:06  esr1b.rk04.p02.ny5 is now NoMaint
2024-08-14 05:12:06  esr1a.rk03.p02.ny5 is now NoMaint
2024-08-14 05:12:06  esr1a.rk09.p04.ny5 is now NoMaint
2024-08-14 05:12:06  esr1a.rk14.p04.ny5 is now Up / Up
2024-08-14 05:12:06  esr1b.rk15.p04.ny5 is now Up / Up
2024-08-14 05:12:06  dsr2.rk02.p04.ny5 is now Up / Up
2024-08-14 05:12:06  esr1a.rk04.p02.ny5 is now NoMaint
2024-08-14 05:12:06  esr1a.rk05.p02.ny5 is now NoMaint
2024-08-14 05:12:06  esr1a.rk02.p02.ny5 is now NoMaint
2024-08-14 05:12:06  esr1b.rk02.p02.ny5 is now NoMaint
2024-08-14 05:12:06  esr1a.rk12.p04.ny5 is now NoMaint
2024-08-14 05:12:06  esr1b.rk12.p04.ny5 is now NoMaint
2024-08-14 05:12:06  esr1b.rk07.p04.ny5 is now NoMaint
2024-08-14 05:12:06  esr1a.rk13.p04.ny5 is now NoMaint
2024-08-14 05:12:06  esr1b.rk08.p04.ny5 is now NoMaint
2024-08-14 05:12:06  csr1.ny5 is now Disabled
2024-08-14 05:12:06  esr1b.rk13.p04.ny5 is now NoMaint
2024-08-14 05:12:06  esr1a.rk07.p04.ny5 is now NoMaint
2024-08-14 05:12:06  esr1b.rk03.p02.ny5 is now NoMaint
2024-08-14 05:12:06  esr1a.rk06.p04.ny5 is now NoMaint
2024-08-14 05:12:06  esr1b.rk06.p04.ny5 is now NoMaint
2024-08-14 05:12:06  esr1a.rk08.p04.ny5 is now NoMaint
2024-08-14 05:12:06  dsr4.rk04.p04.ny5 is now Up / Up
2024-08-14 05:12:06  esr1b.rk09.p04.ny5 is now NoMaint
2024-08-14 05:12:06  esr1a.rk05.p04.ny5 is now NoMaint
2024-08-14 05:12:06  esr1b.rk05.p02.ny5 is now NoMaint
2024-08-14 05:12:06  esr1a.rk11.p02.ny5 is now NoMaint
2024-08-14 05:12:06  esr1a.rk01.p02.ny5 is now NoMaint
2024-08-14 05:12:06  esr1a.rk09.p02.ny5 is now NoMaint
2024-08-14 05:12:06  esr1a.rk10.p02.ny5 is now NoMaint
2024-08-14 05:12:06  esr1b.rk10.p02.ny5 is now NoMaint
2024-08-14 05:12:06  esr1b.rk01.p02.ny5 is now NoMaint
2024-08-14 05:12:06  dsr2.rk05.p02.ny5 is now NoMaint
2024-08-14 05:12:06  esr1b.rk09.p02.ny5 is now NoMaint
2024-08-14 05:12:06  esr1a.rk12.p02.ny5 is now NoMaint
2024-08-14 05:12:06  esr1b.rk06.p02.ny5 is now NoMaint
2024-08-14 05:12:06  esr1a.rk06.p02.ny5 is now NoMaint
2024-08-14 05:12:06  esr1b.rk11.p02.ny5 is now NoMaint
2024-08-14 05:12:06  dsr1.rk04.p02.ny5 is now NoMaint
2024-08-14 05:12:06  esr1b.rk07.p02.ny5 is now NoMaint
2024-08-14 05:12:06  esr1a.rk07.p02.ny5 is now NoMaint
2024-08-14 05:12:06  dsr1.rk01.p04.ny5 is now NoMaint
2024-08-14 05:12:06  esr1a.rk08.p02.ny5 is now NoMaint
2024-08-14 05:12:06  esr1b.rk12.p02.ny5 is now NoMaint
2024-08-14 05:12:06  esr1b.rk08.p02.ny5 is now NoMaint
2024-08-14 05:12:06  dsr3.rk03.p04.ny5 is now NoMaint
2024-08-14 05:12:06  dsr2.rk02.p04.ny5 is now NoMaint
2024-08-14 05:12:06  csr1.ny5 pstate is now 6/6
2024-08-14 05:12:06  dsr4.rk04.p04.ny5 is now NoMaint
2024-08-14 05:12:06  csr1.ny5 SC pstate is now -
2024-08-14 05:12:06  dsr1.rk01.p04.ny5 pstate is now 8/8
2024-08-14 05:12:06  dsr1.rk01.p04.ny5 SC pstate is now -
2024-08-14 05:12:06  esr1b.rk10.p04.ny5 is now NoMaint
2024-08-14 05:12:06  esr1b.rk14.p04.ny5 is now NoMaint
2024-08-14 05:12:06  esr1a.rk09.p04.ny5 pstate is now 12/12
2024-08-14 05:12:06  esr1a.rk09.p04.ny5 SC pstate is now -
2024-08-14 05:12:06  esr1a.rk04.p02.ny5 pstate is now 12/12
2024-08-14 05:12:06  esr1a.rk04.p02.ny5 SC pstate is now -
2024-08-14 05:12:06  esr1b.rk04.p02.ny5 pstate is now 12/12
2024-08-14 05:12:06  esr1b.rk04.p02.ny5 SC pstate is now -
2024-08-14 05:12:06  esr1b.rk12.p04.ny5 pstate is now 12/12
2024-08-14 05:12:06  esr1b.rk12.p04.ny5 SC pstate is now -
2024-08-14 05:12:06  dsr3.rk03.p04.ny5 pstate is now 8/8
2024-08-14 05:12:06  dsr3.rk03.p04.ny5 SC pstate is now -
2024-08-14 05:12:06  esr1b.rk08.p04.ny5 pstate is now 12/12
2024-08-14 05:12:06  esr1b.rk08.p04.ny5 SC pstate is now -
2024-08-14 05:12:06  esr1a.rk07.p04.ny5 pstate is now 12/12
2024-08-14 05:12:06  esr1a.rk07.p04.ny5 SC pstate is now -
2024-08-14 05:12:06  esr1b.rk07.p04.ny5 pstate is now 12/12
2024-08-14 05:12:06  esr1b.rk07.p04.ny5 SC pstate is now -
2024-08-14 05:12:06  esr1b.rk02.p02.ny5 pstate is now 12/12
2024-08-14 05:12:06  esr1b.rk02.p02.ny5 SC pstate is now -
2024-08-14 05:12:06  esr1a.rk02.p02.ny5 pstate is now 12/12
2024-08-14 05:12:06  esr1a.rk02.p02.ny5 SC pstate is now -
2024-08-14 05:12:06  esr1a.rk13.p04.ny5 pstate is now 12/12
2024-08-14 05:12:06  esr1a.rk13.p04.ny5 SC pstate is now -
2024-08-14 05:12:06  esr1a.rk05.p04.ny5 pstate is now 12/12
2024-08-14 05:12:06  esr1a.rk05.p04.ny5 SC pstate is now -
2024-08-14 05:12:06  esr1a.rk06.p04.ny5 pstate is now 12/12
2024-08-14 05:12:06  esr1a.rk06.p04.ny5 SC pstate is now -
2024-08-14 05:12:06  esr1b.rk03.p02.ny5 pstate is now 12/12
2024-08-14 05:12:06  esr1b.rk03.p02.ny5 SC pstate is now -
2024-08-14 05:12:06  dsr2.rk02.p04.ny5 pstate is now 8/8
2024-08-14 05:12:06  dsr2.rk02.p04.ny5 SC pstate is now -
2024-08-14 05:12:06  esr1a.rk03.p02.ny5 pstate is now 12/12
2024-08-14 05:12:06  esr1a.rk03.p02.ny5 SC pstate is now -
2024-08-14 05:12:06  esr1a.rk15.p04.ny5 is now NoMaint
2024-08-14 05:12:06  esr1a.rk10.p04.ny5 is now NoMaint
2024-08-14 05:12:06  esr1b.rk11.p04.ny5 is now NoMaint
2024-08-14 05:12:06  esr1a.rk11.p04.ny5 is now NoMaint
2024-08-14 05:12:06  dsr2.rk05.p02.ny5 pstate is now 8/8
2024-08-14 05:12:06  dsr2.rk05.p02.ny5 SC pstate is now -
2024-08-14 05:12:06  esr1a.rk14.p04.ny5 is now NoMaint
2024-08-14 05:12:06  esr1b.rk06.p04.ny5 pstate is now 12/12
2024-08-14 05:12:06  esr1b.rk15.p04.ny5 is now NoMaint
2024-08-14 05:12:06  esr1b.rk06.p04.ny5 SC pstate is now -
2024-08-14 05:12:06  esr1b.rk05.p04.ny5 pstate is now 12/12
2024-08-14 05:12:06  esr1b.rk05.p04.ny5 SC pstate is now -
2024-08-14 05:12:06  esr1b.rk05.p02.ny5 pstate is now 12/12
2024-08-14 05:12:06  esr1b.rk13.p04.ny5 pstate is now 12/12
2024-08-14 05:12:06  esr1a.rk05.p02.ny5 pstate is now 12/12
2024-08-14 05:12:06  esr1b.rk05.p02.ny5 SC pstate is now -
2024-08-14 05:12:06  esr1a.rk05.p02.ny5 SC pstate is now -
2024-08-14 05:12:06  esr1b.rk13.p04.ny5 SC pstate is now -
2024-08-14 05:12:06  esr1a.rk12.p04.ny5 pstate is now 12/12
2024-08-14 05:12:06  esr1a.rk12.p04.ny5 SC pstate is now -
2024-08-14 05:12:06  esr1b.rk09.p04.ny5 pstate is now 12/12
2024-08-14 05:12:06  esr1b.rk09.p04.ny5 SC pstate is now -
2024-08-14 05:12:06  esr1a.rk08.p04.ny5 pstate is now 12/12
2024-08-14 05:12:06  esr1a.rk08.p04.ny5 SC pstate is now -
2024-08-14 05:12:06  dsr1.rk04.p02.ny5 pstate is now 8/8
2024-08-14 05:12:06  dsr1.rk04.p02.ny5 SC pstate is now -
2024-08-14 05:12:06  dsr4.rk04.p04.ny5 pstate is now 8/8
2024-08-14 05:12:06  dsr4.rk04.p04.ny5 SC pstate is now -
2024-08-14 05:12:07  esr1a.rk09.p02.ny5 pstate is now 8/8
2024-08-14 05:12:07  esr1a.rk09.p02.ny5 SC pstate is now -
2024-08-14 05:12:07  esr1b.rk01.p02.ny5 pstate is now 12/12
2024-08-14 05:12:07  esr1b.rk01.p02.ny5 SC pstate is now -
2024-08-14 05:12:07  esr1a.rk01.p02.ny5 pstate is now 12/12
2024-08-14 05:12:07  esr1a.rk01.p02.ny5 SC pstate is now -
2024-08-14 05:12:07  esr1b.rk09.p02.ny5 pstate is now 8/8
2024-08-14 05:12:07  esr1b.rk09.p02.ny5 SC pstate is now -
2024-08-14 05:12:07  esr1b.rk06.p02.ny5 pstate is now 12/12
2024-08-14 05:12:07  esr1b.rk06.p02.ny5 SC pstate is now -
2024-08-14 05:12:07  esr1b.rk10.p02.ny5 pstate is now 8/8
2024-08-14 05:12:07  esr1b.rk10.p02.ny5 SC pstate is now -
2024-08-14 05:12:07  esr1a.rk06.p02.ny5 pstate is now 12/12
2024-08-14 05:12:07  esr1a.rk06.p02.ny5 SC pstate is now -
2024-08-14 05:12:07  esr1a.rk10.p02.ny5 pstate is now 8/8
2024-08-14 05:12:07  esr1a.rk10.p02.ny5 SC pstate is now -
2024-08-14 05:12:07  esr1a.rk08.p02.ny5 pstate is now 8/8
2024-08-14 05:12:07  esr1a.rk08.p02.ny5 SC pstate is now -
2024-08-14 05:12:07  esr1a.rk12.p02.ny5 pstate is now 8/8
2024-08-14 05:12:07  esr1a.rk12.p02.ny5 SC pstate is now -
2024-08-14 05:12:07  esr1b.rk12.p02.ny5 pstate is now 8/8
2024-08-14 05:12:07  esr1b.rk12.p02.ny5 SC pstate is now -
2024-08-14 05:12:07  esr1b.rk07.p02.ny5 pstate is now 8/8
2024-08-14 05:12:07  esr1b.rk07.p02.ny5 SC pstate is now -
2024-08-14 05:12:07  esr1b.rk08.p02.ny5 pstate is now 8/8
2024-08-14 05:12:07  esr1b.rk08.p02.ny5 SC pstate is now -
2024-08-14 05:12:07  esr1b.rk11.p02.ny5 pstate is now 8/8
2024-08-14 05:12:07  esr1b.rk11.p02.ny5 SC pstate is now -
2024-08-14 05:12:07  esr1a.rk11.p02.ny5 pstate is now 8/8
2024-08-14 05:12:07  esr1a.rk11.p02.ny5 SC pstate is now -
2024-08-14 05:12:07  esr1a.rk07.p02.ny5 pstate is now 8/8
2024-08-14 05:12:07  esr1a.rk07.p02.ny5 SC pstate is now -
2024-08-14 05:12:08  esr1b.rk14.p04.ny5 pstate is now 12/12
2024-08-14 05:12:08  esr1b.rk14.p04.ny5 SC pstate is now -
2024-08-14 05:12:08  esr1a.rk15.p04.ny5 pstate is now 12/12
2024-08-14 05:12:08  esr1a.rk15.p04.ny5 SC pstate is now -
2024-08-14 05:12:08  esr1b.rk10.p04.ny5 pstate is now 12/12
2024-08-14 05:12:08  esr1b.rk10.p04.ny5 SC pstate is now -
2024-08-14 05:12:08  esr1a.rk11.p04.ny5 pstate is now 12/12
2024-08-14 05:12:08  esr1a.rk11.p04.ny5 SC pstate is now -
2024-08-14 05:12:08  esr1a.rk10.p04.ny5 pstate is now 12/12
2024-08-14 05:12:08  esr1a.rk10.p04.ny5 SC pstate is now -
2024-08-14 05:12:08  esr1b.rk11.p04.ny5 pstate is now 12/12
2024-08-14 05:12:08  esr1b.rk11.p04.ny5 SC pstate is now -
2024-08-14 05:12:08  esr1a.rk14.p04.ny5 pstate is now 12/12
2024-08-14 05:12:08  esr1a.rk14.p04.ny5 SC pstate is now -
2024-08-14 05:12:08  esr1b.rk15.p04.ny5 pstate is now 12/12
2024-08-14 05:12:08  esr1b.rk15.p04.ny5 SC pstate is now -
2024-08-14 05:12:34  Status Checking Complete
