2024-07-10 06:42:22  Script Start
2024-07-10 06:42:22  {
    "csr1.sv5": {
        "dev_type": "Arista",
        "updown": "Down/Down",
        "peerstate": "INIT",
        "scpeerstate": "INIT",
        "maintmode": "INIT",
        "mlagstate": "INIT",
        "first_ping": 2,
        "version": "INIT",
        "svrPortState": "INIT"
    },
    "csr2.sv5": {
        "dev_type": "Arista",
        "updown": "Down/Down",
        "peerstate": "INIT",
        "scpeerstate": "INIT",
        "maintmode": "INIT",
        "mlagstate": "INIT",
        "first_ping": 2,
        "version": "INIT",
        "svrPortState": "INIT"
    }
}
2024-07-10 06:42:22  Starting Status Checks
2024-07-10 06:42:24  csr1.sv5 Version is now EOS: 4.28.7M
2024-07-10 06:42:24  csr2.sv5 Version is now EOS: 4.28.7M
2024-07-10 06:42:24  csr1.sv5 is now Up / Up
2024-07-10 06:42:24  csr2.sv5 is now Up / Up
2024-07-10 06:42:25  csr1.sv5 is now Disabled
2024-07-10 06:42:26  csr1.sv5 pstate is now 2/2
2024-07-10 06:42:26  csr1.sv5 SC pstate is now -
2024-07-10 06:42:29  csr2.sv5 is now Disabled
2024-07-10 06:42:36  csr2.sv5 pstate is now 2/2
2024-07-10 06:42:36  csr2.sv5 SC pstate is now -
2024-07-10 06:42:59  csr2.sv5 Version is now EOS: 4.28.7M
2024-07-10 06:42:59  csr2.sv5 is now Up / Up
2024-07-10 06:43:01  csr1.sv5 Version is now EOS: 4.28.7M
2024-07-10 06:43:01  csr1.sv5 is now Up / Up
2024-07-10 06:43:03  csr2.sv5 is now Disabled
2024-07-10 06:43:04  csr2.sv5 pstate is now 2/2
2024-07-10 06:43:04  csr2.sv5 SC pstate is now -
2024-07-10 06:43:05  csr1.sv5 is now Disabled
2024-07-10 06:43:06  csr1.sv5 pstate is now 2/2
2024-07-10 06:43:06  csr1.sv5 SC pstate is now -
2024-07-10 06:43:31  csr1.sv5 Version is now EOS: 4.28.7M
2024-07-10 06:43:31  csr1.sv5 is now Up / Up
2024-07-10 06:43:35  csr2.sv5 Version is now EOS: 4.28.7M
2024-07-10 06:43:35  csr2.sv5 is now Up / Up
2024-07-10 06:43:36  csr2.sv5 is now Disabled
2024-07-10 06:43:37  csr2.sv5 pstate is now 2/2
2024-07-10 06:43:37  csr2.sv5 SC pstate is now -
2024-07-10 06:43:41  csr1.sv5 is now Disabled
2024-07-10 06:43:42  csr1.sv5 pstate is now 2/2
2024-07-10 06:43:42  csr1.sv5 SC pstate is now -
2024-07-10 06:44:09  csr1.sv5 Version is now EOS: 4.28.7M
2024-07-10 06:44:09  csr2.sv5 Version is now EOS: 4.28.7M
2024-07-10 06:44:09  csr1.sv5 is now Up / Up
2024-07-10 06:44:09  csr2.sv5 is now Up / Up
2024-07-10 06:44:10  csr1.sv5 is now Disabled
2024-07-10 06:44:10  csr2.sv5 is now Disabled
2024-07-10 06:44:10  csr1.sv5 pstate is now 2/2
2024-07-10 06:44:10  csr1.sv5 SC pstate is now -
2024-07-10 06:44:10  csr2.sv5 pstate is now 2/2
2024-07-10 06:44:10  csr2.sv5 SC pstate is now -
2024-07-10 06:44:35  csr1.sv5 Version is now EOS: 4.28.7M
2024-07-10 06:44:35  csr1.sv5 is now Up / Up
2024-07-10 06:44:35  csr1.sv5 is now Disabled
2024-07-10 06:44:36  csr1.sv5 pstate is now 2/2
2024-07-10 06:44:36  csr1.sv5 SC pstate is now -
2024-07-10 06:44:38  csr2.sv5 Version is now EOS: 4.28.7M
2024-07-10 06:44:38  csr2.sv5 is now Up / Up
2024-07-10 06:44:39  Status Checking Complete
2024-07-10 06:44:39  csr2.sv5 is now Disabled
