2024-09-05 05:36:21 - Script Start
2024-09-05 05:36:21 - {
    "csr2.mx2": {
        "dev_type": "Arista",
        "updown": "Down/Down",
        "peerstate": "INIT",
        "scpeerstate": "INIT",
        "maintmode": "INIT",
        "mlagstate": "INIT",
        "first_ping": 2,
        "version": "INIT",
        "svrPortState": "INIT"
    },
    "msw1.core2.p01.mx2": {
        "dev_type": "Arista",
        "updown": "Down",
        "peerstate": "INIT",
        "scpeerstate": "INIT",
        "maintmode": "",
        "mlagstate": "",
        "first_ping": 2,
        "version": "INIT",
        "svrPortState": "INIT"
    },
    "msw1.rk01.p01.mx2": {
        "dev_type": "Arista",
        "updown": "Down",
        "peerstate": "INIT",
        "scpeerstate": "INIT",
        "maintmode": "",
        "mlagstate": "",
        "first_ping": 2,
        "version": "INIT",
        "svrPortState": "INIT"
    },
    "msw1.rk02.p01.mx2": {
        "dev_type": "Arista",
        "updown": "Down",
        "peerstate": "INIT",
        "scpeerstate": "INIT",
        "maintmode": "",
        "mlagstate": "",
        "first_ping": 2,
        "version": "INIT",
        "svrPortState": "INIT"
    },
    "msw1.rk03.p01.mx2": {
        "dev_type": "Arista",
        "updown": "Down",
        "peerstate": "INIT",
        "scpeerstate": "INIT",
        "maintmode": "",
        "mlagstate": "",
        "first_ping": 2,
        "version": "INIT",
        "svrPortState": "INIT"
    },
    "msw1.rk04.p01.mx2": {
        "dev_type": "Arista",
        "updown": "Down",
        "peerstate": "INIT",
        "scpeerstate": "INIT",
        "maintmode": "",
        "mlagstate": "",
        "first_ping": 2,
        "version": "INIT",
        "svrPortState": "INIT"
    },
    "msw1.rk05.p01.mx2": {
        "dev_type": "Arista",
        "updown": "Down",
        "peerstate": "INIT",
        "scpeerstate": "INIT",
        "maintmode": "",
        "mlagstate": "",
        "first_ping": 2,
        "version": "INIT",
        "svrPortState": "INIT"
    },
    "msw1.rk06.p01.mx2": {
        "dev_type": "Arista",
        "updown": "Down",
        "peerstate": "INIT",
        "scpeerstate": "INIT",
        "maintmode": "",
        "mlagstate": "",
        "first_ping": 2,
        "version": "INIT",
        "svrPortState": "INIT"
    }
}
2024-09-05 05:36:21 - Starting Status Checks
2024-09-05 05:36:23 - msw1.rk04.p01.mx2 Version is now EOS: 4.28.7M
2024-09-05 05:36:23 - msw1.rk04.p01.mx2 is now Up
2024-09-05 05:36:23 - msw1.rk03.p01.mx2 Version is now EOS: 4.28.7M
2024-09-05 05:36:23 - msw1.rk03.p01.mx2 is now Up
2024-09-05 05:36:23 - msw1.rk01.p01.mx2 Version is now EOS: 4.28.7M
2024-09-05 05:36:23 - msw1.rk01.p01.mx2 is now Up
2024-09-05 05:36:23 - msw1.core2.p01.mx2 Version is now EOS: 4.28.7M
2024-09-05 05:36:23 - msw1.core2.p01.mx2 is now Up
2024-09-05 05:36:23 - msw1.rk02.p01.mx2 Version is now EOS: 4.28.7M
2024-09-05 05:36:23 - msw1.rk02.p01.mx2 is now Up
2024-09-05 05:36:23 - csr2.mx2 Version is now EOS: 4.28.7M
2024-09-05 05:36:23 - csr2.mx2 is now Up / Up
2024-09-05 05:36:23 - msw1.rk05.p01.mx2 Version is now EOS: 4.28.7M
2024-09-05 05:36:23 - msw1.rk05.p01.mx2 is now Up
2024-09-05 05:36:24 - msw1.rk06.p01.mx2 Version is now EOS: 4.28.7M
2024-09-05 05:36:24 - msw1.rk06.p01.mx2 is now Up
2024-09-05 05:36:24 - msw1.rk03.p01.mx2 pstate is now 2/2
2024-09-05 05:36:24 - msw1.rk03.p01.mx2 SC pstate is now -
2024-09-05 05:36:24 - msw1.rk04.p01.mx2 pstate is now 2/2
2024-09-05 05:36:24 - msw1.rk04.p01.mx2 SC pstate is now -
2024-09-05 05:36:24 - msw1.core2.p01.mx2 pstate is now 2/2
2024-09-05 05:36:24 - msw1.core2.p01.mx2 SC pstate is now -
2024-09-05 05:36:24 - csr2.mx2 is now Disabled
2024-09-05 05:36:24 - msw1.rk01.p01.mx2 pstate is now 2/2
2024-09-05 05:36:24 - msw1.rk01.p01.mx2 SC pstate is now -
2024-09-05 05:36:24 - msw1.rk05.p01.mx2 pstate is now 2/2
2024-09-05 05:36:24 - msw1.rk05.p01.mx2 SC pstate is now -
2024-09-05 05:36:24 - msw1.rk02.p01.mx2 pstate is now 2/2
2024-09-05 05:36:24 - msw1.rk02.p01.mx2 SC pstate is now -
2024-09-05 05:36:24 - msw1.rk06.p01.mx2 pstate is now 2/2
2024-09-05 05:36:24 - msw1.rk06.p01.mx2 SC pstate is now -
2024-09-05 05:36:25 - csr2.mx2 pstate is now 6/6
2024-09-05 05:36:25 - csr2.mx2 SC pstate is now -
2024-09-05 05:36:57 - msw1.rk04.p01.mx2 Version is now EOS: 4.28.7M
2024-09-05 05:36:57 - msw1.rk04.p01.mx2 is now Up
2024-09-05 05:36:57 - msw1.rk06.p01.mx2 Version is now EOS: 4.28.7M
2024-09-05 05:36:57 - msw1.rk06.p01.mx2 is now Up
2024-09-05 05:36:57 - msw1.rk03.p01.mx2 Version is now EOS: 4.28.7M
2024-09-05 05:36:57 - msw1.rk03.p01.mx2 is now Up
2024-09-05 05:36:57 - msw1.core2.p01.mx2 Version is now EOS: 4.28.7M
2024-09-05 05:36:57 - msw1.core2.p01.mx2 is now Up
2024-09-05 05:36:57 - msw1.rk02.p01.mx2 Version is now EOS: 4.28.7M
2024-09-05 05:36:57 - msw1.rk02.p01.mx2 is now Up
2024-09-05 05:36:57 - msw1.rk01.p01.mx2 Version is now EOS: 4.28.7M
2024-09-05 05:36:57 - msw1.rk01.p01.mx2 is now Up
2024-09-05 05:36:57 - msw1.rk05.p01.mx2 Version is now EOS: 4.28.7M
2024-09-05 05:36:57 - msw1.rk05.p01.mx2 is now Up
2024-09-05 05:36:57 - csr2.mx2 Version is now EOS: 4.28.7M
2024-09-05 05:36:57 - csr2.mx2 is now Up / Up
2024-09-05 05:36:58 - msw1.rk06.p01.mx2 pstate is now 2/2
2024-09-05 05:36:58 - msw1.rk06.p01.mx2 SC pstate is now -
2024-09-05 05:36:58 - msw1.core2.p01.mx2 pstate is now 2/2
2024-09-05 05:36:58 - msw1.core2.p01.mx2 SC pstate is now -
2024-09-05 05:36:58 - msw1.rk03.p01.mx2 pstate is now 2/2
2024-09-05 05:36:58 - msw1.rk03.p01.mx2 SC pstate is now -
2024-09-05 05:36:58 - msw1.rk02.p01.mx2 pstate is now 2/2
2024-09-05 05:36:58 - msw1.rk02.p01.mx2 SC pstate is now -
2024-09-05 05:36:58 - msw1.rk04.p01.mx2 pstate is now 2/2
2024-09-05 05:36:58 - msw1.rk04.p01.mx2 SC pstate is now -
2024-09-05 05:36:58 - msw1.rk01.p01.mx2 pstate is now 2/2
2024-09-05 05:36:58 - msw1.rk01.p01.mx2 SC pstate is now -
2024-09-05 05:36:58 - csr2.mx2 is now Disabled
2024-09-05 05:36:58 - msw1.rk05.p01.mx2 pstate is now 2/2
2024-09-05 05:36:58 - msw1.rk05.p01.mx2 SC pstate is now -
2024-09-05 05:36:59 - csr2.mx2 pstate is now 6/6
2024-09-05 05:36:59 - csr2.mx2 SC pstate is now -
2024-09-05 05:37:31 - msw1.rk05.p01.mx2 Version is now EOS: 4.28.7M
2024-09-05 05:37:31 - msw1.rk05.p01.mx2 is now Up
2024-09-05 05:37:31 - msw1.rk01.p01.mx2 Version is now EOS: 4.28.7M
2024-09-05 05:37:31 - msw1.rk01.p01.mx2 is now Up
2024-09-05 05:37:31 - msw1.rk04.p01.mx2 Version is now EOS: 4.28.7M
2024-09-05 05:37:31 - msw1.rk04.p01.mx2 is now Up
2024-09-05 05:37:31 - msw1.core2.p01.mx2 Version is now EOS: 4.28.7M
2024-09-05 05:37:31 - msw1.core2.p01.mx2 is now Up
2024-09-05 05:37:31 - msw1.rk06.p01.mx2 Version is now EOS: 4.28.7M
2024-09-05 05:37:31 - msw1.rk06.p01.mx2 is now Up
2024-09-05 05:37:31 - msw1.rk02.p01.mx2 Version is now EOS: 4.28.7M
2024-09-05 05:37:31 - msw1.rk02.p01.mx2 is now Up
2024-09-05 05:37:31 - msw1.rk03.p01.mx2 Version is now EOS: 4.28.7M
2024-09-05 05:37:31 - msw1.rk03.p01.mx2 is now Up
2024-09-05 05:37:31 - csr2.mx2 Version is now EOS: 4.28.7M
2024-09-05 05:37:31 - csr2.mx2 is now Up / Up
2024-09-05 05:37:31 - msw1.rk01.p01.mx2 pstate is now 2/2
2024-09-05 05:37:31 - msw1.rk01.p01.mx2 SC pstate is now -
2024-09-05 05:37:31 - msw1.rk02.p01.mx2 pstate is now 2/2
2024-09-05 05:37:31 - msw1.rk02.p01.mx2 SC pstate is now -
2024-09-05 05:37:31 - msw1.rk05.p01.mx2 pstate is now 2/2
2024-09-05 05:37:31 - msw1.rk05.p01.mx2 SC pstate is now -
2024-09-05 05:37:31 - msw1.rk04.p01.mx2 pstate is now 2/2
2024-09-05 05:37:31 - msw1.rk04.p01.mx2 SC pstate is now -
2024-09-05 05:37:31 - msw1.core2.p01.mx2 pstate is now 2/2
2024-09-05 05:37:31 - msw1.core2.p01.mx2 SC pstate is now -
2024-09-05 05:37:31 - msw1.rk06.p01.mx2 pstate is now 2/2
2024-09-05 05:37:31 - msw1.rk06.p01.mx2 SC pstate is now -
2024-09-05 05:37:31 - msw1.rk03.p01.mx2 pstate is now 2/2
2024-09-05 05:37:31 - msw1.rk03.p01.mx2 SC pstate is now -
2024-09-05 05:37:31 - csr2.mx2 is now Disabled
2024-09-05 05:37:32 - csr2.mx2 pstate is now 6/6
2024-09-05 05:37:32 - csr2.mx2 SC pstate is now -
2024-09-05 05:37:45 - Status Checking Complete
