2024-07-04 09:43:28  Script Start
2024-07-04 09:43:32  {
    "csr1.sv5": {
        "dev_type": "Arista",
        "updown": "Down/Down",
        "peerstate": "INIT",
        "scpeerstate": "INIT",
        "maintmode": "INIT",
        "mlagstate": "INIT",
        "first_ping": 2,
        "version": "INIT"
    },
    "csr2.sv5": {
        "dev_type": "Arista",
        "updown": "Down/Down",
        "peerstate": "INIT",
        "scpeerstate": "INIT",
        "maintmode": "INIT",
        "mlagstate": "INIT",
        "first_ping": 2,
        "version": "INIT"
    },
    "dsr1.rk01.p01.sv16": {
        "dev_type": "Arista",
        "updown": "Down/Down",
        "peerstate": "INIT",
        "scpeerstate": "INIT",
        "maintmode": "INIT",
        "mlagstate": "INIT",
        "first_ping": 2,
        "version": "INIT"
    },
    "dsr1.rk01.p02.sv16": {
        "dev_type": "Arista",
        "updown": "Down/Down",
        "peerstate": "INIT",
        "scpeerstate": "INIT",
        "maintmode": "INIT",
        "mlagstate": "INIT",
        "first_ping": 2,
        "version": "INIT"
    },
    "dsr2.rk02.p01.sv16": {
        "dev_type": "Arista",
        "updown": "Down/Down",
        "peerstate": "INIT",
        "scpeerstate": "INIT",
        "maintmode": "INIT",
        "mlagstate": "INIT",
        "first_ping": 2,
        "version": "INIT"
    },
    "dsr2.rk02.p02.sv16": {
        "dev_type": "Arista",
        "updown": "Down/Down",
        "peerstate": "INIT",
        "scpeerstate": "INIT",
        "maintmode": "INIT",
        "mlagstate": "INIT",
        "first_ping": 2,
        "version": "INIT"
    },
    "dsr3.rk03.p01.sv16": {
        "dev_type": "Arista",
        "updown": "Down/Down",
        "peerstate": "INIT",
        "scpeerstate": "INIT",
        "maintmode": "INIT",
        "mlagstate": "INIT",
        "first_ping": 2,
        "version": "INIT"
    },
    "dsr3.rk03.p02.sv16": {
        "dev_type": "Arista",
        "updown": "Down/Down",
        "peerstate": "INIT",
        "scpeerstate": "INIT",
        "maintmode": "INIT",
        "mlagstate": "INIT",
        "first_ping": 2,
        "version": "INIT"
    },
    "dsr4.rk04.p01.sv16": {
        "dev_type": "Arista",
        "updown": "Down/Down",
        "peerstate": "INIT",
        "scpeerstate": "INIT",
        "maintmode": "INIT",
        "mlagstate": "INIT",
        "first_ping": 2,
        "version": "INIT"
    },
    "dsr4.rk04.p02.sv16": {
        "dev_type": "Arista",
        "updown": "Down/Down",
        "peerstate": "INIT",
        "scpeerstate": "INIT",
        "maintmode": "INIT",
        "mlagstate": "INIT",
        "first_ping": 2,
        "version": "INIT"
    },
    "esr1a.rk05.p01.sv16": {
        "dev_type": "Arista",
        "updown": "Down/Down",
        "peerstate": "INIT",
        "scpeerstate": "INIT",
        "maintmode": "INIT",
        "mlagstate": "INIT",
        "first_ping": 2,
        "version": "INIT"
    },
    "esr1a.rk06.p01.sv16": {
        "dev_type": "Arista",
        "updown": "Down/Down",
        "peerstate": "INIT",
        "scpeerstate": "INIT",
        "maintmode": "INIT",
        "mlagstate": "INIT",
        "first_ping": 2,
        "version": "INIT"
    },
    "esr1a.rk07.p01.sv16": {
        "dev_type": "Arista",
        "updown": "Down/Down",
        "peerstate": "INIT",
        "scpeerstate": "INIT",
        "maintmode": "INIT",
        "mlagstate": "INIT",
        "first_ping": 2,
        "version": "INIT"
    },
    "esr1a.rk08.p01.sv16": {
        "dev_type": "Arista",
        "updown": "Down/Down",
        "peerstate": "INIT",
        "scpeerstate": "INIT",
        "maintmode": "INIT",
        "mlagstate": "INIT",
        "first_ping": 2,
        "version": "INIT"
    },
    "esr1a.rk09.p01.sv16": {
        "dev_type": "Arista",
        "updown": "Down/Down",
        "peerstate": "INIT",
        "scpeerstate": "INIT",
        "maintmode": "INIT",
        "mlagstate": "INIT",
        "first_ping": 2,
        "version": "INIT"
    },
    "esr1a.rk10.p01.sv16": {
        "dev_type": "Arista",
        "updown": "Down/Down",
        "peerstate": "INIT",
        "scpeerstate": "INIT",
        "maintmode": "INIT",
        "mlagstate": "INIT",
        "first_ping": 2,
        "version": "INIT"
    },
    "esr1a.rk11.p01.sv16": {
        "dev_type": "Arista",
        "updown": "Down/Down",
        "peerstate": "INIT",
        "scpeerstate": "INIT",
        "maintmode": "INIT",
        "mlagstate": "INIT",
        "first_ping": 2,
        "version": "INIT"
    },
    "esr1a.rk12.p01.sv16": {
        "dev_type": "Arista",
        "updown": "Down/Down",
        "peerstate": "INIT",
        "scpeerstate": "INIT",
        "maintmode": "INIT",
        "mlagstate": "INIT",
        "first_ping": 2,
        "version": "INIT"
    },
    "esr1b.rk05.p01.sv16": {
        "dev_type": "Arista",
        "updown": "Down/Down",
        "peerstate": "INIT",
        "scpeerstate": "INIT",
        "maintmode": "INIT",
        "mlagstate": "INIT",
        "first_ping": 2,
        "version": "INIT"
    },
    "esr1b.rk06.p01.sv16": {
        "dev_type": "Arista",
        "updown": "Down/Down",
        "peerstate": "INIT",
        "scpeerstate": "INIT",
        "maintmode": "INIT",
        "mlagstate": "INIT",
        "first_ping": 2,
        "version": "INIT"
    },
    "esr1b.rk07.p01.sv16": {
        "dev_type": "Arista",
        "updown": "Down/Down",
        "peerstate": "INIT",
        "scpeerstate": "INIT",
        "maintmode": "INIT",
        "mlagstate": "INIT",
        "first_ping": 2,
        "version": "INIT"
    },
    "esr1b.rk08.p01.sv16": {
        "dev_type": "Arista",
        "updown": "Down/Down",
        "peerstate": "INIT",
        "scpeerstate": "INIT",
        "maintmode": "INIT",
        "mlagstate": "INIT",
        "first_ping": 2,
        "version": "INIT"
    },
    "esr1b.rk09.p01.sv16": {
        "dev_type": "Arista",
        "updown": "Down/Down",
        "peerstate": "INIT",
        "scpeerstate": "INIT",
        "maintmode": "INIT",
        "mlagstate": "INIT",
        "first_ping": 2,
        "version": "INIT"
    },
    "esr1b.rk10.p01.sv16": {
        "dev_type": "Arista",
        "updown": "Down/Down",
        "peerstate": "INIT",
        "scpeerstate": "INIT",
        "maintmode": "INIT",
        "mlagstate": "INIT",
        "first_ping": 2,
        "version": "INIT"
    },
    "esr1b.rk11.p01.sv16": {
        "dev_type": "Arista",
        "updown": "Down/Down",
        "peerstate": "INIT",
        "scpeerstate": "INIT",
        "maintmode": "INIT",
        "mlagstate": "INIT",
        "first_ping": 2,
        "version": "INIT"
    },
    "esr1b.rk12.p01.sv16": {
        "dev_type": "Arista",
        "updown": "Down/Down",
        "peerstate": "INIT",
        "scpeerstate": "INIT",
        "maintmode": "INIT",
        "mlagstate": "INIT",
        "first_ping": 2,
        "version": "INIT"
    },
    "msw1.rk05.p01.sv16": {
        "dev_type": "Arista",
        "updown": "Down",
        "peerstate": "INIT",
        "scpeerstate": "INIT",
        "maintmode": "",
        "mlagstate": "",
        "first_ping": 2,
        "version": "INIT"
    },
    "msw1.rk05.p02.sv16": {
        "dev_type": "Arista",
        "updown": "Down",
        "peerstate": "INIT",
        "scpeerstate": "INIT",
        "maintmode": "",
        "mlagstate": "",
        "first_ping": 2,
        "version": "INIT"
    },
    "msw1.rk06.p01.sv16": {
        "dev_type": "Arista",
        "updown": "Down",
        "peerstate": "INIT",
        "scpeerstate": "INIT",
        "maintmode": "",
        "mlagstate": "",
        "first_ping": 2,
        "version": "INIT"
    },
    "msw1.rk06.p02.sv16": {
        "dev_type": "Arista",
        "updown": "Down",
        "peerstate": "INIT",
        "scpeerstate": "INIT",
        "maintmode": "",
        "mlagstate": "",
        "first_ping": 2,
        "version": "INIT"
    },
    "msw1.rk07.p01.sv16": {
        "dev_type": "Arista",
        "updown": "Down",
        "peerstate": "INIT",
        "scpeerstate": "INIT",
        "maintmode": "",
        "mlagstate": "",
        "first_ping": 2,
        "version": "INIT"
    },
    "msw1.rk07.p02.sv16": {
        "dev_type": "Arista",
        "updown": "Down",
        "peerstate": "INIT",
        "scpeerstate": "INIT",
        "maintmode": "",
        "mlagstate": "",
        "first_ping": 2,
        "version": "INIT"
    },
    "msw1.rk08.p01.sv16": {
        "dev_type": "Arista",
        "updown": "Down",
        "peerstate": "INIT",
        "scpeerstate": "INIT",
        "maintmode": "",
        "mlagstate": "",
        "first_ping": 2,
        "version": "INIT"
    },
    "msw1.rk08.p02.sv16": {
        "dev_type": "Arista",
        "updown": "Down",
        "peerstate": "INIT",
        "scpeerstate": "INIT",
        "maintmode": "",
        "mlagstate": "",
        "first_ping": 2,
        "version": "INIT"
    },
    "msw1.rk09.p01.sv16": {
        "dev_type": "Arista",
        "updown": "Down",
        "peerstate": "INIT",
        "scpeerstate": "INIT",
        "maintmode": "",
        "mlagstate": "",
        "first_ping": 2,
        "version": "INIT"
    },
    "msw1.rk09.p02.sv16": {
        "dev_type": "Arista",
        "updown": "Down",
        "peerstate": "INIT",
        "scpeerstate": "INIT",
        "maintmode": "",
        "mlagstate": "",
        "first_ping": 2,
        "version": "INIT"
    },
    "msw1.rk10.p01.sv16": {
        "dev_type": "Arista",
        "updown": "Down",
        "peerstate": "INIT",
        "scpeerstate": "INIT",
        "maintmode": "",
        "mlagstate": "",
        "first_ping": 2,
        "version": "INIT"
    },
    "msw1.rk11.p01.sv16": {
        "dev_type": "Arista",
        "updown": "Down",
        "peerstate": "INIT",
        "scpeerstate": "INIT",
        "maintmode": "",
        "mlagstate": "",
        "first_ping": 2,
        "version": "INIT"
    },
    "msw1.rk12.p01.sv16": {
        "dev_type": "Arista",
        "updown": "Down",
        "peerstate": "INIT",
        "scpeerstate": "INIT",
        "maintmode": "",
        "mlagstate": "",
        "first_ping": 2,
        "version": "INIT"
    },
    "ssp1.sv15": {
        "dev_type": "Arista",
        "updown": "Down/Down",
        "peerstate": "INIT",
        "scpeerstate": "INIT",
        "maintmode": "INIT",
        "mlagstate": "INIT",
        "first_ping": 2,
        "version": "INIT"
    },
    "ssp2.sv15": {
        "dev_type": "Arista",
        "updown": "Down/Down",
        "peerstate": "INIT",
        "scpeerstate": "INIT",
        "maintmode": "INIT",
        "mlagstate": "INIT",
        "first_ping": 2,
        "version": "INIT"
    },
    "ssp3.sv15": {
        "dev_type": "Arista",
        "updown": "Down/Down",
        "peerstate": "INIT",
        "scpeerstate": "INIT",
        "maintmode": "INIT",
        "mlagstate": "INIT",
        "first_ping": 2,
        "version": "INIT"
    },
    "ssp4.sv15": {
        "dev_type": "Arista",
        "updown": "Down/Down",
        "peerstate": "INIT",
        "scpeerstate": "INIT",
        "maintmode": "INIT",
        "mlagstate": "INIT",
        "first_ping": 2,
        "version": "INIT"
    }
}
2024-07-04 09:43:32  Starting Status Checks
2024-07-04 09:43:34  esr1b.rk06.p01.sv16 Version is now EOS: 4.28.7M
2024-07-04 09:43:34  esr1b.rk05.p01.sv16 Version is now EOS: 4.28.7M
2024-07-04 09:43:34  esr1a.rk07.p01.sv16 Version is now EOS: 4.28.7M
2024-07-04 09:43:34  esr1a.rk05.p01.sv16 Version is now EOS: 4.28.7M
2024-07-04 09:43:34  esr1b.rk10.p01.sv16 Version is now EOS: 4.28.7M
2024-07-04 09:43:34  esr1a.rk09.p01.sv16 Version is now EOS: 4.28.7M
2024-07-04 09:43:34  esr1a.rk06.p01.sv16 Version is now EOS: 4.28.7M
2024-07-04 09:43:34  esr1b.rk07.p01.sv16 Version is now EOS: 4.28.7M
2024-07-04 09:43:34  esr1b.rk06.p01.sv16 is now Up / Up
2024-07-04 09:43:34  esr1b.rk08.p01.sv16 Version is now EOS: 4.28.7M
2024-07-04 09:43:34  esr1a.rk10.p01.sv16 Version is now EOS: 4.28.7M
2024-07-04 09:43:34  esr1b.rk05.p01.sv16 is now Up / Up
2024-07-04 09:43:34  esr1a.rk08.p01.sv16 Version is now EOS: 4.28.7M
2024-07-04 09:43:34  esr1a.rk05.p01.sv16 is now Up / Up
2024-07-04 09:43:34  esr1a.rk07.p01.sv16 is now Up / Up
2024-07-04 09:43:34  esr1b.rk10.p01.sv16 is now Up / Up
2024-07-04 09:43:34  esr1a.rk09.p01.sv16 is now Up / Up
2024-07-04 09:43:34  esr1a.rk06.p01.sv16 is now Up / Up
2024-07-04 09:43:34  esr1b.rk09.p01.sv16 Version is now EOS: 4.28.7M
2024-07-04 09:43:34  esr1b.rk07.p01.sv16 is now Up / Up
2024-07-04 09:43:34  msw1.rk06.p01.sv16 Version is now EOS: 4.28.7M
2024-07-04 09:43:34  msw1.rk05.p01.sv16 Version is now EOS: 4.28.7M
2024-07-04 09:43:34  msw1.rk08.p02.sv16 Version is now EOS: 4.28.7M
2024-07-04 09:43:34  msw1.rk06.p02.sv16 Version is now EOS: 4.28.7M
2024-07-04 09:43:34  msw1.rk08.p01.sv16 Version is now EOS: 4.28.7M
2024-07-04 09:43:34  msw1.rk05.p02.sv16 Version is now EOS: 4.28.7M
2024-07-04 09:43:34  msw1.rk11.p01.sv16 Version is now EOS: 4.28.7M
2024-07-04 09:43:34  msw1.rk07.p01.sv16 Version is now EOS: 4.28.7M
2024-07-04 09:43:34  esr1b.rk12.p01.sv16 Version is now EOS: 4.28.7M
2024-07-04 09:43:35  esr1a.rk11.p01.sv16 Version is now EOS: 4.28.7M
2024-07-04 09:43:35  msw1.rk10.p01.sv16 Version is now EOS: 4.28.7M
2024-07-04 09:43:35  msw1.rk07.p02.sv16 Version is now EOS: 4.28.7M
2024-07-04 09:43:35  ssp3.sv15 Version is now EOS: 4.28.7M
2024-07-04 09:43:35  esr1a.rk10.p01.sv16 is now Up / Up
2024-07-04 09:43:35  msw1.rk09.p02.sv16 Version is now EOS: 4.28.7M
2024-07-04 09:43:35  msw1.rk09.p01.sv16 Version is now EOS: 4.28.7M
2024-07-04 09:43:35  msw1.rk12.p01.sv16 Version is now EOS: 4.28.7M
2024-07-04 09:43:35  esr1a.rk08.p01.sv16 is now Up / Up
2024-07-04 09:43:35  esr1b.rk08.p01.sv16 is now Up / Up
2024-07-04 09:43:35  esr1b.rk09.p01.sv16 is now Up / Up
2024-07-04 09:43:35  esr1b.rk12.p01.sv16 is now Up / Up
2024-07-04 09:43:35  ssp4.sv15 Version is now EOS: 4.28.7M
2024-07-04 09:43:35  esr1a.rk12.p01.sv16 Version is now EOS: 4.28.7M
2024-07-04 09:43:35  esr1a.rk11.p01.sv16 is now Up / Up
2024-07-04 09:43:35  esr1b.rk11.p01.sv16 Version is now EOS: 4.28.7M
2024-07-04 09:43:35  ssp3.sv15 is now Up / Up
2024-07-04 09:43:35  ssp2.sv15 Version is now EOS: 4.28.7M
2024-07-04 09:43:35  ssp4.sv15 is now Up / Up
2024-07-04 09:43:35  ssp1.sv15 Version is now EOS: 4.28.7M
2024-07-04 09:43:35  esr1a.rk12.p01.sv16 is now Up / Up
2024-07-04 09:43:35  esr1b.rk11.p01.sv16 is now Up / Up
2024-07-04 09:43:35  ssp2.sv15 is now Up / Up
2024-07-04 09:43:35  ssp1.sv15 is now Up / Up
2024-07-04 09:43:35  dsr1.rk01.p02.sv16 Version is now EOS: 4.28.7M
2024-07-04 09:43:35  dsr4.rk04.p02.sv16 Version is now EOS: 4.28.7M
2024-07-04 09:43:35  dsr2.rk02.p02.sv16 Version is now EOS: 4.28.7M
2024-07-04 09:43:35  dsr3.rk03.p02.sv16 Version is now EOS: 4.28.7M
2024-07-04 09:43:35  dsr1.rk01.p02.sv16 is now Up / Up
2024-07-04 09:43:35  dsr4.rk04.p02.sv16 is now Up / Up
2024-07-04 09:43:35  dsr2.rk02.p02.sv16 is now Up / Up
2024-07-04 09:43:35  dsr1.rk01.p01.sv16 Version is now EOS: 4.28.7M
2024-07-04 09:43:35  dsr2.rk02.p01.sv16 Version is now EOS: 4.28.7M
2024-07-04 09:43:35  dsr3.rk03.p02.sv16 is now Up / Up
2024-07-04 09:43:35  dsr4.rk04.p01.sv16 Version is now EOS: 4.28.7M
2024-07-04 09:43:35  dsr3.rk03.p01.sv16 Version is now EOS: 4.28.7M
2024-07-04 09:43:35  dsr2.rk02.p01.sv16 is now Up / Up
2024-07-04 09:43:35  dsr1.rk01.p01.sv16 is now Up / Up
2024-07-04 09:43:35  dsr4.rk04.p01.sv16 is now Up / Up
2024-07-04 09:43:35  dsr3.rk03.p01.sv16 is now Up / Up
2024-07-04 09:43:35  esr1b.rk06.p01.sv16 is now NoMaint
2024-07-04 09:43:35  esr1b.rk05.p01.sv16 is now NoMaint
2024-07-04 09:43:35  esr1a.rk07.p01.sv16 is now NoMaint
2024-07-04 09:43:35  esr1b.rk10.p01.sv16 is now NoMaint
2024-07-04 09:43:35  esr1a.rk06.p01.sv16 is now NoMaint
2024-07-04 09:43:35  esr1b.rk07.p01.sv16 is now NoMaint
2024-07-04 09:43:35  esr1a.rk05.p01.sv16 is now NoMaint
2024-07-04 09:43:35  esr1a.rk09.p01.sv16 is now NoMaint
2024-07-04 09:43:35  esr1a.rk10.p01.sv16 is now NoMaint
2024-07-04 09:43:35  esr1b.rk08.p01.sv16 is now NoMaint
2024-07-04 09:43:35  esr1a.rk08.p01.sv16 is now NoMaint
2024-07-04 09:43:35  esr1b.rk09.p01.sv16 is now NoMaint
2024-07-04 09:43:35  msw1.rk06.p01.sv16 pstate is now 2/2
2024-07-04 09:43:35  msw1.rk06.p01.sv16 SC pstate is now -
2024-07-04 09:43:35  msw1.rk06.p01.sv16 is now Up
2024-07-04 09:43:35  msw1.rk08.p02.sv16 pstate is now 2/2
2024-07-04 09:43:35  msw1.rk08.p02.sv16 SC pstate is now -
2024-07-04 09:43:35  msw1.rk08.p02.sv16 is now Up
2024-07-04 09:43:35  msw1.rk05.p02.sv16 pstate is now 2/2
2024-07-04 09:43:35  msw1.rk05.p02.sv16 SC pstate is now -
2024-07-04 09:43:35  msw1.rk05.p02.sv16 is now Up
2024-07-04 09:43:35  msw1.rk07.p01.sv16 pstate is now 2/2
2024-07-04 09:43:35  msw1.rk07.p01.sv16 SC pstate is now -
2024-07-04 09:43:35  msw1.rk07.p01.sv16 is now Up
2024-07-04 09:43:35  msw1.rk06.p02.sv16 pstate is now 2/2
2024-07-04 09:43:35  msw1.rk06.p02.sv16 SC pstate is now -
2024-07-04 09:43:35  msw1.rk06.p02.sv16 is now Up
2024-07-04 09:43:35  msw1.rk11.p01.sv16 pstate is now 2/2
2024-07-04 09:43:35  msw1.rk11.p01.sv16 SC pstate is now -
2024-07-04 09:43:35  msw1.rk11.p01.sv16 is now Up
2024-07-04 09:43:35  msw1.rk05.p01.sv16 pstate is now 2/2
2024-07-04 09:43:35  msw1.rk05.p01.sv16 SC pstate is now -
2024-07-04 09:43:35  msw1.rk05.p01.sv16 is now Up
2024-07-04 09:43:35  msw1.rk08.p01.sv16 pstate is now 2/2
2024-07-04 09:43:35  msw1.rk08.p01.sv16 SC pstate is now -
2024-07-04 09:43:35  msw1.rk08.p01.sv16 is now Up
2024-07-04 09:43:35  msw1.rk07.p02.sv16 pstate is now 2/2
2024-07-04 09:43:35  msw1.rk07.p02.sv16 SC pstate is now -
2024-07-04 09:43:35  msw1.rk07.p02.sv16 is now Up
2024-07-04 09:43:35  msw1.rk09.p02.sv16 pstate is now 2/2
2024-07-04 09:43:35  msw1.rk09.p02.sv16 SC pstate is now -
2024-07-04 09:43:35  msw1.rk09.p02.sv16 is now Up
2024-07-04 09:43:35  msw1.rk12.p01.sv16 pstate is now 2/2
2024-07-04 09:43:35  msw1.rk12.p01.sv16 SC pstate is now -
2024-07-04 09:43:35  msw1.rk12.p01.sv16 is now Up
2024-07-04 09:43:35  msw1.rk10.p01.sv16 pstate is now 2/2
2024-07-04 09:43:35  msw1.rk10.p01.sv16 SC pstate is now -
2024-07-04 09:43:35  msw1.rk10.p01.sv16 is now Up
2024-07-04 09:43:35  msw1.rk09.p01.sv16 pstate is now 2/2
2024-07-04 09:43:35  msw1.rk09.p01.sv16 SC pstate is now -
2024-07-04 09:43:35  msw1.rk09.p01.sv16 is now Up
2024-07-04 09:43:36  esr1b.rk12.p01.sv16 is now NoMaint
2024-07-04 09:43:36  esr1a.rk11.p01.sv16 is now NoMaint
2024-07-04 09:43:36  ssp3.sv15 is now NoMaint
2024-07-04 09:43:36  ssp4.sv15 is now NoMaint
2024-07-04 09:43:36  esr1a.rk12.p01.sv16 is now NoMaint
2024-07-04 09:43:36  esr1b.rk11.p01.sv16 is now NoMaint
2024-07-04 09:43:36  ssp2.sv15 is now NoMaint
2024-07-04 09:43:36  ssp1.sv15 is now NoMaint
2024-07-04 09:43:36  dsr1.rk01.p02.sv16 is now NoMaint
2024-07-04 09:43:36  dsr2.rk02.p02.sv16 is now NoMaint
2024-07-04 09:43:36  dsr3.rk03.p02.sv16 is now NoMaint
2024-07-04 09:43:36  dsr4.rk04.p02.sv16 is now NoMaint
2024-07-04 09:43:36  dsr1.rk01.p01.sv16 is now NoMaint
2024-07-04 09:43:36  dsr2.rk02.p01.sv16 is now NoMaint
2024-07-04 09:43:36  esr1b.rk06.p01.sv16 pstate is now 4/4
2024-07-04 09:43:36  dsr4.rk04.p01.sv16 is now NoMaint
2024-07-04 09:43:36  esr1b.rk06.p01.sv16 SC pstate is now -
2024-07-04 09:43:36  dsr3.rk03.p01.sv16 is now NoMaint
2024-07-04 09:43:36  esr1b.rk10.p01.sv16 pstate is now 4/4
2024-07-04 09:43:36  esr1b.rk10.p01.sv16 SC pstate is now -
2024-07-04 09:43:36  esr1a.rk07.p01.sv16 pstate is now 4/4
2024-07-04 09:43:36  esr1a.rk07.p01.sv16 SC pstate is now -
2024-07-04 09:43:36  esr1a.rk06.p01.sv16 pstate is now 4/4
2024-07-04 09:43:36  esr1a.rk06.p01.sv16 SC pstate is now -
2024-07-04 09:43:36  esr1b.rk05.p01.sv16 pstate is now 4/4
2024-07-04 09:43:36  esr1b.rk05.p01.sv16 SC pstate is now 7/7
2024-07-04 09:43:36  esr1b.rk07.p01.sv16 pstate is now 4/4
2024-07-04 09:43:36  esr1b.rk07.p01.sv16 SC pstate is now -
2024-07-04 09:43:36  esr1a.rk09.p01.sv16 pstate is now 4/4
2024-07-04 09:43:36  esr1a.rk09.p01.sv16 SC pstate is now -
2024-07-04 09:43:36  esr1a.rk05.p01.sv16 pstate is now 4/4
2024-07-04 09:43:36  esr1a.rk05.p01.sv16 SC pstate is now 7/7
2024-07-04 09:43:36  esr1a.rk10.p01.sv16 pstate is now 4/4
2024-07-04 09:43:36  esr1a.rk10.p01.sv16 SC pstate is now -
2024-07-04 09:43:36  esr1a.rk08.p01.sv16 pstate is now 4/4
2024-07-04 09:43:36  esr1a.rk08.p01.sv16 SC pstate is now -
2024-07-04 09:43:36  esr1b.rk08.p01.sv16 pstate is now 4/4
2024-07-04 09:43:36  esr1b.rk08.p01.sv16 SC pstate is now -
2024-07-04 09:43:36  esr1b.rk09.p01.sv16 pstate is now 4/4
2024-07-04 09:43:36  esr1b.rk09.p01.sv16 SC pstate is now -
2024-07-04 09:43:36  esr1b.rk12.p01.sv16 pstate is now 8/8
2024-07-04 09:43:36  esr1b.rk12.p01.sv16 SC pstate is now -
2024-07-04 09:43:37  esr1a.rk11.p01.sv16 pstate is now 8/8
2024-07-04 09:43:37  esr1a.rk11.p01.sv16 SC pstate is now -
2024-07-04 09:43:37  esr1a.rk12.p01.sv16 pstate is now 8/8
2024-07-04 09:43:37  esr1a.rk12.p01.sv16 SC pstate is now -
2024-07-04 09:43:37  ssp3.sv15 pstate is now 2/2
2024-07-04 09:43:37  ssp3.sv15 SC pstate is now -
2024-07-04 09:43:37  esr1b.rk11.p01.sv16 pstate is now 8/8
2024-07-04 09:43:37  esr1b.rk11.p01.sv16 SC pstate is now -
2024-07-04 09:43:37  ssp4.sv15 pstate is now 2/2
2024-07-04 09:43:37  ssp4.sv15 SC pstate is now -
2024-07-04 09:43:37  dsr1.rk01.p02.sv16 pstate is now 4/4
2024-07-04 09:43:37  dsr1.rk01.p02.sv16 SC pstate is now -
2024-07-04 09:43:37  ssp2.sv15 pstate is now 2/2
2024-07-04 09:43:37  ssp2.sv15 SC pstate is now -
2024-07-04 09:43:37  dsr3.rk03.p02.sv16 pstate is now 4/4
2024-07-04 09:43:37  dsr3.rk03.p02.sv16 SC pstate is now -
2024-07-04 09:43:37  dsr2.rk02.p02.sv16 pstate is now 4/4
2024-07-04 09:43:37  dsr2.rk02.p02.sv16 SC pstate is now -
2024-07-04 09:43:37  ssp1.sv15 pstate is now 2/2
2024-07-04 09:43:37  ssp1.sv15 SC pstate is now -
2024-07-04 09:43:37  dsr4.rk04.p02.sv16 pstate is now 4/4
2024-07-04 09:43:37  dsr4.rk04.p02.sv16 SC pstate is now -
2024-07-04 09:43:37  dsr1.rk01.p01.sv16 pstate is now 4/4
2024-07-04 09:43:37  dsr1.rk01.p01.sv16 SC pstate is now -
2024-07-04 09:43:37  dsr2.rk02.p01.sv16 pstate is now 4/4
2024-07-04 09:43:37  dsr2.rk02.p01.sv16 SC pstate is now -
2024-07-04 09:43:37  dsr4.rk04.p01.sv16 pstate is now 4/4
2024-07-04 09:43:37  dsr4.rk04.p01.sv16 SC pstate is now -
2024-07-04 09:43:37  dsr3.rk03.p01.sv16 pstate is now 4/4
2024-07-04 09:43:37  dsr3.rk03.p01.sv16 SC pstate is now -
2024-07-04 09:47:56  csr2.mgmt.sv5 Arista Version Request Failed
2024-07-04 09:47:56  csr2.sv5 Version is now UNKOWN
2024-07-04 09:47:56  csr1.mgmt.sv5 Arista Version Request Failed
2024-07-04 09:47:56  csr1.sv5 Version is now UNKOWN
2024-07-04 09:47:56  csr1.sv5 is now Up / Up
2024-07-04 09:47:56  csr2.sv5 is now Up / Up
2024-07-04 09:50:07  csr1.mgmt.sv5 GNMI System Maintenance request failed: 
2024-07-04 09:50:07  csr2.mgmt.sv5 GNMI System Maintenance request failed: 
2024-07-04 09:51:14  Status Checking Complete
