2024-07-04 13:05:17  Script Start
2024-07-04 13:05:23  {
    "csr1.sv5": {
        "dev_type": "Arista",
        "updown": "Down/Down",
        "peerstate": "INIT",
        "scpeerstate": "INIT",
        "maintmode": "INIT",
        "mlagstate": "INIT",
        "first_ping": 2,
        "version": "INIT",
        "svrPortState": "INIT"
    },
    "csr2.sv5": {
        "dev_type": "Arista",
        "updown": "Down/Down",
        "peerstate": "INIT",
        "scpeerstate": "INIT",
        "maintmode": "INIT",
        "mlagstate": "INIT",
        "first_ping": 2,
        "version": "INIT",
        "svrPortState": "INIT"
    },
    "dsr1.rk01.p01.sv16": {
        "dev_type": "Arista",
        "updown": "Down/Down",
        "peerstate": "INIT",
        "scpeerstate": "INIT",
        "maintmode": "INIT",
        "mlagstate": "INIT",
        "first_ping": 2,
        "version": "INIT",
        "svrPortState": "INIT"
    },
    "dsr1.rk01.p02.sv16": {
        "dev_type": "Arista",
        "updown": "Down/Down",
        "peerstate": "INIT",
        "scpeerstate": "INIT",
        "maintmode": "INIT",
        "mlagstate": "INIT",
        "first_ping": 2,
        "version": "INIT",
        "svrPortState": "INIT"
    },
    "dsr2.rk02.p01.sv16": {
        "dev_type": "Arista",
        "updown": "Down/Down",
        "peerstate": "INIT",
        "scpeerstate": "INIT",
        "maintmode": "INIT",
        "mlagstate": "INIT",
        "first_ping": 2,
        "version": "INIT",
        "svrPortState": "INIT"
    },
    "dsr2.rk02.p02.sv16": {
        "dev_type": "Arista",
        "updown": "Down/Down",
        "peerstate": "INIT",
        "scpeerstate": "INIT",
        "maintmode": "INIT",
        "mlagstate": "INIT",
        "first_ping": 2,
        "version": "INIT",
        "svrPortState": "INIT"
    },
    "dsr3.rk03.p01.sv16": {
        "dev_type": "Arista",
        "updown": "Down/Down",
        "peerstate": "INIT",
        "scpeerstate": "INIT",
        "maintmode": "INIT",
        "mlagstate": "INIT",
        "first_ping": 2,
        "version": "INIT",
        "svrPortState": "INIT"
    },
    "dsr3.rk03.p02.sv16": {
        "dev_type": "Arista",
        "updown": "Down/Down",
        "peerstate": "INIT",
        "scpeerstate": "INIT",
        "maintmode": "INIT",
        "mlagstate": "INIT",
        "first_ping": 2,
        "version": "INIT",
        "svrPortState": "INIT"
    },
    "dsr4.rk04.p01.sv16": {
        "dev_type": "Arista",
        "updown": "Down/Down",
        "peerstate": "INIT",
        "scpeerstate": "INIT",
        "maintmode": "INIT",
        "mlagstate": "INIT",
        "first_ping": 2,
        "version": "INIT",
        "svrPortState": "INIT"
    },
    "dsr4.rk04.p02.sv16": {
        "dev_type": "Arista",
        "updown": "Down/Down",
        "peerstate": "INIT",
        "scpeerstate": "INIT",
        "maintmode": "INIT",
        "mlagstate": "INIT",
        "first_ping": 2,
        "version": "INIT",
        "svrPortState": "INIT"
    },
    "esr1a.rk05.p01.sv16": {
        "dev_type": "Arista",
        "updown": "Down/Down",
        "peerstate": "INIT",
        "scpeerstate": "INIT",
        "maintmode": "INIT",
        "mlagstate": "INIT",
        "first_ping": 2,
        "version": "INIT",
        "svrPortState": "INIT"
    },
    "esr1a.rk06.p01.sv16": {
        "dev_type": "Arista",
        "updown": "Down/Down",
        "peerstate": "INIT",
        "scpeerstate": "INIT",
        "maintmode": "INIT",
        "mlagstate": "INIT",
        "first_ping": 2,
        "version": "INIT",
        "svrPortState": "INIT"
    },
    "esr1a.rk07.p01.sv16": {
        "dev_type": "Arista",
        "updown": "Down/Down",
        "peerstate": "INIT",
        "scpeerstate": "INIT",
        "maintmode": "INIT",
        "mlagstate": "INIT",
        "first_ping": 2,
        "version": "INIT",
        "svrPortState": "INIT"
    },
    "esr1a.rk08.p01.sv16": {
        "dev_type": "Arista",
        "updown": "Down/Down",
        "peerstate": "INIT",
        "scpeerstate": "INIT",
        "maintmode": "INIT",
        "mlagstate": "INIT",
        "first_ping": 2,
        "version": "INIT",
        "svrPortState": "INIT"
    },
    "esr1a.rk09.p01.sv16": {
        "dev_type": "Arista",
        "updown": "Down/Down",
        "peerstate": "INIT",
        "scpeerstate": "INIT",
        "maintmode": "INIT",
        "mlagstate": "INIT",
        "first_ping": 2,
        "version": "INIT",
        "svrPortState": "INIT"
    },
    "esr1a.rk10.p01.sv16": {
        "dev_type": "Arista",
        "updown": "Down/Down",
        "peerstate": "INIT",
        "scpeerstate": "INIT",
        "maintmode": "INIT",
        "mlagstate": "INIT",
        "first_ping": 2,
        "version": "INIT",
        "svrPortState": "INIT"
    },
    "esr1a.rk11.p01.sv16": {
        "dev_type": "Arista",
        "updown": "Down/Down",
        "peerstate": "INIT",
        "scpeerstate": "INIT",
        "maintmode": "INIT",
        "mlagstate": "INIT",
        "first_ping": 2,
        "version": "INIT",
        "svrPortState": "INIT"
    },
    "esr1a.rk12.p01.sv16": {
        "dev_type": "Arista",
        "updown": "Down/Down",
        "peerstate": "INIT",
        "scpeerstate": "INIT",
        "maintmode": "INIT",
        "mlagstate": "INIT",
        "first_ping": 2,
        "version": "INIT",
        "svrPortState": "INIT"
    },
    "esr1b.rk05.p01.sv16": {
        "dev_type": "Arista",
        "updown": "Down/Down",
        "peerstate": "INIT",
        "scpeerstate": "INIT",
        "maintmode": "INIT",
        "mlagstate": "INIT",
        "first_ping": 2,
        "version": "INIT",
        "svrPortState": "INIT"
    },
    "esr1b.rk06.p01.sv16": {
        "dev_type": "Arista",
        "updown": "Down/Down",
        "peerstate": "INIT",
        "scpeerstate": "INIT",
        "maintmode": "INIT",
        "mlagstate": "INIT",
        "first_ping": 2,
        "version": "INIT",
        "svrPortState": "INIT"
    },
    "esr1b.rk07.p01.sv16": {
        "dev_type": "Arista",
        "updown": "Down/Down",
        "peerstate": "INIT",
        "scpeerstate": "INIT",
        "maintmode": "INIT",
        "mlagstate": "INIT",
        "first_ping": 2,
        "version": "INIT",
        "svrPortState": "INIT"
    },
    "esr1b.rk08.p01.sv16": {
        "dev_type": "Arista",
        "updown": "Down/Down",
        "peerstate": "INIT",
        "scpeerstate": "INIT",
        "maintmode": "INIT",
        "mlagstate": "INIT",
        "first_ping": 2,
        "version": "INIT",
        "svrPortState": "INIT"
    },
    "esr1b.rk09.p01.sv16": {
        "dev_type": "Arista",
        "updown": "Down/Down",
        "peerstate": "INIT",
        "scpeerstate": "INIT",
        "maintmode": "INIT",
        "mlagstate": "INIT",
        "first_ping": 2,
        "version": "INIT",
        "svrPortState": "INIT"
    },
    "esr1b.rk10.p01.sv16": {
        "dev_type": "Arista",
        "updown": "Down/Down",
        "peerstate": "INIT",
        "scpeerstate": "INIT",
        "maintmode": "INIT",
        "mlagstate": "INIT",
        "first_ping": 2,
        "version": "INIT",
        "svrPortState": "INIT"
    },
    "esr1b.rk11.p01.sv16": {
        "dev_type": "Arista",
        "updown": "Down/Down",
        "peerstate": "INIT",
        "scpeerstate": "INIT",
        "maintmode": "INIT",
        "mlagstate": "INIT",
        "first_ping": 2,
        "version": "INIT",
        "svrPortState": "INIT"
    },
    "esr1b.rk12.p01.sv16": {
        "dev_type": "Arista",
        "updown": "Down/Down",
        "peerstate": "INIT",
        "scpeerstate": "INIT",
        "maintmode": "INIT",
        "mlagstate": "INIT",
        "first_ping": 2,
        "version": "INIT",
        "svrPortState": "INIT"
    },
    "msw1.rk05.p01.sv16": {
        "dev_type": "Arista",
        "updown": "Down",
        "peerstate": "INIT",
        "scpeerstate": "INIT",
        "maintmode": "",
        "mlagstate": "",
        "first_ping": 2,
        "version": "INIT",
        "svrPortState": "INIT"
    },
    "msw1.rk05.p02.sv16": {
        "dev_type": "Arista",
        "updown": "Down",
        "peerstate": "INIT",
        "scpeerstate": "INIT",
        "maintmode": "",
        "mlagstate": "",
        "first_ping": 2,
        "version": "INIT",
        "svrPortState": "INIT"
    },
    "msw1.rk06.p01.sv16": {
        "dev_type": "Arista",
        "updown": "Down",
        "peerstate": "INIT",
        "scpeerstate": "INIT",
        "maintmode": "",
        "mlagstate": "",
        "first_ping": 2,
        "version": "INIT",
        "svrPortState": "INIT"
    },
    "msw1.rk06.p02.sv16": {
        "dev_type": "Arista",
        "updown": "Down",
        "peerstate": "INIT",
        "scpeerstate": "INIT",
        "maintmode": "",
        "mlagstate": "",
        "first_ping": 2,
        "version": "INIT",
        "svrPortState": "INIT"
    },
    "msw1.rk07.p01.sv16": {
        "dev_type": "Arista",
        "updown": "Down",
        "peerstate": "INIT",
        "scpeerstate": "INIT",
        "maintmode": "",
        "mlagstate": "",
        "first_ping": 2,
        "version": "INIT",
        "svrPortState": "INIT"
    },
    "msw1.rk07.p02.sv16": {
        "dev_type": "Arista",
        "updown": "Down",
        "peerstate": "INIT",
        "scpeerstate": "INIT",
        "maintmode": "",
        "mlagstate": "",
        "first_ping": 2,
        "version": "INIT",
        "svrPortState": "INIT"
    },
    "msw1.rk08.p01.sv16": {
        "dev_type": "Arista",
        "updown": "Down",
        "peerstate": "INIT",
        "scpeerstate": "INIT",
        "maintmode": "",
        "mlagstate": "",
        "first_ping": 2,
        "version": "INIT",
        "svrPortState": "INIT"
    },
    "msw1.rk08.p02.sv16": {
        "dev_type": "Arista",
        "updown": "Down",
        "peerstate": "INIT",
        "scpeerstate": "INIT",
        "maintmode": "",
        "mlagstate": "",
        "first_ping": 2,
        "version": "INIT",
        "svrPortState": "INIT"
    },
    "msw1.rk09.p01.sv16": {
        "dev_type": "Arista",
        "updown": "Down",
        "peerstate": "INIT",
        "scpeerstate": "INIT",
        "maintmode": "",
        "mlagstate": "",
        "first_ping": 2,
        "version": "INIT",
        "svrPortState": "INIT"
    },
    "msw1.rk09.p02.sv16": {
        "dev_type": "Arista",
        "updown": "Down",
        "peerstate": "INIT",
        "scpeerstate": "INIT",
        "maintmode": "",
        "mlagstate": "",
        "first_ping": 2,
        "version": "INIT",
        "svrPortState": "INIT"
    },
    "msw1.rk10.p01.sv16": {
        "dev_type": "Arista",
        "updown": "Down",
        "peerstate": "INIT",
        "scpeerstate": "INIT",
        "maintmode": "",
        "mlagstate": "",
        "first_ping": 2,
        "version": "INIT",
        "svrPortState": "INIT"
    },
    "msw1.rk11.p01.sv16": {
        "dev_type": "Arista",
        "updown": "Down",
        "peerstate": "INIT",
        "scpeerstate": "INIT",
        "maintmode": "",
        "mlagstate": "",
        "first_ping": 2,
        "version": "INIT",
        "svrPortState": "INIT"
    },
    "msw1.rk12.p01.sv16": {
        "dev_type": "Arista",
        "updown": "Down",
        "peerstate": "INIT",
        "scpeerstate": "INIT",
        "maintmode": "",
        "mlagstate": "",
        "first_ping": 2,
        "version": "INIT",
        "svrPortState": "INIT"
    },
    "ssp1.sv15": {
        "dev_type": "Arista",
        "updown": "Down/Down",
        "peerstate": "INIT",
        "scpeerstate": "INIT",
        "maintmode": "INIT",
        "mlagstate": "INIT",
        "first_ping": 2,
        "version": "INIT",
        "svrPortState": "INIT"
    },
    "ssp2.sv15": {
        "dev_type": "Arista",
        "updown": "Down/Down",
        "peerstate": "INIT",
        "scpeerstate": "INIT",
        "maintmode": "INIT",
        "mlagstate": "INIT",
        "first_ping": 2,
        "version": "INIT",
        "svrPortState": "INIT"
    },
    "ssp3.sv15": {
        "dev_type": "Arista",
        "updown": "Down/Down",
        "peerstate": "INIT",
        "scpeerstate": "INIT",
        "maintmode": "INIT",
        "mlagstate": "INIT",
        "first_ping": 2,
        "version": "INIT",
        "svrPortState": "INIT"
    },
    "ssp4.sv15": {
        "dev_type": "Arista",
        "updown": "Down/Down",
        "peerstate": "INIT",
        "scpeerstate": "INIT",
        "maintmode": "INIT",
        "mlagstate": "INIT",
        "first_ping": 2,
        "version": "INIT",
        "svrPortState": "INIT"
    }
}
2024-07-04 13:05:23  Starting Status Checks
2024-07-04 13:05:25  csr1.sv5 Version is now EOS: 4.28.7M
2024-07-04 13:05:25  esr1b.rk08.p01.sv16 Version is now EOS: 4.28.7M
2024-07-04 13:05:25  esr1a.rk05.p01.sv16 Version is now EOS: 4.28.7M
2024-07-04 13:05:25  csr2.sv5 Version is now EOS: 4.28.7M
2024-07-04 13:05:25  esr1b.rk10.p01.sv16 Version is now EOS: 4.28.7M
2024-07-04 13:05:25  esr1b.rk09.p01.sv16 Version is now EOS: 4.28.7M
2024-07-04 13:05:25  esr1a.rk09.p01.sv16 Version is now EOS: 4.28.7M
2024-07-04 13:05:25  esr1a.rk07.p01.sv16 Version is now EOS: 4.28.7M
2024-07-04 13:05:25  esr1a.rk08.p01.sv16 Version is now EOS: 4.28.7M
2024-07-04 13:05:25  esr1a.rk10.p01.sv16 Version is now EOS: 4.28.7M
2024-07-04 13:05:25  esr1b.rk05.p01.sv16 Version is now EOS: 4.28.7M
2024-07-04 13:05:25  esr1a.rk06.p01.sv16 Version is now EOS: 4.28.7M
2024-07-04 13:05:25  esr1b.rk06.p01.sv16 Version is now EOS: 4.28.7M
2024-07-04 13:05:25  esr1b.rk07.p01.sv16 Version is now EOS: 4.28.7M
2024-07-04 13:05:25  csr1.sv5 is now Up / Up
2024-07-04 13:05:25  esr1b.rk08.p01.sv16 is now Up / Up
2024-07-04 13:05:25  esr1a.rk05.p01.sv16 is now Up / Up
2024-07-04 13:05:25  esr1b.rk10.p01.sv16 is now Up / Up
2024-07-04 13:05:25  csr2.sv5 is now Up / Up
2024-07-04 13:05:25  esr1b.rk09.p01.sv16 is now Up / Up
2024-07-04 13:05:25  esr1a.rk07.p01.sv16 is now Up / Up
2024-07-04 13:05:25  esr1a.rk08.p01.sv16 is now Up / Up
2024-07-04 13:05:25  esr1a.rk10.p01.sv16 is now Up / Up
2024-07-04 13:05:25  esr1a.rk09.p01.sv16 is now Up / Up
2024-07-04 13:05:25  esr1a.rk06.p01.sv16 is now Up / Up
2024-07-04 13:05:25  esr1b.rk05.p01.sv16 is now Up / Up
2024-07-04 13:05:25  esr1b.rk06.p01.sv16 is now Up / Up
2024-07-04 13:05:25  esr1b.rk07.p01.sv16 is now Up / Up
2024-07-04 13:05:25  msw1.rk05.p02.sv16 Version is now EOS: 4.28.7M
2024-07-04 13:05:25  esr1a.rk12.p01.sv16 Version is now EOS: 4.28.7M
2024-07-04 13:05:25  msw1.rk08.p01.sv16 Version is now EOS: 4.28.7M
2024-07-04 13:05:25  msw1.rk06.p02.sv16 Version is now EOS: 4.28.7M
2024-07-04 13:05:25  msw1.rk09.p02.sv16 Version is now EOS: 4.28.7M
2024-07-04 13:05:25  esr1a.rk11.p01.sv16 Version is now EOS: 4.28.7M
2024-07-04 13:05:25  msw1.rk09.p01.sv16 Version is now EOS: 4.28.7M
2024-07-04 13:05:25  esr1b.rk12.p01.sv16 Version is now EOS: 4.28.7M
2024-07-04 13:05:25  msw1.rk08.p02.sv16 Version is now EOS: 4.28.7M
2024-07-04 13:05:25  msw1.rk06.p01.sv16 Version is now EOS: 4.28.7M
2024-07-04 13:05:25  ssp1.sv15 Version is now EOS: 4.28.7M
2024-07-04 13:05:25  msw1.rk05.p01.sv16 Version is now EOS: 4.28.7M
2024-07-04 13:05:25  msw1.rk11.p01.sv16 Version is now EOS: 4.28.7M
2024-07-04 13:05:25  msw1.rk07.p01.sv16 Version is now EOS: 4.28.7M
2024-07-04 13:05:25  msw1.rk12.p01.sv16 Version is now EOS: 4.28.7M
2024-07-04 13:05:25  ssp4.sv15 Version is now EOS: 4.28.7M
2024-07-04 13:05:25  msw1.rk07.p02.sv16 Version is now EOS: 4.28.7M
2024-07-04 13:05:25  ssp2.sv15 Version is now EOS: 4.28.7M
2024-07-04 13:05:25  ssp3.sv15 Version is now EOS: 4.28.7M
2024-07-04 13:05:25  esr1b.rk11.p01.sv16 Version is now EOS: 4.28.7M
2024-07-04 13:05:25  msw1.rk10.p01.sv16 Version is now EOS: 4.28.7M
2024-07-04 13:05:25  esr1a.rk12.p01.sv16 is now Up / Up
2024-07-04 13:05:25  esr1b.rk12.p01.sv16 is now Up / Up
2024-07-04 13:05:25  esr1a.rk11.p01.sv16 is now Up / Up
2024-07-04 13:05:25  ssp2.sv15 is now Up / Up
2024-07-04 13:05:25  esr1b.rk11.p01.sv16 is now Up / Up
2024-07-04 13:05:25  ssp4.sv15 is now Up / Up
2024-07-04 13:05:25  ssp3.sv15 is now Up / Up
2024-07-04 13:05:25  ssp1.sv15 is now Up / Up
2024-07-04 13:05:25  dsr4.rk04.p01.sv16 Version is now EOS: 4.28.7M
2024-07-04 13:05:25  dsr4.rk04.p02.sv16 Version is now EOS: 4.28.7M
2024-07-04 13:05:25  dsr2.rk02.p02.sv16 Version is now EOS: 4.28.7M
2024-07-04 13:05:25  dsr2.rk02.p01.sv16 Version is now EOS: 4.28.7M
2024-07-04 13:05:25  dsr1.rk01.p02.sv16 Version is now EOS: 4.28.7M
2024-07-04 13:05:25  dsr3.rk03.p01.sv16 Version is now EOS: 4.28.7M
2024-07-04 13:05:25  dsr3.rk03.p02.sv16 Version is now EOS: 4.28.7M
2024-07-04 13:05:25  dsr4.rk04.p01.sv16 is now Up / Up
2024-07-04 13:05:26  dsr1.rk01.p01.sv16 Version is now EOS: 4.28.7M
2024-07-04 13:05:26  dsr4.rk04.p02.sv16 is now Up / Up
2024-07-04 13:05:26  dsr2.rk02.p02.sv16 is now Up / Up
2024-07-04 13:05:26  dsr2.rk02.p01.sv16 is now Up / Up
2024-07-04 13:05:26  dsr1.rk01.p02.sv16 is now Up / Up
2024-07-04 13:05:26  dsr3.rk03.p01.sv16 is now Up / Up
2024-07-04 13:05:26  dsr3.rk03.p02.sv16 is now Up / Up
2024-07-04 13:05:26  dsr1.rk01.p01.sv16 is now Up / Up
2024-07-04 13:05:26  esr1b.rk08.p01.sv16 is now NoMaint
2024-07-04 13:05:26  csr1.sv5 is now Disabled
2024-07-04 13:05:26  csr2.sv5 is now Disabled
2024-07-04 13:05:26  esr1a.rk05.p01.sv16 is now NoMaint
2024-07-04 13:05:26  esr1a.rk08.p01.sv16 is now NoMaint
2024-07-04 13:05:26  esr1b.rk10.p01.sv16 is now NoMaint
2024-07-04 13:05:26  esr1a.rk10.p01.sv16 is now NoMaint
2024-07-04 13:05:26  esr1a.rk09.p01.sv16 is now NoMaint
2024-07-04 13:05:26  esr1a.rk06.p01.sv16 is now NoMaint
2024-07-04 13:05:26  esr1a.rk07.p01.sv16 is now NoMaint
2024-07-04 13:05:26  esr1b.rk09.p01.sv16 is now NoMaint
2024-07-04 13:05:26  esr1b.rk06.p01.sv16 is now NoMaint
2024-07-04 13:05:26  esr1b.rk07.p01.sv16 is now NoMaint
2024-07-04 13:05:26  esr1b.rk05.p01.sv16 is now NoMaint
2024-07-04 13:05:26  msw1.rk09.p02.sv16 pstate is now 2/2
2024-07-04 13:05:26  msw1.rk06.p02.sv16 pstate is now 2/2
2024-07-04 13:05:26  msw1.rk09.p02.sv16 SC pstate is now -
2024-07-04 13:05:26  msw1.rk09.p02.sv16 is now Up
2024-07-04 13:05:26  msw1.rk06.p02.sv16 SC pstate is now -
2024-07-04 13:05:26  msw1.rk06.p02.sv16 is now Up
2024-07-04 13:05:26  msw1.rk06.p01.sv16 pstate is now 2/2
2024-07-04 13:05:26  msw1.rk06.p01.sv16 SC pstate is now -
2024-07-04 13:05:26  msw1.rk06.p01.sv16 is now Up
2024-07-04 13:05:26  msw1.rk08.p01.sv16 pstate is now 2/2
2024-07-04 13:05:26  msw1.rk08.p01.sv16 SC pstate is now -
2024-07-04 13:05:26  msw1.rk08.p01.sv16 is now Up
2024-07-04 13:05:26  msw1.rk05.p02.sv16 pstate is now 2/2
2024-07-04 13:05:26  msw1.rk05.p02.sv16 SC pstate is now -
2024-07-04 13:05:26  msw1.rk05.p02.sv16 is now Up
2024-07-04 13:05:26  msw1.rk08.p02.sv16 pstate is now 2/2
2024-07-04 13:05:26  msw1.rk08.p02.sv16 SC pstate is now -
2024-07-04 13:05:26  msw1.rk08.p02.sv16 is now Up
2024-07-04 13:05:26  msw1.rk07.p01.sv16 pstate is now 2/2
2024-07-04 13:05:26  msw1.rk07.p01.sv16 SC pstate is now -
2024-07-04 13:05:26  msw1.rk07.p01.sv16 is now Up
2024-07-04 13:05:26  msw1.rk09.p01.sv16 pstate is now 2/2
2024-07-04 13:05:26  msw1.rk09.p01.sv16 SC pstate is now -
2024-07-04 13:05:26  msw1.rk09.p01.sv16 is now Up
2024-07-04 13:05:26  msw1.rk12.p01.sv16 pstate is now 2/2
2024-07-04 13:05:26  msw1.rk12.p01.sv16 SC pstate is now -
2024-07-04 13:05:26  msw1.rk12.p01.sv16 is now Up
2024-07-04 13:05:26  msw1.rk05.p01.sv16 pstate is now 2/2
2024-07-04 13:05:26  msw1.rk05.p01.sv16 SC pstate is now -
2024-07-04 13:05:26  msw1.rk05.p01.sv16 is now Up
2024-07-04 13:05:26  msw1.rk11.p01.sv16 pstate is now 2/2
2024-07-04 13:05:26  msw1.rk11.p01.sv16 SC pstate is now -
2024-07-04 13:05:26  msw1.rk11.p01.sv16 is now Up
2024-07-04 13:05:26  msw1.rk07.p02.sv16 pstate is now 2/2
2024-07-04 13:05:26  msw1.rk07.p02.sv16 SC pstate is now -
2024-07-04 13:05:26  msw1.rk07.p02.sv16 is now Up
2024-07-04 13:05:26  msw1.rk10.p01.sv16 pstate is now 2/2
2024-07-04 13:05:26  msw1.rk10.p01.sv16 SC pstate is now -
2024-07-04 13:05:26  msw1.rk10.p01.sv16 is now Up
2024-07-04 13:05:26  esr1a.rk12.p01.sv16 is now NoMaint
2024-07-04 13:05:26  esr1b.rk12.p01.sv16 is now NoMaint
2024-07-04 13:05:26  ssp2.sv15 is now NoMaint
2024-07-04 13:05:26  ssp4.sv15 is now NoMaint
2024-07-04 13:05:26  esr1a.rk11.p01.sv16 is now NoMaint
2024-07-04 13:05:26  esr1b.rk11.p01.sv16 is now NoMaint
2024-07-04 13:05:26  ssp3.sv15 is now NoMaint
2024-07-04 13:05:26  ssp1.sv15 is now NoMaint
2024-07-04 13:05:26  dsr4.rk04.p01.sv16 is now NoMaint
2024-07-04 13:05:26  dsr4.rk04.p02.sv16 is now NoMaint
2024-07-04 13:05:26  dsr2.rk02.p02.sv16 is now NoMaint
2024-07-04 13:05:26  dsr1.rk01.p02.sv16 is now NoMaint
2024-07-04 13:05:26  dsr3.rk03.p01.sv16 is now NoMaint
2024-07-04 13:05:26  dsr2.rk02.p01.sv16 is now NoMaint
2024-07-04 13:05:26  csr1.sv5 pstate is now 2/2
2024-07-04 13:05:26  csr1.sv5 SC pstate is now -
2024-07-04 13:05:26  csr2.sv5 pstate is now 2/2
2024-07-04 13:05:26  csr2.sv5 SC pstate is now -
2024-07-04 13:05:26  dsr1.rk01.p01.sv16 is now NoMaint
2024-07-04 13:05:26  dsr3.rk03.p02.sv16 is now NoMaint
2024-07-04 13:05:26  esr1b.rk08.p01.sv16 pstate is now 5/5
2024-07-04 13:05:26  esr1b.rk08.p01.sv16 SC pstate is now -
2024-07-04 13:05:26  esr1a.rk05.p01.sv16 pstate is now 5/5
2024-07-04 13:05:26  esr1a.rk05.p01.sv16 SC pstate is now 7/7
2024-07-04 13:05:26  esr1a.rk08.p01.sv16 pstate is now 5/5
2024-07-04 13:05:26  esr1b.rk10.p01.sv16 pstate is now 5/5
2024-07-04 13:05:26  esr1a.rk08.p01.sv16 SC pstate is now -
2024-07-04 13:05:26  esr1b.rk10.p01.sv16 SC pstate is now -
2024-07-04 13:05:26  esr1b.rk09.p01.sv16 pstate is now 5/5
2024-07-04 13:05:26  esr1b.rk09.p01.sv16 SC pstate is now -
2024-07-04 13:05:26  esr1a.rk09.p01.sv16 pstate is now 5/5
2024-07-04 13:05:26  esr1a.rk09.p01.sv16 SC pstate is now -
2024-07-04 13:05:26  esr1a.rk10.p01.sv16 pstate is now 5/5
2024-07-04 13:05:26  esr1a.rk10.p01.sv16 SC pstate is now -
2024-07-04 13:05:26  esr1a.rk07.p01.sv16 pstate is now 5/5
2024-07-04 13:05:26  esr1a.rk07.p01.sv16 SC pstate is now -
2024-07-04 13:05:26  esr1b.rk07.p01.sv16 pstate is now 5/5
2024-07-04 13:05:26  esr1b.rk07.p01.sv16 SC pstate is now -
2024-07-04 13:05:26  esr1a.rk06.p01.sv16 pstate is now 5/5
2024-07-04 13:05:26  esr1b.rk06.p01.sv16 pstate is now 5/5
2024-07-04 13:05:26  esr1a.rk06.p01.sv16 SC pstate is now -
2024-07-04 13:05:26  esr1b.rk06.p01.sv16 SC pstate is now -
2024-07-04 13:05:26  esr1b.rk05.p01.sv16 pstate is now 5/5
2024-07-04 13:05:26  esr1b.rk05.p01.sv16 SC pstate is now 7/7
2024-07-04 13:05:27  esr1b.rk11.p01.sv16 pstate is now 9/9
2024-07-04 13:05:27  esr1b.rk11.p01.sv16 SC pstate is now -
2024-07-04 13:05:27  esr1a.rk11.p01.sv16 pstate is now 9/9
2024-07-04 13:05:27  esr1a.rk11.p01.sv16 SC pstate is now -
2024-07-04 13:05:27  esr1a.rk12.p01.sv16 pstate is now 9/9
2024-07-04 13:05:27  esr1a.rk12.p01.sv16 SC pstate is now -
2024-07-04 13:05:27  esr1b.rk12.p01.sv16 pstate is now 9/9
2024-07-04 13:05:27  esr1b.rk12.p01.sv16 SC pstate is now -
2024-07-04 13:05:27  ssp4.sv15 pstate is now 2/2
2024-07-04 13:05:27  ssp4.sv15 SC pstate is now -
2024-07-04 13:05:27  ssp2.sv15 pstate is now 2/2
2024-07-04 13:05:27  ssp2.sv15 SC pstate is now -
2024-07-04 13:05:27  ssp1.sv15 pstate is now 2/2
2024-07-04 13:05:27  ssp1.sv15 SC pstate is now -
2024-07-04 13:05:27  ssp3.sv15 pstate is now 2/2
2024-07-04 13:05:27  ssp3.sv15 SC pstate is now -
2024-07-04 13:05:27  dsr4.rk04.p01.sv16 pstate is now 4/4
2024-07-04 13:05:27  dsr4.rk04.p01.sv16 SC pstate is now -
2024-07-04 13:05:27  dsr4.rk04.p02.sv16 pstate is now 4/4
2024-07-04 13:05:27  dsr4.rk04.p02.sv16 SC pstate is now -
2024-07-04 13:05:27  dsr1.rk01.p02.sv16 pstate is now 4/4
2024-07-04 13:05:27  dsr1.rk01.p02.sv16 SC pstate is now -
2024-07-04 13:05:27  dsr3.rk03.p01.sv16 pstate is now 4/4
2024-07-04 13:05:27  dsr2.rk02.p02.sv16 pstate is now 4/4
2024-07-04 13:05:27  dsr3.rk03.p01.sv16 SC pstate is now -
2024-07-04 13:05:27  dsr2.rk02.p02.sv16 SC pstate is now -
2024-07-04 13:05:27  dsr2.rk02.p01.sv16 pstate is now 4/4
2024-07-04 13:05:27  dsr2.rk02.p01.sv16 SC pstate is now -
2024-07-04 13:05:27  dsr1.rk01.p01.sv16 pstate is now 4/4
2024-07-04 13:05:27  dsr1.rk01.p01.sv16 SC pstate is now -
2024-07-04 13:05:27  dsr3.rk03.p02.sv16 pstate is now 4/4
2024-07-04 13:05:27  dsr3.rk03.p02.sv16 SC pstate is now -
2024-07-04 13:05:50  csr2.sv5 Version is now EOS: 4.28.7M
2024-07-04 13:05:50  esr1a.rk06.p01.sv16 Version is now EOS: 4.28.7M
2024-07-04 13:05:50  csr1.sv5 Version is now EOS: 4.28.7M
2024-07-04 13:05:50  esr1a.rk05.p01.sv16 Version is now EOS: 4.28.7M
2024-07-04 13:05:50  esr1b.rk07.p01.sv16 Version is now EOS: 4.28.7M
2024-07-04 13:05:50  esr1a.rk07.p01.sv16 Version is now EOS: 4.28.7M
2024-07-04 13:05:50  esr1b.rk05.p01.sv16 Version is now EOS: 4.28.7M
2024-07-04 13:05:50  esr1b.rk08.p01.sv16 Version is now EOS: 4.28.7M
2024-07-04 13:05:50  esr1a.rk09.p01.sv16 Version is now EOS: 4.28.7M
2024-07-04 13:05:50  esr1b.rk06.p01.sv16 Version is now EOS: 4.28.7M
2024-07-04 13:05:50  esr1a.rk08.p01.sv16 Version is now EOS: 4.28.7M
2024-07-04 13:05:50  esr1b.rk09.p01.sv16 Version is now EOS: 4.28.7M
2024-07-04 13:05:50  csr2.sv5 is now Up / Up
2024-07-04 13:05:50  csr1.sv5 is now Up / Up
2024-07-04 13:05:50  esr1a.rk06.p01.sv16 is now Up / Up
2024-07-04 13:05:50  esr1b.rk10.p01.sv16 Version is now EOS: 4.28.7M
2024-07-04 13:05:50  esr1a.rk10.p01.sv16 Version is now EOS: 4.28.7M
2024-07-04 13:05:50  esr1a.rk05.p01.sv16 is now Up / Up
2024-07-04 13:05:50  esr1b.rk07.p01.sv16 is now Up / Up
2024-07-04 13:05:50  esr1a.rk07.p01.sv16 is now Up / Up
2024-07-04 13:05:50  esr1b.rk05.p01.sv16 is now Up / Up
2024-07-04 13:05:50  esr1b.rk08.p01.sv16 is now Up / Up
2024-07-04 13:05:50  esr1b.rk06.p01.sv16 is now Up / Up
2024-07-04 13:05:50  esr1a.rk09.p01.sv16 is now Up / Up
2024-07-04 13:05:50  esr1a.rk08.p01.sv16 is now Up / Up
2024-07-04 13:05:50  esr1b.rk09.p01.sv16 is now Up / Up
2024-07-04 13:05:50  esr1b.rk10.p01.sv16 is now Up / Up
2024-07-04 13:05:50  esr1a.rk10.p01.sv16 is now Up / Up
2024-07-04 13:05:50  msw1.rk05.p02.sv16 Version is now EOS: 4.28.7M
2024-07-04 13:05:50  msw1.rk06.p02.sv16 Version is now EOS: 4.28.7M
2024-07-04 13:05:50  msw1.rk06.p01.sv16 Version is now EOS: 4.28.7M
2024-07-04 13:05:50  esr1a.rk12.p01.sv16 Version is now EOS: 4.28.7M
2024-07-04 13:05:50  msw1.rk08.p01.sv16 Version is now EOS: 4.28.7M
2024-07-04 13:05:50  msw1.rk07.p02.sv16 Version is now EOS: 4.28.7M
2024-07-04 13:05:50  esr1b.rk12.p01.sv16 Version is now EOS: 4.28.7M
2024-07-04 13:05:50  msw1.rk05.p01.sv16 Version is now EOS: 4.28.7M
2024-07-04 13:05:50  msw1.rk08.p02.sv16 Version is now EOS: 4.28.7M
2024-07-04 13:05:50  msw1.rk10.p01.sv16 Version is now EOS: 4.28.7M
2024-07-04 13:05:50  esr1b.rk11.p01.sv16 Version is now EOS: 4.28.7M
2024-07-04 13:05:50  msw1.rk07.p01.sv16 Version is now EOS: 4.28.7M
2024-07-04 13:05:50  ssp2.sv15 Version is now EOS: 4.28.7M
2024-07-04 13:05:50  esr1a.rk11.p01.sv16 Version is now EOS: 4.28.7M
2024-07-04 13:05:50  msw1.rk09.p02.sv16 Version is now EOS: 4.28.7M
2024-07-04 13:05:50  msw1.rk09.p01.sv16 Version is now EOS: 4.28.7M
2024-07-04 13:05:50  ssp1.sv15 Version is now EOS: 4.28.7M
2024-07-04 13:05:50  msw1.rk12.p01.sv16 Version is now EOS: 4.28.7M
2024-07-04 13:05:50  msw1.rk11.p01.sv16 Version is now EOS: 4.28.7M
2024-07-04 13:05:50  esr1a.rk12.p01.sv16 is now Up / Up
2024-07-04 13:05:50  esr1b.rk12.p01.sv16 is now Up / Up
2024-07-04 13:05:50  esr1b.rk11.p01.sv16 is now Up / Up
2024-07-04 13:05:50  ssp4.sv15 Version is now EOS: 4.28.7M
2024-07-04 13:05:50  ssp3.sv15 Version is now EOS: 4.28.7M
2024-07-04 13:05:50  ssp2.sv15 is now Up / Up
2024-07-04 13:05:50  esr1a.rk11.p01.sv16 is now Up / Up
2024-07-04 13:05:50  ssp1.sv15 is now Up / Up
2024-07-04 13:05:50  ssp4.sv15 is now Up / Up
2024-07-04 13:05:50  ssp3.sv15 is now Up / Up
2024-07-04 13:05:51  dsr4.rk04.p02.sv16 Version is now EOS: 4.28.7M
2024-07-04 13:05:51  dsr1.rk01.p02.sv16 Version is now EOS: 4.28.7M
2024-07-04 13:05:51  dsr3.rk03.p01.sv16 Version is now EOS: 4.28.7M
2024-07-04 13:05:51  dsr3.rk03.p02.sv16 Version is now EOS: 4.28.7M
2024-07-04 13:05:51  dsr1.rk01.p01.sv16 Version is now EOS: 4.28.7M
2024-07-04 13:05:51  dsr4.rk04.p01.sv16 Version is now EOS: 4.28.7M
2024-07-04 13:05:51  dsr4.rk04.p02.sv16 is now Up / Up
2024-07-04 13:05:51  dsr2.rk02.p01.sv16 Version is now EOS: 4.28.7M
2024-07-04 13:05:51  dsr2.rk02.p02.sv16 Version is now EOS: 4.28.7M
2024-07-04 13:05:51  dsr1.rk01.p02.sv16 is now Up / Up
2024-07-04 13:05:51  dsr3.rk03.p01.sv16 is now Up / Up
2024-07-04 13:05:51  dsr3.rk03.p02.sv16 is now Up / Up
2024-07-04 13:05:51  dsr1.rk01.p01.sv16 is now Up / Up
2024-07-04 13:05:51  csr2.sv5 is now Disabled
2024-07-04 13:05:51  csr1.sv5 is now Disabled
2024-07-04 13:05:51  dsr4.rk04.p01.sv16 is now Up / Up
2024-07-04 13:05:51  dsr2.rk02.p01.sv16 is now Up / Up
2024-07-04 13:05:51  dsr2.rk02.p02.sv16 is now Up / Up
2024-07-04 13:05:51  esr1a.rk06.p01.sv16 is now NoMaint
2024-07-04 13:05:51  esr1b.rk07.p01.sv16 is now NoMaint
2024-07-04 13:05:51  esr1a.rk05.p01.sv16 is now NoMaint
2024-07-04 13:05:51  esr1a.rk07.p01.sv16 is now NoMaint
2024-07-04 13:05:51  esr1b.rk06.p01.sv16 is now NoMaint
2024-07-04 13:05:51  esr1b.rk08.p01.sv16 is now NoMaint
2024-07-04 13:05:51  esr1b.rk05.p01.sv16 is now NoMaint
2024-07-04 13:05:51  esr1a.rk09.p01.sv16 is now NoMaint
2024-07-04 13:05:51  esr1a.rk08.p01.sv16 is now NoMaint
2024-07-04 13:05:51  esr1b.rk09.p01.sv16 is now NoMaint
2024-07-04 13:05:51  esr1a.rk10.p01.sv16 is now NoMaint
2024-07-04 13:05:51  esr1b.rk10.p01.sv16 is now NoMaint
2024-07-04 13:05:51  msw1.rk05.p02.sv16 pstate is now 2/2
2024-07-04 13:05:51  msw1.rk05.p02.sv16 SC pstate is now -
2024-07-04 13:05:51  msw1.rk05.p02.sv16 is now Up
2024-07-04 13:05:51  msw1.rk06.p01.sv16 pstate is now 2/2
2024-07-04 13:05:51  msw1.rk06.p01.sv16 SC pstate is now -
2024-07-04 13:05:51  msw1.rk06.p01.sv16 is now Up
2024-07-04 13:05:51  msw1.rk08.p01.sv16 pstate is now 2/2
2024-07-04 13:05:51  msw1.rk08.p01.sv16 SC pstate is now -
2024-07-04 13:05:51  msw1.rk08.p01.sv16 is now Up
2024-07-04 13:05:51  msw1.rk06.p02.sv16 pstate is now 2/2
2024-07-04 13:05:51  msw1.rk06.p02.sv16 SC pstate is now -
2024-07-04 13:05:51  msw1.rk06.p02.sv16 is now Up
2024-07-04 13:05:51  msw1.rk05.p01.sv16 pstate is now 2/2
2024-07-04 13:05:51  msw1.rk05.p01.sv16 SC pstate is now -
2024-07-04 13:05:51  msw1.rk05.p01.sv16 is now Up
2024-07-04 13:05:51  msw1.rk08.p02.sv16 pstate is now 2/2
2024-07-04 13:05:51  msw1.rk08.p02.sv16 SC pstate is now -
2024-07-04 13:05:51  msw1.rk08.p02.sv16 is now Up
2024-07-04 13:05:51  msw1.rk07.p02.sv16 pstate is now 2/2
2024-07-04 13:05:51  msw1.rk07.p02.sv16 SC pstate is now -
2024-07-04 13:05:51  msw1.rk07.p02.sv16 is now Up
2024-07-04 13:05:51  msw1.rk07.p01.sv16 pstate is now 2/2
2024-07-04 13:05:51  msw1.rk07.p01.sv16 SC pstate is now -
2024-07-04 13:05:51  msw1.rk07.p01.sv16 is now Up
2024-07-04 13:05:51  msw1.rk09.p01.sv16 pstate is now 2/2
2024-07-04 13:05:51  msw1.rk09.p01.sv16 SC pstate is now -
2024-07-04 13:05:51  msw1.rk09.p01.sv16 is now Up
2024-07-04 13:05:51  msw1.rk10.p01.sv16 pstate is now 2/2
2024-07-04 13:05:51  msw1.rk10.p01.sv16 SC pstate is now -
2024-07-04 13:05:51  msw1.rk10.p01.sv16 is now Up
2024-07-04 13:05:51  msw1.rk09.p02.sv16 pstate is now 2/2
2024-07-04 13:05:51  msw1.rk09.p02.sv16 SC pstate is now -
2024-07-04 13:05:51  msw1.rk09.p02.sv16 is now Up
2024-07-04 13:05:51  msw1.rk12.p01.sv16 pstate is now 2/2
2024-07-04 13:05:51  msw1.rk12.p01.sv16 SC pstate is now -
2024-07-04 13:05:51  msw1.rk12.p01.sv16 is now Up
2024-07-04 13:05:51  msw1.rk11.p01.sv16 pstate is now 2/2
2024-07-04 13:05:51  msw1.rk11.p01.sv16 SC pstate is now -
2024-07-04 13:05:51  msw1.rk11.p01.sv16 is now Up
2024-07-04 13:05:51  esr1a.rk12.p01.sv16 is now NoMaint
2024-07-04 13:05:51  esr1b.rk12.p01.sv16 is now NoMaint
2024-07-04 13:05:51  esr1b.rk11.p01.sv16 is now NoMaint
2024-07-04 13:05:51  ssp2.sv15 is now NoMaint
2024-07-04 13:05:51  esr1a.rk11.p01.sv16 is now NoMaint
2024-07-04 13:05:51  ssp1.sv15 is now NoMaint
2024-07-04 13:05:51  ssp3.sv15 is now NoMaint
2024-07-04 13:05:51  ssp4.sv15 is now NoMaint
2024-07-04 13:05:52  dsr3.rk03.p01.sv16 is now NoMaint
2024-07-04 13:05:52  dsr1.rk01.p02.sv16 is now NoMaint
2024-07-04 13:05:52  dsr3.rk03.p02.sv16 is now NoMaint
2024-07-04 13:05:52  csr1.sv5 pstate is now 2/2
2024-07-04 13:05:52  csr1.sv5 SC pstate is now -
2024-07-04 13:05:52  csr2.sv5 pstate is now 2/2
2024-07-04 13:05:52  dsr1.rk01.p01.sv16 is now NoMaint
2024-07-04 13:05:52  csr2.sv5 SC pstate is now -
2024-07-04 13:05:52  dsr4.rk04.p02.sv16 is now NoMaint
2024-07-04 13:05:52  dsr4.rk04.p01.sv16 is now NoMaint
2024-07-04 13:05:52  dsr2.rk02.p02.sv16 is now NoMaint
2024-07-04 13:05:52  dsr2.rk02.p01.sv16 is now NoMaint
2024-07-04 13:05:52  esr1a.rk06.p01.sv16 pstate is now 5/5
2024-07-04 13:05:52  esr1a.rk06.p01.sv16 SC pstate is now -
2024-07-04 13:05:52  esr1b.rk07.p01.sv16 pstate is now 5/5
2024-07-04 13:05:52  esr1b.rk07.p01.sv16 SC pstate is now -
2024-07-04 13:05:52  esr1a.rk05.p01.sv16 pstate is now 5/5
2024-07-04 13:05:52  esr1a.rk05.p01.sv16 SC pstate is now 7/7
2024-07-04 13:05:52  esr1b.rk06.p01.sv16 pstate is now 5/5
2024-07-04 13:05:52  esr1b.rk06.p01.sv16 SC pstate is now -
2024-07-04 13:05:52  esr1a.rk07.p01.sv16 pstate is now 5/5
2024-07-04 13:05:52  esr1a.rk07.p01.sv16 SC pstate is now -
2024-07-04 13:05:52  esr1b.rk08.p01.sv16 pstate is now 5/5
2024-07-04 13:05:52  esr1b.rk08.p01.sv16 SC pstate is now -
2024-07-04 13:05:52  esr1b.rk05.p01.sv16 pstate is now 5/5
2024-07-04 13:05:52  esr1a.rk09.p01.sv16 pstate is now 5/5
2024-07-04 13:05:52  esr1b.rk05.p01.sv16 SC pstate is now 7/7
2024-07-04 13:05:52  esr1a.rk09.p01.sv16 SC pstate is now -
2024-07-04 13:05:52  esr1a.rk08.p01.sv16 pstate is now 5/5
2024-07-04 13:05:52  esr1a.rk08.p01.sv16 SC pstate is now -
2024-07-04 13:05:52  esr1b.rk09.p01.sv16 pstate is now 5/5
2024-07-04 13:05:52  esr1b.rk09.p01.sv16 SC pstate is now -
2024-07-04 13:05:52  esr1a.rk10.p01.sv16 pstate is now 5/5
2024-07-04 13:05:52  esr1a.rk10.p01.sv16 SC pstate is now -
2024-07-04 13:05:52  esr1b.rk10.p01.sv16 pstate is now 5/5
2024-07-04 13:05:52  esr1b.rk10.p01.sv16 SC pstate is now -
2024-07-04 13:05:52  esr1b.rk12.p01.sv16 pstate is now 9/9
2024-07-04 13:05:52  esr1b.rk12.p01.sv16 SC pstate is now -
2024-07-04 13:05:52  esr1a.rk12.p01.sv16 pstate is now 9/9
2024-07-04 13:05:52  esr1b.rk11.p01.sv16 pstate is now 9/9
2024-07-04 13:05:52  esr1a.rk12.p01.sv16 SC pstate is now -
2024-07-04 13:05:52  esr1b.rk11.p01.sv16 SC pstate is now -
2024-07-04 13:05:52  esr1a.rk11.p01.sv16 pstate is now 9/9
2024-07-04 13:05:52  esr1a.rk11.p01.sv16 SC pstate is now -
2024-07-04 13:05:52  ssp2.sv15 pstate is now 2/2
2024-07-04 13:05:52  ssp2.sv15 SC pstate is now -
2024-07-04 13:05:52  ssp1.sv15 pstate is now 2/2
2024-07-04 13:05:52  ssp1.sv15 SC pstate is now -
2024-07-04 13:05:52  ssp3.sv15 pstate is now 2/2
2024-07-04 13:05:52  ssp3.sv15 SC pstate is now -
2024-07-04 13:05:52  ssp4.sv15 pstate is now 2/2
2024-07-04 13:05:52  ssp4.sv15 SC pstate is now -
2024-07-04 13:05:52  dsr3.rk03.p01.sv16 pstate is now 4/4
2024-07-04 13:05:52  dsr3.rk03.p01.sv16 SC pstate is now -
2024-07-04 13:05:52  dsr1.rk01.p02.sv16 pstate is now 4/4
2024-07-04 13:05:52  dsr1.rk01.p02.sv16 SC pstate is now -
2024-07-04 13:05:52  dsr3.rk03.p02.sv16 pstate is now 4/4
2024-07-04 13:05:52  dsr3.rk03.p02.sv16 SC pstate is now -
2024-07-04 13:05:52  dsr1.rk01.p01.sv16 pstate is now 4/4
2024-07-04 13:05:52  dsr1.rk01.p01.sv16 SC pstate is now -
2024-07-04 13:05:52  dsr4.rk04.p02.sv16 pstate is now 4/4
2024-07-04 13:05:52  dsr2.rk02.p02.sv16 pstate is now 4/4
2024-07-04 13:05:52  dsr4.rk04.p02.sv16 SC pstate is now -
2024-07-04 13:05:52  dsr2.rk02.p02.sv16 SC pstate is now -
2024-07-04 13:05:52  dsr2.rk02.p01.sv16 pstate is now 4/4
2024-07-04 13:05:52  dsr2.rk02.p01.sv16 SC pstate is now -
2024-07-04 13:05:52  dsr4.rk04.p01.sv16 pstate is now 4/4
2024-07-04 13:05:52  dsr4.rk04.p01.sv16 SC pstate is now -
2024-07-04 13:06:15  csr1.sv5 Version is now EOS: 4.28.7M
2024-07-04 13:06:15  csr2.sv5 Version is now EOS: 4.28.7M
2024-07-04 13:06:15  csr1.sv5 is now Up / Up
2024-07-04 13:06:15  esr1a.rk05.p01.sv16 Version is now EOS: 4.28.7M
2024-07-04 13:06:15  esr1a.rk09.p01.sv16 Version is now EOS: 4.28.7M
2024-07-04 13:06:15  esr1b.rk06.p01.sv16 Version is now EOS: 4.28.7M
2024-07-04 13:06:15  esr1a.rk06.p01.sv16 Version is now EOS: 4.28.7M
2024-07-04 13:06:15  esr1b.rk08.p01.sv16 Version is now EOS: 4.28.7M
2024-07-04 13:06:15  esr1a.rk08.p01.sv16 Version is now EOS: 4.28.7M
2024-07-04 13:06:15  esr1a.rk10.p01.sv16 Version is now EOS: 4.28.7M
2024-07-04 13:06:15  esr1b.rk09.p01.sv16 Version is now EOS: 4.28.7M
2024-07-04 13:06:15  esr1a.rk07.p01.sv16 Version is now EOS: 4.28.7M
2024-07-04 13:06:15  esr1b.rk10.p01.sv16 Version is now EOS: 4.28.7M
2024-07-04 13:06:15  esr1b.rk07.p01.sv16 Version is now EOS: 4.28.7M
2024-07-04 13:06:15  esr1b.rk05.p01.sv16 Version is now EOS: 4.28.7M
2024-07-04 13:06:15  csr2.sv5 is now Up / Up
2024-07-04 13:06:15  esr1a.rk05.p01.sv16 is now Up / Up
2024-07-04 13:06:15  esr1b.rk08.p01.sv16 is now Up / Up
2024-07-04 13:06:15  esr1a.rk08.p01.sv16 is now Up / Up
2024-07-04 13:06:15  esr1a.rk09.p01.sv16 is now Up / Up
2024-07-04 13:06:15  esr1b.rk06.p01.sv16 is now Up / Up
2024-07-04 13:06:15  esr1b.rk09.p01.sv16 is now Up / Up
2024-07-04 13:06:15  esr1a.rk06.p01.sv16 is now Up / Up
2024-07-04 13:06:15  esr1a.rk07.p01.sv16 is now Up / Up
2024-07-04 13:06:15  esr1b.rk10.p01.sv16 is now Up / Up
2024-07-04 13:06:15  esr1a.rk10.p01.sv16 is now Up / Up
2024-07-04 13:06:15  esr1b.rk07.p01.sv16 is now Up / Up
2024-07-04 13:06:15  esr1b.rk05.p01.sv16 is now Up / Up
2024-07-04 13:06:15  msw1.rk05.p02.sv16 Version is now EOS: 4.28.7M
2024-07-04 13:06:15  msw1.rk07.p01.sv16 Version is now EOS: 4.28.7M
2024-07-04 13:06:15  esr1a.rk12.p01.sv16 Version is now EOS: 4.28.7M
2024-07-04 13:06:15  esr1a.rk11.p01.sv16 Version is now EOS: 4.28.7M
2024-07-04 13:06:15  msw1.rk05.p01.sv16 Version is now EOS: 4.28.7M
2024-07-04 13:06:15  esr1b.rk11.p01.sv16 Version is now EOS: 4.28.7M
2024-07-04 13:06:15  msw1.rk08.p02.sv16 Version is now EOS: 4.28.7M
2024-07-04 13:06:15  msw1.rk06.p02.sv16 Version is now EOS: 4.28.7M
2024-07-04 13:06:15  esr1b.rk12.p01.sv16 Version is now EOS: 4.28.7M
2024-07-04 13:06:15  msw1.rk07.p02.sv16 Version is now EOS: 4.28.7M
2024-07-04 13:06:15  msw1.rk08.p01.sv16 Version is now EOS: 4.28.7M
2024-07-04 13:06:15  msw1.rk09.p01.sv16 Version is now EOS: 4.28.7M
2024-07-04 13:06:15  msw1.rk06.p01.sv16 Version is now EOS: 4.28.7M
2024-07-04 13:06:15  msw1.rk10.p01.sv16 Version is now EOS: 4.28.7M
2024-07-04 13:06:15  msw1.rk09.p02.sv16 Version is now EOS: 4.28.7M
2024-07-04 13:06:15  esr1a.rk12.p01.sv16 is now Up / Up
2024-07-04 13:06:15  esr1a.rk11.p01.sv16 is now Up / Up
2024-07-04 13:06:15  msw1.rk12.p01.sv16 Version is now EOS: 4.28.7M
2024-07-04 13:06:15  ssp1.sv15 Version is now EOS: 4.28.7M
2024-07-04 13:06:15  msw1.rk11.p01.sv16 Version is now EOS: 4.28.7M
2024-07-04 13:06:15  esr1b.rk11.p01.sv16 is now Up / Up
2024-07-04 13:06:16  esr1b.rk12.p01.sv16 is now Up / Up
2024-07-04 13:06:16  ssp2.sv15 Version is now EOS: 4.28.7M
2024-07-04 13:06:16  ssp3.sv15 Version is now EOS: 4.28.7M
2024-07-04 13:06:16  ssp4.sv15 Version is now EOS: 4.28.7M
2024-07-04 13:06:16  ssp1.sv15 is now Up / Up
2024-07-04 13:06:16  ssp2.sv15 is now Up / Up
2024-07-04 13:06:16  ssp3.sv15 is now Up / Up
2024-07-04 13:06:16  ssp4.sv15 is now Up / Up
2024-07-04 13:06:16  dsr2.rk02.p02.sv16 Version is now EOS: 4.28.7M
2024-07-04 13:06:16  dsr1.rk01.p02.sv16 Version is now EOS: 4.28.7M
2024-07-04 13:06:16  dsr2.rk02.p01.sv16 Version is now EOS: 4.28.7M
2024-07-04 13:06:16  dsr3.rk03.p02.sv16 Version is now EOS: 4.28.7M
2024-07-04 13:06:16  dsr1.rk01.p01.sv16 Version is now EOS: 4.28.7M
2024-07-04 13:06:16  dsr4.rk04.p01.sv16 Version is now EOS: 4.28.7M
2024-07-04 13:06:16  dsr4.rk04.p02.sv16 Version is now EOS: 4.28.7M
2024-07-04 13:06:16  dsr3.rk03.p01.sv16 Version is now EOS: 4.28.7M
2024-07-04 13:06:16  csr1.sv5 is now Disabled
2024-07-04 13:06:16  dsr2.rk02.p02.sv16 is now Up / Up
2024-07-04 13:06:16  dsr1.rk01.p02.sv16 is now Up / Up
2024-07-04 13:06:16  dsr2.rk02.p01.sv16 is now Up / Up
2024-07-04 13:06:16  dsr3.rk03.p02.sv16 is now Up / Up
2024-07-04 13:06:16  dsr1.rk01.p01.sv16 is now Up / Up
2024-07-04 13:06:16  dsr4.rk04.p01.sv16 is now Up / Up
2024-07-04 13:06:16  dsr4.rk04.p02.sv16 is now Up / Up
2024-07-04 13:06:16  dsr3.rk03.p01.sv16 is now Up / Up
2024-07-04 13:06:16  csr2.sv5 is now Disabled
2024-07-04 13:06:16  esr1a.rk05.p01.sv16 is now NoMaint
2024-07-04 13:06:16  esr1b.rk08.p01.sv16 is now NoMaint
2024-07-04 13:06:16  esr1b.rk06.p01.sv16 is now NoMaint
2024-07-04 13:06:16  esr1a.rk08.p01.sv16 is now NoMaint
2024-07-04 13:06:16  esr1a.rk06.p01.sv16 is now NoMaint
2024-07-04 13:06:16  esr1a.rk09.p01.sv16 is now NoMaint
2024-07-04 13:06:16  esr1b.rk09.p01.sv16 is now NoMaint
2024-07-04 13:06:16  esr1b.rk10.p01.sv16 is now NoMaint
2024-07-04 13:06:16  esr1a.rk07.p01.sv16 is now NoMaint
2024-07-04 13:06:16  esr1b.rk07.p01.sv16 is now NoMaint
2024-07-04 13:06:16  esr1a.rk10.p01.sv16 is now NoMaint
2024-07-04 13:06:16  esr1b.rk05.p01.sv16 is now NoMaint
2024-07-04 13:06:16  msw1.rk05.p02.sv16 pstate is now 2/2
2024-07-04 13:06:16  msw1.rk05.p02.sv16 SC pstate is now -
2024-07-04 13:06:16  msw1.rk05.p02.sv16 is now Up
2024-07-04 13:06:16  msw1.rk07.p01.sv16 pstate is now 2/2
2024-07-04 13:06:16  msw1.rk07.p01.sv16 SC pstate is now -
2024-07-04 13:06:16  msw1.rk07.p01.sv16 is now Up
2024-07-04 13:06:16  msw1.rk06.p02.sv16 pstate is now 2/2
2024-07-04 13:06:16  msw1.rk06.p02.sv16 SC pstate is now -
2024-07-04 13:06:16  msw1.rk06.p02.sv16 is now Up
2024-07-04 13:06:16  msw1.rk05.p01.sv16 pstate is now 2/2
2024-07-04 13:06:16  msw1.rk05.p01.sv16 SC pstate is now -
2024-07-04 13:06:16  msw1.rk05.p01.sv16 is now Up
2024-07-04 13:06:16  msw1.rk07.p02.sv16 pstate is now 2/2
2024-07-04 13:06:16  msw1.rk07.p02.sv16 SC pstate is now -
2024-07-04 13:06:16  msw1.rk07.p02.sv16 is now Up
2024-07-04 13:06:16  msw1.rk08.p01.sv16 pstate is now 2/2
2024-07-04 13:06:16  msw1.rk08.p01.sv16 SC pstate is now -
2024-07-04 13:06:16  msw1.rk08.p01.sv16 is now Up
2024-07-04 13:06:16  msw1.rk09.p01.sv16 pstate is now 2/2
2024-07-04 13:06:16  msw1.rk09.p01.sv16 SC pstate is now -
2024-07-04 13:06:16  msw1.rk09.p01.sv16 is now Up
2024-07-04 13:06:16  msw1.rk06.p01.sv16 pstate is now 2/2
2024-07-04 13:06:16  msw1.rk06.p01.sv16 SC pstate is now -
2024-07-04 13:06:16  msw1.rk06.p01.sv16 is now Up
2024-07-04 13:06:16  msw1.rk12.p01.sv16 pstate is now 2/2
2024-07-04 13:06:16  msw1.rk12.p01.sv16 SC pstate is now -
2024-07-04 13:06:16  msw1.rk12.p01.sv16 is now Up
2024-07-04 13:06:16  msw1.rk09.p02.sv16 pstate is now 2/2
2024-07-04 13:06:16  msw1.rk09.p02.sv16 SC pstate is now -
2024-07-04 13:06:16  msw1.rk09.p02.sv16 is now Up
2024-07-04 13:06:16  msw1.rk10.p01.sv16 pstate is now 2/2
2024-07-04 13:06:16  msw1.rk10.p01.sv16 SC pstate is now -
2024-07-04 13:06:16  msw1.rk10.p01.sv16 is now Up
2024-07-04 13:06:16  msw1.rk08.p02.sv16 pstate is now 2/2
2024-07-04 13:06:16  msw1.rk08.p02.sv16 SC pstate is now -
2024-07-04 13:06:16  msw1.rk08.p02.sv16 is now Up
2024-07-04 13:06:16  esr1a.rk11.p01.sv16 is now NoMaint
2024-07-04 13:06:16  msw1.rk11.p01.sv16 pstate is now 2/2
2024-07-04 13:06:16  msw1.rk11.p01.sv16 SC pstate is now -
2024-07-04 13:06:16  msw1.rk11.p01.sv16 is now Up
2024-07-04 13:06:16  esr1a.rk12.p01.sv16 is now NoMaint
2024-07-04 13:06:16  esr1b.rk11.p01.sv16 is now NoMaint
2024-07-04 13:06:16  esr1b.rk12.p01.sv16 is now NoMaint
2024-07-04 13:06:17  ssp1.sv15 is now NoMaint
2024-07-04 13:06:17  ssp2.sv15 is now NoMaint
2024-07-04 13:06:17  ssp3.sv15 is now NoMaint
2024-07-04 13:06:17  ssp4.sv15 is now NoMaint
2024-07-04 13:06:17  csr1.sv5 pstate is now 2/2
2024-07-04 13:06:17  csr1.sv5 SC pstate is now -
2024-07-04 13:06:17  dsr1.rk01.p02.sv16 is now NoMaint
2024-07-04 13:06:17  dsr3.rk03.p02.sv16 is now NoMaint
2024-07-04 13:06:17  dsr2.rk02.p02.sv16 is now NoMaint
2024-07-04 13:06:17  dsr1.rk01.p01.sv16 is now NoMaint
2024-07-04 13:06:17  dsr2.rk02.p01.sv16 is now NoMaint
2024-07-04 13:06:17  dsr3.rk03.p01.sv16 is now NoMaint
2024-07-04 13:06:17  dsr4.rk04.p02.sv16 is now NoMaint
2024-07-04 13:06:17  dsr4.rk04.p01.sv16 is now NoMaint
2024-07-04 13:06:17  csr2.sv5 pstate is now 2/2
2024-07-04 13:06:17  csr2.sv5 SC pstate is now -
2024-07-04 13:06:17  esr1a.rk05.p01.sv16 pstate is now 5/5
2024-07-04 13:06:17  esr1a.rk05.p01.sv16 SC pstate is now 7/7
2024-07-04 13:06:17  esr1a.rk08.p01.sv16 pstate is now 5/5
2024-07-04 13:06:17  esr1a.rk08.p01.sv16 SC pstate is now -
2024-07-04 13:06:17  esr1b.rk08.p01.sv16 pstate is now 5/5
2024-07-04 13:06:17  esr1b.rk08.p01.sv16 SC pstate is now -
2024-07-04 13:06:17  esr1a.rk09.p01.sv16 pstate is now 5/5
2024-07-04 13:06:17  esr1a.rk09.p01.sv16 SC pstate is now -
2024-07-04 13:06:17  esr1a.rk06.p01.sv16 pstate is now 5/5
2024-07-04 13:06:17  esr1b.rk06.p01.sv16 pstate is now 5/5
2024-07-04 13:06:17  esr1b.rk09.p01.sv16 pstate is now 5/5
2024-07-04 13:06:17  esr1b.rk09.p01.sv16 SC pstate is now -
2024-07-04 13:06:17  esr1a.rk06.p01.sv16 SC pstate is now -
2024-07-04 13:06:17  esr1b.rk06.p01.sv16 SC pstate is now -
2024-07-04 13:06:17  esr1b.rk10.p01.sv16 pstate is now 5/5
2024-07-04 13:06:17  esr1a.rk07.p01.sv16 pstate is now 5/5
2024-07-04 13:06:17  esr1b.rk10.p01.sv16 SC pstate is now -
2024-07-04 13:06:17  esr1a.rk07.p01.sv16 SC pstate is now -
2024-07-04 13:06:17  esr1a.rk10.p01.sv16 pstate is now 5/5
2024-07-04 13:06:17  esr1a.rk10.p01.sv16 SC pstate is now -
2024-07-04 13:06:17  esr1b.rk05.p01.sv16 pstate is now 5/5
2024-07-04 13:06:17  esr1b.rk07.p01.sv16 pstate is now 5/5
2024-07-04 13:06:17  esr1b.rk05.p01.sv16 SC pstate is now 7/7
2024-07-04 13:06:17  esr1b.rk07.p01.sv16 SC pstate is now -
2024-07-04 13:06:17  esr1b.rk11.p01.sv16 pstate is now 9/9
2024-07-04 13:06:17  esr1b.rk11.p01.sv16 SC pstate is now -
2024-07-04 13:06:17  esr1a.rk11.p01.sv16 pstate is now 9/9
2024-07-04 13:06:17  esr1a.rk11.p01.sv16 SC pstate is now -
2024-07-04 13:06:17  esr1a.rk12.p01.sv16 pstate is now 9/9
2024-07-04 13:06:17  esr1a.rk12.p01.sv16 SC pstate is now -
2024-07-04 13:06:17  esr1b.rk12.p01.sv16 pstate is now 9/9
2024-07-04 13:06:17  esr1b.rk12.p01.sv16 SC pstate is now -
2024-07-04 13:06:18  ssp2.sv15 pstate is now 2/2
2024-07-04 13:06:18  ssp2.sv15 SC pstate is now -
2024-07-04 13:06:18  ssp1.sv15 pstate is now 2/2
2024-07-04 13:06:18  ssp1.sv15 SC pstate is now -
2024-07-04 13:06:18  ssp3.sv15 pstate is now 2/2
2024-07-04 13:06:18  ssp3.sv15 SC pstate is now -
2024-07-04 13:06:18  dsr1.rk01.p02.sv16 pstate is now 4/4
2024-07-04 13:06:18  dsr1.rk01.p02.sv16 SC pstate is now -
2024-07-04 13:06:18  dsr3.rk03.p02.sv16 pstate is now 4/4
2024-07-04 13:06:18  dsr3.rk03.p02.sv16 SC pstate is now -
2024-07-04 13:06:18  dsr2.rk02.p02.sv16 pstate is now 4/4
2024-07-04 13:06:18  dsr2.rk02.p02.sv16 SC pstate is now -
2024-07-04 13:06:18  ssp4.sv15 pstate is now 2/2
2024-07-04 13:06:18  ssp4.sv15 SC pstate is now -
2024-07-04 13:06:18  dsr3.rk03.p01.sv16 pstate is now 4/4
2024-07-04 13:06:18  dsr3.rk03.p01.sv16 SC pstate is now -
2024-07-04 13:06:18  dsr1.rk01.p01.sv16 pstate is now 4/4
2024-07-04 13:06:18  dsr1.rk01.p01.sv16 SC pstate is now -
2024-07-04 13:06:18  dsr4.rk04.p02.sv16 pstate is now 4/4
2024-07-04 13:06:18  dsr4.rk04.p02.sv16 SC pstate is now -
2024-07-04 13:06:18  dsr2.rk02.p01.sv16 pstate is now 4/4
2024-07-04 13:06:18  dsr2.rk02.p01.sv16 SC pstate is now -
2024-07-04 13:06:18  dsr4.rk04.p01.sv16 pstate is now 4/4
2024-07-04 13:06:18  dsr4.rk04.p01.sv16 SC pstate is now -
2024-07-04 13:06:35  Status Checking Complete
