2024-08-14 05:12:45  Script Start
2024-08-14 05:12:52  {
    "esr1a.rk05.p01.ny6": {
        "dev_type": "Arista",
        "updown": "Down/Down",
        "peerstate": "INIT",
        "scpeerstate": "INIT",
        "maintmode": "INIT",
        "mlagstate": "INIT",
        "first_ping": 2,
        "version": "INIT",
        "svrPortState": "INIT"
    },
    "esr1a.rk06.p01.ny6": {
        "dev_type": "Arista",
        "updown": "Down/Down",
        "peerstate": "INIT",
        "scpeerstate": "INIT",
        "maintmode": "INIT",
        "mlagstate": "INIT",
        "first_ping": 2,
        "version": "INIT",
        "svrPortState": "INIT"
    },
    "esr1a.rk30.p01.ny6": {
        "dev_type": "Arista",
        "updown": "Down/Down",
        "peerstate": "INIT",
        "scpeerstate": "INIT",
        "maintmode": "INIT",
        "mlagstate": "INIT",
        "first_ping": 2,
        "version": "INIT",
        "svrPortState": "INIT"
    },
    "esr1b.rk05.p01.ny6": {
        "dev_type": "Arista",
        "updown": "Down/Down",
        "peerstate": "INIT",
        "scpeerstate": "INIT",
        "maintmode": "INIT",
        "mlagstate": "INIT",
        "first_ping": 2,
        "version": "INIT",
        "svrPortState": "INIT"
    },
    "esr1b.rk06.p01.ny6": {
        "dev_type": "Arista",
        "updown": "Down/Down",
        "peerstate": "INIT",
        "scpeerstate": "INIT",
        "maintmode": "INIT",
        "mlagstate": "INIT",
        "first_ping": 2,
        "version": "INIT",
        "svrPortState": "INIT"
    },
    "esr1b.rk30.p01.ny6": {
        "dev_type": "Arista",
        "updown": "Down/Down",
        "peerstate": "INIT",
        "scpeerstate": "INIT",
        "maintmode": "INIT",
        "mlagstate": "INIT",
        "first_ping": 2,
        "version": "INIT",
        "svrPortState": "INIT"
    },
    "dsr1.rk01.p01.ny6": {
        "dev_type": "Arista",
        "updown": "Down/Down",
        "peerstate": "INIT",
        "scpeerstate": "INIT",
        "maintmode": "INIT",
        "mlagstate": "INIT",
        "first_ping": 2,
        "version": "INIT",
        "svrPortState": "INIT"
    },
    "dsr2.rk02.p01.ny6": {
        "dev_type": "Arista",
        "updown": "Down/Down",
        "peerstate": "INIT",
        "scpeerstate": "INIT",
        "maintmode": "INIT",
        "mlagstate": "INIT",
        "first_ping": 2,
        "version": "INIT",
        "svrPortState": "INIT"
    },
    "dsr3.rk03.p01.ny6": {
        "dev_type": "Arista",
        "updown": "Down/Down",
        "peerstate": "INIT",
        "scpeerstate": "INIT",
        "maintmode": "INIT",
        "mlagstate": "INIT",
        "first_ping": 2,
        "version": "INIT",
        "svrPortState": "INIT"
    },
    "dsr4.rk04.p01.ny6": {
        "dev_type": "Arista",
        "updown": "Down/Down",
        "peerstate": "INIT",
        "scpeerstate": "INIT",
        "maintmode": "INIT",
        "mlagstate": "INIT",
        "first_ping": 2,
        "version": "INIT",
        "svrPortState": "INIT"
    },
    "msw1.rk05.p01.ny6": {
        "dev_type": "Arista",
        "updown": "Down",
        "peerstate": "INIT",
        "scpeerstate": "INIT",
        "maintmode": "",
        "mlagstate": "",
        "first_ping": 2,
        "version": "INIT",
        "svrPortState": "INIT"
    },
    "msw1.rk06.p01.ny6": {
        "dev_type": "Arista",
        "updown": "Down",
        "peerstate": "INIT",
        "scpeerstate": "INIT",
        "maintmode": "",
        "mlagstate": "",
        "first_ping": 2,
        "version": "INIT",
        "svrPortState": "INIT"
    },
    "msw1.rk29.p01.ny6": {
        "dev_type": "Arista",
        "updown": "Down",
        "peerstate": "INIT",
        "scpeerstate": "INIT",
        "maintmode": "",
        "mlagstate": "",
        "first_ping": 2,
        "version": "INIT",
        "svrPortState": "INIT"
    },
    "msw1.rk30.p01.ny6": {
        "dev_type": "Arista",
        "updown": "Down",
        "peerstate": "INIT",
        "scpeerstate": "INIT",
        "maintmode": "",
        "mlagstate": "",
        "first_ping": 2,
        "version": "INIT",
        "svrPortState": "INIT"
    },
    "msw1.rk36.p01.ny6": {
        "dev_type": "Arista",
        "updown": "Down",
        "peerstate": "INIT",
        "scpeerstate": "INIT",
        "maintmode": "",
        "mlagstate": "",
        "first_ping": 2,
        "version": "INIT",
        "svrPortState": "INIT"
    },
    "msw2.rk36.p01.ny6": {
        "dev_type": "Arista",
        "updown": "Down",
        "peerstate": "INIT",
        "scpeerstate": "INIT",
        "maintmode": "",
        "mlagstate": "",
        "first_ping": 2,
        "version": "INIT",
        "svrPortState": "INIT"
    },
    "dsr1.rk01.p01.ny7": {
        "dev_type": "Arista",
        "updown": "Down/Down",
        "peerstate": "INIT",
        "scpeerstate": "INIT",
        "maintmode": "INIT",
        "mlagstate": "INIT",
        "first_ping": 2,
        "version": "INIT",
        "svrPortState": "INIT"
    },
    "dsr2.rk02.p01.ny7": {
        "dev_type": "Arista",
        "updown": "Down/Down",
        "peerstate": "INIT",
        "scpeerstate": "INIT",
        "maintmode": "INIT",
        "mlagstate": "INIT",
        "first_ping": 2,
        "version": "INIT",
        "svrPortState": "INIT"
    },
    "dsr3.rk03.p01.ny7": {
        "dev_type": "Arista",
        "updown": "Down/Down",
        "peerstate": "INIT",
        "scpeerstate": "INIT",
        "maintmode": "INIT",
        "mlagstate": "INIT",
        "first_ping": 2,
        "version": "INIT",
        "svrPortState": "INIT"
    },
    "dsr4.rk04.p01.ny7": {
        "dev_type": "Arista",
        "updown": "Down/Down",
        "peerstate": "INIT",
        "scpeerstate": "INIT",
        "maintmode": "INIT",
        "mlagstate": "INIT",
        "first_ping": 2,
        "version": "INIT",
        "svrPortState": "INIT"
    },
    "esr1a.rk05.p01.ny7": {
        "dev_type": "Arista",
        "updown": "Down/Down",
        "peerstate": "INIT",
        "scpeerstate": "INIT",
        "maintmode": "INIT",
        "mlagstate": "INIT",
        "first_ping": 2,
        "version": "INIT",
        "svrPortState": "INIT"
    },
    "esr1a.rk06.p01.ny7": {
        "dev_type": "Arista",
        "updown": "Down/Down",
        "peerstate": "INIT",
        "scpeerstate": "INIT",
        "maintmode": "INIT",
        "mlagstate": "INIT",
        "first_ping": 2,
        "version": "INIT",
        "svrPortState": "INIT"
    },
    "esr1a.rk07.p01.ny7": {
        "dev_type": "Arista",
        "updown": "Down/Down",
        "peerstate": "INIT",
        "scpeerstate": "INIT",
        "maintmode": "INIT",
        "mlagstate": "INIT",
        "first_ping": 2,
        "version": "INIT",
        "svrPortState": "INIT"
    },
    "esr1a.rk08.p01.ny7": {
        "dev_type": "Arista",
        "updown": "Down/Down",
        "peerstate": "INIT",
        "scpeerstate": "INIT",
        "maintmode": "INIT",
        "mlagstate": "INIT",
        "first_ping": 2,
        "version": "INIT",
        "svrPortState": "INIT"
    },
    "esr1a.rk09.p01.ny7": {
        "dev_type": "Arista",
        "updown": "Down/Down",
        "peerstate": "INIT",
        "scpeerstate": "INIT",
        "maintmode": "INIT",
        "mlagstate": "INIT",
        "first_ping": 2,
        "version": "INIT",
        "svrPortState": "INIT"
    },
    "esr1a.rk10.p01.ny7": {
        "dev_type": "Arista",
        "updown": "Down/Down",
        "peerstate": "INIT",
        "scpeerstate": "INIT",
        "maintmode": "INIT",
        "mlagstate": "INIT",
        "first_ping": 2,
        "version": "INIT",
        "svrPortState": "INIT"
    },
    "esr1a.rk11.p01.ny7": {
        "dev_type": "Arista",
        "updown": "Down/Down",
        "peerstate": "INIT",
        "scpeerstate": "INIT",
        "maintmode": "INIT",
        "mlagstate": "INIT",
        "first_ping": 2,
        "version": "INIT",
        "svrPortState": "INIT"
    },
    "esr1a.rk12.p01.ny7": {
        "dev_type": "Arista",
        "updown": "Down/Down",
        "peerstate": "INIT",
        "scpeerstate": "INIT",
        "maintmode": "INIT",
        "mlagstate": "INIT",
        "first_ping": 2,
        "version": "INIT",
        "svrPortState": "INIT"
    },
    "esr1a.rk13.p01.ny7": {
        "dev_type": "Arista",
        "updown": "Down/Down",
        "peerstate": "INIT",
        "scpeerstate": "INIT",
        "maintmode": "INIT",
        "mlagstate": "INIT",
        "first_ping": 2,
        "version": "INIT",
        "svrPortState": "INIT"
    },
    "esr1b.rk05.p01.ny7": {
        "dev_type": "Arista",
        "updown": "Down/Down",
        "peerstate": "INIT",
        "scpeerstate": "INIT",
        "maintmode": "INIT",
        "mlagstate": "INIT",
        "first_ping": 2,
        "version": "INIT",
        "svrPortState": "INIT"
    },
    "esr1b.rk06.p01.ny7": {
        "dev_type": "Arista",
        "updown": "Down/Down",
        "peerstate": "INIT",
        "scpeerstate": "INIT",
        "maintmode": "INIT",
        "mlagstate": "INIT",
        "first_ping": 2,
        "version": "INIT",
        "svrPortState": "INIT"
    },
    "esr1b.rk07.p01.ny7": {
        "dev_type": "Arista",
        "updown": "Down/Down",
        "peerstate": "INIT",
        "scpeerstate": "INIT",
        "maintmode": "INIT",
        "mlagstate": "INIT",
        "first_ping": 2,
        "version": "INIT",
        "svrPortState": "INIT"
    },
    "esr1b.rk08.p01.ny7": {
        "dev_type": "Arista",
        "updown": "Down/Down",
        "peerstate": "INIT",
        "scpeerstate": "INIT",
        "maintmode": "INIT",
        "mlagstate": "INIT",
        "first_ping": 2,
        "version": "INIT",
        "svrPortState": "INIT"
    },
    "esr1b.rk09.p01.ny7": {
        "dev_type": "Arista",
        "updown": "Down/Down",
        "peerstate": "INIT",
        "scpeerstate": "INIT",
        "maintmode": "INIT",
        "mlagstate": "INIT",
        "first_ping": 2,
        "version": "INIT",
        "svrPortState": "INIT"
    },
    "esr1b.rk10.p01.ny7": {
        "dev_type": "Arista",
        "updown": "Down/Down",
        "peerstate": "INIT",
        "scpeerstate": "INIT",
        "maintmode": "INIT",
        "mlagstate": "INIT",
        "first_ping": 2,
        "version": "INIT",
        "svrPortState": "INIT"
    },
    "esr1b.rk11.p01.ny7": {
        "dev_type": "Arista",
        "updown": "Down/Down",
        "peerstate": "INIT",
        "scpeerstate": "INIT",
        "maintmode": "INIT",
        "mlagstate": "INIT",
        "first_ping": 2,
        "version": "INIT",
        "svrPortState": "INIT"
    },
    "esr1b.rk12.p01.ny7": {
        "dev_type": "Arista",
        "updown": "Down/Down",
        "peerstate": "INIT",
        "scpeerstate": "INIT",
        "maintmode": "INIT",
        "mlagstate": "INIT",
        "first_ping": 2,
        "version": "INIT",
        "svrPortState": "INIT"
    },
    "esr1b.rk13.p01.ny7": {
        "dev_type": "Arista",
        "updown": "Down/Down",
        "peerstate": "INIT",
        "scpeerstate": "INIT",
        "maintmode": "INIT",
        "mlagstate": "INIT",
        "first_ping": 2,
        "version": "INIT",
        "svrPortState": "INIT"
    },
    "msw1.rk05.p01.ny7": {
        "dev_type": "Arista",
        "updown": "Down",
        "peerstate": "INIT",
        "scpeerstate": "INIT",
        "maintmode": "",
        "mlagstate": "",
        "first_ping": 2,
        "version": "INIT",
        "svrPortState": "INIT"
    },
    "msw1.rk06.p01.ny7": {
        "dev_type": "Arista",
        "updown": "Down",
        "peerstate": "INIT",
        "scpeerstate": "INIT",
        "maintmode": "",
        "mlagstate": "",
        "first_ping": 2,
        "version": "INIT",
        "svrPortState": "INIT"
    },
    "msw1.rk07.p01.ny7": {
        "dev_type": "Arista",
        "updown": "Down",
        "peerstate": "INIT",
        "scpeerstate": "INIT",
        "maintmode": "",
        "mlagstate": "",
        "first_ping": 2,
        "version": "INIT",
        "svrPortState": "INIT"
    },
    "msw1.rk08.p01.ny7": {
        "dev_type": "Arista",
        "updown": "Down",
        "peerstate": "INIT",
        "scpeerstate": "INIT",
        "maintmode": "",
        "mlagstate": "",
        "first_ping": 2,
        "version": "INIT",
        "svrPortState": "INIT"
    },
    "msw1.rk09.p01.ny7": {
        "dev_type": "Arista",
        "updown": "Down",
        "peerstate": "INIT",
        "scpeerstate": "INIT",
        "maintmode": "",
        "mlagstate": "",
        "first_ping": 2,
        "version": "INIT",
        "svrPortState": "INIT"
    },
    "msw1.rk10.p01.ny7": {
        "dev_type": "Arista",
        "updown": "Down",
        "peerstate": "INIT",
        "scpeerstate": "INIT",
        "maintmode": "",
        "mlagstate": "",
        "first_ping": 2,
        "version": "INIT",
        "svrPortState": "INIT"
    },
    "msw1.rk11.p01.ny7": {
        "dev_type": "Arista",
        "updown": "Down",
        "peerstate": "INIT",
        "scpeerstate": "INIT",
        "maintmode": "",
        "mlagstate": "",
        "first_ping": 2,
        "version": "INIT",
        "svrPortState": "INIT"
    },
    "msw1.rk12.p01.ny7": {
        "dev_type": "Arista",
        "updown": "Down",
        "peerstate": "INIT",
        "scpeerstate": "INIT",
        "maintmode": "",
        "mlagstate": "",
        "first_ping": 2,
        "version": "INIT",
        "svrPortState": "INIT"
    },
    "msw1.rk13.p01.ny7": {
        "dev_type": "Arista",
        "updown": "Down",
        "peerstate": "INIT",
        "scpeerstate": "INIT",
        "maintmode": "",
        "mlagstate": "",
        "first_ping": 2,
        "version": "INIT",
        "svrPortState": "INIT"
    },
    "esr1a.rk14.p01.ny7": {
        "dev_type": "Arista",
        "updown": "Down/Down",
        "peerstate": "INIT",
        "scpeerstate": "INIT",
        "maintmode": "INIT",
        "mlagstate": "INIT",
        "first_ping": 2,
        "version": "INIT",
        "svrPortState": "INIT"
    },
    "esr1a.rk15.p01.ny7": {
        "dev_type": "Arista",
        "updown": "Down/Down",
        "peerstate": "INIT",
        "scpeerstate": "INIT",
        "maintmode": "INIT",
        "mlagstate": "INIT",
        "first_ping": 2,
        "version": "INIT",
        "svrPortState": "INIT"
    },
    "esr1a.rk16.p01.ny7": {
        "dev_type": "Arista",
        "updown": "Down/Down",
        "peerstate": "INIT",
        "scpeerstate": "INIT",
        "maintmode": "INIT",
        "mlagstate": "INIT",
        "first_ping": 2,
        "version": "INIT",
        "svrPortState": "INIT"
    },
    "esr1b.rk14.p01.ny7": {
        "dev_type": "Arista",
        "updown": "Down/Down",
        "peerstate": "INIT",
        "scpeerstate": "INIT",
        "maintmode": "INIT",
        "mlagstate": "INIT",
        "first_ping": 2,
        "version": "INIT",
        "svrPortState": "INIT"
    },
    "esr1b.rk15.p01.ny7": {
        "dev_type": "Arista",
        "updown": "Down/Down",
        "peerstate": "INIT",
        "scpeerstate": "INIT",
        "maintmode": "INIT",
        "mlagstate": "INIT",
        "first_ping": 2,
        "version": "INIT",
        "svrPortState": "INIT"
    },
    "esr1b.rk16.p01.ny7": {
        "dev_type": "Arista",
        "updown": "Down/Down",
        "peerstate": "INIT",
        "scpeerstate": "INIT",
        "maintmode": "INIT",
        "mlagstate": "INIT",
        "first_ping": 2,
        "version": "INIT",
        "svrPortState": "INIT"
    },
    "msw1.rk14.p01.ny7": {
        "dev_type": "Arista",
        "updown": "Down",
        "peerstate": "INIT",
        "scpeerstate": "INIT",
        "maintmode": "",
        "mlagstate": "",
        "first_ping": 2,
        "version": "INIT",
        "svrPortState": "INIT"
    },
    "msw1.rk15.p01.ny7": {
        "dev_type": "Arista",
        "updown": "Down",
        "peerstate": "INIT",
        "scpeerstate": "INIT",
        "maintmode": "",
        "mlagstate": "",
        "first_ping": 2,
        "version": "INIT",
        "svrPortState": "INIT"
    },
    "msw1.rk16.p01.ny7": {
        "dev_type": "Arista",
        "updown": "Down",
        "peerstate": "INIT",
        "scpeerstate": "INIT",
        "maintmode": "",
        "mlagstate": "",
        "first_ping": 2,
        "version": "INIT",
        "svrPortState": "INIT"
    }
}
2024-08-14 05:12:52  Starting Status Checks
2024-08-14 05:12:53  esr1a.rk30.p01.ny6 Version is now EOS: 4.28.7M
2024-08-14 05:12:53  esr1b.rk05.p01.ny6 Version is now EOS: 4.28.7M
2024-08-14 05:12:53  esr1a.rk07.p01.ny7 Version is now EOS: 4.28.7M
2024-08-14 05:12:53  esr1a.rk11.p01.ny7 Version is now EOS: 4.28.7M
2024-08-14 05:12:53  esr1a.rk12.p01.ny7 Version is now EOS: 4.28.7M
2024-08-14 05:12:53  esr1b.rk05.p01.ny7 Version is now EOS: 4.28.7M
2024-08-14 05:12:53  esr1b.rk09.p01.ny7 Version is now EOS: 4.28.7M
2024-08-14 05:12:53  esr1b.rk30.p01.ny6 Version is now EOS: 4.28.7M
2024-08-14 05:12:53  esr1a.rk05.p01.ny6 Version is now EOS: 4.28.7M
2024-08-14 05:12:53  esr1b.rk06.p01.ny6 Version is now EOS: 4.28.7M
2024-08-14 05:12:53  esr1b.rk16.p01.ny7 Version is now EOS: 4.28.7M
2024-08-14 05:12:53  esr1b.rk11.p01.ny7 Version is now EOS: 4.28.7M
2024-08-14 05:12:53  esr1b.rk05.p01.ny6 is now Up / Up
2024-08-14 05:12:53  esr1b.rk06.p01.ny7 Version is now EOS: 4.28.7M
2024-08-14 05:12:53  esr1b.rk14.p01.ny7 Version is now EOS: 4.28.7M
2024-08-14 05:12:53  esr1a.rk30.p01.ny6 is now Up / Up
2024-08-14 05:12:53  esr1a.rk08.p01.ny7 Version is now EOS: 4.28.7M
2024-08-14 05:12:53  esr1b.rk15.p01.ny7 Version is now EOS: 4.28.7M
2024-08-14 05:12:53  esr1b.rk12.p01.ny7 Version is now EOS: 4.28.7M
2024-08-14 05:12:53  esr1b.rk10.p01.ny7 Version is now EOS: 4.28.7M
2024-08-14 05:12:53  esr1b.rk07.p01.ny7 Version is now EOS: 4.28.7M
2024-08-14 05:12:53  esr1b.rk08.p01.ny7 Version is now EOS: 4.28.7M
2024-08-14 05:12:53  esr1a.rk15.p01.ny7 Version is now EOS: 4.28.7M
2024-08-14 05:12:53  esr1a.rk09.p01.ny7 Version is now EOS: 4.28.7M
2024-08-14 05:12:53  esr1a.rk05.p01.ny7 Version is now EOS: 4.28.7M
2024-08-14 05:12:53  esr1a.rk13.p01.ny7 Version is now EOS: 4.28.7M
2024-08-14 05:12:53  esr1a.rk05.p01.ny6 is now Up / Up
2024-08-14 05:12:53  esr1a.rk14.p01.ny7 Version is now EOS: 4.28.7M
2024-08-14 05:12:53  esr1a.rk12.p01.ny7 is now Up / Up
2024-08-14 05:12:53  esr1b.rk11.p01.ny7 is now Up / Up
2024-08-14 05:12:53  esr1b.rk06.p01.ny6 is now Up / Up
2024-08-14 05:12:53  esr1a.rk11.p01.ny7 is now Up / Up
2024-08-14 05:12:53  esr1b.rk16.p01.ny7 is now Up / Up
2024-08-14 05:12:53  esr1b.rk06.p01.ny7 is now Up / Up
2024-08-14 05:12:53  esr1b.rk14.p01.ny7 is now Up / Up
2024-08-14 05:12:53  esr1a.rk06.p01.ny6 Version is now EOS: 4.28.7M
2024-08-14 05:12:53  esr1a.rk16.p01.ny7 Version is now EOS: 4.28.7M
2024-08-14 05:12:53  esr1b.rk10.p01.ny7 is now Up / Up
2024-08-14 05:12:53  esr1a.rk10.p01.ny7 Version is now EOS: 4.28.7M
2024-08-14 05:12:53  msw1.rk10.p01.ny7 Version is now EOS: 4.28.7M
2024-08-14 05:12:53  esr1a.rk13.p01.ny7 is now Up / Up
2024-08-14 05:12:53  msw1.rk05.p01.ny6 Version is now EOS: 4.28.7M
2024-08-14 05:12:53  msw1.rk29.p01.ny6 Version is now EOS: 4.28.7M
2024-08-14 05:12:53  msw1.rk09.p01.ny7 Version is now EOS: 4.28.7M
2024-08-14 05:12:53  msw1.rk05.p01.ny7 Version is now EOS: 4.28.7M
2024-08-14 05:12:53  msw1.rk36.p01.ny6 Version is now EOS: 4.28.7M
2024-08-14 05:12:53  msw1.rk13.p01.ny7 Version is now EOS: 4.28.7M
2024-08-14 05:12:53  esr1a.rk07.p01.ny7 is now Up / Up
2024-08-14 05:12:53  esr1b.rk05.p01.ny7 is now Up / Up
2024-08-14 05:12:53  msw1.rk06.p01.ny7 Version is now EOS: 4.28.7M
2024-08-14 05:12:53  esr1b.rk13.p01.ny7 Version is now EOS: 4.28.7M
2024-08-14 05:12:53  esr1a.rk06.p01.ny7 Version is now EOS: 4.28.7M
2024-08-14 05:12:53  msw2.rk36.p01.ny6 Version is now EOS: 4.28.7M
2024-08-14 05:12:53  esr1b.rk15.p01.ny7 is now Up / Up
2024-08-14 05:12:53  esr1a.rk14.p01.ny7 is now Up / Up
2024-08-14 05:12:53  esr1a.rk08.p01.ny7 is now Up / Up
2024-08-14 05:12:53  esr1b.rk07.p01.ny7 is now Up / Up
2024-08-14 05:12:53  msw1.rk11.p01.ny7 Version is now EOS: 4.28.7M
2024-08-14 05:12:53  msw1.rk07.p01.ny7 Version is now EOS: 4.28.7M
2024-08-14 05:12:53  esr1a.rk05.p01.ny7 is now Up / Up
2024-08-14 05:12:53  esr1a.rk10.p01.ny7 is now Up / Up
2024-08-14 05:12:53  msw1.rk12.p01.ny7 Version is now EOS: 4.28.7M
2024-08-14 05:12:53  esr1b.rk09.p01.ny7 is now Up / Up
2024-08-14 05:12:53  esr1b.rk08.p01.ny7 is now Up / Up
2024-08-14 05:12:53  esr1b.rk12.p01.ny7 is now Up / Up
2024-08-14 05:12:53  esr1a.rk15.p01.ny7 is now Up / Up
2024-08-14 05:12:53  esr1b.rk30.p01.ny6 is now Up / Up
2024-08-14 05:12:53  msw1.rk30.p01.ny6 Version is now EOS: 4.28.7M
2024-08-14 05:12:53  msw1.rk16.p01.ny7 Version is now EOS: 4.28.7M
2024-08-14 05:12:53  msw1.rk06.p01.ny6 Version is now EOS: 4.28.7M
2024-08-14 05:12:53  msw1.rk08.p01.ny7 Version is now EOS: 4.28.7M
2024-08-14 05:12:53  msw1.rk14.p01.ny7 Version is now EOS: 4.28.7M
2024-08-14 05:12:53  esr1a.rk06.p01.ny6 is now Up / Up
2024-08-14 05:12:53  esr1a.rk16.p01.ny7 is now Up / Up
2024-08-14 05:12:53  esr1a.rk09.p01.ny7 is now Up / Up
2024-08-14 05:12:53  esr1a.rk06.p01.ny7 is now Up / Up
2024-08-14 05:12:53  esr1b.rk13.p01.ny7 is now Up / Up
2024-08-14 05:12:53  msw1.rk15.p01.ny7 Version is now EOS: 4.28.7M
2024-08-14 05:12:54  dsr4.rk04.p01.ny7 Version is now EOS: 4.28.7M
2024-08-14 05:12:54  dsr4.rk04.p01.ny7 is now Up / Up
2024-08-14 05:12:54  esr1a.rk30.p01.ny6 is now NoMaint
2024-08-14 05:12:54  dsr2.rk02.p01.ny6 Version is now EOS: 4.28.7M
2024-08-14 05:12:54  esr1a.rk11.p01.ny7 is now NoMaint
2024-08-14 05:12:54  dsr1.rk01.p01.ny6 Version is now EOS: 4.28.7M
2024-08-14 05:12:54  dsr3.rk03.p01.ny7 Version is now EOS: 4.28.7M
2024-08-14 05:12:54  esr1b.rk05.p01.ny6 is now NoMaint
2024-08-14 05:12:54  esr1a.rk12.p01.ny7 is now NoMaint
2024-08-14 05:12:54  dsr2.rk02.p01.ny6 is now Up / Up
2024-08-14 05:12:54  esr1b.rk10.p01.ny7 is now NoMaint
2024-08-14 05:12:54  esr1a.rk07.p01.ny7 is now NoMaint
2024-08-14 05:12:54  esr1b.rk06.p01.ny7 is now NoMaint
2024-08-14 05:12:54  esr1b.rk14.p01.ny7 is now NoMaint
2024-08-14 05:12:54  dsr1.rk01.p01.ny6 is now Up / Up
2024-08-14 05:12:54  esr1b.rk11.p01.ny7 is now NoMaint
2024-08-14 05:12:54  esr1a.rk08.p01.ny7 is now NoMaint
2024-08-14 05:12:54  dsr1.rk01.p01.ny7 Version is now EOS: 4.28.7M
2024-08-14 05:12:54  dsr4.rk04.p01.ny6 Version is now EOS: 4.28.7M
2024-08-14 05:12:54  esr1a.rk14.p01.ny7 is now NoMaint
2024-08-14 05:12:54  esr1b.rk07.p01.ny7 is now NoMaint
2024-08-14 05:12:54  esr1b.rk15.p01.ny7 is now NoMaint
2024-08-14 05:12:54  dsr3.rk03.p01.ny7 is now Up / Up
2024-08-14 05:12:54  esr1a.rk05.p01.ny7 is now NoMaint
2024-08-14 05:12:54  esr1a.rk13.p01.ny7 is now NoMaint
2024-08-14 05:12:54  esr1a.rk09.p01.ny7 is now NoMaint
2024-08-14 05:12:54  dsr3.rk03.p01.ny6 Version is now EOS: 4.28.7M
2024-08-14 05:12:54  esr1b.rk16.p01.ny7 is now NoMaint
2024-08-14 05:12:54  esr1b.rk06.p01.ny6 is now NoMaint
2024-08-14 05:12:54  esr1b.rk12.p01.ny7 is now NoMaint
2024-08-14 05:12:54  esr1a.rk15.p01.ny7 is now NoMaint
2024-08-14 05:12:54  esr1b.rk08.p01.ny7 is now NoMaint
2024-08-14 05:12:54  esr1a.rk10.p01.ny7 is now NoMaint
2024-08-14 05:12:54  dsr2.rk02.p01.ny7 Version is now EOS: 4.28.7M
2024-08-14 05:12:54  esr1b.rk30.p01.ny6 is now NoMaint
2024-08-14 05:12:54  esr1a.rk06.p01.ny6 is now NoMaint
2024-08-14 05:12:54  esr1b.rk05.p01.ny7 is now NoMaint
2024-08-14 05:12:54  esr1b.rk09.p01.ny7 is now NoMaint
2024-08-14 05:12:54  esr1a.rk06.p01.ny7 is now NoMaint
2024-08-14 05:12:54  msw1.rk36.p01.ny6 pstate is now 2/2
2024-08-14 05:12:54  esr1a.rk05.p01.ny6 is now NoMaint
2024-08-14 05:12:54  msw1.rk06.p01.ny6 pstate is now 2/2
2024-08-14 05:12:54  msw1.rk06.p01.ny6 SC pstate is now -
2024-08-14 05:12:54  msw1.rk06.p01.ny6 is now Up
2024-08-14 05:12:54  msw1.rk10.p01.ny7 pstate is now 2/2
2024-08-14 05:12:54  msw1.rk10.p01.ny7 SC pstate is now -
2024-08-14 05:12:54  msw1.rk10.p01.ny7 is now Up
2024-08-14 05:12:54  msw1.rk06.p01.ny7 pstate is now 2/2
2024-08-14 05:12:54  msw1.rk06.p01.ny7 SC pstate is now -
2024-08-14 05:12:54  msw1.rk06.p01.ny7 is now Up
2024-08-14 05:12:54  msw1.rk05.p01.ny7 pstate is now 2/2
2024-08-14 05:12:54  msw1.rk16.p01.ny7 pstate is now 2/2
2024-08-14 05:12:54  msw1.rk16.p01.ny7 SC pstate is now -
2024-08-14 05:12:54  msw1.rk16.p01.ny7 is now Up
2024-08-14 05:12:54  msw1.rk36.p01.ny6 SC pstate is now -
2024-08-14 05:12:54  msw1.rk05.p01.ny7 SC pstate is now -
2024-08-14 05:12:54  msw1.rk36.p01.ny6 is now Up
2024-08-14 05:12:54  msw1.rk09.p01.ny7 pstate is now 2/2
2024-08-14 05:12:54  msw1.rk05.p01.ny7 is now Up
2024-08-14 05:12:54  msw1.rk09.p01.ny7 SC pstate is now -
2024-08-14 05:12:54  msw1.rk09.p01.ny7 is now Up
2024-08-14 05:12:54  msw1.rk13.p01.ny7 pstate is now 2/2
2024-08-14 05:12:54  msw1.rk13.p01.ny7 SC pstate is now -
2024-08-14 05:12:54  msw1.rk13.p01.ny7 is now Up
2024-08-14 05:12:54  msw2.rk36.p01.ny6 pstate is now 2/2
2024-08-14 05:12:54  msw2.rk36.p01.ny6 SC pstate is now -
2024-08-14 05:12:54  msw2.rk36.p01.ny6 is now Up
2024-08-14 05:12:54  msw1.rk15.p01.ny7 pstate is now 2/2
2024-08-14 05:12:54  msw1.rk15.p01.ny7 SC pstate is now -
2024-08-14 05:12:54  msw1.rk15.p01.ny7 is now Up
2024-08-14 05:12:54  msw1.rk05.p01.ny6 pstate is now 2/2
2024-08-14 05:12:54  msw1.rk05.p01.ny6 SC pstate is now -
2024-08-14 05:12:54  msw1.rk05.p01.ny6 is now Up
2024-08-14 05:12:54  dsr1.rk01.p01.ny7 is now Up / Up
2024-08-14 05:12:54  dsr4.rk04.p01.ny6 is now Up / Up
2024-08-14 05:12:54  esr1b.rk13.p01.ny7 is now NoMaint
2024-08-14 05:12:54  esr1a.rk16.p01.ny7 is now NoMaint
2024-08-14 05:12:54  dsr4.rk04.p01.ny7 is now NoMaint
2024-08-14 05:12:54  dsr2.rk02.p01.ny7 is now Up / Up
2024-08-14 05:12:54  dsr3.rk03.p01.ny6 is now Up / Up
2024-08-14 05:12:54  msw1.rk29.p01.ny6 pstate is now 2/2
2024-08-14 05:12:54  msw1.rk29.p01.ny6 SC pstate is now -
2024-08-14 05:12:54  msw1.rk14.p01.ny7 pstate is now 2/2
2024-08-14 05:12:54  msw1.rk07.p01.ny7 pstate is now 2/2
2024-08-14 05:12:54  msw1.rk29.p01.ny6 is now Up
2024-08-14 05:12:54  msw1.rk30.p01.ny6 pstate is now 2/2
2024-08-14 05:12:54  msw1.rk12.p01.ny7 pstate is now 2/2
2024-08-14 05:12:54  msw1.rk08.p01.ny7 pstate is now 2/2
2024-08-14 05:12:54  msw1.rk14.p01.ny7 SC pstate is now -
2024-08-14 05:12:54  msw1.rk30.p01.ny6 SC pstate is now -
2024-08-14 05:12:54  msw1.rk08.p01.ny7 SC pstate is now -
2024-08-14 05:12:54  msw1.rk12.p01.ny7 SC pstate is now -
2024-08-14 05:12:54  msw1.rk30.p01.ny6 is now Up
2024-08-14 05:12:54  msw1.rk14.p01.ny7 is now Up
2024-08-14 05:12:54  msw1.rk12.p01.ny7 is now Up
2024-08-14 05:12:54  msw1.rk08.p01.ny7 is now Up
2024-08-14 05:12:54  dsr2.rk02.p01.ny6 is now NoMaint
2024-08-14 05:12:54  msw1.rk07.p01.ny7 SC pstate is now -
2024-08-14 05:12:54  msw1.rk07.p01.ny7 is now Up
2024-08-14 05:12:54  msw1.rk11.p01.ny7 pstate is now 2/2
2024-08-14 05:12:54  msw1.rk11.p01.ny7 SC pstate is now -
2024-08-14 05:12:54  msw1.rk11.p01.ny7 is now Up
2024-08-14 05:12:54  dsr1.rk01.p01.ny6 is now NoMaint
2024-08-14 05:12:54  dsr3.rk03.p01.ny7 is now NoMaint
2024-08-14 05:12:54  dsr4.rk04.p01.ny7 pstate is now 2/2
2024-08-14 05:12:54  dsr4.rk04.p01.ny7 SC pstate is now -
2024-08-14 05:12:54  dsr4.rk04.p01.ny6 is now NoMaint
2024-08-14 05:12:54  dsr3.rk03.p01.ny6 is now NoMaint
2024-08-14 05:12:54  dsr1.rk01.p01.ny7 is now NoMaint
2024-08-14 05:12:54  esr1b.rk05.p01.ny6 pstate is now 12/12
2024-08-14 05:12:54  esr1b.rk05.p01.ny6 SC pstate is now 13/13
2024-08-14 05:12:54  esr1a.rk12.p01.ny7 pstate is now 12/12
2024-08-14 05:12:54  esr1a.rk12.p01.ny7 SC pstate is now -
2024-08-14 05:12:54  dsr2.rk02.p01.ny7 is now NoMaint
2024-08-14 05:12:54  esr1b.rk11.p01.ny7 pstate is now 12/12
2024-08-14 05:12:54  dsr2.rk02.p01.ny6 pstate is now 8/8
2024-08-14 05:12:54  esr1b.rk11.p01.ny7 SC pstate is now -
2024-08-14 05:12:54  dsr2.rk02.p01.ny6 SC pstate is now -
2024-08-14 05:12:54  esr1a.rk08.p01.ny7 pstate is now 12/12
2024-08-14 05:12:54  esr1a.rk08.p01.ny7 SC pstate is now -
2024-08-14 05:12:54  esr1a.rk14.p01.ny7 pstate is now 12/12
2024-08-14 05:12:54  esr1b.rk07.p01.ny7 pstate is now 12/12
2024-08-14 05:12:54  esr1a.rk14.p01.ny7 SC pstate is now -
2024-08-14 05:12:54  esr1b.rk07.p01.ny7 SC pstate is now -
2024-08-14 05:12:54  esr1b.rk15.p01.ny7 pstate is now 12/12
2024-08-14 05:12:54  esr1b.rk15.p01.ny7 SC pstate is now -
2024-08-14 05:12:55  esr1a.rk30.p01.ny6 pstate is now 12/12
2024-08-14 05:12:55  esr1a.rk30.p01.ny6 SC pstate is now -
2024-08-14 05:12:55  esr1a.rk11.p01.ny7 pstate is now 12/12
2024-08-14 05:12:55  esr1a.rk11.p01.ny7 SC pstate is now -
2024-08-14 05:12:55  esr1b.rk14.p01.ny7 pstate is now 12/12
2024-08-14 05:12:55  esr1b.rk14.p01.ny7 SC pstate is now -
2024-08-14 05:12:55  esr1b.rk10.p01.ny7 pstate is now 12/12
2024-08-14 05:12:55  esr1a.rk07.p01.ny7 pstate is now 12/12
2024-08-14 05:12:55  esr1b.rk10.p01.ny7 SC pstate is now -
2024-08-14 05:12:55  esr1a.rk07.p01.ny7 SC pstate is now -
2024-08-14 05:12:55  esr1b.rk06.p01.ny7 pstate is now 12/12
2024-08-14 05:12:55  esr1b.rk06.p01.ny7 SC pstate is now -
2024-08-14 05:12:55  dsr1.rk01.p01.ny6 pstate is now 8/8
2024-08-14 05:12:55  dsr1.rk01.p01.ny6 SC pstate is now -
2024-08-14 05:12:55  dsr3.rk03.p01.ny7 pstate is now 2/2
2024-08-14 05:12:55  dsr3.rk03.p01.ny7 SC pstate is now -
2024-08-14 05:12:55  esr1a.rk13.p01.ny7 pstate is now 12/12
2024-08-14 05:12:55  esr1a.rk15.p01.ny7 pstate is now 12/12
2024-08-14 05:12:55  esr1a.rk13.p01.ny7 SC pstate is now -
2024-08-14 05:12:55  esr1a.rk15.p01.ny7 SC pstate is now -
2024-08-14 05:12:55  esr1a.rk09.p01.ny7 pstate is now 12/12
2024-08-14 05:12:55  esr1a.rk09.p01.ny7 SC pstate is now -
2024-08-14 05:12:55  esr1b.rk08.p01.ny7 pstate is now 12/12
2024-08-14 05:12:55  esr1b.rk08.p01.ny7 SC pstate is now -
2024-08-14 05:12:55  esr1b.rk16.p01.ny7 pstate is now 12/12
2024-08-14 05:12:55  esr1b.rk16.p01.ny7 SC pstate is now -
2024-08-14 05:12:55  esr1a.rk05.p01.ny7 pstate is now 12/12
2024-08-14 05:12:55  esr1a.rk05.p01.ny7 SC pstate is now 10/14
2024-08-14 05:12:55  esr1b.rk06.p01.ny6 pstate is now 12/12
2024-08-14 05:12:55  esr1b.rk12.p01.ny7 pstate is now 12/12
2024-08-14 05:12:55  esr1b.rk12.p01.ny7 SC pstate is now -
2024-08-14 05:12:55  esr1b.rk06.p01.ny6 SC pstate is now -
2024-08-14 05:12:55  esr1a.rk05.p01.ny6 pstate is now 12/12
2024-08-14 05:12:55  esr1a.rk05.p01.ny6 SC pstate is now 13/13
2024-08-14 05:12:55  dsr3.rk03.p01.ny6 pstate is now 8/8
2024-08-14 05:12:55  dsr3.rk03.p01.ny6 SC pstate is now -
2024-08-14 05:12:55  esr1b.rk09.p01.ny7 pstate is now 12/12
2024-08-14 05:12:55  esr1b.rk09.p01.ny7 SC pstate is now -
2024-08-14 05:12:55  esr1a.rk16.p01.ny7 pstate is now 12/12
2024-08-14 05:12:55  esr1a.rk16.p01.ny7 SC pstate is now -
2024-08-14 05:12:55  esr1b.rk30.p01.ny6 pstate is now 12/12
2024-08-14 05:12:55  esr1b.rk30.p01.ny6 SC pstate is now -
2024-08-14 05:12:55  esr1b.rk05.p01.ny7 pstate is now 12/12
2024-08-14 05:12:55  esr1a.rk06.p01.ny6 pstate is now 12/12
2024-08-14 05:12:55  esr1b.rk05.p01.ny7 SC pstate is now 10/14
2024-08-14 05:12:55  esr1a.rk06.p01.ny6 SC pstate is now -
2024-08-14 05:12:55  esr1a.rk10.p01.ny7 pstate is now 12/12
2024-08-14 05:12:55  esr1a.rk06.p01.ny7 pstate is now 12/12
2024-08-14 05:12:55  esr1a.rk10.p01.ny7 SC pstate is now -
2024-08-14 05:12:55  esr1a.rk06.p01.ny7 SC pstate is now -
2024-08-14 05:12:55  esr1b.rk13.p01.ny7 pstate is now 12/12
2024-08-14 05:12:55  esr1b.rk13.p01.ny7 SC pstate is now -
2024-08-14 05:12:55  dsr2.rk02.p01.ny7 pstate is now 2/2
2024-08-14 05:12:55  dsr4.rk04.p01.ny6 pstate is now 8/8
2024-08-14 05:12:55  dsr2.rk02.p01.ny7 SC pstate is now -
2024-08-14 05:12:55  dsr4.rk04.p01.ny6 SC pstate is now -
2024-08-14 05:12:55  dsr1.rk01.p01.ny7 pstate is now 2/2
2024-08-14 05:12:55  dsr1.rk01.p01.ny7 SC pstate is now -
2024-08-14 05:13:26  esr1a.rk30.p01.ny6 Version is now EOS: 4.28.7M
2024-08-14 05:13:26  esr1b.rk30.p01.ny6 Version is now EOS: 4.28.7M
2024-08-14 05:13:26  esr1b.rk06.p01.ny7 Version is now EOS: 4.28.7M
2024-08-14 05:13:26  esr1b.rk08.p01.ny7 Version is now EOS: 4.28.7M
2024-08-14 05:13:26  esr1a.rk14.p01.ny7 Version is now EOS: 4.28.7M
2024-08-14 05:13:26  esr1a.rk30.p01.ny6 is now Up / Up
2024-08-14 05:13:26  esr1b.rk08.p01.ny7 is now Up / Up
2024-08-14 05:13:26  esr1a.rk14.p01.ny7 is now Up / Up
2024-08-14 05:13:26  esr1a.rk11.p01.ny7 Version is now EOS: 4.28.7M
2024-08-14 05:13:26  esr1b.rk06.p01.ny7 is now Up / Up
2024-08-14 05:13:26  esr1a.rk07.p01.ny7 Version is now EOS: 4.28.7M
2024-08-14 05:13:26  esr1a.rk09.p01.ny7 Version is now EOS: 4.28.7M
2024-08-14 05:13:26  esr1a.rk05.p01.ny6 Version is now EOS: 4.28.7M
2024-08-14 05:13:26  esr1b.rk12.p01.ny7 Version is now EOS: 4.28.7M
2024-08-14 05:13:26  esr1b.rk16.p01.ny7 Version is now EOS: 4.28.7M
2024-08-14 05:13:26  esr1b.rk07.p01.ny7 Version is now EOS: 4.28.7M
2024-08-14 05:13:26  esr1b.rk11.p01.ny7 Version is now EOS: 4.28.7M
2024-08-14 05:13:26  esr1b.rk15.p01.ny7 Version is now EOS: 4.28.7M
2024-08-14 05:13:26  esr1a.rk12.p01.ny7 Version is now EOS: 4.28.7M
2024-08-14 05:13:26  esr1b.rk10.p01.ny7 Version is now EOS: 4.28.7M
2024-08-14 05:13:26  esr1a.rk13.p01.ny7 Version is now EOS: 4.28.7M
2024-08-14 05:13:26  esr1b.rk05.p01.ny6 Version is now EOS: 4.28.7M
2024-08-14 05:13:26  esr1b.rk13.p01.ny7 Version is now EOS: 4.28.7M
2024-08-14 05:13:26  esr1b.rk05.p01.ny7 Version is now EOS: 4.28.7M
2024-08-14 05:13:26  esr1a.rk10.p01.ny7 Version is now EOS: 4.28.7M
2024-08-14 05:13:26  esr1a.rk08.p01.ny7 Version is now EOS: 4.28.7M
2024-08-14 05:13:26  esr1a.rk05.p01.ny7 Version is now EOS: 4.28.7M
2024-08-14 05:13:26  esr1b.rk06.p01.ny6 Version is now EOS: 4.28.7M
2024-08-14 05:13:26  esr1a.rk16.p01.ny7 Version is now EOS: 4.28.7M
2024-08-14 05:13:26  esr1a.rk06.p01.ny7 Version is now EOS: 4.28.7M
2024-08-14 05:13:26  esr1b.rk09.p01.ny7 Version is now EOS: 4.28.7M
2024-08-14 05:13:26  esr1a.rk06.p01.ny6 Version is now EOS: 4.28.7M
2024-08-14 05:13:26  esr1a.rk15.p01.ny7 Version is now EOS: 4.28.7M
2024-08-14 05:13:26  esr1b.rk14.p01.ny7 Version is now EOS: 4.28.7M
2024-08-14 05:13:26  esr1a.rk11.p01.ny7 is now Up / Up
2024-08-14 05:13:26  esr1a.rk07.p01.ny7 is now Up / Up
2024-08-14 05:13:26  esr1b.rk07.p01.ny7 is now Up / Up
2024-08-14 05:13:26  esr1b.rk15.p01.ny7 is now Up / Up
2024-08-14 05:13:26  esr1b.rk05.p01.ny7 is now Up / Up
2024-08-14 05:13:26  esr1b.rk05.p01.ny6 is now Up / Up
2024-08-14 05:13:26  esr1a.rk13.p01.ny7 is now Up / Up
2024-08-14 05:13:26  esr1a.rk09.p01.ny7 is now Up / Up
2024-08-14 05:13:26  esr1a.rk05.p01.ny6 is now Up / Up
2024-08-14 05:13:26  esr1a.rk05.p01.ny7 is now Up / Up
2024-08-14 05:13:26  msw1.rk05.p01.ny7 Version is now EOS: 4.28.7M
2024-08-14 05:13:26  msw1.rk05.p01.ny6 Version is now EOS: 4.28.7M
2024-08-14 05:13:26  msw1.rk15.p01.ny7 Version is now EOS: 4.28.7M
2024-08-14 05:13:26  esr1a.rk16.p01.ny7 is now Up / Up
2024-08-14 05:13:26  esr1b.rk10.p01.ny7 is now Up / Up
2024-08-14 05:13:26  msw1.rk13.p01.ny7 Version is now EOS: 4.28.7M
2024-08-14 05:13:26  msw1.rk36.p01.ny6 Version is now EOS: 4.28.7M
2024-08-14 05:13:26  esr1b.rk11.p01.ny7 is now Up / Up
2024-08-14 05:13:26  msw2.rk36.p01.ny6 Version is now EOS: 4.28.7M
2024-08-14 05:13:26  msw1.rk11.p01.ny7 Version is now EOS: 4.28.7M
2024-08-14 05:13:26  esr1a.rk10.p01.ny7 is now Up / Up
2024-08-14 05:13:26  esr1b.rk14.p01.ny7 is now Up / Up
2024-08-14 05:13:26  msw1.rk16.p01.ny7 Version is now EOS: 4.28.7M
2024-08-14 05:13:26  msw1.rk06.p01.ny6 Version is now EOS: 4.28.7M
2024-08-14 05:13:26  esr1a.rk12.p01.ny7 is now Up / Up
2024-08-14 05:13:26  esr1b.rk30.p01.ny6 is now Up / Up
2024-08-14 05:13:26  msw1.rk14.p01.ny7 Version is now EOS: 4.28.7M
2024-08-14 05:13:26  msw1.rk10.p01.ny7 Version is now EOS: 4.28.7M
2024-08-14 05:13:26  esr1a.rk08.p01.ny7 is now Up / Up
2024-08-14 05:13:26  msw1.rk06.p01.ny7 Version is now EOS: 4.28.7M
2024-08-14 05:13:26  esr1a.rk15.p01.ny7 is now Up / Up
2024-08-14 05:13:26  msw1.rk29.p01.ny6 Version is now EOS: 4.28.7M
2024-08-14 05:13:26  msw1.rk30.p01.ny6 Version is now EOS: 4.28.7M
2024-08-14 05:13:27  msw1.rk09.p01.ny7 Version is now EOS: 4.28.7M
2024-08-14 05:13:27  msw1.rk12.p01.ny7 Version is now EOS: 4.28.7M
2024-08-14 05:13:27  msw1.rk07.p01.ny7 Version is now EOS: 4.28.7M
2024-08-14 05:13:27  esr1b.rk16.p01.ny7 is now Up / Up
2024-08-14 05:13:27  esr1b.rk12.p01.ny7 is now Up / Up
2024-08-14 05:13:27  esr1b.rk06.p01.ny6 is now Up / Up
2024-08-14 05:13:27  esr1b.rk13.p01.ny7 is now Up / Up
2024-08-14 05:13:27  esr1a.rk06.p01.ny6 is now Up / Up
2024-08-14 05:13:27  msw1.rk08.p01.ny7 Version is now EOS: 4.28.7M
2024-08-14 05:13:27  esr1b.rk09.p01.ny7 is now Up / Up
2024-08-14 05:13:27  esr1a.rk06.p01.ny7 is now Up / Up
2024-08-14 05:13:27  dsr3.rk03.p01.ny6 Version is now EOS: 4.28.7M
2024-08-14 05:13:27  dsr3.rk03.p01.ny6 is now Up / Up
2024-08-14 05:13:27  dsr1.rk01.p01.ny7 Version is now EOS: 4.28.7M
2024-08-14 05:13:27  dsr1.rk01.p01.ny7 is now Up / Up
2024-08-14 05:13:27  dsr1.rk01.p01.ny6 Version is now EOS: 4.28.7M
2024-08-14 05:13:27  dsr1.rk01.p01.ny6 is now Up / Up
2024-08-14 05:13:27  dsr2.rk02.p01.ny6 Version is now EOS: 4.28.7M
2024-08-14 05:13:27  dsr2.rk02.p01.ny6 is now Up / Up
2024-08-14 05:13:27  dsr3.rk03.p01.ny7 Version is now EOS: 4.28.7M
2024-08-14 05:13:27  esr1b.rk08.p01.ny7 is now NoMaint
2024-08-14 05:13:27  dsr3.rk03.p01.ny7 is now Up / Up
2024-08-14 05:13:27  esr1a.rk14.p01.ny7 is now NoMaint
2024-08-14 05:13:27  dsr4.rk04.p01.ny7 Version is now EOS: 4.28.7M
2024-08-14 05:13:27  dsr4.rk04.p01.ny7 is now Up / Up
2024-08-14 05:13:27  esr1b.rk06.p01.ny7 is now NoMaint
2024-08-14 05:13:27  esr1a.rk11.p01.ny7 is now NoMaint
2024-08-14 05:13:27  esr1a.rk30.p01.ny6 is now NoMaint
2024-08-14 05:13:27  esr1a.rk07.p01.ny7 is now NoMaint
2024-08-14 05:13:27  dsr2.rk02.p01.ny7 Version is now EOS: 4.28.7M
2024-08-14 05:13:27  esr1b.rk15.p01.ny7 is now NoMaint
2024-08-14 05:13:27  esr1a.rk05.p01.ny7 is now NoMaint
2024-08-14 05:13:27  esr1b.rk07.p01.ny7 is now NoMaint
2024-08-14 05:13:27  esr1b.rk05.p01.ny6 is now NoMaint
2024-08-14 05:13:27  esr1a.rk08.p01.ny7 is now NoMaint
2024-08-14 05:13:27  esr1a.rk09.p01.ny7 is now NoMaint
2024-08-14 05:13:27  esr1b.rk11.p01.ny7 is now NoMaint
2024-08-14 05:13:27  esr1b.rk16.p01.ny7 is now NoMaint
2024-08-14 05:13:27  esr1b.rk06.p01.ny6 is now NoMaint
2024-08-14 05:13:27  esr1a.rk05.p01.ny6 is now NoMaint
2024-08-14 05:13:27  esr1a.rk13.p01.ny7 is now NoMaint
2024-08-14 05:13:27  esr1b.rk12.p01.ny7 is now NoMaint
2024-08-14 05:13:27  dsr4.rk04.p01.ny6 Version is now EOS: 4.28.7M
2024-08-14 05:13:27  esr1b.rk14.p01.ny7 is now NoMaint
2024-08-14 05:13:27  esr1b.rk10.p01.ny7 is now NoMaint
2024-08-14 05:13:27  esr1a.rk12.p01.ny7 is now NoMaint
2024-08-14 05:13:27  dsr2.rk02.p01.ny7 is now Up / Up
2024-08-14 05:13:27  esr1a.rk15.p01.ny7 is now NoMaint
2024-08-14 05:13:27  esr1b.rk13.p01.ny7 is now NoMaint
2024-08-14 05:13:27  esr1a.rk06.p01.ny6 is now NoMaint
2024-08-14 05:13:27  esr1a.rk16.p01.ny7 is now NoMaint
2024-08-14 05:13:27  esr1a.rk06.p01.ny7 is now NoMaint
2024-08-14 05:13:27  esr1b.rk05.p01.ny7 is now NoMaint
2024-08-14 05:13:27  esr1b.rk09.p01.ny7 is now NoMaint
2024-08-14 05:13:27  msw1.rk05.p01.ny6 pstate is now 2/2
2024-08-14 05:13:27  msw1.rk05.p01.ny7 pstate is now 2/2
2024-08-14 05:13:27  msw1.rk05.p01.ny6 SC pstate is now -
2024-08-14 05:13:27  msw1.rk05.p01.ny7 SC pstate is now -
2024-08-14 05:13:27  msw1.rk05.p01.ny6 is now Up
2024-08-14 05:13:27  msw1.rk05.p01.ny7 is now Up
2024-08-14 05:13:27  dsr3.rk03.p01.ny6 is now NoMaint
2024-08-14 05:13:27  msw1.rk15.p01.ny7 pstate is now 2/2
2024-08-14 05:13:27  msw1.rk15.p01.ny7 SC pstate is now -
2024-08-14 05:13:27  msw1.rk15.p01.ny7 is now Up
2024-08-14 05:13:27  msw1.rk36.p01.ny6 pstate is now 2/2
2024-08-14 05:13:27  msw1.rk36.p01.ny6 SC pstate is now -
2024-08-14 05:13:27  msw1.rk36.p01.ny6 is now Up
2024-08-14 05:13:27  msw1.rk09.p01.ny7 pstate is now 2/2
2024-08-14 05:13:27  msw1.rk09.p01.ny7 SC pstate is now -
2024-08-14 05:13:27  msw1.rk09.p01.ny7 is now Up
2024-08-14 05:13:27  esr1b.rk30.p01.ny6 is now NoMaint
2024-08-14 05:13:27  dsr4.rk04.p01.ny6 is now Up / Up
2024-08-14 05:13:27  msw2.rk36.p01.ny6 pstate is now 2/2
2024-08-14 05:13:27  esr1a.rk10.p01.ny7 is now NoMaint
2024-08-14 05:13:27  msw1.rk10.p01.ny7 pstate is now 2/2
2024-08-14 05:13:27  msw1.rk10.p01.ny7 SC pstate is now -
2024-08-14 05:13:27  msw1.rk06.p01.ny7 pstate is now 2/2
2024-08-14 05:13:27  msw2.rk36.p01.ny6 SC pstate is now -
2024-08-14 05:13:27  msw1.rk06.p01.ny6 pstate is now 2/2
2024-08-14 05:13:27  msw1.rk10.p01.ny7 is now Up
2024-08-14 05:13:27  msw1.rk16.p01.ny7 pstate is now 2/2
2024-08-14 05:13:27  msw1.rk06.p01.ny6 SC pstate is now -
2024-08-14 05:13:27  msw1.rk06.p01.ny6 is now Up
2024-08-14 05:13:27  msw2.rk36.p01.ny6 is now Up
2024-08-14 05:13:27  msw1.rk16.p01.ny7 SC pstate is now -
2024-08-14 05:13:27  msw1.rk06.p01.ny7 SC pstate is now -
2024-08-14 05:13:27  msw1.rk16.p01.ny7 is now Up
2024-08-14 05:13:27  msw1.rk06.p01.ny7 is now Up
2024-08-14 05:13:27  msw1.rk07.p01.ny7 pstate is now 2/2
2024-08-14 05:13:27  msw1.rk07.p01.ny7 SC pstate is now -
2024-08-14 05:13:27  msw1.rk07.p01.ny7 is now Up
2024-08-14 05:13:27  msw1.rk11.p01.ny7 pstate is now 2/2
2024-08-14 05:13:27  msw1.rk11.p01.ny7 SC pstate is now -
2024-08-14 05:13:27  msw1.rk11.p01.ny7 is now Up
2024-08-14 05:13:27  msw1.rk29.p01.ny6 pstate is now 2/2
2024-08-14 05:13:27  msw1.rk29.p01.ny6 SC pstate is now -
2024-08-14 05:13:27  msw1.rk29.p01.ny6 is now Up
2024-08-14 05:13:27  msw1.rk13.p01.ny7 pstate is now 2/2
2024-08-14 05:13:27  msw1.rk13.p01.ny7 SC pstate is now -
2024-08-14 05:13:27  msw1.rk13.p01.ny7 is now Up
2024-08-14 05:13:27  dsr1.rk01.p01.ny7 is now NoMaint
2024-08-14 05:13:27  msw1.rk14.p01.ny7 pstate is now 2/2
2024-08-14 05:13:27  msw1.rk30.p01.ny6 pstate is now 2/2
2024-08-14 05:13:27  msw1.rk30.p01.ny6 SC pstate is now -
2024-08-14 05:13:27  msw1.rk30.p01.ny6 is now Up
2024-08-14 05:13:27  msw1.rk14.p01.ny7 SC pstate is now -
2024-08-14 05:13:27  msw1.rk14.p01.ny7 is now Up
2024-08-14 05:13:27  msw1.rk12.p01.ny7 pstate is now 2/2
2024-08-14 05:13:27  msw1.rk12.p01.ny7 SC pstate is now -
2024-08-14 05:13:27  msw1.rk12.p01.ny7 is now Up
2024-08-14 05:13:27  msw1.rk08.p01.ny7 pstate is now 2/2
2024-08-14 05:13:27  msw1.rk08.p01.ny7 SC pstate is now -
2024-08-14 05:13:27  msw1.rk08.p01.ny7 is now Up
2024-08-14 05:13:27  dsr1.rk01.p01.ny6 is now NoMaint
2024-08-14 05:13:27  dsr2.rk02.p01.ny6 is now NoMaint
2024-08-14 05:13:27  dsr4.rk04.p01.ny7 is now NoMaint
2024-08-14 05:13:27  dsr3.rk03.p01.ny7 is now NoMaint
2024-08-14 05:13:27  dsr3.rk03.p01.ny6 pstate is now 8/8
2024-08-14 05:13:27  dsr3.rk03.p01.ny6 SC pstate is now -
2024-08-14 05:13:27  dsr1.rk01.p01.ny7 pstate is now 2/2
2024-08-14 05:13:27  dsr1.rk01.p01.ny7 SC pstate is now -
2024-08-14 05:13:27  esr1b.rk08.p01.ny7 pstate is now 12/12
2024-08-14 05:13:27  esr1b.rk08.p01.ny7 SC pstate is now -
2024-08-14 05:13:27  dsr2.rk02.p01.ny7 is now NoMaint
2024-08-14 05:13:27  dsr4.rk04.p01.ny6 is now NoMaint
2024-08-14 05:13:28  dsr1.rk01.p01.ny6 pstate is now 8/8
2024-08-14 05:13:28  dsr1.rk01.p01.ny6 SC pstate is now -
2024-08-14 05:13:28  dsr2.rk02.p01.ny6 pstate is now 8/8
2024-08-14 05:13:28  dsr2.rk02.p01.ny6 SC pstate is now -
2024-08-14 05:13:28  esr1a.rk07.p01.ny7 pstate is now 12/12
2024-08-14 05:13:28  esr1a.rk07.p01.ny7 SC pstate is now -
2024-08-14 05:13:28  esr1b.rk06.p01.ny7 pstate is now 12/12
2024-08-14 05:13:28  esr1b.rk06.p01.ny7 SC pstate is now -
2024-08-14 05:13:28  esr1a.rk14.p01.ny7 pstate is now 12/12
2024-08-14 05:13:28  esr1a.rk14.p01.ny7 SC pstate is now -
2024-08-14 05:13:28  esr1a.rk11.p01.ny7 pstate is now 12/12
2024-08-14 05:13:28  esr1a.rk30.p01.ny6 pstate is now 12/12
2024-08-14 05:13:28  esr1b.rk10.p01.ny7 pstate is now 12/12
2024-08-14 05:13:28  esr1a.rk11.p01.ny7 SC pstate is now -
2024-08-14 05:13:28  esr1b.rk14.p01.ny7 pstate is now 12/12
2024-08-14 05:13:28  esr1a.rk30.p01.ny6 SC pstate is now -
2024-08-14 05:13:28  esr1b.rk10.p01.ny7 SC pstate is now -
2024-08-14 05:13:28  esr1b.rk14.p01.ny7 SC pstate is now -
2024-08-14 05:13:28  dsr3.rk03.p01.ny7 pstate is now 2/2
2024-08-14 05:13:28  dsr3.rk03.p01.ny7 SC pstate is now -
2024-08-14 05:13:28  esr1b.rk07.p01.ny7 pstate is now 12/12
2024-08-14 05:13:28  esr1b.rk07.p01.ny7 SC pstate is now -
2024-08-14 05:13:28  esr1a.rk05.p01.ny7 pstate is now 12/12
2024-08-14 05:13:28  esr1a.rk05.p01.ny7 SC pstate is now 10/14
2024-08-14 05:13:28  esr1b.rk11.p01.ny7 pstate is now 12/12
2024-08-14 05:13:28  esr1a.rk08.p01.ny7 pstate is now 12/12
2024-08-14 05:13:28  esr1b.rk11.p01.ny7 SC pstate is now -
2024-08-14 05:13:28  esr1a.rk08.p01.ny7 SC pstate is now -
2024-08-14 05:13:28  esr1b.rk05.p01.ny6 pstate is now 12/12
2024-08-14 05:13:28  esr1b.rk05.p01.ny6 SC pstate is now 13/13
2024-08-14 05:13:28  esr1a.rk12.p01.ny7 pstate is now 12/12
2024-08-14 05:13:28  esr1a.rk12.p01.ny7 SC pstate is now -
2024-08-14 05:13:28  esr1b.rk15.p01.ny7 pstate is now 12/12
2024-08-14 05:13:28  esr1b.rk15.p01.ny7 SC pstate is now -
2024-08-14 05:13:28  esr1a.rk05.p01.ny6 pstate is now 12/12
2024-08-14 05:13:28  esr1a.rk05.p01.ny6 SC pstate is now 13/13
2024-08-14 05:13:28  esr1a.rk15.p01.ny7 pstate is now 12/12
2024-08-14 05:13:28  esr1a.rk15.p01.ny7 SC pstate is now -
2024-08-14 05:13:28  esr1a.rk13.p01.ny7 pstate is now 12/12
2024-08-14 05:13:28  esr1a.rk13.p01.ny7 SC pstate is now -
2024-08-14 05:13:28  esr1a.rk09.p01.ny7 pstate is now 12/12
2024-08-14 05:13:28  esr1a.rk09.p01.ny7 SC pstate is now -
2024-08-14 05:13:28  esr1b.rk12.p01.ny7 pstate is now 12/12
2024-08-14 05:13:28  esr1b.rk12.p01.ny7 SC pstate is now -
2024-08-14 05:13:28  esr1b.rk06.p01.ny6 pstate is now 12/12
2024-08-14 05:13:28  esr1b.rk06.p01.ny6 SC pstate is now -
2024-08-14 05:13:28  dsr4.rk04.p01.ny7 pstate is now 2/2
2024-08-14 05:13:28  dsr4.rk04.p01.ny7 SC pstate is now -
2024-08-14 05:13:28  esr1a.rk16.p01.ny7 pstate is now 12/12
2024-08-14 05:13:28  esr1a.rk16.p01.ny7 SC pstate is now -
2024-08-14 05:13:28  esr1b.rk30.p01.ny6 pstate is now 12/12
2024-08-14 05:13:28  esr1b.rk30.p01.ny6 SC pstate is now -
2024-08-14 05:13:28  esr1b.rk09.p01.ny7 pstate is now 12/12
2024-08-14 05:13:28  esr1b.rk13.p01.ny7 pstate is now 12/12
2024-08-14 05:13:28  esr1b.rk13.p01.ny7 SC pstate is now -
2024-08-14 05:13:28  esr1b.rk09.p01.ny7 SC pstate is now -
2024-08-14 05:13:28  esr1a.rk06.p01.ny7 pstate is now 12/12
2024-08-14 05:13:28  esr1a.rk06.p01.ny7 SC pstate is now -
2024-08-14 05:13:28  esr1b.rk05.p01.ny7 pstate is now 12/12
2024-08-14 05:13:28  esr1b.rk05.p01.ny7 SC pstate is now 10/14
2024-08-14 05:13:28  esr1b.rk16.p01.ny7 pstate is now 12/12
2024-08-14 05:13:28  esr1b.rk16.p01.ny7 SC pstate is now -
2024-08-14 05:13:28  esr1a.rk06.p01.ny6 pstate is now 12/12
2024-08-14 05:13:28  esr1a.rk06.p01.ny6 SC pstate is now -
2024-08-14 05:13:28  esr1a.rk10.p01.ny7 pstate is now 12/12
2024-08-14 05:13:28  esr1a.rk10.p01.ny7 SC pstate is now -
2024-08-14 05:13:28  dsr4.rk04.p01.ny6 pstate is now 8/8
2024-08-14 05:13:28  dsr4.rk04.p01.ny6 SC pstate is now -
2024-08-14 05:13:28  dsr2.rk02.p01.ny7 pstate is now 2/2
2024-08-14 05:13:28  dsr2.rk02.p01.ny7 SC pstate is now -
2024-08-14 05:13:59  esr1b.rk30.p01.ny6 Version is now EOS: 4.28.7M
2024-08-14 05:13:59  esr1a.rk06.p01.ny6 Version is now EOS: 4.28.7M
2024-08-14 05:13:59  esr1a.rk06.p01.ny7 Version is now EOS: 4.28.7M
2024-08-14 05:13:59  esr1b.rk13.p01.ny7 Version is now EOS: 4.28.7M
2024-08-14 05:13:59  esr1b.rk08.p01.ny7 Version is now EOS: 4.28.7M
2024-08-14 05:13:59  esr1a.rk05.p01.ny6 Version is now EOS: 4.28.7M
2024-08-14 05:13:59  esr1b.rk05.p01.ny7 Version is now EOS: 4.28.7M
2024-08-14 05:13:59  esr1b.rk09.p01.ny7 Version is now EOS: 4.28.7M
2024-08-14 05:13:59  esr1a.rk13.p01.ny7 Version is now EOS: 4.28.7M
2024-08-14 05:13:59  esr1b.rk06.p01.ny6 Version is now EOS: 4.28.7M
2024-08-14 05:13:59  esr1a.rk10.p01.ny7 Version is now EOS: 4.28.7M
2024-08-14 05:13:59  esr1b.rk15.p01.ny7 Version is now EOS: 4.28.7M
2024-08-14 05:13:59  esr1a.rk14.p01.ny7 Version is now EOS: 4.28.7M
2024-08-14 05:13:59  esr1b.rk06.p01.ny7 Version is now EOS: 4.28.7M
2024-08-14 05:13:59  esr1b.rk14.p01.ny7 Version is now EOS: 4.28.7M
2024-08-14 05:13:59  esr1b.rk10.p01.ny7 Version is now EOS: 4.28.7M
2024-08-14 05:13:59  esr1a.rk07.p01.ny7 Version is now EOS: 4.28.7M
2024-08-14 05:13:59  esr1a.rk11.p01.ny7 Version is now EOS: 4.28.7M
2024-08-14 05:13:59  esr1a.rk12.p01.ny7 Version is now EOS: 4.28.7M
2024-08-14 05:13:59  esr1b.rk12.p01.ny7 Version is now EOS: 4.28.7M
2024-08-14 05:13:59  esr1b.rk30.p01.ny6 is now Up / Up
2024-08-14 05:13:59  esr1a.rk16.p01.ny7 Version is now EOS: 4.28.7M
2024-08-14 05:13:59  esr1a.rk06.p01.ny6 is now Up / Up
2024-08-14 05:13:59  esr1a.rk15.p01.ny7 Version is now EOS: 4.28.7M
2024-08-14 05:13:59  esr1b.rk16.p01.ny7 Version is now EOS: 4.28.7M
2024-08-14 05:13:59  esr1a.rk05.p01.ny7 Version is now EOS: 4.28.7M
2024-08-14 05:13:59  esr1b.rk08.p01.ny7 is now Up / Up
2024-08-14 05:13:59  esr1a.rk09.p01.ny7 Version is now EOS: 4.28.7M
2024-08-14 05:13:59  esr1a.rk05.p01.ny6 is now Up / Up
2024-08-14 05:13:59  esr1b.rk13.p01.ny7 is now Up / Up
2024-08-14 05:13:59  esr1b.rk11.p01.ny7 Version is now EOS: 4.28.7M
2024-08-14 05:13:59  esr1b.rk05.p01.ny7 is now Up / Up
2024-08-14 05:13:59  esr1b.rk05.p01.ny6 Version is now EOS: 4.28.7M
2024-08-14 05:13:59  esr1a.rk08.p01.ny7 Version is now EOS: 4.28.7M
2024-08-14 05:13:59  esr1a.rk12.p01.ny7 is now Up / Up
2024-08-14 05:13:59  esr1b.rk07.p01.ny7 Version is now EOS: 4.28.7M
2024-08-14 05:13:59  esr1a.rk06.p01.ny7 is now Up / Up
2024-08-14 05:13:59  esr1b.rk10.p01.ny7 is now Up / Up
2024-08-14 05:13:59  esr1a.rk07.p01.ny7 is now Up / Up
2024-08-14 05:13:59  esr1a.rk11.p01.ny7 is now Up / Up
2024-08-14 05:13:59  esr1a.rk30.p01.ny6 Version is now EOS: 4.28.7M
2024-08-14 05:13:59  esr1a.rk05.p01.ny7 is now Up / Up
2024-08-14 05:13:59  esr1a.rk13.p01.ny7 is now Up / Up
2024-08-14 05:13:59  esr1b.rk06.p01.ny6 is now Up / Up
2024-08-14 05:13:59  esr1b.rk15.p01.ny7 is now Up / Up
2024-08-14 05:13:59  esr1b.rk12.p01.ny7 is now Up / Up
2024-08-14 05:13:59  esr1b.rk06.p01.ny7 is now Up / Up
2024-08-14 05:13:59  esr1b.rk09.p01.ny7 is now Up / Up
2024-08-14 05:13:59  esr1b.rk14.p01.ny7 is now Up / Up
2024-08-14 05:13:59  msw1.rk30.p01.ny6 Version is now EOS: 4.28.7M
2024-08-14 05:13:59  esr1a.rk08.p01.ny7 is now Up / Up
2024-08-14 05:13:59  esr1b.rk05.p01.ny6 is now Up / Up
2024-08-14 05:13:59  esr1a.rk14.p01.ny7 is now Up / Up
2024-08-14 05:13:59  esr1b.rk11.p01.ny7 is now Up / Up
2024-08-14 05:13:59  msw1.rk06.p01.ny6 Version is now EOS: 4.28.7M
2024-08-14 05:13:59  msw1.rk05.p01.ny7 Version is now EOS: 4.28.7M
2024-08-14 05:13:59  esr1a.rk16.p01.ny7 is now Up / Up
2024-08-14 05:13:59  esr1a.rk10.p01.ny7 is now Up / Up
2024-08-14 05:13:59  msw1.rk14.p01.ny7 Version is now EOS: 4.28.7M
2024-08-14 05:13:59  msw1.rk12.p01.ny7 Version is now EOS: 4.28.7M
2024-08-14 05:13:59  msw1.rk06.p01.ny7 Version is now EOS: 4.28.7M
2024-08-14 05:13:59  esr1b.rk07.p01.ny7 is now Up / Up
2024-08-14 05:13:59  msw2.rk36.p01.ny6 Version is now EOS: 4.28.7M
2024-08-14 05:13:59  msw1.rk09.p01.ny7 Version is now EOS: 4.28.7M
2024-08-14 05:13:59  msw1.rk13.p01.ny7 Version is now EOS: 4.28.7M
2024-08-14 05:13:59  msw1.rk05.p01.ny6 Version is now EOS: 4.28.7M
2024-08-14 05:13:59  msw1.rk36.p01.ny6 Version is now EOS: 4.28.7M
2024-08-14 05:13:59  msw1.rk15.p01.ny7 Version is now EOS: 4.28.7M
2024-08-14 05:13:59  msw1.rk08.p01.ny7 Version is now EOS: 4.28.7M
2024-08-14 05:13:59  esr1a.rk15.p01.ny7 is now Up / Up
2024-08-14 05:13:59  msw1.rk07.p01.ny7 Version is now EOS: 4.28.7M
2024-08-14 05:13:59  esr1a.rk09.p01.ny7 is now Up / Up
2024-08-14 05:13:59  msw1.rk11.p01.ny7 Version is now EOS: 4.28.7M
2024-08-14 05:13:59  msw1.rk16.p01.ny7 Version is now EOS: 4.28.7M
2024-08-14 05:13:59  msw1.rk10.p01.ny7 Version is now EOS: 4.28.7M
2024-08-14 05:13:59  esr1a.rk30.p01.ny6 is now Up / Up
2024-08-14 05:13:59  msw1.rk29.p01.ny6 Version is now EOS: 4.28.7M
2024-08-14 05:13:59  esr1b.rk16.p01.ny7 is now Up / Up
2024-08-14 05:14:00  dsr4.rk04.p01.ny6 Version is now EOS: 4.28.7M
2024-08-14 05:14:00  dsr4.rk04.p01.ny6 is now Up / Up
2024-08-14 05:14:00  dsr2.rk02.p01.ny6 Version is now EOS: 4.28.7M
2024-08-14 05:14:00  dsr1.rk01.p01.ny6 Version is now EOS: 4.28.7M
2024-08-14 05:14:00  dsr2.rk02.p01.ny6 is now Up / Up
2024-08-14 05:14:00  dsr2.rk02.p01.ny7 Version is now EOS: 4.28.7M
2024-08-14 05:14:00  esr1a.rk06.p01.ny6 is now NoMaint
2024-08-14 05:14:00  esr1b.rk13.p01.ny7 is now NoMaint
2024-08-14 05:14:00  dsr2.rk02.p01.ny7 is now Up / Up
2024-08-14 05:14:00  esr1a.rk10.p01.ny7 is now NoMaint
2024-08-14 05:14:00  esr1b.rk08.p01.ny7 is now NoMaint
2024-08-14 05:14:00  dsr4.rk04.p01.ny7 Version is now EOS: 4.28.7M
2024-08-14 05:14:00  esr1a.rk12.p01.ny7 is now NoMaint
2024-08-14 05:14:00  esr1b.rk30.p01.ny6 is now NoMaint
2024-08-14 05:14:00  esr1a.rk06.p01.ny7 is now NoMaint
2024-08-14 05:14:00  esr1b.rk09.p01.ny7 is now NoMaint
2024-08-14 05:14:00  esr1a.rk16.p01.ny7 is now NoMaint
2024-08-14 05:14:00  esr1b.rk05.p01.ny7 is now NoMaint
2024-08-14 05:14:00  dsr4.rk04.p01.ny7 is now Up / Up
2024-08-14 05:14:00  esr1b.rk10.p01.ny7 is now NoMaint
2024-08-14 05:14:00  esr1b.rk06.p01.ny7 is now NoMaint
2024-08-14 05:14:00  dsr3.rk03.p01.ny7 Version is now EOS: 4.28.7M
2024-08-14 05:14:00  esr1b.rk14.p01.ny7 is now NoMaint
2024-08-14 05:14:00  esr1b.rk05.p01.ny6 is now NoMaint
2024-08-14 05:14:00  esr1a.rk07.p01.ny7 is now NoMaint
2024-08-14 05:14:00  esr1b.rk07.p01.ny7 is now NoMaint
2024-08-14 05:14:00  esr1b.rk11.p01.ny7 is now NoMaint
2024-08-14 05:14:00  esr1a.rk11.p01.ny7 is now NoMaint
2024-08-14 05:14:00  esr1a.rk14.p01.ny7 is now NoMaint
2024-08-14 05:14:00  esr1a.rk08.p01.ny7 is now NoMaint
2024-08-14 05:14:00  dsr3.rk03.p01.ny6 Version is now EOS: 4.28.7M
2024-08-14 05:14:00  esr1b.rk12.p01.ny7 is now NoMaint
2024-08-14 05:14:00  esr1a.rk15.p01.ny7 is now NoMaint
2024-08-14 05:14:00  esr1a.rk05.p01.ny7 is now NoMaint
2024-08-14 05:14:00  esr1b.rk06.p01.ny6 is now NoMaint
2024-08-14 05:14:00  esr1a.rk05.p01.ny6 is now NoMaint
2024-08-14 05:14:00  esr1b.rk16.p01.ny7 is now NoMaint
2024-08-14 05:14:00  dsr1.rk01.p01.ny7 Version is now EOS: 4.28.7M
2024-08-14 05:14:00  esr1a.rk13.p01.ny7 is now NoMaint
2024-08-14 05:14:00  esr1a.rk30.p01.ny6 is now NoMaint
2024-08-14 05:14:00  esr1b.rk15.p01.ny7 is now NoMaint
2024-08-14 05:14:00  dsr1.rk01.p01.ny6 is now Up / Up
2024-08-14 05:14:00  msw1.rk05.p01.ny7 pstate is now 2/2
2024-08-14 05:14:00  dsr3.rk03.p01.ny7 is now Up / Up
2024-08-14 05:14:00  msw1.rk08.p01.ny7 pstate is now 2/2
2024-08-14 05:14:00  msw1.rk08.p01.ny7 SC pstate is now -
2024-08-14 05:14:00  msw1.rk08.p01.ny7 is now Up
2024-08-14 05:14:00  msw1.rk12.p01.ny7 pstate is now 2/2
2024-08-14 05:14:00  msw1.rk12.p01.ny7 SC pstate is now -
2024-08-14 05:14:00  msw1.rk12.p01.ny7 is now Up
2024-08-14 05:14:00  msw1.rk30.p01.ny6 pstate is now 2/2
2024-08-14 05:14:00  msw1.rk30.p01.ny6 SC pstate is now -
2024-08-14 05:14:00  msw1.rk30.p01.ny6 is now Up
2024-08-14 05:14:00  msw1.rk14.p01.ny7 pstate is now 2/2
2024-08-14 05:14:00  msw1.rk14.p01.ny7 SC pstate is now -
2024-08-14 05:14:00  msw1.rk14.p01.ny7 is now Up
2024-08-14 05:14:00  msw2.rk36.p01.ny6 pstate is now 2/2
2024-08-14 05:14:00  msw1.rk10.p01.ny7 pstate is now 2/2
2024-08-14 05:14:00  esr1a.rk09.p01.ny7 is now NoMaint
2024-08-14 05:14:00  msw1.rk06.p01.ny7 pstate is now 2/2
2024-08-14 05:14:00  msw1.rk16.p01.ny7 pstate is now 2/2
2024-08-14 05:14:00  msw1.rk06.p01.ny7 SC pstate is now -
2024-08-14 05:14:00  msw1.rk10.p01.ny7 SC pstate is now -
2024-08-14 05:14:00  msw2.rk36.p01.ny6 SC pstate is now -
2024-08-14 05:14:00  msw2.rk36.p01.ny6 is now Up
2024-08-14 05:14:00  msw1.rk06.p01.ny7 is now Up
2024-08-14 05:14:00  msw1.rk10.p01.ny7 is now Up
2024-08-14 05:14:00  msw1.rk16.p01.ny7 SC pstate is now -
2024-08-14 05:14:00  msw1.rk16.p01.ny7 is now Up
2024-08-14 05:14:00  msw1.rk05.p01.ny7 SC pstate is now -
2024-08-14 05:14:00  msw1.rk05.p01.ny7 is now Up
2024-08-14 05:14:00  msw1.rk15.p01.ny7 pstate is now 2/2
2024-08-14 05:14:00  msw1.rk06.p01.ny6 pstate is now 2/2
2024-08-14 05:14:00  msw1.rk06.p01.ny6 SC pstate is now -
2024-08-14 05:14:00  msw1.rk06.p01.ny6 is now Up
2024-08-14 05:14:00  msw1.rk09.p01.ny7 pstate is now 2/2
2024-08-14 05:14:00  msw1.rk15.p01.ny7 SC pstate is now -
2024-08-14 05:14:00  msw1.rk13.p01.ny7 pstate is now 2/2
2024-08-14 05:14:00  msw1.rk05.p01.ny6 pstate is now 2/2
2024-08-14 05:14:00  msw1.rk09.p01.ny7 SC pstate is now -
2024-08-14 05:14:00  msw1.rk36.p01.ny6 pstate is now 2/2
2024-08-14 05:14:00  msw1.rk15.p01.ny7 is now Up
2024-08-14 05:14:00  msw1.rk05.p01.ny6 SC pstate is now -
2024-08-14 05:14:00  msw1.rk13.p01.ny7 SC pstate is now -
2024-08-14 05:14:00  msw1.rk13.p01.ny7 is now Up
2024-08-14 05:14:00  msw1.rk09.p01.ny7 is now Up
2024-08-14 05:14:00  msw1.rk36.p01.ny6 SC pstate is now -
2024-08-14 05:14:00  msw1.rk36.p01.ny6 is now Up
2024-08-14 05:14:00  msw1.rk05.p01.ny6 is now Up
2024-08-14 05:14:00  dsr2.rk02.p01.ny6 is now NoMaint
2024-08-14 05:14:00  dsr3.rk03.p01.ny6 is now Up / Up
2024-08-14 05:14:00  msw1.rk07.p01.ny7 pstate is now 2/2
2024-08-14 05:14:00  dsr1.rk01.p01.ny7 is now Up / Up
2024-08-14 05:14:00  msw1.rk07.p01.ny7 SC pstate is now -
2024-08-14 05:14:00  msw1.rk11.p01.ny7 pstate is now 2/2
2024-08-14 05:14:00  msw1.rk07.p01.ny7 is now Up
2024-08-14 05:14:00  msw1.rk11.p01.ny7 SC pstate is now -
2024-08-14 05:14:00  msw1.rk29.p01.ny6 pstate is now 2/2
2024-08-14 05:14:00  msw1.rk11.p01.ny7 is now Up
2024-08-14 05:14:00  dsr4.rk04.p01.ny6 is now NoMaint
2024-08-14 05:14:00  msw1.rk29.p01.ny6 SC pstate is now -
2024-08-14 05:14:00  msw1.rk29.p01.ny6 is now Up
2024-08-14 05:14:00  dsr2.rk02.p01.ny7 is now NoMaint
2024-08-14 05:14:00  dsr4.rk04.p01.ny7 is now NoMaint
2024-08-14 05:14:00  dsr1.rk01.p01.ny6 is now NoMaint
2024-08-14 05:14:00  dsr3.rk03.p01.ny7 is now NoMaint
2024-08-14 05:14:00  dsr2.rk02.p01.ny6 pstate is now 8/8
2024-08-14 05:14:00  dsr2.rk02.p01.ny6 SC pstate is now -
2024-08-14 05:14:00  dsr3.rk03.p01.ny6 is now NoMaint
2024-08-14 05:14:00  dsr1.rk01.p01.ny7 is now NoMaint
2024-08-14 05:14:01  dsr4.rk04.p01.ny6 pstate is now 8/8
2024-08-14 05:14:01  dsr4.rk04.p01.ny6 SC pstate is now -
2024-08-14 05:14:01  esr1a.rk06.p01.ny6 pstate is now 12/12
2024-08-14 05:14:01  esr1a.rk06.p01.ny6 SC pstate is now -
2024-08-14 05:14:01  esr1a.rk06.p01.ny7 pstate is now 12/12
2024-08-14 05:14:01  esr1a.rk06.p01.ny7 SC pstate is now -
2024-08-14 05:14:01  esr1b.rk05.p01.ny7 pstate is now 12/12
2024-08-14 05:14:01  esr1b.rk05.p01.ny7 SC pstate is now 10/14
2024-08-14 05:14:01  esr1a.rk16.p01.ny7 pstate is now 12/12
2024-08-14 05:14:01  esr1a.rk16.p01.ny7 SC pstate is now -
2024-08-14 05:14:01  esr1b.rk13.p01.ny7 pstate is now 12/12
2024-08-14 05:14:01  esr1b.rk13.p01.ny7 SC pstate is now -
2024-08-14 05:14:01  esr1b.rk30.p01.ny6 pstate is now 12/12
2024-08-14 05:14:01  esr1a.rk10.p01.ny7 pstate is now 12/12
2024-08-14 05:14:01  esr1b.rk30.p01.ny6 SC pstate is now -
2024-08-14 05:14:01  esr1a.rk10.p01.ny7 SC pstate is now -
2024-08-14 05:14:01  esr1b.rk09.p01.ny7 pstate is now 12/12
2024-08-14 05:14:01  esr1b.rk09.p01.ny7 SC pstate is now -
2024-08-14 05:14:01  dsr2.rk02.p01.ny7 pstate is now 2/2
2024-08-14 05:14:01  dsr2.rk02.p01.ny7 SC pstate is now -
2024-08-14 05:14:01  esr1b.rk10.p01.ny7 pstate is now 12/12
2024-08-14 05:14:01  esr1b.rk10.p01.ny7 SC pstate is now -
2024-08-14 05:14:01  esr1a.rk08.p01.ny7 pstate is now 12/12
2024-08-14 05:14:01  esr1a.rk08.p01.ny7 SC pstate is now -
2024-08-14 05:14:01  esr1b.rk05.p01.ny6 pstate is now 12/12
2024-08-14 05:14:01  esr1b.rk05.p01.ny6 SC pstate is now 13/13
2024-08-14 05:14:01  esr1a.rk12.p01.ny7 pstate is now 12/12
2024-08-14 05:14:01  esr1a.rk12.p01.ny7 SC pstate is now -
2024-08-14 05:14:01  esr1b.rk14.p01.ny7 pstate is now 12/12
2024-08-14 05:14:01  esr1b.rk14.p01.ny7 SC pstate is now -
2024-08-14 05:14:01  esr1a.rk07.p01.ny7 pstate is now 12/12
2024-08-14 05:14:01  esr1a.rk07.p01.ny7 SC pstate is now -
2024-08-14 05:14:01  esr1a.rk11.p01.ny7 pstate is now 12/12
2024-08-14 05:14:01  esr1a.rk11.p01.ny7 SC pstate is now -
2024-08-14 05:14:01  esr1b.rk06.p01.ny7 pstate is now 12/12
2024-08-14 05:14:01  esr1a.rk30.p01.ny6 pstate is now 12/12
2024-08-14 05:14:01  esr1b.rk06.p01.ny7 SC pstate is now -
2024-08-14 05:14:01  esr1a.rk30.p01.ny6 SC pstate is now -
2024-08-14 05:14:01  dsr1.rk01.p01.ny6 pstate is now 8/8
2024-08-14 05:14:01  dsr1.rk01.p01.ny6 SC pstate is now -
2024-08-14 05:14:01  esr1b.rk11.p01.ny7 pstate is now 12/12
2024-08-14 05:14:01  esr1b.rk11.p01.ny7 SC pstate is now -
2024-08-14 05:14:01  esr1a.rk14.p01.ny7 pstate is now 12/12
2024-08-14 05:14:01  dsr4.rk04.p01.ny7 pstate is now 2/2
2024-08-14 05:14:01  esr1b.rk07.p01.ny7 pstate is now 12/12
2024-08-14 05:14:01  esr1a.rk14.p01.ny7 SC pstate is now -
2024-08-14 05:14:01  esr1b.rk07.p01.ny7 SC pstate is now -
2024-08-14 05:14:01  dsr4.rk04.p01.ny7 SC pstate is now -
2024-08-14 05:14:01  dsr3.rk03.p01.ny7 pstate is now 2/2
2024-08-14 05:14:01  dsr3.rk03.p01.ny7 SC pstate is now -
2024-08-14 05:14:01  esr1a.rk05.p01.ny7 pstate is now 12/12
2024-08-14 05:14:01  esr1a.rk05.p01.ny7 SC pstate is now 10/14
2024-08-14 05:14:01  esr1a.rk15.p01.ny7 pstate is now 12/12
2024-08-14 05:14:01  esr1a.rk15.p01.ny7 SC pstate is now -
2024-08-14 05:14:01  esr1b.rk08.p01.ny7 pstate is now 12/12
2024-08-14 05:14:01  esr1b.rk12.p01.ny7 pstate is now 12/12
2024-08-14 05:14:01  esr1b.rk12.p01.ny7 SC pstate is now -
2024-08-14 05:14:01  esr1b.rk08.p01.ny7 SC pstate is now -
2024-08-14 05:14:01  esr1b.rk06.p01.ny6 pstate is now 12/12
2024-08-14 05:14:01  esr1b.rk06.p01.ny6 SC pstate is now -
2024-08-14 05:14:01  esr1a.rk09.p01.ny7 pstate is now 12/12
2024-08-14 05:14:01  esr1a.rk09.p01.ny7 SC pstate is now -
2024-08-14 05:14:01  dsr3.rk03.p01.ny6 pstate is now 8/8
2024-08-14 05:14:01  esr1b.rk16.p01.ny7 pstate is now 12/12
2024-08-14 05:14:01  dsr3.rk03.p01.ny6 SC pstate is now -
2024-08-14 05:14:01  esr1b.rk16.p01.ny7 SC pstate is now -
2024-08-14 05:14:01  esr1a.rk05.p01.ny6 pstate is now 12/12
2024-08-14 05:14:01  esr1a.rk05.p01.ny6 SC pstate is now 13/13
2024-08-14 05:14:01  esr1a.rk13.p01.ny7 pstate is now 12/12
2024-08-14 05:14:01  esr1a.rk13.p01.ny7 SC pstate is now -
2024-08-14 05:14:01  dsr1.rk01.p01.ny7 pstate is now 2/2
2024-08-14 05:14:01  dsr1.rk01.p01.ny7 SC pstate is now -
2024-08-14 05:14:01  esr1b.rk15.p01.ny7 pstate is now 12/12
2024-08-14 05:14:01  esr1b.rk15.p01.ny7 SC pstate is now -
2024-08-14 05:14:20  Status Checking Complete
