2024-07-31 05:17:44  Script Start
2024-07-31 05:17:52  {
    "dsr1.rk01.p01.da6": {
        "dev_type": "Arista",
        "updown": "Down/Down",
        "peerstate": "INIT",
        "scpeerstate": "INIT",
        "maintmode": "INIT",
        "mlagstate": "INIT",
        "first_ping": 2,
        "version": "INIT",
        "svrPortState": "INIT"
    },
    "dsr1.rk01.p02.da6": {
        "dev_type": "Arista",
        "updown": "Down/Down",
        "peerstate": "INIT",
        "scpeerstate": "INIT",
        "maintmode": "INIT",
        "mlagstate": "INIT",
        "first_ping": 2,
        "version": "INIT",
        "svrPortState": "INIT"
    },
    "dsr2.rk02.p01.da6": {
        "dev_type": "Arista",
        "updown": "Down/Down",
        "peerstate": "INIT",
        "scpeerstate": "INIT",
        "maintmode": "INIT",
        "mlagstate": "INIT",
        "first_ping": 2,
        "version": "INIT",
        "svrPortState": "INIT"
    },
    "dsr2.rk02.p02.da6": {
        "dev_type": "Arista",
        "updown": "Down/Down",
        "peerstate": "INIT",
        "scpeerstate": "INIT",
        "maintmode": "INIT",
        "mlagstate": "INIT",
        "first_ping": 2,
        "version": "INIT",
        "svrPortState": "INIT"
    },
    "dsr3.rk01.p01.da6": {
        "dev_type": "Arista",
        "updown": "Down/Down",
        "peerstate": "INIT",
        "scpeerstate": "INIT",
        "maintmode": "INIT",
        "mlagstate": "INIT",
        "first_ping": 2,
        "version": "INIT",
        "svrPortState": "INIT"
    },
    "dsr3.rk01.p02.da6": {
        "dev_type": "Arista",
        "updown": "Down/Down",
        "peerstate": "INIT",
        "scpeerstate": "INIT",
        "maintmode": "INIT",
        "mlagstate": "INIT",
        "first_ping": 2,
        "version": "INIT",
        "svrPortState": "INIT"
    },
    "dsr4.rk02.p01.da6": {
        "dev_type": "Arista",
        "updown": "Down/Down",
        "peerstate": "INIT",
        "scpeerstate": "INIT",
        "maintmode": "INIT",
        "mlagstate": "INIT",
        "first_ping": 2,
        "version": "INIT",
        "svrPortState": "INIT"
    },
    "dsr4.rk02.p02.da6": {
        "dev_type": "Arista",
        "updown": "Down/Down",
        "peerstate": "INIT",
        "scpeerstate": "INIT",
        "maintmode": "INIT",
        "mlagstate": "INIT",
        "first_ping": 2,
        "version": "INIT",
        "svrPortState": "INIT"
    },
    "esr1a.rk03.p01.da6": {
        "dev_type": "Arista",
        "updown": "Down/Down",
        "peerstate": "INIT",
        "scpeerstate": "INIT",
        "maintmode": "INIT",
        "mlagstate": "INIT",
        "first_ping": 2,
        "version": "INIT",
        "svrPortState": "INIT"
    },
    "esr1a.rk04.p01.da6": {
        "dev_type": "Arista",
        "updown": "Down/Down",
        "peerstate": "INIT",
        "scpeerstate": "INIT",
        "maintmode": "INIT",
        "mlagstate": "INIT",
        "first_ping": 2,
        "version": "INIT",
        "svrPortState": "INIT"
    },
    "esr1a.rk05.p01.da6": {
        "dev_type": "Arista",
        "updown": "Down/Down",
        "peerstate": "INIT",
        "scpeerstate": "INIT",
        "maintmode": "INIT",
        "mlagstate": "INIT",
        "first_ping": 2,
        "version": "INIT",
        "svrPortState": "INIT"
    },
    "esr1a.rk06.p01.da6": {
        "dev_type": "Arista",
        "updown": "Down/Down",
        "peerstate": "INIT",
        "scpeerstate": "INIT",
        "maintmode": "INIT",
        "mlagstate": "INIT",
        "first_ping": 2,
        "version": "INIT",
        "svrPortState": "INIT"
    },
    "esr1a.rk07.p01.da6": {
        "dev_type": "Arista",
        "updown": "Down/Down",
        "peerstate": "INIT",
        "scpeerstate": "INIT",
        "maintmode": "INIT",
        "mlagstate": "INIT",
        "first_ping": 2,
        "version": "INIT",
        "svrPortState": "INIT"
    },
    "esr1a.rk08.p01.da6": {
        "dev_type": "Arista",
        "updown": "Down/Down",
        "peerstate": "INIT",
        "scpeerstate": "INIT",
        "maintmode": "INIT",
        "mlagstate": "INIT",
        "first_ping": 2,
        "version": "INIT",
        "svrPortState": "INIT"
    },
    "esr1a.rk09.p01.da6": {
        "dev_type": "Arista",
        "updown": "Down/Down",
        "peerstate": "INIT",
        "scpeerstate": "INIT",
        "maintmode": "INIT",
        "mlagstate": "INIT",
        "first_ping": 2,
        "version": "INIT",
        "svrPortState": "INIT"
    },
    "esr1a.rk09.p02.da6": {
        "dev_type": "Arista",
        "updown": "Down/Down",
        "peerstate": "INIT",
        "scpeerstate": "INIT",
        "maintmode": "INIT",
        "mlagstate": "INIT",
        "first_ping": 2,
        "version": "INIT",
        "svrPortState": "INIT"
    },
    "esr1a.rk10.p01.da6": {
        "dev_type": "Arista",
        "updown": "Down/Down",
        "peerstate": "INIT",
        "scpeerstate": "INIT",
        "maintmode": "INIT",
        "mlagstate": "INIT",
        "first_ping": 2,
        "version": "INIT",
        "svrPortState": "INIT"
    },
    "esr1a.rk10.p02.da6": {
        "dev_type": "Arista",
        "updown": "Down/Down",
        "peerstate": "INIT",
        "scpeerstate": "INIT",
        "maintmode": "INIT",
        "mlagstate": "INIT",
        "first_ping": 2,
        "version": "INIT",
        "svrPortState": "INIT"
    },
    "esr1a.rk11.p01.da6": {
        "dev_type": "Arista",
        "updown": "Down/Down",
        "peerstate": "INIT",
        "scpeerstate": "INIT",
        "maintmode": "INIT",
        "mlagstate": "INIT",
        "first_ping": 2,
        "version": "INIT",
        "svrPortState": "INIT"
    },
    "esr1a.rk11.p02.da6": {
        "dev_type": "Arista",
        "updown": "Down/Down",
        "peerstate": "INIT",
        "scpeerstate": "INIT",
        "maintmode": "INIT",
        "mlagstate": "INIT",
        "first_ping": 2,
        "version": "INIT",
        "svrPortState": "INIT"
    },
    "esr1a.rk12.p01.da6": {
        "dev_type": "Arista",
        "updown": "Down/Down",
        "peerstate": "INIT",
        "scpeerstate": "INIT",
        "maintmode": "INIT",
        "mlagstate": "INIT",
        "first_ping": 2,
        "version": "INIT",
        "svrPortState": "INIT"
    },
    "esr1a.rk12.p02.da6": {
        "dev_type": "Arista",
        "updown": "Down/Down",
        "peerstate": "INIT",
        "scpeerstate": "INIT",
        "maintmode": "INIT",
        "mlagstate": "INIT",
        "first_ping": 2,
        "version": "INIT",
        "svrPortState": "INIT"
    },
    "esr1a.rk13.p02.da6": {
        "dev_type": "Arista",
        "updown": "Down/Down",
        "peerstate": "INIT",
        "scpeerstate": "INIT",
        "maintmode": "INIT",
        "mlagstate": "INIT",
        "first_ping": 2,
        "version": "INIT",
        "svrPortState": "INIT"
    },
    "esr1a.rk14.p02.da6": {
        "dev_type": "Arista",
        "updown": "Down/Down",
        "peerstate": "INIT",
        "scpeerstate": "INIT",
        "maintmode": "INIT",
        "mlagstate": "INIT",
        "first_ping": 2,
        "version": "INIT",
        "svrPortState": "INIT"
    },
    "esr1a.rk15.p02.da6": {
        "dev_type": "Arista",
        "updown": "Down/Down",
        "peerstate": "INIT",
        "scpeerstate": "INIT",
        "maintmode": "INIT",
        "mlagstate": "INIT",
        "first_ping": 2,
        "version": "INIT",
        "svrPortState": "INIT"
    },
    "esr1a.rk16.p02.da6": {
        "dev_type": "Arista",
        "updown": "Down/Down",
        "peerstate": "INIT",
        "scpeerstate": "INIT",
        "maintmode": "INIT",
        "mlagstate": "INIT",
        "first_ping": 2,
        "version": "INIT",
        "svrPortState": "INIT"
    },
    "esr1a.rk17.p02.da6": {
        "dev_type": "Arista",
        "updown": "Down/Down",
        "peerstate": "INIT",
        "scpeerstate": "INIT",
        "maintmode": "INIT",
        "mlagstate": "INIT",
        "first_ping": 2,
        "version": "INIT",
        "svrPortState": "INIT"
    },
    "esr1a.rk18.p02.da6": {
        "dev_type": "Arista",
        "updown": "Down/Down",
        "peerstate": "INIT",
        "scpeerstate": "INIT",
        "maintmode": "INIT",
        "mlagstate": "INIT",
        "first_ping": 2,
        "version": "INIT",
        "svrPortState": "INIT"
    },
    "esr1b.rk03.p01.da6": {
        "dev_type": "Arista",
        "updown": "Down/Down",
        "peerstate": "INIT",
        "scpeerstate": "INIT",
        "maintmode": "INIT",
        "mlagstate": "INIT",
        "first_ping": 2,
        "version": "INIT",
        "svrPortState": "INIT"
    },
    "esr1b.rk04.p01.da6": {
        "dev_type": "Arista",
        "updown": "Down/Down",
        "peerstate": "INIT",
        "scpeerstate": "INIT",
        "maintmode": "INIT",
        "mlagstate": "INIT",
        "first_ping": 2,
        "version": "INIT",
        "svrPortState": "INIT"
    },
    "esr1b.rk05.p01.da6": {
        "dev_type": "Arista",
        "updown": "Down/Down",
        "peerstate": "INIT",
        "scpeerstate": "INIT",
        "maintmode": "INIT",
        "mlagstate": "INIT",
        "first_ping": 2,
        "version": "INIT",
        "svrPortState": "INIT"
    },
    "esr1b.rk06.p01.da6": {
        "dev_type": "Arista",
        "updown": "Down/Down",
        "peerstate": "INIT",
        "scpeerstate": "INIT",
        "maintmode": "INIT",
        "mlagstate": "INIT",
        "first_ping": 2,
        "version": "INIT",
        "svrPortState": "INIT"
    },
    "esr1b.rk07.p01.da6": {
        "dev_type": "Arista",
        "updown": "Down/Down",
        "peerstate": "INIT",
        "scpeerstate": "INIT",
        "maintmode": "INIT",
        "mlagstate": "INIT",
        "first_ping": 2,
        "version": "INIT",
        "svrPortState": "INIT"
    },
    "esr1b.rk08.p01.da6": {
        "dev_type": "Arista",
        "updown": "Down/Down",
        "peerstate": "INIT",
        "scpeerstate": "INIT",
        "maintmode": "INIT",
        "mlagstate": "INIT",
        "first_ping": 2,
        "version": "INIT",
        "svrPortState": "INIT"
    },
    "esr1b.rk09.p01.da6": {
        "dev_type": "Arista",
        "updown": "Down/Down",
        "peerstate": "INIT",
        "scpeerstate": "INIT",
        "maintmode": "INIT",
        "mlagstate": "INIT",
        "first_ping": 2,
        "version": "INIT",
        "svrPortState": "INIT"
    },
    "esr1b.rk10.p01.da6": {
        "dev_type": "Arista",
        "updown": "Down/Down",
        "peerstate": "INIT",
        "scpeerstate": "INIT",
        "maintmode": "INIT",
        "mlagstate": "INIT",
        "first_ping": 2,
        "version": "INIT",
        "svrPortState": "INIT"
    },
    "esr1b.rk11.p01.da6": {
        "dev_type": "Arista",
        "updown": "Down/Down",
        "peerstate": "INIT",
        "scpeerstate": "INIT",
        "maintmode": "INIT",
        "mlagstate": "INIT",
        "first_ping": 2,
        "version": "INIT",
        "svrPortState": "INIT"
    },
    "esr1b.rk12.p01.da6": {
        "dev_type": "Arista",
        "updown": "Down/Down",
        "peerstate": "INIT",
        "scpeerstate": "INIT",
        "maintmode": "INIT",
        "mlagstate": "INIT",
        "first_ping": 2,
        "version": "INIT",
        "svrPortState": "INIT"
    },
    "msw1.rk03.p01.da6": {
        "dev_type": "Arista",
        "updown": "Down",
        "peerstate": "INIT",
        "scpeerstate": "INIT",
        "maintmode": "",
        "mlagstate": "",
        "first_ping": 2,
        "version": "INIT",
        "svrPortState": "INIT"
    },
    "msw1.rk04.p01.da6": {
        "dev_type": "Arista",
        "updown": "Down",
        "peerstate": "INIT",
        "scpeerstate": "INIT",
        "maintmode": "",
        "mlagstate": "",
        "first_ping": 2,
        "version": "INIT",
        "svrPortState": "INIT"
    },
    "msw1.rk05.p01.da6": {
        "dev_type": "Arista",
        "updown": "Down",
        "peerstate": "INIT",
        "scpeerstate": "INIT",
        "maintmode": "",
        "mlagstate": "",
        "first_ping": 2,
        "version": "INIT",
        "svrPortState": "INIT"
    },
    "msw1.rk06.p01.da6": {
        "dev_type": "Arista",
        "updown": "Down",
        "peerstate": "INIT",
        "scpeerstate": "INIT",
        "maintmode": "",
        "mlagstate": "",
        "first_ping": 2,
        "version": "INIT",
        "svrPortState": "INIT"
    },
    "msw1.rk07.p01.da6": {
        "dev_type": "Arista",
        "updown": "Down",
        "peerstate": "INIT",
        "scpeerstate": "INIT",
        "maintmode": "",
        "mlagstate": "",
        "first_ping": 2,
        "version": "INIT",
        "svrPortState": "INIT"
    },
    "msw1.rk08.p01.da6": {
        "dev_type": "Arista",
        "updown": "Down",
        "peerstate": "INIT",
        "scpeerstate": "INIT",
        "maintmode": "",
        "mlagstate": "",
        "first_ping": 2,
        "version": "INIT",
        "svrPortState": "INIT"
    },
    "msw1.rk09.p01.da6": {
        "dev_type": "Arista",
        "updown": "Down",
        "peerstate": "INIT",
        "scpeerstate": "INIT",
        "maintmode": "",
        "mlagstate": "",
        "first_ping": 2,
        "version": "INIT",
        "svrPortState": "INIT"
    },
    "msw1.rk09.p02.da6": {
        "dev_type": "Arista",
        "updown": "Down",
        "peerstate": "INIT",
        "scpeerstate": "INIT",
        "maintmode": "",
        "mlagstate": "",
        "first_ping": 2,
        "version": "INIT",
        "svrPortState": "INIT"
    },
    "msw1.rk10.p01.da6": {
        "dev_type": "Arista",
        "updown": "Down",
        "peerstate": "INIT",
        "scpeerstate": "INIT",
        "maintmode": "",
        "mlagstate": "",
        "first_ping": 2,
        "version": "INIT",
        "svrPortState": "INIT"
    },
    "msw1.rk10.p02.da6": {
        "dev_type": "Arista",
        "updown": "Down",
        "peerstate": "INIT",
        "scpeerstate": "INIT",
        "maintmode": "",
        "mlagstate": "",
        "first_ping": 2,
        "version": "INIT",
        "svrPortState": "INIT"
    },
    "msw1.rk11.p01.da6": {
        "dev_type": "Arista",
        "updown": "Down",
        "peerstate": "INIT",
        "scpeerstate": "INIT",
        "maintmode": "",
        "mlagstate": "",
        "first_ping": 2,
        "version": "INIT",
        "svrPortState": "INIT"
    },
    "msw1.rk11.p02.da6": {
        "dev_type": "Arista",
        "updown": "Down",
        "peerstate": "INIT",
        "scpeerstate": "INIT",
        "maintmode": "",
        "mlagstate": "",
        "first_ping": 2,
        "version": "INIT",
        "svrPortState": "INIT"
    },
    "msw1.rk12.p01.da6": {
        "dev_type": "Arista",
        "updown": "Down",
        "peerstate": "INIT",
        "scpeerstate": "INIT",
        "maintmode": "",
        "mlagstate": "",
        "first_ping": 2,
        "version": "INIT",
        "svrPortState": "INIT"
    },
    "msw1.rk12.p02.da6": {
        "dev_type": "Arista",
        "updown": "Down",
        "peerstate": "INIT",
        "scpeerstate": "INIT",
        "maintmode": "",
        "mlagstate": "",
        "first_ping": 2,
        "version": "INIT",
        "svrPortState": "INIT"
    },
    "msw1.rk13.p01.da6": {
        "dev_type": "Arista",
        "updown": "Down",
        "peerstate": "INIT",
        "scpeerstate": "INIT",
        "maintmode": "",
        "mlagstate": "",
        "first_ping": 2,
        "version": "INIT",
        "svrPortState": "INIT"
    },
    "msw1.rk13.p02.da6": {
        "dev_type": "Arista",
        "updown": "Down",
        "peerstate": "INIT",
        "scpeerstate": "INIT",
        "maintmode": "",
        "mlagstate": "",
        "first_ping": 2,
        "version": "INIT",
        "svrPortState": "INIT"
    },
    "msw1.rk14.p01.da6": {
        "dev_type": "Arista",
        "updown": "Down",
        "peerstate": "INIT",
        "scpeerstate": "INIT",
        "maintmode": "",
        "mlagstate": "",
        "first_ping": 2,
        "version": "INIT",
        "svrPortState": "INIT"
    },
    "msw1.rk14.p02.da6": {
        "dev_type": "Arista",
        "updown": "Down",
        "peerstate": "INIT",
        "scpeerstate": "INIT",
        "maintmode": "",
        "mlagstate": "",
        "first_ping": 2,
        "version": "INIT",
        "svrPortState": "INIT"
    },
    "msw1.rk15.p01.da6": {
        "dev_type": "Arista",
        "updown": "Down",
        "peerstate": "INIT",
        "scpeerstate": "INIT",
        "maintmode": "",
        "mlagstate": "",
        "first_ping": 2,
        "version": "INIT",
        "svrPortState": "INIT"
    },
    "msw1.rk15.p02.da6": {
        "dev_type": "Arista",
        "updown": "Down",
        "peerstate": "INIT",
        "scpeerstate": "INIT",
        "maintmode": "",
        "mlagstate": "",
        "first_ping": 2,
        "version": "INIT",
        "svrPortState": "INIT"
    },
    "msw1.rk16.p01.da6": {
        "dev_type": "Arista",
        "updown": "Down",
        "peerstate": "INIT",
        "scpeerstate": "INIT",
        "maintmode": "",
        "mlagstate": "",
        "first_ping": 2,
        "version": "INIT",
        "svrPortState": "INIT"
    },
    "msw1.rk16.p02.da6": {
        "dev_type": "Arista",
        "updown": "Down",
        "peerstate": "INIT",
        "scpeerstate": "INIT",
        "maintmode": "",
        "mlagstate": "",
        "first_ping": 2,
        "version": "INIT",
        "svrPortState": "INIT"
    },
    "msw1.rk17.p01.da6": {
        "dev_type": "Arista",
        "updown": "Down",
        "peerstate": "INIT",
        "scpeerstate": "INIT",
        "maintmode": "",
        "mlagstate": "",
        "first_ping": 2,
        "version": "INIT",
        "svrPortState": "INIT"
    },
    "msw1.rk17.p02.da6": {
        "dev_type": "Arista",
        "updown": "Down",
        "peerstate": "INIT",
        "scpeerstate": "INIT",
        "maintmode": "",
        "mlagstate": "",
        "first_ping": 2,
        "version": "INIT",
        "svrPortState": "INIT"
    },
    "msw1.rk18.p01.da6": {
        "dev_type": "Arista",
        "updown": "Down",
        "peerstate": "INIT",
        "scpeerstate": "INIT",
        "maintmode": "",
        "mlagstate": "",
        "first_ping": 2,
        "version": "INIT",
        "svrPortState": "INIT"
    },
    "msw1.rk18.p02.da6": {
        "dev_type": "Arista",
        "updown": "Down",
        "peerstate": "INIT",
        "scpeerstate": "INIT",
        "maintmode": "",
        "mlagstate": "",
        "first_ping": 2,
        "version": "INIT",
        "svrPortState": "INIT"
    },
    "msw1.rk19.p01.da6": {
        "dev_type": "Arista",
        "updown": "Down",
        "peerstate": "INIT",
        "scpeerstate": "INIT",
        "maintmode": "",
        "mlagstate": "",
        "first_ping": 2,
        "version": "INIT",
        "svrPortState": "INIT"
    },
    "msw1.rk20.p01.da6": {
        "dev_type": "Arista",
        "updown": "Down",
        "peerstate": "INIT",
        "scpeerstate": "INIT",
        "maintmode": "",
        "mlagstate": "",
        "first_ping": 2,
        "version": "INIT",
        "svrPortState": "INIT"
    },
    "msw1.rk21.p01.da6": {
        "dev_type": "Arista",
        "updown": "Down",
        "peerstate": "INIT",
        "scpeerstate": "INIT",
        "maintmode": "",
        "mlagstate": "",
        "first_ping": 2,
        "version": "INIT",
        "svrPortState": "INIT"
    },
    "msw1.rk26.p01.da6": {
        "dev_type": "Arista",
        "updown": "Down",
        "peerstate": "INIT",
        "scpeerstate": "INIT",
        "maintmode": "",
        "mlagstate": "",
        "first_ping": 2,
        "version": "INIT",
        "svrPortState": "INIT"
    },
    "msw1.rk27.p01.da6": {
        "dev_type": "Arista",
        "updown": "Down",
        "peerstate": "INIT",
        "scpeerstate": "INIT",
        "maintmode": "",
        "mlagstate": "",
        "first_ping": 2,
        "version": "INIT",
        "svrPortState": "INIT"
    },
    "msw2.rk09.p02.da6": {
        "dev_type": "Arista",
        "updown": "Down",
        "peerstate": "INIT",
        "scpeerstate": "INIT",
        "maintmode": "",
        "mlagstate": "",
        "first_ping": 2,
        "version": "INIT",
        "svrPortState": "INIT"
    },
    "msw2.rk10.p02.da6": {
        "dev_type": "Arista",
        "updown": "Down",
        "peerstate": "INIT",
        "scpeerstate": "INIT",
        "maintmode": "",
        "mlagstate": "",
        "first_ping": 2,
        "version": "INIT",
        "svrPortState": "INIT"
    },
    "msw2.rk11.p02.da6": {
        "dev_type": "Arista",
        "updown": "Down",
        "peerstate": "INIT",
        "scpeerstate": "INIT",
        "maintmode": "",
        "mlagstate": "",
        "first_ping": 2,
        "version": "INIT",
        "svrPortState": "INIT"
    },
    "msw2.rk12.p02.da6": {
        "dev_type": "Arista",
        "updown": "Down",
        "peerstate": "INIT",
        "scpeerstate": "INIT",
        "maintmode": "",
        "mlagstate": "",
        "first_ping": 2,
        "version": "INIT",
        "svrPortState": "INIT"
    },
    "msw2.rk13.p02.da6": {
        "dev_type": "Arista",
        "updown": "Down",
        "peerstate": "INIT",
        "scpeerstate": "INIT",
        "maintmode": "",
        "mlagstate": "",
        "first_ping": 2,
        "version": "INIT",
        "svrPortState": "INIT"
    },
    "msw2.rk14.p02.da6": {
        "dev_type": "Arista",
        "updown": "Down",
        "peerstate": "INIT",
        "scpeerstate": "INIT",
        "maintmode": "",
        "mlagstate": "",
        "first_ping": 2,
        "version": "INIT",
        "svrPortState": "INIT"
    },
    "msw2.rk15.p02.da6": {
        "dev_type": "Arista",
        "updown": "Down",
        "peerstate": "INIT",
        "scpeerstate": "INIT",
        "maintmode": "",
        "mlagstate": "",
        "first_ping": 2,
        "version": "INIT",
        "svrPortState": "INIT"
    },
    "msw2.rk16.p02.da6": {
        "dev_type": "Arista",
        "updown": "Down",
        "peerstate": "INIT",
        "scpeerstate": "INIT",
        "maintmode": "",
        "mlagstate": "",
        "first_ping": 2,
        "version": "INIT",
        "svrPortState": "INIT"
    },
    "msw2.rk17.p02.da6": {
        "dev_type": "Arista",
        "updown": "Down",
        "peerstate": "INIT",
        "scpeerstate": "INIT",
        "maintmode": "",
        "mlagstate": "",
        "first_ping": 2,
        "version": "INIT",
        "svrPortState": "INIT"
    },
    "msw2.rk18.p02.da6": {
        "dev_type": "Arista",
        "updown": "Down",
        "peerstate": "INIT",
        "scpeerstate": "INIT",
        "maintmode": "",
        "mlagstate": "",
        "first_ping": 2,
        "version": "INIT",
        "svrPortState": "INIT"
    }
}
2024-07-31 05:17:52  Starting Status Checks
2024-07-31 05:17:53  esr1b.rk11.p01.da6 Version is now EOS: 4.28.7M
2024-07-31 05:17:53  esr1b.rk03.p01.da6 Version is now EOS: 4.28.7M
2024-07-31 05:17:53  esr1a.rk04.p01.da6 Version is now EOS: 4.28.7M
2024-07-31 05:17:53  esr1a.rk11.p01.da6 Version is now EOS: 4.28.7M
2024-07-31 05:17:53  esr1a.rk12.p01.da6 Version is now EOS: 4.28.7M
2024-07-31 05:17:53  esr1a.rk07.p01.da6 Version is now EOS: 4.28.7M
2024-07-31 05:17:53  esr1b.rk06.p01.da6 Version is now EOS: 4.28.7M
2024-07-31 05:17:53  esr1b.rk04.p01.da6 Version is now EOS: 4.28.7M
2024-07-31 05:17:53  esr1a.rk08.p01.da6 Version is now EOS: 4.28.7M
2024-07-31 05:17:53  esr1b.rk12.p01.da6 Version is now EOS: 4.28.7M
2024-07-31 05:17:53  esr1b.rk09.p01.da6 Version is now EOS: 4.28.7M
2024-07-31 05:17:53  esr1a.rk09.p01.da6 Version is now EOS: 4.28.7M
2024-07-31 05:17:53  esr1a.rk03.p01.da6 Version is now EOS: 4.28.7M
2024-07-31 05:17:53  esr1b.rk07.p01.da6 Version is now EOS: 4.28.7M
2024-07-31 05:17:53  esr1b.rk08.p01.da6 Version is now EOS: 4.28.7M
2024-07-31 05:17:53  esr1b.rk10.p01.da6 Version is now EOS: 4.28.7M
2024-07-31 05:17:53  esr1b.rk05.p01.da6 Version is now EOS: 4.28.7M
2024-07-31 05:17:53  esr1a.rk05.p01.da6 Version is now EOS: 4.28.7M
2024-07-31 05:17:53  esr1a.rk10.p01.da6 Version is now EOS: 4.28.7M
2024-07-31 05:17:53  esr1a.rk06.p01.da6 Version is now EOS: 4.28.7M
2024-07-31 05:17:53  esr1b.rk11.p01.da6 is now Up / Up
2024-07-31 05:17:53  esr1a.rk04.p01.da6 is now Up / Up
2024-07-31 05:17:53  esr1b.rk03.p01.da6 is now Up / Up
2024-07-31 05:17:53  esr1b.rk06.p01.da6 is now Up / Up
2024-07-31 05:17:53  esr1a.rk07.p01.da6 is now Up / Up
2024-07-31 05:17:53  esr1a.rk11.p01.da6 is now Up / Up
2024-07-31 05:17:53  esr1b.rk04.p01.da6 is now Up / Up
2024-07-31 05:17:53  esr1a.rk12.p01.da6 is now Up / Up
2024-07-31 05:17:53  esr1b.rk09.p01.da6 is now Up / Up
2024-07-31 05:17:53  esr1a.rk08.p01.da6 is now Up / Up
2024-07-31 05:17:53  esr1a.rk03.p01.da6 is now Up / Up
2024-07-31 05:17:53  esr1a.rk09.p01.da6 is now Up / Up
2024-07-31 05:17:53  esr1b.rk12.p01.da6 is now Up / Up
2024-07-31 05:17:53  esr1b.rk10.p01.da6 is now Up / Up
2024-07-31 05:17:53  esr1a.rk05.p01.da6 is now Up / Up
2024-07-31 05:17:53  esr1b.rk07.p01.da6 is now Up / Up
2024-07-31 05:17:53  esr1b.rk08.p01.da6 is now Up / Up
2024-07-31 05:17:53  esr1b.rk05.p01.da6 is now Up / Up
2024-07-31 05:17:53  esr1a.rk10.p01.da6 is now Up / Up
2024-07-31 05:17:53  esr1a.rk06.p01.da6 is now Up / Up
2024-07-31 05:17:54  msw1.rk09.p02.da6 Version is now EOS: 4.28.7M
2024-07-31 05:17:54  msw1.rk05.p01.da6 Version is now EOS: 4.28.7M
2024-07-31 05:17:54  msw1.rk08.p01.da6 Version is now EOS: 4.28.7M
2024-07-31 05:17:54  msw2.rk16.p02.da6 Version is now EOS: 4.28.7M
2024-07-31 05:17:54  msw2.rk12.p02.da6 Version is now EOS: 4.28.7M
2024-07-31 05:17:54  msw1.rk04.p01.da6 Version is now EOS: 4.28.7M
2024-07-31 05:17:54  msw1.rk15.p01.da6 Version is now EOS: 4.28.7M
2024-07-31 05:17:54  msw1.rk10.p01.da6 Version is now EOS: 4.28.7M
2024-07-31 05:17:54  msw2.rk15.p02.da6 Version is now EOS: 4.28.7M
2024-07-31 05:17:54  msw1.rk10.p02.da6 Version is now EOS: 4.28.7M
2024-07-31 05:17:54  msw2.rk13.p02.da6 Version is now EOS: 4.28.7M
2024-07-31 05:17:54  msw1.rk09.p01.da6 Version is now EOS: 4.28.7M
2024-07-31 05:17:54  msw1.rk18.p01.da6 Version is now EOS: 4.28.7M
2024-07-31 05:17:54  msw1.rk15.p02.da6 Version is now EOS: 4.28.7M
2024-07-31 05:17:54  esr1a.rk16.p02.da6 Version is now EOS: 4.28.7M
2024-07-31 05:17:54  msw1.rk11.p02.da6 Version is now EOS: 4.28.7M
2024-07-31 05:17:54  msw1.rk14.p02.da6 Version is now EOS: 4.28.7M
2024-07-31 05:17:54  msw2.rk10.p02.da6 Version is now EOS: 4.28.7M
2024-07-31 05:17:54  msw1.rk11.p01.da6 Version is now EOS: 4.28.7M
2024-07-31 05:17:54  esr1a.rk18.p02.da6 Version is now EOS: 4.28.7M
2024-07-31 05:17:54  msw2.rk17.p02.da6 Version is now EOS: 4.28.7M
2024-07-31 05:17:54  msw1.rk17.p01.da6 Version is now EOS: 4.28.7M
2024-07-31 05:17:54  msw1.rk03.p01.da6 Version is now EOS: 4.28.7M
2024-07-31 05:17:54  msw1.rk16.p01.da6 Version is now EOS: 4.28.7M
2024-07-31 05:17:54  msw1.rk20.p01.da6 Version is now EOS: 4.28.7M
2024-07-31 05:17:54  msw1.rk18.p02.da6 Version is now EOS: 4.28.7M
2024-07-31 05:17:54  msw1.rk12.p01.da6 Version is now EOS: 4.28.7M
2024-07-31 05:17:54  msw1.rk06.p01.da6 Version is now EOS: 4.28.7M
2024-07-31 05:17:54  msw1.rk14.p01.da6 Version is now EOS: 4.28.7M
2024-07-31 05:17:54  msw2.rk18.p02.da6 Version is now EOS: 4.28.7M
2024-07-31 05:17:54  msw2.rk14.p02.da6 Version is now EOS: 4.28.7M
2024-07-31 05:17:54  msw2.rk11.p02.da6 Version is now EOS: 4.28.7M
2024-07-31 05:17:54  esr1a.rk17.p02.da6 Version is now EOS: 4.28.7M
2024-07-31 05:17:54  msw1.rk26.p01.da6 Version is now EOS: 4.28.7M
2024-07-31 05:17:54  msw1.rk27.p01.da6 Version is now EOS: 4.28.7M
2024-07-31 05:17:54  esr1a.rk09.p02.da6 Version is now EOS: 4.28.7M
2024-07-31 05:17:54  msw1.rk17.p02.da6 Version is now EOS: 4.28.7M
2024-07-31 05:17:54  msw1.rk12.p02.da6 Version is now EOS: 4.28.7M
2024-07-31 05:17:54  msw1.rk13.p01.da6 Version is now EOS: 4.28.7M
2024-07-31 05:17:54  msw2.rk09.p02.da6 Version is now EOS: 4.28.7M
2024-07-31 05:17:54  msw1.rk16.p02.da6 Version is now EOS: 4.28.7M
2024-07-31 05:17:54  msw1.rk21.p01.da6 Version is now EOS: 4.28.7M
2024-07-31 05:17:54  msw1.rk19.p01.da6 Version is now EOS: 4.28.7M
2024-07-31 05:17:54  esr1a.rk15.p02.da6 Version is now EOS: 4.28.7M
2024-07-31 05:17:54  msw1.rk07.p01.da6 Version is now EOS: 4.28.7M
2024-07-31 05:17:54  esr1a.rk11.p02.da6 Version is now EOS: 4.28.7M
2024-07-31 05:17:54  esr1a.rk10.p02.da6 Version is now EOS: 4.28.7M
2024-07-31 05:17:54  esr1a.rk13.p02.da6 Version is now EOS: 4.28.7M
2024-07-31 05:17:54  esr1a.rk12.p02.da6 Version is now EOS: 4.28.7M
2024-07-31 05:17:54  msw1.rk13.p02.da6 Version is now EOS: 4.28.7M
2024-07-31 05:17:54  esr1a.rk18.p02.da6 is now Up / Up
2024-07-31 05:17:54  esr1a.rk09.p02.da6 is now Up / Up
2024-07-31 05:17:54  esr1a.rk16.p02.da6 is now Up / Up
2024-07-31 05:17:54  esr1a.rk17.p02.da6 is now Up / Up
2024-07-31 05:17:54  esr1a.rk15.p02.da6 is now Up / Up
2024-07-31 05:17:54  esr1a.rk11.p02.da6 is now Up / Up
2024-07-31 05:17:54  esr1a.rk14.p02.da6 Version is now EOS: 4.28.7M
2024-07-31 05:17:54  esr1a.rk10.p02.da6 is now Up / Up
2024-07-31 05:17:54  esr1a.rk12.p02.da6 is now Up / Up
2024-07-31 05:17:54  esr1a.rk13.p02.da6 is now Up / Up
2024-07-31 05:17:54  esr1a.rk14.p02.da6 is now Up / Up
2024-07-31 05:17:54  dsr2.rk02.p02.da6 Version is now EOS: 4.28.7M
2024-07-31 05:17:54  dsr3.rk01.p02.da6 Version is now EOS: 4.28.7M
2024-07-31 05:17:54  dsr4.rk02.p02.da6 Version is now EOS: 4.28.7M
2024-07-31 05:17:54  dsr4.rk02.p01.da6 Version is now EOS: 4.28.7M
2024-07-31 05:17:54  dsr3.rk01.p01.da6 Version is now EOS: 4.28.7M
2024-07-31 05:17:54  dsr1.rk01.p01.da6 Version is now EOS: 4.28.7M
2024-07-31 05:17:54  dsr2.rk02.p02.da6 is now Up / Up
2024-07-31 05:17:54  dsr2.rk02.p01.da6 Version is now EOS: 4.28.7M
2024-07-31 05:17:54  dsr3.rk01.p02.da6 is now Up / Up
2024-07-31 05:17:54  dsr4.rk02.p02.da6 is now Up / Up
2024-07-31 05:17:54  dsr4.rk02.p01.da6 is now Up / Up
2024-07-31 05:17:54  dsr1.rk01.p02.da6 Version is now EOS: 4.28.7M
2024-07-31 05:17:54  dsr3.rk01.p01.da6 is now Up / Up
2024-07-31 05:17:54  dsr1.rk01.p01.da6 is now Up / Up
2024-07-31 05:17:54  esr1b.rk03.p01.da6 is now NoMaint
2024-07-31 05:17:54  esr1a.rk09.p01.da6 is now NoMaint
2024-07-31 05:17:54  dsr2.rk02.p01.da6 is now Up / Up
2024-07-31 05:17:54  esr1b.rk06.p01.da6 is now NoMaint
2024-07-31 05:17:54  esr1a.rk11.p01.da6 is now NoMaint
2024-07-31 05:17:54  esr1b.rk11.p01.da6 is now NoMaint
2024-07-31 05:17:54  esr1a.rk04.p01.da6 is now NoMaint
2024-07-31 05:17:54  esr1a.rk12.p01.da6 is now NoMaint
2024-07-31 05:17:54  dsr1.rk01.p02.da6 is now Up / Up
2024-07-31 05:17:54  esr1b.rk09.p01.da6 is now NoMaint
2024-07-31 05:17:54  esr1b.rk10.p01.da6 is now NoMaint
2024-07-31 05:17:54  esr1a.rk07.p01.da6 is now NoMaint
2024-07-31 05:17:54  esr1b.rk07.p01.da6 is now NoMaint
2024-07-31 05:17:54  esr1b.rk04.p01.da6 is now NoMaint
2024-07-31 05:17:54  esr1a.rk03.p01.da6 is now NoMaint
2024-07-31 05:17:54  esr1a.rk06.p01.da6 is now NoMaint
2024-07-31 05:17:54  esr1a.rk08.p01.da6 is now NoMaint
2024-07-31 05:17:54  esr1a.rk10.p01.da6 is now NoMaint
2024-07-31 05:17:54  esr1b.rk08.p01.da6 is now NoMaint
2024-07-31 05:17:54  esr1b.rk12.p01.da6 is now NoMaint
2024-07-31 05:17:54  esr1b.rk05.p01.da6 is now NoMaint
2024-07-31 05:17:54  esr1a.rk05.p01.da6 is now NoMaint
2024-07-31 05:17:54  msw2.rk12.p02.da6 pstate is now 2/2
2024-07-31 05:17:54  msw2.rk12.p02.da6 SC pstate is now -
2024-07-31 05:17:54  msw2.rk12.p02.da6 is now Up
2024-07-31 05:17:54  msw1.rk05.p01.da6 pstate is now 2/2
2024-07-31 05:17:54  msw1.rk05.p01.da6 SC pstate is now -
2024-07-31 05:17:54  msw1.rk05.p01.da6 is now Up
2024-07-31 05:17:54  msw1.rk17.p01.da6 pstate is now 2/2
2024-07-31 05:17:54  msw1.rk17.p01.da6 SC pstate is now -
2024-07-31 05:17:54  msw1.rk17.p01.da6 is now Up
2024-07-31 05:17:54  msw2.rk16.p02.da6 pstate is now 2/2
2024-07-31 05:17:54  msw2.rk16.p02.da6 SC pstate is now -
2024-07-31 05:17:54  msw2.rk16.p02.da6 is now Up
2024-07-31 05:17:54  msw2.rk10.p02.da6 pstate is now 2/2
2024-07-31 05:17:54  msw2.rk10.p02.da6 SC pstate is now -
2024-07-31 05:17:54  msw2.rk10.p02.da6 is now Up
2024-07-31 05:17:54  msw1.rk15.p01.da6 pstate is now 2/2
2024-07-31 05:17:54  msw1.rk15.p01.da6 SC pstate is now -
2024-07-31 05:17:54  msw1.rk15.p01.da6 is now Up
2024-07-31 05:17:54  msw2.rk11.p02.da6 pstate is now 2/2
2024-07-31 05:17:54  msw2.rk11.p02.da6 SC pstate is now -
2024-07-31 05:17:54  msw2.rk11.p02.da6 is now Up
2024-07-31 05:17:54  msw2.rk13.p02.da6 pstate is now 2/2
2024-07-31 05:17:54  msw2.rk13.p02.da6 SC pstate is now -
2024-07-31 05:17:54  msw2.rk13.p02.da6 is now Up
2024-07-31 05:17:54  msw1.rk09.p01.da6 pstate is now 2/2
2024-07-31 05:17:54  msw1.rk09.p01.da6 SC pstate is now -
2024-07-31 05:17:54  msw1.rk09.p01.da6 is now Up
2024-07-31 05:17:54  msw1.rk27.p01.da6 pstate is now 2/2
2024-07-31 05:17:54  msw1.rk11.p01.da6 pstate is now 2/2
2024-07-31 05:17:54  msw1.rk11.p01.da6 SC pstate is now -
2024-07-31 05:17:54  msw1.rk27.p01.da6 SC pstate is now -
2024-07-31 05:17:54  msw1.rk11.p01.da6 is now Up
2024-07-31 05:17:54  msw1.rk27.p01.da6 is now Up
2024-07-31 05:17:54  msw2.rk14.p02.da6 pstate is now 2/2
2024-07-31 05:17:54  msw2.rk14.p02.da6 SC pstate is now -
2024-07-31 05:17:54  msw1.rk12.p02.da6 pstate is now 2/2
2024-07-31 05:17:54  msw1.rk12.p02.da6 SC pstate is now -
2024-07-31 05:17:54  msw1.rk12.p02.da6 is now Up
2024-07-31 05:17:54  msw2.rk14.p02.da6 is now Up
2024-07-31 05:17:54  msw1.rk09.p02.da6 pstate is now 2/2
2024-07-31 05:17:54  msw1.rk09.p02.da6 SC pstate is now -
2024-07-31 05:17:54  msw1.rk09.p02.da6 is now Up
2024-07-31 05:17:54  msw1.rk04.p01.da6 pstate is now 2/2
2024-07-31 05:17:54  msw1.rk04.p01.da6 SC pstate is now -
2024-07-31 05:17:54  msw1.rk04.p01.da6 is now Up
2024-07-31 05:17:54  msw1.rk18.p01.da6 pstate is now 2/2
2024-07-31 05:17:54  msw1.rk18.p01.da6 SC pstate is now -
2024-07-31 05:17:54  msw1.rk18.p01.da6 is now Up
2024-07-31 05:17:54  msw1.rk06.p01.da6 pstate is now 2/2
2024-07-31 05:17:54  msw1.rk06.p01.da6 SC pstate is now -
2024-07-31 05:17:54  msw1.rk06.p01.da6 is now Up
2024-07-31 05:17:54  msw1.rk14.p02.da6 pstate is now 2/2
2024-07-31 05:17:54  msw1.rk14.p02.da6 SC pstate is now -
2024-07-31 05:17:54  msw1.rk14.p02.da6 is now Up
2024-07-31 05:17:54  msw1.rk10.p01.da6 pstate is now 2/2
2024-07-31 05:17:54  msw1.rk10.p01.da6 SC pstate is now -
2024-07-31 05:17:54  msw1.rk10.p01.da6 is now Up
2024-07-31 05:17:54  msw1.rk08.p01.da6 pstate is now 2/2
2024-07-31 05:17:54  msw1.rk26.p01.da6 pstate is now 2/2
2024-07-31 05:17:54  msw1.rk08.p01.da6 SC pstate is now -
2024-07-31 05:17:54  msw1.rk08.p01.da6 is now Up
2024-07-31 05:17:54  msw1.rk26.p01.da6 SC pstate is now -
2024-07-31 05:17:54  msw1.rk26.p01.da6 is now Up
2024-07-31 05:17:54  msw1.rk18.p02.da6 pstate is now 2/2
2024-07-31 05:17:54  msw1.rk10.p02.da6 pstate is now 2/2
2024-07-31 05:17:54  msw1.rk18.p02.da6 SC pstate is now -
2024-07-31 05:17:54  msw1.rk18.p02.da6 is now Up
2024-07-31 05:17:54  msw1.rk10.p02.da6 SC pstate is now -
2024-07-31 05:17:54  msw1.rk10.p02.da6 is now Up
2024-07-31 05:17:54  msw1.rk13.p01.da6 pstate is now 2/2
2024-07-31 05:17:54  msw1.rk13.p01.da6 SC pstate is now -
2024-07-31 05:17:54  msw1.rk13.p01.da6 is now Up
2024-07-31 05:17:54  msw2.rk15.p02.da6 pstate is now 2/2
2024-07-31 05:17:54  msw2.rk15.p02.da6 SC pstate is now -
2024-07-31 05:17:54  msw2.rk15.p02.da6 is now Up
2024-07-31 05:17:54  msw1.rk12.p01.da6 pstate is now 2/2
2024-07-31 05:17:54  msw1.rk12.p01.da6 SC pstate is now -
2024-07-31 05:17:54  msw1.rk12.p01.da6 is now Up
2024-07-31 05:17:54  msw1.rk15.p02.da6 pstate is now 2/2
2024-07-31 05:17:54  msw1.rk15.p02.da6 SC pstate is now -
2024-07-31 05:17:54  msw1.rk15.p02.da6 is now Up
2024-07-31 05:17:54  msw1.rk07.p01.da6 pstate is now 2/2
2024-07-31 05:17:54  msw1.rk07.p01.da6 SC pstate is now -
2024-07-31 05:17:54  msw1.rk07.p01.da6 is now Up
2024-07-31 05:17:54  msw1.rk03.p01.da6 pstate is now 2/2
2024-07-31 05:17:54  msw1.rk03.p01.da6 SC pstate is now -
2024-07-31 05:17:54  msw1.rk03.p01.da6 is now Up
2024-07-31 05:17:54  msw1.rk21.p01.da6 pstate is now 2/2
2024-07-31 05:17:54  msw1.rk21.p01.da6 SC pstate is now -
2024-07-31 05:17:54  msw1.rk21.p01.da6 is now Up
2024-07-31 05:17:54  msw1.rk16.p01.da6 pstate is now 2/2
2024-07-31 05:17:54  msw1.rk16.p01.da6 SC pstate is now -
2024-07-31 05:17:54  msw1.rk16.p01.da6 is now Up
2024-07-31 05:17:54  msw1.rk13.p02.da6 pstate is now 2/2
2024-07-31 05:17:54  msw1.rk13.p02.da6 SC pstate is now -
2024-07-31 05:17:54  msw1.rk13.p02.da6 is now Up
2024-07-31 05:17:54  msw2.rk09.p02.da6 pstate is now 2/2
2024-07-31 05:17:54  msw2.rk09.p02.da6 SC pstate is now -
2024-07-31 05:17:54  msw2.rk09.p02.da6 is now Up
2024-07-31 05:17:54  msw1.rk20.p01.da6 pstate is now 2/2
2024-07-31 05:17:54  msw1.rk20.p01.da6 SC pstate is now -
2024-07-31 05:17:54  msw1.rk20.p01.da6 is now Up
2024-07-31 05:17:54  msw2.rk18.p02.da6 pstate is now 2/2
2024-07-31 05:17:54  msw2.rk18.p02.da6 SC pstate is now -
2024-07-31 05:17:54  msw2.rk18.p02.da6 is now Up
2024-07-31 05:17:54  msw1.rk19.p01.da6 pstate is now 2/2
2024-07-31 05:17:54  msw1.rk19.p01.da6 SC pstate is now -
2024-07-31 05:17:54  msw1.rk19.p01.da6 is now Up
2024-07-31 05:17:54  msw1.rk16.p02.da6 pstate is now 2/2
2024-07-31 05:17:54  msw1.rk11.p02.da6 pstate is now 2/2
2024-07-31 05:17:54  msw1.rk16.p02.da6 SC pstate is now -
2024-07-31 05:17:54  msw1.rk11.p02.da6 SC pstate is now -
2024-07-31 05:17:54  msw1.rk16.p02.da6 is now Up
2024-07-31 05:17:54  msw1.rk11.p02.da6 is now Up
2024-07-31 05:17:54  msw1.rk17.p02.da6 pstate is now 2/2
2024-07-31 05:17:54  msw1.rk17.p02.da6 SC pstate is now -
2024-07-31 05:17:54  msw1.rk17.p02.da6 is now Up
2024-07-31 05:17:54  esr1a.rk18.p02.da6 is now Disabled
2024-07-31 05:17:54  msw2.rk17.p02.da6 pstate is now 2/2
2024-07-31 05:17:54  msw2.rk17.p02.da6 SC pstate is now -
2024-07-31 05:17:54  msw2.rk17.p02.da6 is now Up
2024-07-31 05:17:54  esr1a.rk09.p02.da6 is now Disabled
2024-07-31 05:17:54  esr1a.rk11.p02.da6 is now Disabled
2024-07-31 05:17:54  esr1a.rk17.p02.da6 is now Disabled
2024-07-31 05:17:54  esr1a.rk15.p02.da6 is now Disabled
2024-07-31 05:17:54  esr1a.rk16.p02.da6 is now Disabled
2024-07-31 05:17:54  esr1a.rk12.p02.da6 is now Disabled
2024-07-31 05:17:54  esr1a.rk10.p02.da6 is now Disabled
2024-07-31 05:17:54  dsr2.rk02.p02.da6 is now NoMaint
2024-07-31 05:17:54  msw1.rk14.p01.da6 pstate is now 2/2
2024-07-31 05:17:54  msw1.rk14.p01.da6 SC pstate is now -
2024-07-31 05:17:54  msw1.rk14.p01.da6 is now Up
2024-07-31 05:17:54  dsr3.rk01.p02.da6 is now NoMaint
2024-07-31 05:17:54  dsr4.rk02.p02.da6 is now NoMaint
2024-07-31 05:17:54  dsr2.rk02.p01.da6 is now NoMaint
2024-07-31 05:17:54  dsr4.rk02.p01.da6 is now NoMaint
2024-07-31 05:17:54  esr1a.rk13.p02.da6 is now Disabled
2024-07-31 05:17:54  dsr3.rk01.p01.da6 is now NoMaint
2024-07-31 05:17:54  dsr1.rk01.p02.da6 is now NoMaint
2024-07-31 05:17:54  dsr1.rk01.p01.da6 is now NoMaint
2024-07-31 05:17:55  dsr3.rk01.p02.da6 pstate is now 8/8
2024-07-31 05:17:55  dsr3.rk01.p02.da6 SC pstate is now -
2024-07-31 05:17:55  esr1a.rk14.p02.da6 is now Disabled
2024-07-31 05:17:55  dsr2.rk02.p02.da6 pstate is now 8/8
2024-07-31 05:17:55  dsr2.rk02.p02.da6 SC pstate is now -
2024-07-31 05:17:55  esr1a.rk09.p01.da6 pstate is now 12/12
2024-07-31 05:17:55  esr1a.rk09.p01.da6 SC pstate is now -
2024-07-31 05:17:55  esr1b.rk03.p01.da6 pstate is now 12/12
2024-07-31 05:17:55  esr1b.rk03.p01.da6 SC pstate is now 10/10
2024-07-31 05:17:55  esr1a.rk12.p01.da6 pstate is now 12/12
2024-07-31 05:17:55  esr1a.rk12.p01.da6 SC pstate is now -
2024-07-31 05:17:55  dsr4.rk02.p02.da6 pstate is now 8/8
2024-07-31 05:17:55  dsr4.rk02.p02.da6 SC pstate is now -
2024-07-31 05:17:55  esr1b.rk11.p01.da6 pstate is now 12/12
2024-07-31 05:17:55  esr1b.rk11.p01.da6 SC pstate is now -
2024-07-31 05:17:55  esr1a.rk11.p01.da6 pstate is now 12/12
2024-07-31 05:17:55  esr1a.rk11.p01.da6 SC pstate is now -
2024-07-31 05:17:55  esr1b.rk10.p01.da6 pstate is now 12/12
2024-07-31 05:17:55  esr1b.rk10.p01.da6 SC pstate is now -
2024-07-31 05:17:55  esr1b.rk07.p01.da6 pstate is now 12/12
2024-07-31 05:17:55  esr1b.rk07.p01.da6 SC pstate is now -
2024-07-31 05:17:55  esr1b.rk06.p01.da6 pstate is now 12/12
2024-07-31 05:17:55  esr1b.rk06.p01.da6 SC pstate is now -
2024-07-31 05:17:55  esr1a.rk07.p01.da6 pstate is now 12/12
2024-07-31 05:17:55  esr1a.rk07.p01.da6 SC pstate is now -
2024-07-31 05:17:55  esr1b.rk09.p01.da6 pstate is now 12/12
2024-07-31 05:17:55  esr1b.rk09.p01.da6 SC pstate is now -
2024-07-31 05:17:55  esr1a.rk08.p01.da6 pstate is now 12/12
2024-07-31 05:17:55  esr1a.rk08.p01.da6 SC pstate is now -
2024-07-31 05:17:55  dsr1.rk01.p02.da6 pstate is now 8/8
2024-07-31 05:17:55  dsr1.rk01.p02.da6 SC pstate is now -
2024-07-31 05:17:55  esr1b.rk12.p01.da6 pstate is now 12/12
2024-07-31 05:17:55  esr1b.rk12.p01.da6 SC pstate is now -
2024-07-31 05:17:55  dsr4.rk02.p01.da6 pstate is now 8/8
2024-07-31 05:17:55  dsr4.rk02.p01.da6 SC pstate is now -
2024-07-31 05:17:55  esr1a.rk04.p01.da6 pstate is now 12/12
2024-07-31 05:17:55  esr1a.rk04.p01.da6 SC pstate is now -
2024-07-31 05:17:55  esr1b.rk04.p01.da6 pstate is now 12/12
2024-07-31 05:17:55  esr1b.rk04.p01.da6 SC pstate is now -
2024-07-31 05:17:55  dsr2.rk02.p01.da6 pstate is now 8/8
2024-07-31 05:17:55  dsr2.rk02.p01.da6 SC pstate is now -
2024-07-31 05:17:55  dsr3.rk01.p01.da6 pstate is now 8/8
2024-07-31 05:17:55  esr1a.rk10.p01.da6 pstate is now 12/12
2024-07-31 05:17:55  dsr3.rk01.p01.da6 SC pstate is now -
2024-07-31 05:17:55  esr1a.rk10.p01.da6 SC pstate is now -
2024-07-31 05:17:55  esr1a.rk05.p01.da6 pstate is now 12/12
2024-07-31 05:17:55  esr1a.rk05.p01.da6 SC pstate is now -
2024-07-31 05:17:55  esr1b.rk05.p01.da6 pstate is now 12/12
2024-07-31 05:17:55  esr1b.rk05.p01.da6 SC pstate is now -
2024-07-31 05:17:55  esr1a.rk03.p01.da6 pstate is now 12/12
2024-07-31 05:17:55  esr1a.rk03.p01.da6 SC pstate is now 10/10
2024-07-31 05:17:55  esr1a.rk06.p01.da6 pstate is now 12/12
2024-07-31 05:17:55  esr1a.rk06.p01.da6 SC pstate is now -
2024-07-31 05:17:55  esr1b.rk08.p01.da6 pstate is now 12/12
2024-07-31 05:17:55  esr1b.rk08.p01.da6 SC pstate is now -
2024-07-31 05:17:55  dsr1.rk01.p01.da6 pstate is now 8/8
2024-07-31 05:17:55  dsr1.rk01.p01.da6 SC pstate is now -
2024-07-31 05:17:55  esr1a.rk09.p02.da6 pstate is now 10/10
2024-07-31 05:17:55  esr1a.rk09.p02.da6 SC pstate is now -
2024-07-31 05:17:56  esr1a.rk18.p02.da6 pstate is now 10/10
2024-07-31 05:17:56  esr1a.rk18.p02.da6 SC pstate is now -
2024-07-31 05:17:56  esr1a.rk11.p02.da6 pstate is now 10/10
2024-07-31 05:17:56  esr1a.rk11.p02.da6 SC pstate is now -
2024-07-31 05:17:56  esr1a.rk12.p02.da6 pstate is now 10/10
2024-07-31 05:17:56  esr1a.rk12.p02.da6 SC pstate is now -
2024-07-31 05:17:56  esr1a.rk17.p02.da6 pstate is now 10/10
2024-07-31 05:17:56  esr1a.rk17.p02.da6 SC pstate is now -
2024-07-31 05:17:56  esr1a.rk16.p02.da6 pstate is now 10/10
2024-07-31 05:17:56  esr1a.rk16.p02.da6 SC pstate is now -
2024-07-31 05:17:56  esr1a.rk10.p02.da6 pstate is now 10/10
2024-07-31 05:17:56  esr1a.rk10.p02.da6 SC pstate is now -
2024-07-31 05:17:56  esr1a.rk15.p02.da6 pstate is now 10/10
2024-07-31 05:17:56  esr1a.rk15.p02.da6 SC pstate is now -
2024-07-31 05:17:56  esr1a.rk13.p02.da6 pstate is now 10/10
2024-07-31 05:17:56  esr1a.rk13.p02.da6 SC pstate is now -
2024-07-31 05:17:57  esr1a.rk14.p02.da6 pstate is now 10/10
2024-07-31 05:17:57  esr1a.rk14.p02.da6 SC pstate is now -
2024-07-31 05:18:29  esr1a.rk05.p01.da6 Version is now EOS: 4.28.7M
2024-07-31 05:18:29  esr1a.rk11.p01.da6 Version is now EOS: 4.28.7M
2024-07-31 05:18:29  esr1a.rk09.p01.da6 Version is now EOS: 4.28.7M
2024-07-31 05:18:29  esr1b.rk04.p01.da6 Version is now EOS: 4.28.7M
2024-07-31 05:18:29  esr1a.rk03.p01.da6 Version is now EOS: 4.28.7M
2024-07-31 05:18:29  esr1b.rk10.p01.da6 Version is now EOS: 4.28.7M
2024-07-31 05:18:29  esr1a.rk08.p01.da6 Version is now EOS: 4.28.7M
2024-07-31 05:18:29  esr1a.rk05.p01.da6 is now Up / Up
2024-07-31 05:18:29  esr1a.rk04.p01.da6 Version is now EOS: 4.28.7M
2024-07-31 05:18:29  esr1b.rk06.p01.da6 Version is now EOS: 4.28.7M
2024-07-31 05:18:29  esr1a.rk10.p01.da6 Version is now EOS: 4.28.7M
2024-07-31 05:18:29  esr1b.rk11.p01.da6 Version is now EOS: 4.28.7M
2024-07-31 05:18:29  esr1b.rk12.p01.da6 Version is now EOS: 4.28.7M
2024-07-31 05:18:29  esr1a.rk11.p01.da6 is now Up / Up
2024-07-31 05:18:29  esr1a.rk07.p01.da6 Version is now EOS: 4.28.7M
2024-07-31 05:18:29  esr1b.rk08.p01.da6 Version is now EOS: 4.28.7M
2024-07-31 05:18:29  esr1a.rk06.p01.da6 Version is now EOS: 4.28.7M
2024-07-31 05:18:29  esr1b.rk03.p01.da6 Version is now EOS: 4.28.7M
2024-07-31 05:18:29  esr1a.rk12.p01.da6 Version is now EOS: 4.28.7M
2024-07-31 05:18:29  esr1a.rk09.p01.da6 is now Up / Up
2024-07-31 05:18:29  esr1b.rk05.p01.da6 Version is now EOS: 4.28.7M
2024-07-31 05:18:29  esr1b.rk07.p01.da6 Version is now EOS: 4.28.7M
2024-07-31 05:18:29  esr1b.rk09.p01.da6 Version is now EOS: 4.28.7M
2024-07-31 05:18:29  esr1b.rk04.p01.da6 is now Up / Up
2024-07-31 05:18:29  esr1b.rk10.p01.da6 is now Up / Up
2024-07-31 05:18:29  esr1a.rk08.p01.da6 is now Up / Up
2024-07-31 05:18:29  esr1a.rk03.p01.da6 is now Up / Up
2024-07-31 05:18:29  esr1a.rk04.p01.da6 is now Up / Up
2024-07-31 05:18:29  esr1b.rk06.p01.da6 is now Up / Up
2024-07-31 05:18:29  esr1b.rk12.p01.da6 is now Up / Up
2024-07-31 05:18:29  esr1a.rk10.p01.da6 is now Up / Up
2024-07-31 05:18:29  esr1b.rk11.p01.da6 is now Up / Up
2024-07-31 05:18:29  esr1a.rk06.p01.da6 is now Up / Up
2024-07-31 05:18:29  esr1a.rk07.p01.da6 is now Up / Up
2024-07-31 05:18:29  esr1b.rk08.p01.da6 is now Up / Up
2024-07-31 05:18:29  esr1b.rk05.p01.da6 is now Up / Up
2024-07-31 05:18:29  esr1b.rk03.p01.da6 is now Up / Up
2024-07-31 05:18:29  esr1a.rk12.p01.da6 is now Up / Up
2024-07-31 05:18:29  esr1b.rk09.p01.da6 is now Up / Up
2024-07-31 05:18:29  esr1b.rk07.p01.da6 is now Up / Up
2024-07-31 05:18:29  msw1.rk20.p01.da6 Version is now EOS: 4.28.7M
2024-07-31 05:18:29  msw2.rk09.p02.da6 Version is now EOS: 4.28.7M
2024-07-31 05:18:29  msw1.rk10.p02.da6 Version is now EOS: 4.28.7M
2024-07-31 05:18:29  msw1.rk13.p02.da6 Version is now EOS: 4.28.7M
2024-07-31 05:18:29  esr1a.rk17.p02.da6 Version is now EOS: 4.28.7M
2024-07-31 05:18:29  msw1.rk26.p01.da6 Version is now EOS: 4.28.7M
2024-07-31 05:18:29  msw1.rk06.p01.da6 Version is now EOS: 4.28.7M
2024-07-31 05:18:29  msw1.rk14.p02.da6 Version is now EOS: 4.28.7M
2024-07-31 05:18:29  msw1.rk08.p01.da6 Version is now EOS: 4.28.7M
2024-07-31 05:18:29  esr1a.rk11.p02.da6 Version is now EOS: 4.28.7M
2024-07-31 05:18:29  msw1.rk17.p02.da6 Version is now EOS: 4.28.7M
2024-07-31 05:18:29  msw2.rk17.p02.da6 Version is now EOS: 4.28.7M
2024-07-31 05:18:29  msw1.rk27.p01.da6 Version is now EOS: 4.28.7M
2024-07-31 05:18:29  msw1.rk03.p01.da6 Version is now EOS: 4.28.7M
2024-07-31 05:18:29  msw1.rk11.p02.da6 Version is now EOS: 4.28.7M
2024-07-31 05:18:29  msw1.rk09.p02.da6 Version is now EOS: 4.28.7M
2024-07-31 05:18:29  esr1a.rk12.p02.da6 Version is now EOS: 4.28.7M
2024-07-31 05:18:29  msw1.rk15.p02.da6 Version is now EOS: 4.28.7M
2024-07-31 05:18:29  msw1.rk19.p01.da6 Version is now EOS: 4.28.7M
2024-07-31 05:18:29  msw1.rk12.p02.da6 Version is now EOS: 4.28.7M
2024-07-31 05:18:29  esr1a.rk09.p02.da6 Version is now EOS: 4.28.7M
2024-07-31 05:18:29  msw1.rk12.p01.da6 Version is now EOS: 4.28.7M
2024-07-31 05:18:29  msw1.rk18.p01.da6 Version is now EOS: 4.28.7M
2024-07-31 05:18:29  esr1a.rk16.p02.da6 Version is now EOS: 4.28.7M
2024-07-31 05:18:29  msw1.rk18.p02.da6 Version is now EOS: 4.28.7M
2024-07-31 05:18:29  msw1.rk16.p02.da6 Version is now EOS: 4.28.7M
2024-07-31 05:18:29  msw1.rk15.p01.da6 Version is now EOS: 4.28.7M
2024-07-31 05:18:29  msw1.rk04.p01.da6 Version is now EOS: 4.28.7M
2024-07-31 05:18:29  msw2.rk15.p02.da6 Version is now EOS: 4.28.7M
2024-07-31 05:18:29  msw1.rk05.p01.da6 Version is now EOS: 4.28.7M
2024-07-31 05:18:29  msw2.rk18.p02.da6 Version is now EOS: 4.28.7M
2024-07-31 05:18:29  msw1.rk10.p01.da6 Version is now EOS: 4.28.7M
2024-07-31 05:18:29  msw1.rk13.p01.da6 Version is now EOS: 4.28.7M
2024-07-31 05:18:29  msw1.rk07.p01.da6 Version is now EOS: 4.28.7M
2024-07-31 05:18:29  msw2.rk16.p02.da6 Version is now EOS: 4.28.7M
2024-07-31 05:18:29  esr1a.rk18.p02.da6 Version is now EOS: 4.28.7M
2024-07-31 05:18:29  esr1a.rk15.p02.da6 Version is now EOS: 4.28.7M
2024-07-31 05:18:29  msw2.rk11.p02.da6 Version is now EOS: 4.28.7M
2024-07-31 05:18:29  msw1.rk14.p01.da6 Version is now EOS: 4.28.7M
2024-07-31 05:18:29  msw2.rk14.p02.da6 Version is now EOS: 4.28.7M
2024-07-31 05:18:29  esr1a.rk13.p02.da6 Version is now EOS: 4.28.7M
2024-07-31 05:18:29  esr1a.rk14.p02.da6 Version is now EOS: 4.28.7M
2024-07-31 05:18:29  msw2.rk13.p02.da6 Version is now EOS: 4.28.7M
2024-07-31 05:18:29  esr1a.rk10.p02.da6 Version is now EOS: 4.28.7M
2024-07-31 05:18:29  msw1.rk11.p01.da6 Version is now EOS: 4.28.7M
2024-07-31 05:18:29  msw1.rk17.p01.da6 Version is now EOS: 4.28.7M
2024-07-31 05:18:29  esr1a.rk17.p02.da6 is now Up / Up
2024-07-31 05:18:29  msw2.rk12.p02.da6 Version is now EOS: 4.28.7M
2024-07-31 05:18:29  msw1.rk16.p01.da6 Version is now EOS: 4.28.7M
2024-07-31 05:18:29  esr1a.rk12.p02.da6 is now Up / Up
2024-07-31 05:18:29  msw1.rk09.p01.da6 Version is now EOS: 4.28.7M
2024-07-31 05:18:29  esr1a.rk16.p02.da6 is now Up / Up
2024-07-31 05:18:29  esr1a.rk11.p02.da6 is now Up / Up
2024-07-31 05:18:29  esr1a.rk09.p02.da6 is now Up / Up
2024-07-31 05:18:29  msw2.rk10.p02.da6 Version is now EOS: 4.28.7M
2024-07-31 05:18:29  msw1.rk21.p01.da6 Version is now EOS: 4.28.7M
2024-07-31 05:18:29  esr1a.rk15.p02.da6 is now Up / Up
2024-07-31 05:18:29  esr1a.rk10.p02.da6 is now Up / Up
2024-07-31 05:18:29  esr1a.rk13.p02.da6 is now Up / Up
2024-07-31 05:18:29  esr1a.rk18.p02.da6 is now Up / Up
2024-07-31 05:18:29  esr1a.rk14.p02.da6 is now Up / Up
2024-07-31 05:18:29  dsr3.rk01.p02.da6 Version is now EOS: 4.28.7M
2024-07-31 05:18:29  dsr4.rk02.p02.da6 Version is now EOS: 4.28.7M
2024-07-31 05:18:29  dsr2.rk02.p01.da6 Version is now EOS: 4.28.7M
2024-07-31 05:18:29  dsr1.rk01.p02.da6 Version is now EOS: 4.28.7M
2024-07-31 05:18:29  dsr1.rk01.p01.da6 Version is now EOS: 4.28.7M
2024-07-31 05:18:29  dsr3.rk01.p01.da6 Version is now EOS: 4.28.7M
2024-07-31 05:18:29  dsr3.rk01.p02.da6 is now Up / Up
2024-07-31 05:18:29  dsr2.rk02.p02.da6 Version is now EOS: 4.28.7M
2024-07-31 05:18:29  esr1a.rk09.p01.da6 is now NoMaint
2024-07-31 05:18:29  dsr4.rk02.p01.da6 Version is now EOS: 4.28.7M
2024-07-31 05:18:29  esr1a.rk05.p01.da6 is now NoMaint
2024-07-31 05:18:29  dsr4.rk02.p02.da6 is now Up / Up
2024-07-31 05:18:29  dsr2.rk02.p01.da6 is now Up / Up
2024-07-31 05:18:29  dsr1.rk01.p02.da6 is now Up / Up
2024-07-31 05:18:29  dsr1.rk01.p01.da6 is now Up / Up
2024-07-31 05:18:29  esr1a.rk11.p01.da6 is now NoMaint
2024-07-31 05:18:29  dsr3.rk01.p01.da6 is now Up / Up
2024-07-31 05:18:29  esr1b.rk06.p01.da6 is now NoMaint
2024-07-31 05:18:29  esr1a.rk08.p01.da6 is now NoMaint
2024-07-31 05:18:29  esr1b.rk04.p01.da6 is now NoMaint
2024-07-31 05:18:29  dsr2.rk02.p02.da6 is now Up / Up
2024-07-31 05:18:29  dsr4.rk02.p01.da6 is now Up / Up
2024-07-31 05:18:29  esr1b.rk10.p01.da6 is now NoMaint
2024-07-31 05:18:29  esr1a.rk10.p01.da6 is now NoMaint
2024-07-31 05:18:29  esr1a.rk04.p01.da6 is now NoMaint
2024-07-31 05:18:29  esr1a.rk07.p01.da6 is now NoMaint
2024-07-31 05:18:29  esr1a.rk06.p01.da6 is now NoMaint
2024-07-31 05:18:29  esr1a.rk03.p01.da6 is now NoMaint
2024-07-31 05:18:29  esr1b.rk11.p01.da6 is now NoMaint
2024-07-31 05:18:29  esr1b.rk09.p01.da6 is now NoMaint
2024-07-31 05:18:29  esr1b.rk08.p01.da6 is now NoMaint
2024-07-31 05:18:29  esr1b.rk12.p01.da6 is now NoMaint
2024-07-31 05:18:29  esr1b.rk05.p01.da6 is now NoMaint
2024-07-31 05:18:29  esr1b.rk03.p01.da6 is now NoMaint
2024-07-31 05:18:29  esr1a.rk12.p01.da6 is now NoMaint
2024-07-31 05:18:29  esr1b.rk07.p01.da6 is now NoMaint
2024-07-31 05:18:29  msw1.rk20.p01.da6 pstate is now 2/2
2024-07-31 05:18:29  msw1.rk20.p01.da6 SC pstate is now -
2024-07-31 05:18:29  msw1.rk20.p01.da6 is now Up
2024-07-31 05:18:29  msw1.rk13.p02.da6 pstate is now 2/2
2024-07-31 05:18:29  msw1.rk13.p02.da6 SC pstate is now -
2024-07-31 05:18:29  msw1.rk13.p02.da6 is now Up
2024-07-31 05:18:29  msw2.rk17.p02.da6 pstate is now 2/2
2024-07-31 05:18:29  msw2.rk17.p02.da6 SC pstate is now -
2024-07-31 05:18:29  msw2.rk17.p02.da6 is now Up
2024-07-31 05:18:29  msw1.rk06.p01.da6 pstate is now 2/2
2024-07-31 05:18:29  msw1.rk06.p01.da6 SC pstate is now -
2024-07-31 05:18:29  msw1.rk06.p01.da6 is now Up
2024-07-31 05:18:29  msw1.rk12.p01.da6 pstate is now 2/2
2024-07-31 05:18:29  msw1.rk12.p01.da6 SC pstate is now -
2024-07-31 05:18:29  msw1.rk12.p01.da6 is now Up
2024-07-31 05:18:29  msw1.rk26.p01.da6 pstate is now 2/2
2024-07-31 05:18:29  msw1.rk26.p01.da6 SC pstate is now -
2024-07-31 05:18:29  msw1.rk26.p01.da6 is now Up
2024-07-31 05:18:29  msw1.rk03.p01.da6 pstate is now 2/2
2024-07-31 05:18:29  msw1.rk03.p01.da6 SC pstate is now -
2024-07-31 05:18:29  msw1.rk03.p01.da6 is now Up
2024-07-31 05:18:29  msw1.rk09.p02.da6 pstate is now 2/2
2024-07-31 05:18:29  msw1.rk09.p02.da6 SC pstate is now -
2024-07-31 05:18:29  msw1.rk09.p02.da6 is now Up
2024-07-31 05:18:29  msw2.rk09.p02.da6 pstate is now 2/2
2024-07-31 05:18:29  msw2.rk09.p02.da6 SC pstate is now -
2024-07-31 05:18:29  msw2.rk09.p02.da6 is now Up
2024-07-31 05:18:29  msw1.rk10.p01.da6 pstate is now 2/2
2024-07-31 05:18:29  msw1.rk10.p01.da6 SC pstate is now -
2024-07-31 05:18:29  msw1.rk10.p01.da6 is now Up
2024-07-31 05:18:29  msw1.rk08.p01.da6 pstate is now 2/2
2024-07-31 05:18:29  msw1.rk08.p01.da6 SC pstate is now -
2024-07-31 05:18:29  msw1.rk18.p02.da6 pstate is now 2/2
2024-07-31 05:18:29  msw1.rk08.p01.da6 is now Up
2024-07-31 05:18:29  msw1.rk18.p02.da6 SC pstate is now -
2024-07-31 05:18:29  msw1.rk18.p02.da6 is now Up
2024-07-31 05:18:29  msw1.rk17.p02.da6 pstate is now 2/2
2024-07-31 05:18:29  msw1.rk17.p02.da6 SC pstate is now -
2024-07-31 05:18:29  msw1.rk17.p02.da6 is now Up
2024-07-31 05:18:29  msw1.rk07.p01.da6 pstate is now 2/2
2024-07-31 05:18:29  msw1.rk07.p01.da6 SC pstate is now -
2024-07-31 05:18:29  msw1.rk07.p01.da6 is now Up
2024-07-31 05:18:29  msw2.rk14.p02.da6 pstate is now 2/2
2024-07-31 05:18:29  msw2.rk14.p02.da6 SC pstate is now -
2024-07-31 05:18:29  msw2.rk14.p02.da6 is now Up
2024-07-31 05:18:29  msw2.rk11.p02.da6 pstate is now 2/2
2024-07-31 05:18:29  msw2.rk11.p02.da6 SC pstate is now -
2024-07-31 05:18:29  msw2.rk11.p02.da6 is now Up
2024-07-31 05:18:29  msw1.rk16.p02.da6 pstate is now 2/2
2024-07-31 05:18:29  msw1.rk16.p02.da6 SC pstate is now -
2024-07-31 05:18:29  msw1.rk16.p02.da6 is now Up
2024-07-31 05:18:29  msw1.rk15.p02.da6 pstate is now 2/2
2024-07-31 05:18:29  msw1.rk15.p02.da6 SC pstate is now -
2024-07-31 05:18:29  msw1.rk15.p02.da6 is now Up
2024-07-31 05:18:29  msw1.rk14.p02.da6 pstate is now 2/2
2024-07-31 05:18:29  msw1.rk14.p02.da6 SC pstate is now -
2024-07-31 05:18:29  msw1.rk14.p02.da6 is now Up
2024-07-31 05:18:29  msw1.rk11.p02.da6 pstate is now 2/2
2024-07-31 05:18:29  msw1.rk11.p02.da6 SC pstate is now -
2024-07-31 05:18:29  msw1.rk11.p02.da6 is now Up
2024-07-31 05:18:29  msw1.rk14.p01.da6 pstate is now 2/2
2024-07-31 05:18:29  msw1.rk14.p01.da6 SC pstate is now -
2024-07-31 05:18:29  msw1.rk14.p01.da6 is now Up
2024-07-31 05:18:29  msw1.rk04.p01.da6 pstate is now 2/2
2024-07-31 05:18:29  msw1.rk04.p01.da6 SC pstate is now -
2024-07-31 05:18:29  msw1.rk04.p01.da6 is now Up
2024-07-31 05:18:29  msw2.rk13.p02.da6 pstate is now 2/2
2024-07-31 05:18:29  msw2.rk13.p02.da6 SC pstate is now -
2024-07-31 05:18:29  msw2.rk13.p02.da6 is now Up
2024-07-31 05:18:29  msw2.rk18.p02.da6 pstate is now 2/2
2024-07-31 05:18:29  msw1.rk15.p01.da6 pstate is now 2/2
2024-07-31 05:18:29  msw2.rk18.p02.da6 SC pstate is now -
2024-07-31 05:18:29  msw2.rk18.p02.da6 is now Up
2024-07-31 05:18:29  msw1.rk15.p01.da6 SC pstate is now -
2024-07-31 05:18:29  msw1.rk15.p01.da6 is now Up
2024-07-31 05:18:29  msw1.rk05.p01.da6 pstate is now 2/2
2024-07-31 05:18:29  msw1.rk10.p02.da6 pstate is now 2/2
2024-07-31 05:18:29  msw1.rk05.p01.da6 SC pstate is now -
2024-07-31 05:18:29  msw1.rk10.p02.da6 SC pstate is now -
2024-07-31 05:18:29  msw1.rk05.p01.da6 is now Up
2024-07-31 05:18:29  msw1.rk10.p02.da6 is now Up
2024-07-31 05:18:29  msw2.rk16.p02.da6 pstate is now 2/2
2024-07-31 05:18:29  msw2.rk16.p02.da6 SC pstate is now -
2024-07-31 05:18:29  msw2.rk16.p02.da6 is now Up
2024-07-31 05:18:29  msw1.rk18.p01.da6 pstate is now 2/2
2024-07-31 05:18:29  msw1.rk18.p01.da6 SC pstate is now -
2024-07-31 05:18:29  msw1.rk18.p01.da6 is now Up
2024-07-31 05:18:29  msw1.rk12.p02.da6 pstate is now 2/2
2024-07-31 05:18:29  msw1.rk12.p02.da6 SC pstate is now -
2024-07-31 05:18:29  msw1.rk12.p02.da6 is now Up
2024-07-31 05:18:29  msw1.rk19.p01.da6 pstate is now 2/2
2024-07-31 05:18:29  msw1.rk19.p01.da6 SC pstate is now -
2024-07-31 05:18:29  msw1.rk19.p01.da6 is now Up
2024-07-31 05:18:29  msw2.rk12.p02.da6 pstate is now 2/2
2024-07-31 05:18:29  msw2.rk12.p02.da6 SC pstate is now -
2024-07-31 05:18:29  msw2.rk12.p02.da6 is now Up
2024-07-31 05:18:29  msw1.rk13.p01.da6 pstate is now 2/2
2024-07-31 05:18:29  msw1.rk13.p01.da6 SC pstate is now -
2024-07-31 05:18:29  msw1.rk13.p01.da6 is now Up
2024-07-31 05:18:29  msw2.rk15.p02.da6 pstate is now 2/2
2024-07-31 05:18:29  msw2.rk15.p02.da6 SC pstate is now -
2024-07-31 05:18:29  msw2.rk15.p02.da6 is now Up
2024-07-31 05:18:29  msw1.rk11.p01.da6 pstate is now 2/2
2024-07-31 05:18:29  msw1.rk11.p01.da6 SC pstate is now -
2024-07-31 05:18:29  msw1.rk11.p01.da6 is now Up
2024-07-31 05:18:29  msw1.rk16.p01.da6 pstate is now 2/2
2024-07-31 05:18:29  msw1.rk16.p01.da6 SC pstate is now -
2024-07-31 05:18:29  msw1.rk16.p01.da6 is now Up
2024-07-31 05:18:30  msw1.rk09.p01.da6 pstate is now 2/2
2024-07-31 05:18:30  msw1.rk09.p01.da6 SC pstate is now -
2024-07-31 05:18:30  msw1.rk09.p01.da6 is now Up
2024-07-31 05:18:30  msw2.rk10.p02.da6 pstate is now 2/2
2024-07-31 05:18:30  msw2.rk10.p02.da6 SC pstate is now -
2024-07-31 05:18:30  msw2.rk10.p02.da6 is now Up
2024-07-31 05:18:30  msw1.rk17.p01.da6 pstate is now 2/2
2024-07-31 05:18:30  msw1.rk17.p01.da6 SC pstate is now -
2024-07-31 05:18:30  msw1.rk17.p01.da6 is now Up
2024-07-31 05:18:30  msw1.rk21.p01.da6 pstate is now 2/2
2024-07-31 05:18:30  msw1.rk21.p01.da6 SC pstate is now -
2024-07-31 05:18:30  msw1.rk21.p01.da6 is now Up
2024-07-31 05:18:30  esr1a.rk09.p02.da6 is now Disabled
2024-07-31 05:18:30  esr1a.rk17.p02.da6 is now Disabled
2024-07-31 05:18:30  esr1a.rk12.p02.da6 is now Disabled
2024-07-31 05:18:30  esr1a.rk15.p02.da6 is now Disabled
2024-07-31 05:18:30  esr1a.rk11.p02.da6 is now Disabled
2024-07-31 05:18:30  msw1.rk27.p01.da6 pstate is now 2/2
2024-07-31 05:18:30  msw1.rk27.p01.da6 SC pstate is now -
2024-07-31 05:18:30  msw1.rk27.p01.da6 is now Up
2024-07-31 05:18:30  esr1a.rk10.p02.da6 is now Disabled
2024-07-31 05:18:30  esr1a.rk16.p02.da6 is now Disabled
2024-07-31 05:18:30  esr1a.rk14.p02.da6 is now Disabled
2024-07-31 05:18:30  esr1a.rk13.p02.da6 is now Disabled
2024-07-31 05:18:30  dsr3.rk01.p02.da6 is now NoMaint
2024-07-31 05:18:30  dsr1.rk01.p02.da6 is now NoMaint
2024-07-31 05:18:30  esr1a.rk18.p02.da6 is now Disabled
2024-07-31 05:18:30  dsr2.rk02.p01.da6 is now NoMaint
2024-07-31 05:18:30  dsr4.rk02.p02.da6 is now NoMaint
2024-07-31 05:18:30  dsr4.rk02.p01.da6 is now NoMaint
2024-07-31 05:18:30  dsr3.rk01.p01.da6 is now NoMaint
2024-07-31 05:18:30  dsr1.rk01.p01.da6 is now NoMaint
2024-07-31 05:18:30  dsr2.rk02.p02.da6 is now NoMaint
2024-07-31 05:18:30  esr1a.rk05.p01.da6 pstate is now 12/12
2024-07-31 05:18:30  esr1a.rk05.p01.da6 SC pstate is now -
2024-07-31 05:18:30  esr1a.rk08.p01.da6 pstate is now 12/12
2024-07-31 05:18:30  esr1a.rk08.p01.da6 SC pstate is now -
2024-07-31 05:18:30  dsr4.rk02.p02.da6 pstate is now 8/8
2024-07-31 05:18:30  dsr4.rk02.p02.da6 SC pstate is now -
2024-07-31 05:18:30  dsr3.rk01.p02.da6 pstate is now 8/8
2024-07-31 05:18:30  dsr1.rk01.p02.da6 pstate is now 8/8
2024-07-31 05:18:30  dsr3.rk01.p02.da6 SC pstate is now -
2024-07-31 05:18:30  dsr1.rk01.p02.da6 SC pstate is now -
2024-07-31 05:18:30  esr1a.rk11.p01.da6 pstate is now 12/12
2024-07-31 05:18:30  esr1a.rk11.p01.da6 SC pstate is now -
2024-07-31 05:18:30  esr1b.rk06.p01.da6 pstate is now 12/12
2024-07-31 05:18:30  esr1b.rk06.p01.da6 SC pstate is now -
2024-07-31 05:18:30  esr1a.rk09.p01.da6 pstate is now 12/12
2024-07-31 05:18:30  esr1a.rk09.p01.da6 SC pstate is now -
2024-07-31 05:18:30  esr1a.rk10.p01.da6 pstate is now 12/12
2024-07-31 05:18:30  esr1a.rk10.p01.da6 SC pstate is now -
2024-07-31 05:18:30  esr1b.rk10.p01.da6 pstate is now 12/12
2024-07-31 05:18:30  esr1b.rk10.p01.da6 SC pstate is now -
2024-07-31 05:18:30  dsr2.rk02.p01.da6 pstate is now 8/8
2024-07-31 05:18:30  dsr2.rk02.p01.da6 SC pstate is now -
2024-07-31 05:18:30  dsr2.rk02.p02.da6 pstate is now 8/8
2024-07-31 05:18:30  dsr2.rk02.p02.da6 SC pstate is now -
2024-07-31 05:18:30  esr1b.rk04.p01.da6 pstate is now 12/12
2024-07-31 05:18:30  esr1b.rk04.p01.da6 SC pstate is now -
2024-07-31 05:18:30  dsr1.rk01.p01.da6 pstate is now 8/8
2024-07-31 05:18:30  dsr1.rk01.p01.da6 SC pstate is now -
2024-07-31 05:18:30  esr1a.rk04.p01.da6 pstate is now 12/12
2024-07-31 05:18:30  esr1a.rk04.p01.da6 SC pstate is now -
2024-07-31 05:18:30  esr1a.rk06.p01.da6 pstate is now 12/12
2024-07-31 05:18:30  esr1a.rk06.p01.da6 SC pstate is now -
2024-07-31 05:18:30  dsr4.rk02.p01.da6 pstate is now 8/8
2024-07-31 05:18:30  dsr4.rk02.p01.da6 SC pstate is now -
2024-07-31 05:18:30  esr1b.rk05.p01.da6 pstate is now 12/12
2024-07-31 05:18:30  esr1b.rk05.p01.da6 SC pstate is now -
2024-07-31 05:18:30  esr1b.rk08.p01.da6 pstate is now 12/12
2024-07-31 05:18:30  esr1b.rk08.p01.da6 SC pstate is now -
2024-07-31 05:18:30  esr1b.rk09.p01.da6 pstate is now 12/12
2024-07-31 05:18:30  esr1b.rk09.p01.da6 SC pstate is now -
2024-07-31 05:18:30  esr1b.rk12.p01.da6 pstate is now 12/12
2024-07-31 05:18:30  esr1b.rk12.p01.da6 SC pstate is now -
2024-07-31 05:18:30  esr1a.rk07.p01.da6 pstate is now 12/12
2024-07-31 05:18:30  esr1a.rk07.p01.da6 SC pstate is now -
2024-07-31 05:18:30  esr1a.rk12.p01.da6 pstate is now 12/12
2024-07-31 05:18:30  esr1a.rk12.p01.da6 SC pstate is now -
2024-07-31 05:18:30  esr1b.rk07.p01.da6 pstate is now 12/12
2024-07-31 05:18:30  esr1b.rk03.p01.da6 pstate is now 12/12
2024-07-31 05:18:30  esr1b.rk07.p01.da6 SC pstate is now -
2024-07-31 05:18:30  esr1b.rk03.p01.da6 SC pstate is now 10/10
2024-07-31 05:18:30  esr1b.rk11.p01.da6 pstate is now 12/12
2024-07-31 05:18:30  esr1b.rk11.p01.da6 SC pstate is now -
2024-07-31 05:18:30  dsr3.rk01.p01.da6 pstate is now 8/8
2024-07-31 05:18:30  dsr3.rk01.p01.da6 SC pstate is now -
2024-07-31 05:18:30  esr1a.rk03.p01.da6 pstate is now 12/12
2024-07-31 05:18:30  esr1a.rk03.p01.da6 SC pstate is now 10/10
2024-07-31 05:18:31  esr1a.rk16.p02.da6 pstate is now 10/10
2024-07-31 05:18:31  esr1a.rk16.p02.da6 SC pstate is now -
2024-07-31 05:18:31  esr1a.rk15.p02.da6 pstate is now 10/10
2024-07-31 05:18:31  esr1a.rk15.p02.da6 SC pstate is now -
2024-07-31 05:18:31  esr1a.rk12.p02.da6 pstate is now 10/10
2024-07-31 05:18:31  esr1a.rk12.p02.da6 SC pstate is now -
2024-07-31 05:18:31  esr1a.rk11.p02.da6 pstate is now 10/10
2024-07-31 05:18:31  esr1a.rk11.p02.da6 SC pstate is now -
2024-07-31 05:18:31  esr1a.rk13.p02.da6 pstate is now 10/10
2024-07-31 05:18:31  esr1a.rk13.p02.da6 SC pstate is now -
2024-07-31 05:18:31  esr1a.rk10.p02.da6 pstate is now 10/10
2024-07-31 05:18:31  esr1a.rk10.p02.da6 SC pstate is now -
2024-07-31 05:18:31  esr1a.rk17.p02.da6 pstate is now 10/10
2024-07-31 05:18:31  esr1a.rk17.p02.da6 SC pstate is now -
2024-07-31 05:18:31  esr1a.rk18.p02.da6 pstate is now 10/10
2024-07-31 05:18:31  esr1a.rk18.p02.da6 SC pstate is now -
2024-07-31 05:18:31  esr1a.rk14.p02.da6 pstate is now 10/10
2024-07-31 05:18:31  esr1a.rk14.p02.da6 SC pstate is now -
2024-07-31 05:18:31  esr1a.rk09.p02.da6 pstate is now 10/10
2024-07-31 05:18:31  esr1a.rk09.p02.da6 SC pstate is now -
2024-07-31 05:18:34  Status Checking Complete
