2024-08-29 11:41:17  Script Start
2024-08-29 11:41:18  {
    "csr1.mx2": {
        "dev_type": "Arista",
        "updown": "Down/Down",
        "peerstate": "INIT",
        "scpeerstate": "INIT",
        "maintmode": "INIT",
        "mlagstate": "INIT",
        "first_ping": 2,
        "version": "INIT",
        "svrPortState": "INIT"
    }
}
2024-08-29 11:41:18  Starting Status Checks
2024-08-29 11:41:19  csr1.mx2 Version is now EOS: 4.28.7M
2024-08-29 11:41:20  csr1.mx2 is now Up / Up
2024-08-29 11:41:20  csr1.mx2 is now Disabled
2024-08-29 11:41:21  csr1.mx2 pstate is now 6/6
2024-08-29 11:41:21  csr1.mx2 SC pstate is now -
2024-08-29 11:41:53  csr1.mx2 Version is now EOS: 4.28.7M
2024-08-29 11:41:53  csr1.mx2 is now Up / Up
2024-08-29 11:41:54  csr1.mx2 is now Disabled
2024-08-29 11:41:55  csr1.mx2 pstate is now 6/6
2024-08-29 11:41:55  csr1.mx2 SC pstate is now -
2024-08-29 11:41:58  Status Checking Complete
