2024-07-04 10:06:57  Script Start
2024-07-04 10:07:02  {
    "csr1.sv5": {
        "dev_type": "Arista",
        "updown": "Down/Down",
        "peerstate": "INIT",
        "scpeerstate": "INIT",
        "maintmode": "INIT",
        "mlagstate": "INIT",
        "first_ping": 2,
        "version": "INIT",
        "svrPortState": "INIT"
    },
    "csr2.sv5": {
        "dev_type": "Arista",
        "updown": "Down/Down",
        "peerstate": "INIT",
        "scpeerstate": "INIT",
        "maintmode": "INIT",
        "mlagstate": "INIT",
        "first_ping": 2,
        "version": "INIT",
        "svrPortState": "INIT"
    },
    "dsr1.rk01.p01.sv16": {
        "dev_type": "Arista",
        "updown": "Down/Down",
        "peerstate": "INIT",
        "scpeerstate": "INIT",
        "maintmode": "INIT",
        "mlagstate": "INIT",
        "first_ping": 2,
        "version": "INIT",
        "svrPortState": "INIT"
    },
    "dsr1.rk01.p02.sv16": {
        "dev_type": "Arista",
        "updown": "Down/Down",
        "peerstate": "INIT",
        "scpeerstate": "INIT",
        "maintmode": "INIT",
        "mlagstate": "INIT",
        "first_ping": 2,
        "version": "INIT",
        "svrPortState": "INIT"
    },
    "dsr2.rk02.p01.sv16": {
        "dev_type": "Arista",
        "updown": "Down/Down",
        "peerstate": "INIT",
        "scpeerstate": "INIT",
        "maintmode": "INIT",
        "mlagstate": "INIT",
        "first_ping": 2,
        "version": "INIT",
        "svrPortState": "INIT"
    },
    "dsr2.rk02.p02.sv16": {
        "dev_type": "Arista",
        "updown": "Down/Down",
        "peerstate": "INIT",
        "scpeerstate": "INIT",
        "maintmode": "INIT",
        "mlagstate": "INIT",
        "first_ping": 2,
        "version": "INIT",
        "svrPortState": "INIT"
    },
    "dsr3.rk03.p01.sv16": {
        "dev_type": "Arista",
        "updown": "Down/Down",
        "peerstate": "INIT",
        "scpeerstate": "INIT",
        "maintmode": "INIT",
        "mlagstate": "INIT",
        "first_ping": 2,
        "version": "INIT",
        "svrPortState": "INIT"
    },
    "dsr3.rk03.p02.sv16": {
        "dev_type": "Arista",
        "updown": "Down/Down",
        "peerstate": "INIT",
        "scpeerstate": "INIT",
        "maintmode": "INIT",
        "mlagstate": "INIT",
        "first_ping": 2,
        "version": "INIT",
        "svrPortState": "INIT"
    },
    "dsr4.rk04.p01.sv16": {
        "dev_type": "Arista",
        "updown": "Down/Down",
        "peerstate": "INIT",
        "scpeerstate": "INIT",
        "maintmode": "INIT",
        "mlagstate": "INIT",
        "first_ping": 2,
        "version": "INIT",
        "svrPortState": "INIT"
    },
    "dsr4.rk04.p02.sv16": {
        "dev_type": "Arista",
        "updown": "Down/Down",
        "peerstate": "INIT",
        "scpeerstate": "INIT",
        "maintmode": "INIT",
        "mlagstate": "INIT",
        "first_ping": 2,
        "version": "INIT",
        "svrPortState": "INIT"
    },
    "esr1a.rk05.p01.sv16": {
        "dev_type": "Arista",
        "updown": "Down/Down",
        "peerstate": "INIT",
        "scpeerstate": "INIT",
        "maintmode": "INIT",
        "mlagstate": "INIT",
        "first_ping": 2,
        "version": "INIT",
        "svrPortState": "INIT"
    },
    "esr1a.rk06.p01.sv16": {
        "dev_type": "Arista",
        "updown": "Down/Down",
        "peerstate": "INIT",
        "scpeerstate": "INIT",
        "maintmode": "INIT",
        "mlagstate": "INIT",
        "first_ping": 2,
        "version": "INIT",
        "svrPortState": "INIT"
    },
    "esr1a.rk07.p01.sv16": {
        "dev_type": "Arista",
        "updown": "Down/Down",
        "peerstate": "INIT",
        "scpeerstate": "INIT",
        "maintmode": "INIT",
        "mlagstate": "INIT",
        "first_ping": 2,
        "version": "INIT",
        "svrPortState": "INIT"
    },
    "esr1a.rk08.p01.sv16": {
        "dev_type": "Arista",
        "updown": "Down/Down",
        "peerstate": "INIT",
        "scpeerstate": "INIT",
        "maintmode": "INIT",
        "mlagstate": "INIT",
        "first_ping": 2,
        "version": "INIT",
        "svrPortState": "INIT"
    },
    "esr1a.rk09.p01.sv16": {
        "dev_type": "Arista",
        "updown": "Down/Down",
        "peerstate": "INIT",
        "scpeerstate": "INIT",
        "maintmode": "INIT",
        "mlagstate": "INIT",
        "first_ping": 2,
        "version": "INIT",
        "svrPortState": "INIT"
    },
    "esr1a.rk10.p01.sv16": {
        "dev_type": "Arista",
        "updown": "Down/Down",
        "peerstate": "INIT",
        "scpeerstate": "INIT",
        "maintmode": "INIT",
        "mlagstate": "INIT",
        "first_ping": 2,
        "version": "INIT",
        "svrPortState": "INIT"
    },
    "esr1a.rk11.p01.sv16": {
        "dev_type": "Arista",
        "updown": "Down/Down",
        "peerstate": "INIT",
        "scpeerstate": "INIT",
        "maintmode": "INIT",
        "mlagstate": "INIT",
        "first_ping": 2,
        "version": "INIT",
        "svrPortState": "INIT"
    },
    "esr1a.rk12.p01.sv16": {
        "dev_type": "Arista",
        "updown": "Down/Down",
        "peerstate": "INIT",
        "scpeerstate": "INIT",
        "maintmode": "INIT",
        "mlagstate": "INIT",
        "first_ping": 2,
        "version": "INIT",
        "svrPortState": "INIT"
    },
    "esr1b.rk05.p01.sv16": {
        "dev_type": "Arista",
        "updown": "Down/Down",
        "peerstate": "INIT",
        "scpeerstate": "INIT",
        "maintmode": "INIT",
        "mlagstate": "INIT",
        "first_ping": 2,
        "version": "INIT",
        "svrPortState": "INIT"
    },
    "esr1b.rk06.p01.sv16": {
        "dev_type": "Arista",
        "updown": "Down/Down",
        "peerstate": "INIT",
        "scpeerstate": "INIT",
        "maintmode": "INIT",
        "mlagstate": "INIT",
        "first_ping": 2,
        "version": "INIT",
        "svrPortState": "INIT"
    },
    "esr1b.rk07.p01.sv16": {
        "dev_type": "Arista",
        "updown": "Down/Down",
        "peerstate": "INIT",
        "scpeerstate": "INIT",
        "maintmode": "INIT",
        "mlagstate": "INIT",
        "first_ping": 2,
        "version": "INIT",
        "svrPortState": "INIT"
    },
    "esr1b.rk08.p01.sv16": {
        "dev_type": "Arista",
        "updown": "Down/Down",
        "peerstate": "INIT",
        "scpeerstate": "INIT",
        "maintmode": "INIT",
        "mlagstate": "INIT",
        "first_ping": 2,
        "version": "INIT",
        "svrPortState": "INIT"
    },
    "esr1b.rk09.p01.sv16": {
        "dev_type": "Arista",
        "updown": "Down/Down",
        "peerstate": "INIT",
        "scpeerstate": "INIT",
        "maintmode": "INIT",
        "mlagstate": "INIT",
        "first_ping": 2,
        "version": "INIT",
        "svrPortState": "INIT"
    },
    "esr1b.rk10.p01.sv16": {
        "dev_type": "Arista",
        "updown": "Down/Down",
        "peerstate": "INIT",
        "scpeerstate": "INIT",
        "maintmode": "INIT",
        "mlagstate": "INIT",
        "first_ping": 2,
        "version": "INIT",
        "svrPortState": "INIT"
    },
    "esr1b.rk11.p01.sv16": {
        "dev_type": "Arista",
        "updown": "Down/Down",
        "peerstate": "INIT",
        "scpeerstate": "INIT",
        "maintmode": "INIT",
        "mlagstate": "INIT",
        "first_ping": 2,
        "version": "INIT",
        "svrPortState": "INIT"
    },
    "esr1b.rk12.p01.sv16": {
        "dev_type": "Arista",
        "updown": "Down/Down",
        "peerstate": "INIT",
        "scpeerstate": "INIT",
        "maintmode": "INIT",
        "mlagstate": "INIT",
        "first_ping": 2,
        "version": "INIT",
        "svrPortState": "INIT"
    },
    "msw1.rk05.p01.sv16": {
        "dev_type": "Arista",
        "updown": "Down",
        "peerstate": "INIT",
        "scpeerstate": "INIT",
        "maintmode": "",
        "mlagstate": "",
        "first_ping": 2,
        "version": "INIT",
        "svrPortState": "INIT"
    },
    "msw1.rk05.p02.sv16": {
        "dev_type": "Arista",
        "updown": "Down",
        "peerstate": "INIT",
        "scpeerstate": "INIT",
        "maintmode": "",
        "mlagstate": "",
        "first_ping": 2,
        "version": "INIT",
        "svrPortState": "INIT"
    },
    "msw1.rk06.p01.sv16": {
        "dev_type": "Arista",
        "updown": "Down",
        "peerstate": "INIT",
        "scpeerstate": "INIT",
        "maintmode": "",
        "mlagstate": "",
        "first_ping": 2,
        "version": "INIT",
        "svrPortState": "INIT"
    },
    "msw1.rk06.p02.sv16": {
        "dev_type": "Arista",
        "updown": "Down",
        "peerstate": "INIT",
        "scpeerstate": "INIT",
        "maintmode": "",
        "mlagstate": "",
        "first_ping": 2,
        "version": "INIT",
        "svrPortState": "INIT"
    },
    "msw1.rk07.p01.sv16": {
        "dev_type": "Arista",
        "updown": "Down",
        "peerstate": "INIT",
        "scpeerstate": "INIT",
        "maintmode": "",
        "mlagstate": "",
        "first_ping": 2,
        "version": "INIT",
        "svrPortState": "INIT"
    },
    "msw1.rk07.p02.sv16": {
        "dev_type": "Arista",
        "updown": "Down",
        "peerstate": "INIT",
        "scpeerstate": "INIT",
        "maintmode": "",
        "mlagstate": "",
        "first_ping": 2,
        "version": "INIT",
        "svrPortState": "INIT"
    },
    "msw1.rk08.p01.sv16": {
        "dev_type": "Arista",
        "updown": "Down",
        "peerstate": "INIT",
        "scpeerstate": "INIT",
        "maintmode": "",
        "mlagstate": "",
        "first_ping": 2,
        "version": "INIT",
        "svrPortState": "INIT"
    },
    "msw1.rk08.p02.sv16": {
        "dev_type": "Arista",
        "updown": "Down",
        "peerstate": "INIT",
        "scpeerstate": "INIT",
        "maintmode": "",
        "mlagstate": "",
        "first_ping": 2,
        "version": "INIT",
        "svrPortState": "INIT"
    },
    "msw1.rk09.p01.sv16": {
        "dev_type": "Arista",
        "updown": "Down",
        "peerstate": "INIT",
        "scpeerstate": "INIT",
        "maintmode": "",
        "mlagstate": "",
        "first_ping": 2,
        "version": "INIT",
        "svrPortState": "INIT"
    },
    "msw1.rk09.p02.sv16": {
        "dev_type": "Arista",
        "updown": "Down",
        "peerstate": "INIT",
        "scpeerstate": "INIT",
        "maintmode": "",
        "mlagstate": "",
        "first_ping": 2,
        "version": "INIT",
        "svrPortState": "INIT"
    },
    "msw1.rk10.p01.sv16": {
        "dev_type": "Arista",
        "updown": "Down",
        "peerstate": "INIT",
        "scpeerstate": "INIT",
        "maintmode": "",
        "mlagstate": "",
        "first_ping": 2,
        "version": "INIT",
        "svrPortState": "INIT"
    },
    "msw1.rk11.p01.sv16": {
        "dev_type": "Arista",
        "updown": "Down",
        "peerstate": "INIT",
        "scpeerstate": "INIT",
        "maintmode": "",
        "mlagstate": "",
        "first_ping": 2,
        "version": "INIT",
        "svrPortState": "INIT"
    },
    "msw1.rk12.p01.sv16": {
        "dev_type": "Arista",
        "updown": "Down",
        "peerstate": "INIT",
        "scpeerstate": "INIT",
        "maintmode": "",
        "mlagstate": "",
        "first_ping": 2,
        "version": "INIT",
        "svrPortState": "INIT"
    },
    "ssp1.sv15": {
        "dev_type": "Arista",
        "updown": "Down/Down",
        "peerstate": "INIT",
        "scpeerstate": "INIT",
        "maintmode": "INIT",
        "mlagstate": "INIT",
        "first_ping": 2,
        "version": "INIT",
        "svrPortState": "INIT"
    },
    "ssp2.sv15": {
        "dev_type": "Arista",
        "updown": "Down/Down",
        "peerstate": "INIT",
        "scpeerstate": "INIT",
        "maintmode": "INIT",
        "mlagstate": "INIT",
        "first_ping": 2,
        "version": "INIT",
        "svrPortState": "INIT"
    },
    "ssp3.sv15": {
        "dev_type": "Arista",
        "updown": "Down/Down",
        "peerstate": "INIT",
        "scpeerstate": "INIT",
        "maintmode": "INIT",
        "mlagstate": "INIT",
        "first_ping": 2,
        "version": "INIT",
        "svrPortState": "INIT"
    },
    "ssp4.sv15": {
        "dev_type": "Arista",
        "updown": "Down/Down",
        "peerstate": "INIT",
        "scpeerstate": "INIT",
        "maintmode": "INIT",
        "mlagstate": "INIT",
        "first_ping": 2,
        "version": "INIT",
        "svrPortState": "INIT"
    }
}
2024-07-04 10:07:02  Starting Status Checks
2024-07-04 10:07:04  esr1a.rk09.p01.sv16 Version is now EOS: 4.28.7M
2024-07-04 10:07:04  esr1a.rk05.p01.sv16 Version is now EOS: 4.28.7M
2024-07-04 10:07:04  esr1b.rk09.p01.sv16 Version is now EOS: 4.28.7M
2024-07-04 10:07:04  esr1b.rk10.p01.sv16 Version is now EOS: 4.28.7M
2024-07-04 10:07:04  esr1b.rk05.p01.sv16 Version is now EOS: 4.28.7M
2024-07-04 10:07:04  esr1a.rk10.p01.sv16 Version is now EOS: 4.28.7M
2024-07-04 10:07:04  esr1b.rk08.p01.sv16 Version is now EOS: 4.28.7M
2024-07-04 10:07:04  esr1a.rk06.p01.sv16 Version is now EOS: 4.28.7M
2024-07-04 10:07:04  esr1a.rk08.p01.sv16 Version is now EOS: 4.28.7M
2024-07-04 10:07:04  esr1b.rk07.p01.sv16 Version is now EOS: 4.28.7M
2024-07-04 10:07:04  esr1b.rk06.p01.sv16 Version is now EOS: 4.28.7M
2024-07-04 10:07:04  esr1a.rk07.p01.sv16 Version is now EOS: 4.28.7M
2024-07-04 10:07:04  esr1a.rk09.p01.sv16 is now Up / Up
2024-07-04 10:07:04  esr1a.rk05.p01.sv16 is now Up / Up
2024-07-04 10:07:04  esr1b.rk09.p01.sv16 is now Up / Up
2024-07-04 10:07:04  esr1b.rk05.p01.sv16 is now Up / Up
2024-07-04 10:07:04  esr1b.rk08.p01.sv16 is now Up / Up
2024-07-04 10:07:04  esr1b.rk10.p01.sv16 is now Up / Up
2024-07-04 10:07:04  esr1a.rk10.p01.sv16 is now Up / Up
2024-07-04 10:07:04  esr1b.rk07.p01.sv16 is now Up / Up
2024-07-04 10:07:04  esr1a.rk06.p01.sv16 is now Up / Up
2024-07-04 10:07:04  esr1b.rk06.p01.sv16 is now Up / Up
2024-07-04 10:07:04  esr1a.rk07.p01.sv16 is now Up / Up
2024-07-04 10:07:04  esr1a.rk08.p01.sv16 is now Up / Up
2024-07-04 10:07:04  esr1b.rk12.p01.sv16 Version is now EOS: 4.28.7M
2024-07-04 10:07:04  esr1a.rk12.p01.sv16 Version is now EOS: 4.28.7M
2024-07-04 10:07:04  msw1.rk06.p01.sv16 Version is now EOS: 4.28.7M
2024-07-04 10:07:04  msw1.rk05.p02.sv16 Version is now EOS: 4.28.7M
2024-07-04 10:07:04  esr1a.rk11.p01.sv16 Version is now EOS: 4.28.7M
2024-07-04 10:07:04  msw1.rk07.p02.sv16 Version is now EOS: 4.28.7M
2024-07-04 10:07:04  msw1.rk05.p01.sv16 Version is now EOS: 4.28.7M
2024-07-04 10:07:04  msw1.rk09.p02.sv16 Version is now EOS: 4.28.7M
2024-07-04 10:07:04  msw1.rk11.p01.sv16 Version is now EOS: 4.28.7M
2024-07-04 10:07:04  msw1.rk09.p01.sv16 Version is now EOS: 4.28.7M
2024-07-04 10:07:04  msw1.rk06.p02.sv16 Version is now EOS: 4.28.7M
2024-07-04 10:07:04  esr1b.rk11.p01.sv16 Version is now EOS: 4.28.7M
2024-07-04 10:07:04  msw1.rk08.p01.sv16 Version is now EOS: 4.28.7M
2024-07-04 10:07:04  msw1.rk07.p01.sv16 Version is now EOS: 4.28.7M
2024-07-04 10:07:04  ssp4.sv15 Version is now EOS: 4.28.7M
2024-07-04 10:07:04  msw1.rk12.p01.sv16 Version is now EOS: 4.28.7M
2024-07-04 10:07:04  ssp1.sv15 Version is now EOS: 4.28.7M
2024-07-04 10:07:04  ssp3.sv15 Version is now EOS: 4.28.7M
2024-07-04 10:07:04  msw1.rk08.p02.sv16 Version is now EOS: 4.28.7M
2024-07-04 10:07:04  ssp2.sv15 Version is now EOS: 4.28.7M
2024-07-04 10:07:04  msw1.rk10.p01.sv16 Version is now EOS: 4.28.7M
2024-07-04 10:07:04  esr1b.rk12.p01.sv16 is now Up / Up
2024-07-04 10:07:04  esr1a.rk12.p01.sv16 is now Up / Up
2024-07-04 10:07:04  esr1a.rk11.p01.sv16 is now Up / Up
2024-07-04 10:07:04  esr1b.rk11.p01.sv16 is now Up / Up
2024-07-04 10:07:04  ssp4.sv15 is now Up / Up
2024-07-04 10:07:04  ssp3.sv15 is now Up / Up
2024-07-04 10:07:04  ssp1.sv15 is now Up / Up
2024-07-04 10:07:04  ssp2.sv15 is now Up / Up
2024-07-04 10:07:04  dsr3.rk03.p02.sv16 Version is now EOS: 4.28.7M
2024-07-04 10:07:04  dsr4.rk04.p02.sv16 Version is now EOS: 4.28.7M
2024-07-04 10:07:04  dsr2.rk02.p01.sv16 Version is now EOS: 4.28.7M
2024-07-04 10:07:04  dsr4.rk04.p01.sv16 Version is now EOS: 4.28.7M
2024-07-04 10:07:04  dsr3.rk03.p01.sv16 Version is now EOS: 4.28.7M
2024-07-04 10:07:04  dsr1.rk01.p02.sv16 Version is now EOS: 4.28.7M
2024-07-04 10:07:04  dsr3.rk03.p02.sv16 is now Up / Up
2024-07-04 10:07:04  dsr4.rk04.p02.sv16 is now Up / Up
2024-07-04 10:07:05  dsr2.rk02.p02.sv16 Version is now EOS: 4.28.7M
2024-07-04 10:07:05  dsr2.rk02.p01.sv16 is now Up / Up
2024-07-04 10:07:05  dsr4.rk04.p01.sv16 is now Up / Up
2024-07-04 10:07:05  dsr1.rk01.p01.sv16 Version is now EOS: 4.28.7M
2024-07-04 10:07:05  dsr3.rk03.p01.sv16 is now Up / Up
2024-07-04 10:07:05  dsr1.rk01.p02.sv16 is now Up / Up
2024-07-04 10:07:05  esr1a.rk09.p01.sv16 is now NoMaint
2024-07-04 10:07:05  dsr2.rk02.p02.sv16 is now Up / Up
2024-07-04 10:07:05  esr1a.rk05.p01.sv16 is now NoMaint
2024-07-04 10:07:05  esr1b.rk09.p01.sv16 is now NoMaint
2024-07-04 10:07:05  dsr1.rk01.p01.sv16 is now Up / Up
2024-07-04 10:07:05  esr1b.rk08.p01.sv16 is now NoMaint
2024-07-04 10:07:05  esr1b.rk07.p01.sv16 is now NoMaint
2024-07-04 10:07:05  esr1a.rk10.p01.sv16 is now NoMaint
2024-07-04 10:07:05  esr1b.rk05.p01.sv16 is now NoMaint
2024-07-04 10:07:05  esr1a.rk07.p01.sv16 is now NoMaint
2024-07-04 10:07:05  esr1b.rk06.p01.sv16 is now NoMaint
2024-07-04 10:07:05  esr1b.rk10.p01.sv16 is now NoMaint
2024-07-04 10:07:05  esr1a.rk08.p01.sv16 is now NoMaint
2024-07-04 10:07:05  esr1a.rk06.p01.sv16 is now NoMaint
2024-07-04 10:07:05  msw1.rk06.p01.sv16 pstate is now 2/2
2024-07-04 10:07:05  msw1.rk06.p01.sv16 SC pstate is now -
2024-07-04 10:07:05  msw1.rk06.p01.sv16 is now Up
2024-07-04 10:07:05  msw1.rk07.p02.sv16 pstate is now 2/2
2024-07-04 10:07:05  msw1.rk07.p02.sv16 SC pstate is now -
2024-07-04 10:07:05  msw1.rk07.p02.sv16 is now Up
2024-07-04 10:07:05  msw1.rk09.p02.sv16 pstate is now 2/2
2024-07-04 10:07:05  msw1.rk09.p02.sv16 SC pstate is now -
2024-07-04 10:07:05  msw1.rk09.p02.sv16 is now Up
2024-07-04 10:07:05  msw1.rk08.p01.sv16 pstate is now 2/2
2024-07-04 10:07:05  msw1.rk08.p01.sv16 SC pstate is now -
2024-07-04 10:07:05  msw1.rk08.p01.sv16 is now Up
2024-07-04 10:07:05  msw1.rk09.p01.sv16 pstate is now 2/2
2024-07-04 10:07:05  msw1.rk09.p01.sv16 SC pstate is now -
2024-07-04 10:07:05  msw1.rk09.p01.sv16 is now Up
2024-07-04 10:07:05  msw1.rk05.p02.sv16 pstate is now 2/2
2024-07-04 10:07:05  msw1.rk05.p02.sv16 SC pstate is now -
2024-07-04 10:07:05  msw1.rk05.p02.sv16 is now Up
2024-07-04 10:07:05  msw1.rk11.p01.sv16 pstate is now 2/2
2024-07-04 10:07:05  msw1.rk11.p01.sv16 SC pstate is now -
2024-07-04 10:07:05  msw1.rk11.p01.sv16 is now Up
2024-07-04 10:07:05  msw1.rk06.p02.sv16 pstate is now 2/2
2024-07-04 10:07:05  msw1.rk06.p02.sv16 SC pstate is now -
2024-07-04 10:07:05  msw1.rk06.p02.sv16 is now Up
2024-07-04 10:07:05  msw1.rk10.p01.sv16 pstate is now 2/2
2024-07-04 10:07:05  msw1.rk10.p01.sv16 SC pstate is now -
2024-07-04 10:07:05  msw1.rk10.p01.sv16 is now Up
2024-07-04 10:07:05  msw1.rk07.p01.sv16 pstate is now 2/2
2024-07-04 10:07:05  msw1.rk07.p01.sv16 SC pstate is now -
2024-07-04 10:07:05  msw1.rk07.p01.sv16 is now Up
2024-07-04 10:07:05  msw1.rk08.p02.sv16 pstate is now 2/2
2024-07-04 10:07:05  msw1.rk08.p02.sv16 SC pstate is now -
2024-07-04 10:07:05  msw1.rk08.p02.sv16 is now Up
2024-07-04 10:07:05  msw1.rk12.p01.sv16 pstate is now 2/2
2024-07-04 10:07:05  msw1.rk12.p01.sv16 SC pstate is now -
2024-07-04 10:07:05  msw1.rk12.p01.sv16 is now Up
2024-07-04 10:07:05  msw1.rk05.p01.sv16 pstate is now 2/2
2024-07-04 10:07:05  msw1.rk05.p01.sv16 SC pstate is now -
2024-07-04 10:07:05  msw1.rk05.p01.sv16 is now Up
2024-07-04 10:07:05  esr1a.rk11.p01.sv16 is now NoMaint
2024-07-04 10:07:05  esr1b.rk11.p01.sv16 is now NoMaint
2024-07-04 10:07:05  ssp4.sv15 is now NoMaint
2024-07-04 10:07:05  esr1a.rk12.p01.sv16 is now NoMaint
2024-07-04 10:07:05  esr1b.rk12.p01.sv16 is now NoMaint
2024-07-04 10:07:05  ssp3.sv15 is now NoMaint
2024-07-04 10:07:05  ssp2.sv15 is now NoMaint
2024-07-04 10:07:05  ssp1.sv15 is now NoMaint
2024-07-04 10:07:05  dsr3.rk03.p02.sv16 is now NoMaint
2024-07-04 10:07:05  dsr4.rk04.p02.sv16 is now NoMaint
2024-07-04 10:07:05  dsr4.rk04.p01.sv16 is now NoMaint
2024-07-04 10:07:05  dsr2.rk02.p01.sv16 is now NoMaint
2024-07-04 10:07:05  dsr1.rk01.p02.sv16 is now NoMaint
2024-07-04 10:07:05  dsr3.rk03.p01.sv16 is now NoMaint
2024-07-04 10:07:05  dsr2.rk02.p02.sv16 is now NoMaint
2024-07-04 10:07:05  esr1b.rk09.p01.sv16 pstate is now 5/5
2024-07-04 10:07:05  esr1b.rk09.p01.sv16 SC pstate is now -
2024-07-04 10:07:05  esr1a.rk09.p01.sv16 pstate is now 5/5
2024-07-04 10:07:05  esr1a.rk09.p01.sv16 SC pstate is now -
2024-07-04 10:07:05  esr1b.rk07.p01.sv16 pstate is now 5/5
2024-07-04 10:07:05  esr1b.rk07.p01.sv16 SC pstate is now -
2024-07-04 10:07:05  dsr1.rk01.p01.sv16 is now NoMaint
2024-07-04 10:07:05  esr1b.rk08.p01.sv16 pstate is now 5/5
2024-07-04 10:07:05  esr1b.rk08.p01.sv16 SC pstate is now -
2024-07-04 10:07:05  esr1a.rk07.p01.sv16 pstate is now 5/5
2024-07-04 10:07:05  esr1b.rk06.p01.sv16 pstate is now 5/5
2024-07-04 10:07:05  esr1a.rk07.p01.sv16 SC pstate is now -
2024-07-04 10:07:05  esr1b.rk06.p01.sv16 SC pstate is now -
2024-07-04 10:07:05  esr1b.rk05.p01.sv16 pstate is now 5/5
2024-07-04 10:07:05  esr1a.rk05.p01.sv16 pstate is now 5/5
2024-07-04 10:07:05  esr1b.rk05.p01.sv16 SC pstate is now 7/7
2024-07-04 10:07:05  esr1a.rk05.p01.sv16 SC pstate is now 7/7
2024-07-04 10:07:05  esr1a.rk10.p01.sv16 pstate is now 5/5
2024-07-04 10:07:05  esr1b.rk10.p01.sv16 pstate is now 5/5
2024-07-04 10:07:05  esr1a.rk10.p01.sv16 SC pstate is now -
2024-07-04 10:07:05  esr1b.rk10.p01.sv16 SC pstate is now -
2024-07-04 10:07:05  esr1a.rk08.p01.sv16 pstate is now 5/5
2024-07-04 10:07:05  esr1a.rk08.p01.sv16 SC pstate is now -
2024-07-04 10:07:05  esr1a.rk06.p01.sv16 pstate is now 5/5
2024-07-04 10:07:05  esr1a.rk06.p01.sv16 SC pstate is now -
2024-07-04 10:07:06  esr1a.rk11.p01.sv16 pstate is now 9/9
2024-07-04 10:07:06  esr1a.rk11.p01.sv16 SC pstate is now -
2024-07-04 10:07:06  esr1b.rk11.p01.sv16 pstate is now 9/9
2024-07-04 10:07:06  esr1b.rk11.p01.sv16 SC pstate is now -
2024-07-04 10:07:06  esr1a.rk12.p01.sv16 pstate is now 9/9
2024-07-04 10:07:06  esr1a.rk12.p01.sv16 SC pstate is now -
2024-07-04 10:07:06  esr1b.rk12.p01.sv16 pstate is now 9/9
2024-07-04 10:07:06  esr1b.rk12.p01.sv16 SC pstate is now -
2024-07-04 10:07:06  ssp3.sv15 pstate is now 2/2
2024-07-04 10:07:06  ssp3.sv15 SC pstate is now -
2024-07-04 10:07:06  ssp4.sv15 pstate is now 2/2
2024-07-04 10:07:06  ssp4.sv15 SC pstate is now -
2024-07-04 10:07:06  ssp2.sv15 pstate is now 2/2
2024-07-04 10:07:06  ssp2.sv15 SC pstate is now -
2024-07-04 10:07:06  ssp1.sv15 pstate is now 2/2
2024-07-04 10:07:06  ssp1.sv15 SC pstate is now -
2024-07-04 10:07:06  dsr4.rk04.p02.sv16 pstate is now 4/4
2024-07-04 10:07:06  dsr4.rk04.p02.sv16 SC pstate is now -
2024-07-04 10:07:06  dsr2.rk02.p01.sv16 pstate is now 4/4
2024-07-04 10:07:06  dsr2.rk02.p01.sv16 SC pstate is now -
2024-07-04 10:07:06  dsr3.rk03.p02.sv16 pstate is now 4/4
2024-07-04 10:07:06  dsr3.rk03.p02.sv16 SC pstate is now -
2024-07-04 10:07:06  dsr4.rk04.p01.sv16 pstate is now 4/4
2024-07-04 10:07:06  dsr4.rk04.p01.sv16 SC pstate is now -
2024-07-04 10:07:06  dsr3.rk03.p01.sv16 pstate is now 4/4
2024-07-04 10:07:06  dsr3.rk03.p01.sv16 SC pstate is now -
2024-07-04 10:07:06  dsr1.rk01.p02.sv16 pstate is now 4/4
2024-07-04 10:07:06  dsr1.rk01.p02.sv16 SC pstate is now -
2024-07-04 10:07:06  dsr1.rk01.p01.sv16 pstate is now 4/4
2024-07-04 10:07:06  dsr2.rk02.p02.sv16 pstate is now 4/4
2024-07-04 10:07:06  dsr2.rk02.p02.sv16 SC pstate is now -
2024-07-04 10:07:06  dsr1.rk01.p01.sv16 SC pstate is now -
2024-07-04 10:11:25  csr1.mgmt.sv5 Arista Version Request Failed
2024-07-04 10:11:25  csr2.mgmt.sv5 Arista Version Request Failed
2024-07-04 10:11:25  csr1.sv5 Version is now UNKOWN
2024-07-04 10:11:25  csr2.sv5 Version is now UNKOWN
2024-07-04 10:11:25  csr1.sv5 is now Up / Up
2024-07-04 10:11:25  csr2.sv5 is now Up / Up
2024-07-04 10:13:36  csr1.mgmt.sv5 GNMI System Maintenance request failed: 
2024-07-04 10:13:36  csr2.mgmt.sv5 GNMI System Maintenance request failed: 
2024-07-04 10:15:47  csr1.mgmt.sv5Error: Stream removed
2024-07-04 10:15:47  csr2.mgmt.sv5Error: Stream removed
2024-07-04 10:18:24  esr1a.rk09.p01.sv16 Version is now EOS: 4.28.7M
2024-07-04 10:18:24  esr1a.rk06.p01.sv16 Version is now EOS: 4.28.7M
2024-07-04 10:18:24  esr1a.rk10.p01.sv16 Version is now EOS: 4.28.7M
2024-07-04 10:18:24  esr1a.rk05.p01.sv16 Version is now EOS: 4.28.7M
2024-07-04 10:18:24  esr1a.rk07.p01.sv16 Version is now EOS: 4.28.7M
2024-07-04 10:18:24  esr1a.rk08.p01.sv16 Version is now EOS: 4.28.7M
2024-07-04 10:18:24  esr1b.rk07.p01.sv16 Version is now EOS: 4.28.7M
2024-07-04 10:18:24  esr1b.rk05.p01.sv16 Version is now EOS: 4.28.7M
2024-07-04 10:18:24  esr1b.rk06.p01.sv16 Version is now EOS: 4.28.7M
2024-07-04 10:18:24  esr1b.rk10.p01.sv16 Version is now EOS: 4.28.7M
2024-07-04 10:18:24  esr1b.rk08.p01.sv16 Version is now EOS: 4.28.7M
2024-07-04 10:18:24  esr1b.rk09.p01.sv16 Version is now EOS: 4.28.7M
2024-07-04 10:18:24  esr1a.rk09.p01.sv16 is now Up / Up
2024-07-04 10:18:24  esr1a.rk06.p01.sv16 is now Up / Up
2024-07-04 10:18:24  esr1a.rk10.p01.sv16 is now Up / Up
2024-07-04 10:18:24  esr1a.rk08.p01.sv16 is now Up / Up
2024-07-04 10:18:24  esr1a.rk07.p01.sv16 is now Up / Up
2024-07-04 10:18:24  esr1a.rk05.p01.sv16 is now Up / Up
2024-07-04 10:18:24  esr1b.rk06.p01.sv16 is now Up / Up
2024-07-04 10:18:24  esr1b.rk07.p01.sv16 is now Up / Up
2024-07-04 10:18:24  esr1b.rk05.p01.sv16 is now Up / Up
2024-07-04 10:18:24  esr1b.rk10.p01.sv16 is now Up / Up
2024-07-04 10:18:24  esr1b.rk09.p01.sv16 is now Up / Up
2024-07-04 10:18:24  esr1b.rk08.p01.sv16 is now Up / Up
2024-07-04 10:18:24  esr1a.rk11.p01.sv16 Version is now EOS: 4.28.7M
2024-07-04 10:18:24  msw1.rk07.p02.sv16 Version is now EOS: 4.28.7M
2024-07-04 10:18:24  esr1b.rk11.p01.sv16 Version is now EOS: 4.28.7M
2024-07-04 10:18:24  msw1.rk05.p02.sv16 Version is now EOS: 4.28.7M
2024-07-04 10:18:24  msw1.rk05.p01.sv16 Version is now EOS: 4.28.7M
2024-07-04 10:18:24  msw1.rk06.p01.sv16 Version is now EOS: 4.28.7M
2024-07-04 10:18:24  esr1b.rk12.p01.sv16 Version is now EOS: 4.28.7M
2024-07-04 10:18:24  esr1a.rk12.p01.sv16 Version is now EOS: 4.28.7M
2024-07-04 10:18:24  msw1.rk06.p02.sv16 Version is now EOS: 4.28.7M
2024-07-04 10:18:24  msw1.rk09.p02.sv16 Version is now EOS: 4.28.7M
2024-07-04 10:18:24  msw1.rk07.p01.sv16 Version is now EOS: 4.28.7M
2024-07-04 10:18:24  msw1.rk09.p01.sv16 Version is now EOS: 4.28.7M
2024-07-04 10:18:24  msw1.rk08.p02.sv16 Version is now EOS: 4.28.7M
2024-07-04 10:18:24  msw1.rk11.p01.sv16 Version is now EOS: 4.28.7M
2024-07-04 10:18:24  msw1.rk10.p01.sv16 Version is now EOS: 4.28.7M
2024-07-04 10:18:24  esr1a.rk11.p01.sv16 is now Up / Up
2024-07-04 10:18:24  msw1.rk08.p01.sv16 Version is now EOS: 4.28.7M
2024-07-04 10:18:24  esr1b.rk11.p01.sv16 is now Up / Up
2024-07-04 10:18:24  msw1.rk12.p01.sv16 Version is now EOS: 4.28.7M
2024-07-04 10:18:24  ssp2.sv15 Version is now EOS: 4.28.7M
2024-07-04 10:18:24  esr1b.rk12.p01.sv16 is now Up / Up
2024-07-04 10:18:24  esr1a.rk12.p01.sv16 is now Up / Up
2024-07-04 10:18:24  ssp1.sv15 Version is now EOS: 4.28.7M
2024-07-04 10:18:24  ssp4.sv15 Version is now EOS: 4.28.7M
2024-07-04 10:18:24  ssp3.sv15 Version is now EOS: 4.28.7M
2024-07-04 10:18:24  ssp2.sv15 is now Up / Up
2024-07-04 10:18:25  ssp1.sv15 is now Up / Up
2024-07-04 10:18:25  ssp4.sv15 is now Up / Up
2024-07-04 10:18:25  ssp3.sv15 is now Up / Up
2024-07-04 10:18:25  dsr1.rk01.p01.sv16 Version is now EOS: 4.28.7M
2024-07-04 10:18:25  dsr2.rk02.p01.sv16 Version is now EOS: 4.28.7M
2024-07-04 10:18:25  dsr4.rk04.p02.sv16 Version is now EOS: 4.28.7M
2024-07-04 10:18:25  dsr1.rk01.p02.sv16 Version is now EOS: 4.28.7M
2024-07-04 10:18:25  dsr3.rk03.p02.sv16 Version is now EOS: 4.28.7M
2024-07-04 10:18:25  dsr2.rk02.p02.sv16 Version is now EOS: 4.28.7M
2024-07-04 10:18:25  dsr3.rk03.p01.sv16 Version is now EOS: 4.28.7M
2024-07-04 10:18:25  dsr4.rk04.p01.sv16 Version is now EOS: 4.28.7M
2024-07-04 10:18:25  dsr1.rk01.p01.sv16 is now Up / Up
2024-07-04 10:18:25  dsr2.rk02.p01.sv16 is now Up / Up
2024-07-04 10:18:25  dsr4.rk04.p02.sv16 is now Up / Up
2024-07-04 10:18:25  dsr1.rk01.p02.sv16 is now Up / Up
2024-07-04 10:18:25  dsr3.rk03.p02.sv16 is now Up / Up
2024-07-04 10:18:25  dsr2.rk02.p02.sv16 is now Up / Up
2024-07-04 10:18:25  dsr3.rk03.p01.sv16 is now Up / Up
2024-07-04 10:18:25  dsr4.rk04.p01.sv16 is now Up / Up
2024-07-04 10:18:25  esr1a.rk09.p01.sv16 is now NoMaint
2024-07-04 10:18:25  esr1a.rk10.p01.sv16 is now NoMaint
2024-07-04 10:18:25  esr1a.rk06.p01.sv16 is now NoMaint
2024-07-04 10:18:25  esr1a.rk08.p01.sv16 is now NoMaint
2024-07-04 10:18:25  esr1b.rk06.p01.sv16 is now NoMaint
2024-07-04 10:18:25  esr1a.rk05.p01.sv16 is now NoMaint
2024-07-04 10:18:25  esr1a.rk07.p01.sv16 is now NoMaint
2024-07-04 10:18:25  esr1b.rk07.p01.sv16 is now NoMaint
2024-07-04 10:18:25  esr1b.rk10.p01.sv16 is now NoMaint
2024-07-04 10:18:25  esr1b.rk05.p01.sv16 is now NoMaint
2024-07-04 10:18:25  esr1b.rk09.p01.sv16 is now NoMaint
2024-07-04 10:18:25  esr1b.rk08.p01.sv16 is now NoMaint
2024-07-04 10:18:25  msw1.rk07.p02.sv16 pstate is now 2/2
2024-07-04 10:18:25  msw1.rk07.p02.sv16 SC pstate is now -
2024-07-04 10:18:25  msw1.rk07.p02.sv16 is now Up
2024-07-04 10:18:25  msw1.rk05.p01.sv16 pstate is now 2/2
2024-07-04 10:18:25  msw1.rk05.p01.sv16 SC pstate is now -
2024-07-04 10:18:25  msw1.rk05.p01.sv16 is now Up
2024-07-04 10:18:25  msw1.rk06.p02.sv16 pstate is now 2/2
2024-07-04 10:18:25  msw1.rk06.p02.sv16 SC pstate is now -
2024-07-04 10:18:25  msw1.rk06.p02.sv16 is now Up
2024-07-04 10:18:25  msw1.rk07.p01.sv16 pstate is now 2/2
2024-07-04 10:18:25  msw1.rk07.p01.sv16 SC pstate is now -
2024-07-04 10:18:25  msw1.rk07.p01.sv16 is now Up
2024-07-04 10:18:25  msw1.rk05.p02.sv16 pstate is now 2/2
2024-07-04 10:18:25  msw1.rk05.p02.sv16 SC pstate is now -
2024-07-04 10:18:25  msw1.rk05.p02.sv16 is now Up
2024-07-04 10:18:25  msw1.rk06.p01.sv16 pstate is now 2/2
2024-07-04 10:18:25  msw1.rk06.p01.sv16 SC pstate is now -
2024-07-04 10:18:25  msw1.rk06.p01.sv16 is now Up
2024-07-04 10:18:25  msw1.rk09.p02.sv16 pstate is now 2/2
2024-07-04 10:18:25  msw1.rk09.p02.sv16 SC pstate is now -
2024-07-04 10:18:25  msw1.rk09.p02.sv16 is now Up
2024-07-04 10:18:25  msw1.rk09.p01.sv16 pstate is now 2/2
2024-07-04 10:18:25  msw1.rk09.p01.sv16 SC pstate is now -
2024-07-04 10:18:25  msw1.rk09.p01.sv16 is now Up
2024-07-04 10:18:25  msw1.rk10.p01.sv16 pstate is now 2/2
2024-07-04 10:18:25  msw1.rk10.p01.sv16 SC pstate is now -
2024-07-04 10:18:25  msw1.rk10.p01.sv16 is now Up
2024-07-04 10:18:25  msw1.rk08.p01.sv16 pstate is now 2/2
2024-07-04 10:18:25  msw1.rk08.p01.sv16 SC pstate is now -
2024-07-04 10:18:25  msw1.rk08.p01.sv16 is now Up
2024-07-04 10:18:25  esr1a.rk11.p01.sv16 is now NoMaint
2024-07-04 10:18:25  msw1.rk08.p02.sv16 pstate is now 2/2
2024-07-04 10:18:25  msw1.rk11.p01.sv16 pstate is now 2/2
2024-07-04 10:18:25  msw1.rk11.p01.sv16 SC pstate is now -
2024-07-04 10:18:25  msw1.rk08.p02.sv16 SC pstate is now -
2024-07-04 10:18:25  msw1.rk08.p02.sv16 is now Up
2024-07-04 10:18:25  msw1.rk11.p01.sv16 is now Up
2024-07-04 10:18:25  esr1b.rk11.p01.sv16 is now NoMaint
2024-07-04 10:18:25  msw1.rk12.p01.sv16 pstate is now 2/2
2024-07-04 10:18:25  msw1.rk12.p01.sv16 SC pstate is now -
2024-07-04 10:18:25  msw1.rk12.p01.sv16 is now Up
2024-07-04 10:18:25  esr1b.rk12.p01.sv16 is now NoMaint
2024-07-04 10:18:25  esr1a.rk12.p01.sv16 is now NoMaint
2024-07-04 10:18:25  ssp2.sv15 is now NoMaint
2024-07-04 10:18:25  ssp4.sv15 is now NoMaint
2024-07-04 10:18:25  ssp3.sv15 is now NoMaint
2024-07-04 10:18:25  ssp1.sv15 is now NoMaint
2024-07-04 10:18:26  dsr1.rk01.p01.sv16 is now NoMaint
2024-07-04 10:18:26  dsr1.rk01.p02.sv16 is now NoMaint
2024-07-04 10:18:26  dsr2.rk02.p01.sv16 is now NoMaint
2024-07-04 10:18:26  dsr4.rk04.p02.sv16 is now NoMaint
2024-07-04 10:18:26  dsr3.rk03.p01.sv16 is now NoMaint
2024-07-04 10:18:26  dsr3.rk03.p02.sv16 is now NoMaint
2024-07-04 10:18:26  dsr4.rk04.p01.sv16 is now NoMaint
2024-07-04 10:18:26  dsr2.rk02.p02.sv16 is now NoMaint
2024-07-04 10:18:26  esr1a.rk09.p01.sv16 pstate is now 5/5
2024-07-04 10:18:26  esr1a.rk09.p01.sv16 SC pstate is now -
2024-07-04 10:18:26  esr1a.rk10.p01.sv16 pstate is now 5/5
2024-07-04 10:18:26  esr1a.rk10.p01.sv16 SC pstate is now -
2024-07-04 10:18:26  esr1a.rk08.p01.sv16 pstate is now 5/5
2024-07-04 10:18:26  esr1a.rk06.p01.sv16 pstate is now 5/5
2024-07-04 10:18:26  esr1a.rk08.p01.sv16 SC pstate is now -
2024-07-04 10:18:26  esr1a.rk06.p01.sv16 SC pstate is now -
2024-07-04 10:18:26  esr1a.rk05.p01.sv16 pstate is now 5/5
2024-07-04 10:18:26  esr1a.rk05.p01.sv16 SC pstate is now 7/7
2024-07-04 10:18:26  esr1b.rk06.p01.sv16 pstate is now 5/5
2024-07-04 10:18:26  esr1b.rk06.p01.sv16 SC pstate is now -
2024-07-04 10:18:26  esr1a.rk07.p01.sv16 pstate is now 5/5
2024-07-04 10:18:26  esr1a.rk07.p01.sv16 SC pstate is now -
2024-07-04 10:18:26  esr1b.rk07.p01.sv16 pstate is now 5/5
2024-07-04 10:18:26  esr1b.rk07.p01.sv16 SC pstate is now -
2024-07-04 10:18:26  esr1b.rk05.p01.sv16 pstate is now 5/5
2024-07-04 10:18:26  esr1b.rk05.p01.sv16 SC pstate is now 7/7
2024-07-04 10:18:26  esr1b.rk10.p01.sv16 pstate is now 5/5
2024-07-04 10:18:26  esr1b.rk10.p01.sv16 SC pstate is now -
2024-07-04 10:18:26  esr1b.rk08.p01.sv16 pstate is now 5/5
2024-07-04 10:18:26  esr1b.rk09.p01.sv16 pstate is now 5/5
2024-07-04 10:18:26  esr1b.rk08.p01.sv16 SC pstate is now -
2024-07-04 10:18:26  esr1b.rk09.p01.sv16 SC pstate is now -
2024-07-04 10:18:26  esr1b.rk11.p01.sv16 pstate is now 9/9
2024-07-04 10:18:26  esr1b.rk11.p01.sv16 SC pstate is now -
2024-07-04 10:18:26  esr1a.rk11.p01.sv16 pstate is now 9/9
2024-07-04 10:18:26  esr1a.rk11.p01.sv16 SC pstate is now -
2024-07-04 10:18:26  esr1b.rk12.p01.sv16 pstate is now 9/9
2024-07-04 10:18:26  esr1b.rk12.p01.sv16 SC pstate is now -
2024-07-04 10:18:26  esr1a.rk12.p01.sv16 pstate is now 9/9
2024-07-04 10:18:26  esr1a.rk12.p01.sv16 SC pstate is now -
2024-07-04 10:18:26  ssp2.sv15 pstate is now 2/2
2024-07-04 10:18:26  ssp2.sv15 SC pstate is now -
2024-07-04 10:18:26  dsr1.rk01.p01.sv16 pstate is now 4/4
2024-07-04 10:18:26  dsr1.rk01.p01.sv16 SC pstate is now -
2024-07-04 10:18:26  ssp4.sv15 pstate is now 2/2
2024-07-04 10:18:26  dsr1.rk01.p02.sv16 pstate is now 4/4
2024-07-04 10:18:26  dsr1.rk01.p02.sv16 SC pstate is now -
2024-07-04 10:18:26  ssp4.sv15 SC pstate is now -
2024-07-04 10:18:26  dsr2.rk02.p01.sv16 pstate is now 4/4
2024-07-04 10:18:26  dsr2.rk02.p01.sv16 SC pstate is now -
2024-07-04 10:18:26  ssp3.sv15 pstate is now 2/2
2024-07-04 10:18:26  ssp3.sv15 SC pstate is now -
2024-07-04 10:18:26  dsr4.rk04.p02.sv16 pstate is now 4/4
2024-07-04 10:18:26  dsr4.rk04.p02.sv16 SC pstate is now -
2024-07-04 10:18:27  ssp1.sv15 pstate is now 2/2
2024-07-04 10:18:27  ssp1.sv15 SC pstate is now -
2024-07-04 10:18:27  dsr4.rk04.p01.sv16 pstate is now 4/4
2024-07-04 10:18:27  dsr3.rk03.p02.sv16 pstate is now 4/4
2024-07-04 10:18:27  dsr4.rk04.p01.sv16 SC pstate is now -
2024-07-04 10:18:27  dsr3.rk03.p02.sv16 SC pstate is now -
2024-07-04 10:18:27  dsr2.rk02.p02.sv16 pstate is now 4/4
2024-07-04 10:18:27  dsr2.rk02.p02.sv16 SC pstate is now -
2024-07-04 10:18:27  dsr3.rk03.p01.sv16 pstate is now 4/4
2024-07-04 10:18:27  dsr3.rk03.p01.sv16 SC pstate is now -
2024-07-04 10:22:45  csr2.mgmt.sv5 Arista Version Request Failed
2024-07-04 10:22:45  csr1.mgmt.sv5 Arista Version Request Failed
2024-07-04 10:22:45  csr2.sv5 Version is now UNKOWN
2024-07-04 10:22:45  csr1.sv5 Version is now UNKOWN
2024-07-04 10:22:45  csr1.sv5 is now Up / Up
2024-07-04 10:22:45  csr2.sv5 is now Up / Up
2024-07-04 10:24:56  csr1.mgmt.sv5 GNMI System Maintenance request failed: 
2024-07-04 10:24:56  csr2.mgmt.sv5 GNMI System Maintenance request failed: 
2024-07-04 10:27:07  csr2.mgmt.sv5Error: Stream removed
2024-07-04 10:27:07  csr1.mgmt.sv5Error: Stream removed
2024-07-04 10:29:44  esr1a.rk05.p01.sv16 Version is now EOS: 4.28.7M
2024-07-04 10:29:44  esr1a.rk10.p01.sv16 Version is now EOS: 4.28.7M
2024-07-04 10:29:44  esr1a.rk06.p01.sv16 Version is now EOS: 4.28.7M
2024-07-04 10:29:44  esr1b.rk07.p01.sv16 Version is now EOS: 4.28.7M
2024-07-04 10:29:44  esr1b.rk05.p01.sv16 Version is now EOS: 4.28.7M
2024-07-04 10:29:44  esr1b.rk09.p01.sv16 Version is now EOS: 4.28.7M
2024-07-04 10:29:44  esr1a.rk07.p01.sv16 Version is now EOS: 4.28.7M
2024-07-04 10:29:44  esr1a.rk09.p01.sv16 Version is now EOS: 4.28.7M
2024-07-04 10:29:44  esr1b.rk06.p01.sv16 Version is now EOS: 4.28.7M
2024-07-04 10:29:44  esr1a.rk08.p01.sv16 Version is now EOS: 4.28.7M
2024-07-04 10:29:44  esr1b.rk10.p01.sv16 Version is now EOS: 4.28.7M
2024-07-04 10:29:44  esr1a.rk05.p01.sv16 is now Up / Up
2024-07-04 10:29:44  esr1b.rk08.p01.sv16 Version is now EOS: 4.28.7M
2024-07-04 10:29:44  esr1a.rk10.p01.sv16 is now Up / Up
2024-07-04 10:29:44  esr1a.rk06.p01.sv16 is now Up / Up
2024-07-04 10:29:44  esr1b.rk07.p01.sv16 is now Up / Up
2024-07-04 10:29:44  esr1b.rk05.p01.sv16 is now Up / Up
2024-07-04 10:29:44  esr1a.rk07.p01.sv16 is now Up / Up
2024-07-04 10:29:44  esr1a.rk09.p01.sv16 is now Up / Up
2024-07-04 10:29:44  esr1a.rk08.p01.sv16 is now Up / Up
2024-07-04 10:29:44  esr1b.rk09.p01.sv16 is now Up / Up
2024-07-04 10:29:44  esr1b.rk06.p01.sv16 is now Up / Up
2024-07-04 10:29:44  esr1b.rk10.p01.sv16 is now Up / Up
2024-07-04 10:29:44  esr1b.rk08.p01.sv16 is now Up / Up
2024-07-04 10:29:44  msw1.rk05.p01.sv16 Version is now EOS: 4.28.7M
2024-07-04 10:29:44  esr1a.rk12.p01.sv16 Version is now EOS: 4.28.7M
2024-07-04 10:29:44  esr1a.rk11.p01.sv16 Version is now EOS: 4.28.7M
2024-07-04 10:29:44  msw1.rk06.p01.sv16 Version is now EOS: 4.28.7M
2024-07-04 10:29:44  msw1.rk06.p02.sv16 Version is now EOS: 4.28.7M
2024-07-04 10:29:44  msw1.rk08.p01.sv16 Version is now EOS: 4.28.7M
2024-07-04 10:29:44  msw1.rk07.p01.sv16 Version is now EOS: 4.28.7M
2024-07-04 10:29:44  msw1.rk08.p02.sv16 Version is now EOS: 4.28.7M
2024-07-04 10:29:44  msw1.rk07.p02.sv16 Version is now EOS: 4.28.7M
2024-07-04 10:29:44  msw1.rk05.p02.sv16 Version is now EOS: 4.28.7M
2024-07-04 10:29:44  esr1b.rk11.p01.sv16 Version is now EOS: 4.28.7M
2024-07-04 10:29:44  msw1.rk09.p01.sv16 Version is now EOS: 4.28.7M
2024-07-04 10:29:44  msw1.rk09.p02.sv16 Version is now EOS: 4.28.7M
2024-07-04 10:29:44  esr1a.rk11.p01.sv16 is now Up / Up
2024-07-04 10:29:44  msw1.rk10.p01.sv16 Version is now EOS: 4.28.7M
2024-07-04 10:29:44  esr1a.rk12.p01.sv16 is now Up / Up
2024-07-04 10:29:44  msw1.rk11.p01.sv16 Version is now EOS: 4.28.7M
2024-07-04 10:29:44  msw1.rk12.p01.sv16 Version is now EOS: 4.28.7M
2024-07-04 10:29:44  ssp3.sv15 Version is now EOS: 4.28.7M
2024-07-04 10:29:44  esr1b.rk11.p01.sv16 is now Up / Up
2024-07-04 10:29:44  ssp2.sv15 Version is now EOS: 4.28.7M
2024-07-04 10:29:44  ssp1.sv15 Version is now EOS: 4.28.7M
2024-07-04 10:29:44  ssp4.sv15 Version is now EOS: 4.28.7M
2024-07-04 10:29:44  esr1b.rk12.p01.sv16 Version is now EOS: 4.28.7M
2024-07-04 10:29:44  ssp3.sv15 is now Up / Up
2024-07-04 10:29:44  ssp2.sv15 is now Up / Up
2024-07-04 10:29:44  ssp1.sv15 is now Up / Up
2024-07-04 10:29:44  ssp4.sv15 is now Up / Up
2024-07-04 10:29:44  esr1b.rk12.p01.sv16 is now Up / Up
2024-07-04 10:29:45  dsr1.rk01.p02.sv16 Version is now EOS: 4.28.7M
2024-07-04 10:29:45  dsr3.rk03.p02.sv16 Version is now EOS: 4.28.7M
2024-07-04 10:29:45  dsr2.rk02.p02.sv16 Version is now EOS: 4.28.7M
2024-07-04 10:29:45  dsr4.rk04.p02.sv16 Version is now EOS: 4.28.7M
2024-07-04 10:29:45  dsr1.rk01.p01.sv16 Version is now EOS: 4.28.7M
2024-07-04 10:29:45  dsr4.rk04.p01.sv16 Version is now EOS: 4.28.7M
2024-07-04 10:29:45  dsr2.rk02.p01.sv16 Version is now EOS: 4.28.7M
2024-07-04 10:29:45  dsr1.rk01.p02.sv16 is now Up / Up
2024-07-04 10:29:45  dsr3.rk03.p02.sv16 is now Up / Up
2024-07-04 10:29:45  dsr2.rk02.p02.sv16 is now Up / Up
2024-07-04 10:29:45  dsr4.rk04.p02.sv16 is now Up / Up
2024-07-04 10:29:45  dsr3.rk03.p01.sv16 Version is now EOS: 4.28.7M
2024-07-04 10:29:45  dsr1.rk01.p01.sv16 is now Up / Up
2024-07-04 10:29:45  dsr4.rk04.p01.sv16 is now Up / Up
2024-07-04 10:29:45  dsr2.rk02.p01.sv16 is now Up / Up
2024-07-04 10:29:45  esr1a.rk05.p01.sv16 is now NoMaint
2024-07-04 10:29:45  esr1a.rk06.p01.sv16 is now NoMaint
2024-07-04 10:29:45  esr1a.rk10.p01.sv16 is now NoMaint
2024-07-04 10:29:45  dsr3.rk03.p01.sv16 is now Up / Up
2024-07-04 10:29:45  esr1b.rk05.p01.sv16 is now NoMaint
2024-07-04 10:29:45  esr1a.rk09.p01.sv16 is now NoMaint
2024-07-04 10:29:45  esr1a.rk07.p01.sv16 is now NoMaint
2024-07-04 10:29:45  esr1b.rk07.p01.sv16 is now NoMaint
2024-07-04 10:29:45  esr1a.rk08.p01.sv16 is now NoMaint
2024-07-04 10:29:45  esr1b.rk09.p01.sv16 is now NoMaint
2024-07-04 10:29:45  esr1b.rk10.p01.sv16 is now NoMaint
2024-07-04 10:29:45  esr1b.rk08.p01.sv16 is now NoMaint
2024-07-04 10:29:45  esr1b.rk06.p01.sv16 is now NoMaint
2024-07-04 10:29:45  msw1.rk06.p01.sv16 pstate is now 2/2
2024-07-04 10:29:45  msw1.rk06.p01.sv16 SC pstate is now -
2024-07-04 10:29:45  msw1.rk06.p01.sv16 is now Up
2024-07-04 10:29:45  msw1.rk05.p01.sv16 pstate is now 2/2
2024-07-04 10:29:45  msw1.rk05.p01.sv16 SC pstate is now -
2024-07-04 10:29:45  msw1.rk05.p01.sv16 is now Up
2024-07-04 10:29:45  msw1.rk06.p02.sv16 pstate is now 2/2
2024-07-04 10:29:45  msw1.rk06.p02.sv16 SC pstate is now -
2024-07-04 10:29:45  msw1.rk06.p02.sv16 is now Up
2024-07-04 10:29:45  msw1.rk08.p02.sv16 pstate is now 2/2
2024-07-04 10:29:45  msw1.rk08.p02.sv16 SC pstate is now -
2024-07-04 10:29:45  msw1.rk08.p02.sv16 is now Up
2024-07-04 10:29:45  msw1.rk08.p01.sv16 pstate is now 2/2
2024-07-04 10:29:45  msw1.rk08.p01.sv16 SC pstate is now -
2024-07-04 10:29:45  msw1.rk08.p01.sv16 is now Up
2024-07-04 10:29:45  msw1.rk07.p01.sv16 pstate is now 2/2
2024-07-04 10:29:45  msw1.rk07.p01.sv16 SC pstate is now -
2024-07-04 10:29:45  msw1.rk07.p01.sv16 is now Up
2024-07-04 10:29:45  msw1.rk05.p02.sv16 pstate is now 2/2
2024-07-04 10:29:45  msw1.rk05.p02.sv16 SC pstate is now -
2024-07-04 10:29:45  msw1.rk05.p02.sv16 is now Up
2024-07-04 10:29:45  msw1.rk09.p02.sv16 pstate is now 2/2
2024-07-04 10:29:45  msw1.rk09.p02.sv16 SC pstate is now -
2024-07-04 10:29:45  msw1.rk09.p02.sv16 is now Up
2024-07-04 10:29:45  msw1.rk07.p02.sv16 pstate is now 2/2
2024-07-04 10:29:45  msw1.rk07.p02.sv16 SC pstate is now -
2024-07-04 10:29:45  msw1.rk07.p02.sv16 is now Up
2024-07-04 10:29:45  msw1.rk10.p01.sv16 pstate is now 2/2
2024-07-04 10:29:45  msw1.rk10.p01.sv16 SC pstate is now -
2024-07-04 10:29:45  msw1.rk10.p01.sv16 is now Up
2024-07-04 10:29:45  msw1.rk09.p01.sv16 pstate is now 2/2
2024-07-04 10:29:45  msw1.rk09.p01.sv16 SC pstate is now -
2024-07-04 10:29:45  msw1.rk09.p01.sv16 is now Up
2024-07-04 10:29:45  esr1a.rk11.p01.sv16 is now NoMaint
2024-07-04 10:29:45  msw1.rk11.p01.sv16 pstate is now 2/2
2024-07-04 10:29:45  msw1.rk11.p01.sv16 SC pstate is now -
2024-07-04 10:29:45  msw1.rk11.p01.sv16 is now Up
2024-07-04 10:29:45  esr1a.rk12.p01.sv16 is now NoMaint
2024-07-04 10:29:45  msw1.rk12.p01.sv16 pstate is now 2/2
2024-07-04 10:29:45  msw1.rk12.p01.sv16 SC pstate is now -
2024-07-04 10:29:45  msw1.rk12.p01.sv16 is now Up
2024-07-04 10:29:45  esr1b.rk11.p01.sv16 is now NoMaint
2024-07-04 10:29:45  ssp3.sv15 is now NoMaint
2024-07-04 10:29:45  ssp2.sv15 is now NoMaint
2024-07-04 10:29:45  ssp1.sv15 is now NoMaint
2024-07-04 10:29:45  ssp4.sv15 is now NoMaint
2024-07-04 10:29:45  esr1b.rk12.p01.sv16 is now NoMaint
2024-07-04 10:29:46  dsr4.rk04.p02.sv16 is now NoMaint
2024-07-04 10:29:46  dsr2.rk02.p02.sv16 is now NoMaint
2024-07-04 10:29:46  dsr3.rk03.p02.sv16 is now NoMaint
2024-07-04 10:29:46  dsr1.rk01.p02.sv16 is now NoMaint
2024-07-04 10:29:46  dsr4.rk04.p01.sv16 is now NoMaint
2024-07-04 10:29:46  dsr2.rk02.p01.sv16 is now NoMaint
2024-07-04 10:29:46  dsr1.rk01.p01.sv16 is now NoMaint
2024-07-04 10:29:46  esr1a.rk10.p01.sv16 pstate is now 5/5
2024-07-04 10:29:46  esr1a.rk10.p01.sv16 SC pstate is now -
2024-07-04 10:29:46  esr1a.rk06.p01.sv16 pstate is now 5/5
2024-07-04 10:29:46  esr1a.rk06.p01.sv16 SC pstate is now -
2024-07-04 10:29:46  dsr3.rk03.p01.sv16 is now NoMaint
2024-07-04 10:29:46  esr1a.rk09.p01.sv16 pstate is now 5/5
2024-07-04 10:29:46  esr1a.rk09.p01.sv16 SC pstate is now -
2024-07-04 10:29:46  esr1b.rk05.p01.sv16 pstate is now 5/5
2024-07-04 10:29:46  esr1b.rk05.p01.sv16 SC pstate is now 7/7
2024-07-04 10:29:46  esr1a.rk05.p01.sv16 pstate is now 5/5
2024-07-04 10:29:46  esr1b.rk07.p01.sv16 pstate is now 5/5
2024-07-04 10:29:46  esr1a.rk08.p01.sv16 pstate is now 5/5
2024-07-04 10:29:46  esr1b.rk07.p01.sv16 SC pstate is now -
2024-07-04 10:29:46  esr1a.rk05.p01.sv16 SC pstate is now 7/7
2024-07-04 10:29:46  esr1a.rk08.p01.sv16 SC pstate is now -
2024-07-04 10:29:46  esr1b.rk09.p01.sv16 pstate is now 5/5
2024-07-04 10:29:46  esr1b.rk06.p01.sv16 pstate is now 5/5
2024-07-04 10:29:46  esr1b.rk09.p01.sv16 SC pstate is now -
2024-07-04 10:29:46  esr1b.rk06.p01.sv16 SC pstate is now -
2024-07-04 10:29:46  esr1a.rk07.p01.sv16 pstate is now 5/5
2024-07-04 10:29:46  esr1a.rk07.p01.sv16 SC pstate is now -
2024-07-04 10:29:46  esr1b.rk10.p01.sv16 pstate is now 5/5
2024-07-04 10:29:46  esr1b.rk10.p01.sv16 SC pstate is now -
2024-07-04 10:29:46  esr1b.rk08.p01.sv16 pstate is now 5/5
2024-07-04 10:29:46  esr1b.rk08.p01.sv16 SC pstate is now -
2024-07-04 10:29:46  esr1a.rk11.p01.sv16 pstate is now 9/9
2024-07-04 10:29:46  esr1a.rk11.p01.sv16 SC pstate is now -
2024-07-04 10:29:46  esr1a.rk12.p01.sv16 pstate is now 9/9
2024-07-04 10:29:46  esr1a.rk12.p01.sv16 SC pstate is now -
2024-07-04 10:29:46  esr1b.rk11.p01.sv16 pstate is now 9/9
2024-07-04 10:29:46  esr1b.rk11.p01.sv16 SC pstate is now -
2024-07-04 10:29:46  ssp3.sv15 pstate is now 2/2
2024-07-04 10:29:46  ssp3.sv15 SC pstate is now -
2024-07-04 10:29:46  esr1b.rk12.p01.sv16 pstate is now 9/9
2024-07-04 10:29:46  esr1b.rk12.p01.sv16 SC pstate is now -
2024-07-04 10:29:46  dsr2.rk02.p02.sv16 pstate is now 4/4
2024-07-04 10:29:46  dsr4.rk04.p02.sv16 pstate is now 4/4
2024-07-04 10:29:46  dsr2.rk02.p02.sv16 SC pstate is now -
2024-07-04 10:29:46  dsr4.rk04.p02.sv16 SC pstate is now -
2024-07-04 10:29:46  dsr3.rk03.p02.sv16 pstate is now 4/4
2024-07-04 10:29:46  dsr3.rk03.p02.sv16 SC pstate is now -
2024-07-04 10:29:46  ssp2.sv15 pstate is now 2/2
2024-07-04 10:29:46  ssp2.sv15 SC pstate is now -
2024-07-04 10:29:46  dsr1.rk01.p02.sv16 pstate is now 4/4
2024-07-04 10:29:46  dsr1.rk01.p02.sv16 SC pstate is now -
2024-07-04 10:29:46  ssp1.sv15 pstate is now 2/2
2024-07-04 10:29:46  ssp1.sv15 SC pstate is now -
2024-07-04 10:29:46  ssp4.sv15 pstate is now 2/2
2024-07-04 10:29:46  ssp4.sv15 SC pstate is now -
2024-07-04 10:29:47  dsr4.rk04.p01.sv16 pstate is now 4/4
2024-07-04 10:29:47  dsr4.rk04.p01.sv16 SC pstate is now -
2024-07-04 10:29:47  dsr1.rk01.p01.sv16 pstate is now 4/4
2024-07-04 10:29:47  dsr1.rk01.p01.sv16 SC pstate is now -
2024-07-04 10:29:47  dsr3.rk03.p01.sv16 pstate is now 4/4
2024-07-04 10:29:47  dsr3.rk03.p01.sv16 SC pstate is now -
2024-07-04 10:29:47  dsr2.rk02.p01.sv16 pstate is now 4/4
2024-07-04 10:29:47  dsr2.rk02.p01.sv16 SC pstate is now -
2024-07-04 10:34:05  csr1.mgmt.sv5 Arista Version Request Failed
2024-07-04 10:34:05  csr2.mgmt.sv5 Arista Version Request Failed
2024-07-04 10:34:05  csr1.sv5 Version is now UNKOWN
2024-07-04 10:34:05  csr2.sv5 Version is now UNKOWN
2024-07-04 10:34:05  csr1.sv5 is now Up / Up
2024-07-04 10:34:05  csr2.sv5 is now Up / Up
2024-07-04 10:36:16  csr1.mgmt.sv5 GNMI System Maintenance request failed: 
2024-07-04 10:36:16  csr2.mgmt.sv5 GNMI System Maintenance request failed: 
2024-07-04 10:38:27  csr2.mgmt.sv5Error: Stream removed
2024-07-04 10:38:27  csr1.mgmt.sv5Error: Stream removed
2024-07-04 10:41:04  esr1a.rk07.p01.sv16 Version is now EOS: 4.28.7M
2024-07-04 10:41:04  esr1b.rk06.p01.sv16 Version is now EOS: 4.28.7M
2024-07-04 10:41:04  esr1a.rk05.p01.sv16 Version is now EOS: 4.28.7M
2024-07-04 10:41:04  esr1b.rk07.p01.sv16 Version is now EOS: 4.28.7M
2024-07-04 10:41:04  esr1a.rk06.p01.sv16 Version is now EOS: 4.28.7M
2024-07-04 10:41:04  esr1a.rk08.p01.sv16 Version is now EOS: 4.28.7M
2024-07-04 10:41:04  esr1a.rk10.p01.sv16 Version is now EOS: 4.28.7M
2024-07-04 10:41:04  esr1b.rk09.p01.sv16 Version is now EOS: 4.28.7M
2024-07-04 10:41:04  esr1b.rk05.p01.sv16 Version is now EOS: 4.28.7M
2024-07-04 10:41:04  esr1a.rk09.p01.sv16 Version is now EOS: 4.28.7M
2024-07-04 10:41:04  esr1b.rk10.p01.sv16 Version is now EOS: 4.28.7M
2024-07-04 10:41:04  esr1b.rk08.p01.sv16 Version is now EOS: 4.28.7M
2024-07-04 10:41:04  esr1a.rk07.p01.sv16 is now Up / Up
2024-07-04 10:41:04  esr1b.rk06.p01.sv16 is now Up / Up
2024-07-04 10:41:04  esr1a.rk05.p01.sv16 is now Up / Up
2024-07-04 10:41:04  esr1b.rk07.p01.sv16 is now Up / Up
2024-07-04 10:41:04  esr1a.rk06.p01.sv16 is now Up / Up
2024-07-04 10:41:04  esr1a.rk08.p01.sv16 is now Up / Up
2024-07-04 10:41:04  esr1b.rk09.p01.sv16 is now Up / Up
2024-07-04 10:41:04  esr1a.rk10.p01.sv16 is now Up / Up
2024-07-04 10:41:04  esr1b.rk05.p01.sv16 is now Up / Up
2024-07-04 10:41:04  esr1a.rk09.p01.sv16 is now Up / Up
2024-07-04 10:41:04  esr1b.rk10.p01.sv16 is now Up / Up
2024-07-04 10:41:04  esr1b.rk08.p01.sv16 is now Up / Up
2024-07-04 10:41:04  msw1.rk05.p02.sv16 Version is now EOS: 4.28.7M
2024-07-04 10:41:04  msw1.rk05.p01.sv16 Version is now EOS: 4.28.7M
2024-07-04 10:41:04  msw1.rk06.p01.sv16 Version is now EOS: 4.28.7M
2024-07-04 10:41:04  esr1a.rk12.p01.sv16 Version is now EOS: 4.28.7M
2024-07-04 10:41:04  esr1b.rk12.p01.sv16 Version is now EOS: 4.28.7M
2024-07-04 10:41:04  esr1a.rk11.p01.sv16 Version is now EOS: 4.28.7M
2024-07-04 10:41:04  msw1.rk07.p01.sv16 Version is now EOS: 4.28.7M
2024-07-04 10:41:04  msw1.rk07.p02.sv16 Version is now EOS: 4.28.7M
2024-07-04 10:41:04  msw1.rk06.p02.sv16 Version is now EOS: 4.28.7M
2024-07-04 10:41:04  msw1.rk08.p01.sv16 Version is now EOS: 4.28.7M
2024-07-04 10:41:04  msw1.rk09.p02.sv16 Version is now EOS: 4.28.7M
2024-07-04 10:41:04  msw1.rk08.p02.sv16 Version is now EOS: 4.28.7M
2024-07-04 10:41:04  esr1b.rk11.p01.sv16 Version is now EOS: 4.28.7M
2024-07-04 10:41:04  msw1.rk11.p01.sv16 Version is now EOS: 4.28.7M
2024-07-04 10:41:04  msw1.rk09.p01.sv16 Version is now EOS: 4.28.7M
2024-07-04 10:41:04  msw1.rk10.p01.sv16 Version is now EOS: 4.28.7M
2024-07-04 10:41:04  msw1.rk12.p01.sv16 Version is now EOS: 4.28.7M
2024-07-04 10:41:04  esr1a.rk12.p01.sv16 is now Up / Up
2024-07-04 10:41:04  ssp2.sv15 Version is now EOS: 4.28.7M
2024-07-04 10:41:04  esr1b.rk12.p01.sv16 is now Up / Up
2024-07-04 10:41:04  esr1a.rk11.p01.sv16 is now Up / Up
2024-07-04 10:41:04  ssp1.sv15 Version is now EOS: 4.28.7M
2024-07-04 10:41:04  ssp4.sv15 Version is now EOS: 4.28.7M
2024-07-04 10:41:04  ssp3.sv15 Version is now EOS: 4.28.7M
2024-07-04 10:41:04  esr1b.rk11.p01.sv16 is now Up / Up
2024-07-04 10:41:04  ssp2.sv15 is now Up / Up
2024-07-04 10:41:04  ssp1.sv15 is now Up / Up
2024-07-04 10:41:04  ssp4.sv15 is now Up / Up
2024-07-04 10:41:04  ssp3.sv15 is now Up / Up
2024-07-04 10:41:05  dsr1.rk01.p02.sv16 Version is now EOS: 4.28.7M
2024-07-04 10:41:05  dsr3.rk03.p01.sv16 Version is now EOS: 4.28.7M
2024-07-04 10:41:05  dsr2.rk02.p02.sv16 Version is now EOS: 4.28.7M
2024-07-04 10:41:05  dsr1.rk01.p01.sv16 Version is now EOS: 4.28.7M
2024-07-04 10:41:05  dsr3.rk03.p02.sv16 Version is now EOS: 4.28.7M
2024-07-04 10:41:05  dsr2.rk02.p01.sv16 Version is now EOS: 4.28.7M
2024-07-04 10:41:05  dsr4.rk04.p02.sv16 Version is now EOS: 4.28.7M
2024-07-04 10:41:05  dsr1.rk01.p02.sv16 is now Up / Up
2024-07-04 10:41:05  dsr4.rk04.p01.sv16 Version is now EOS: 4.28.7M
2024-07-04 10:41:05  dsr3.rk03.p01.sv16 is now Up / Up
2024-07-04 10:41:05  dsr2.rk02.p02.sv16 is now Up / Up
2024-07-04 10:41:05  dsr3.rk03.p02.sv16 is now Up / Up
2024-07-04 10:41:05  dsr1.rk01.p01.sv16 is now Up / Up
2024-07-04 10:41:05  dsr2.rk02.p01.sv16 is now Up / Up
2024-07-04 10:41:05  dsr4.rk04.p02.sv16 is now Up / Up
2024-07-04 10:41:05  dsr4.rk04.p01.sv16 is now Up / Up
2024-07-04 10:41:05  esr1a.rk07.p01.sv16 is now NoMaint
2024-07-04 10:41:05  esr1b.rk06.p01.sv16 is now NoMaint
2024-07-04 10:41:05  esr1b.rk07.p01.sv16 is now NoMaint
2024-07-04 10:41:05  esr1a.rk06.p01.sv16 is now NoMaint
2024-07-04 10:41:05  esr1a.rk05.p01.sv16 is now NoMaint
2024-07-04 10:41:05  esr1a.rk10.p01.sv16 is now NoMaint
2024-07-04 10:41:05  esr1a.rk08.p01.sv16 is now NoMaint
2024-07-04 10:41:05  esr1a.rk09.p01.sv16 is now NoMaint
2024-07-04 10:41:05  esr1b.rk09.p01.sv16 is now NoMaint
2024-07-04 10:41:05  esr1b.rk10.p01.sv16 is now NoMaint
2024-07-04 10:41:05  esr1b.rk08.p01.sv16 is now NoMaint
2024-07-04 10:41:05  esr1b.rk05.p01.sv16 is now NoMaint
2024-07-04 10:41:05  msw1.rk05.p02.sv16 pstate is now 2/2
2024-07-04 10:41:05  msw1.rk05.p01.sv16 pstate is now 2/2
2024-07-04 10:41:05  msw1.rk05.p02.sv16 SC pstate is now -
2024-07-04 10:41:05  msw1.rk05.p01.sv16 SC pstate is now -
2024-07-04 10:41:05  msw1.rk05.p01.sv16 is now Up
2024-07-04 10:41:05  msw1.rk05.p02.sv16 is now Up
2024-07-04 10:41:05  msw1.rk06.p01.sv16 pstate is now 2/2
2024-07-04 10:41:05  msw1.rk06.p01.sv16 SC pstate is now -
2024-07-04 10:41:05  msw1.rk06.p01.sv16 is now Up
2024-07-04 10:41:05  msw1.rk07.p01.sv16 pstate is now 2/2
2024-07-04 10:41:05  msw1.rk07.p01.sv16 SC pstate is now -
2024-07-04 10:41:05  msw1.rk07.p01.sv16 is now Up
2024-07-04 10:41:05  msw1.rk07.p02.sv16 pstate is now 2/2
2024-07-04 10:41:05  msw1.rk07.p02.sv16 SC pstate is now -
2024-07-04 10:41:05  msw1.rk07.p02.sv16 is now Up
2024-07-04 10:41:05  msw1.rk06.p02.sv16 pstate is now 2/2
2024-07-04 10:41:05  msw1.rk06.p02.sv16 SC pstate is now -
2024-07-04 10:41:05  msw1.rk06.p02.sv16 is now Up
2024-07-04 10:41:05  msw1.rk08.p02.sv16 pstate is now 2/2
2024-07-04 10:41:05  msw1.rk08.p02.sv16 SC pstate is now -
2024-07-04 10:41:05  msw1.rk08.p02.sv16 is now Up
2024-07-04 10:41:05  msw1.rk08.p01.sv16 pstate is now 2/2
2024-07-04 10:41:05  msw1.rk08.p01.sv16 SC pstate is now -
2024-07-04 10:41:05  msw1.rk08.p01.sv16 is now Up
2024-07-04 10:41:05  msw1.rk09.p02.sv16 pstate is now 2/2
2024-07-04 10:41:05  msw1.rk09.p02.sv16 SC pstate is now -
2024-07-04 10:41:05  msw1.rk09.p02.sv16 is now Up
2024-07-04 10:41:05  msw1.rk09.p01.sv16 pstate is now 2/2
2024-07-04 10:41:05  msw1.rk09.p01.sv16 SC pstate is now -
2024-07-04 10:41:05  msw1.rk09.p01.sv16 is now Up
2024-07-04 10:41:05  msw1.rk11.p01.sv16 pstate is now 2/2
2024-07-04 10:41:05  msw1.rk11.p01.sv16 SC pstate is now -
2024-07-04 10:41:05  msw1.rk11.p01.sv16 is now Up
2024-07-04 10:41:05  msw1.rk12.p01.sv16 pstate is now 2/2
2024-07-04 10:41:05  msw1.rk12.p01.sv16 SC pstate is now -
2024-07-04 10:41:05  msw1.rk12.p01.sv16 is now Up
2024-07-04 10:41:05  esr1a.rk12.p01.sv16 is now NoMaint
2024-07-04 10:41:05  msw1.rk10.p01.sv16 pstate is now 2/2
2024-07-04 10:41:05  msw1.rk10.p01.sv16 SC pstate is now -
2024-07-04 10:41:05  msw1.rk10.p01.sv16 is now Up
2024-07-04 10:41:05  esr1b.rk12.p01.sv16 is now NoMaint
2024-07-04 10:41:05  esr1a.rk11.p01.sv16 is now NoMaint
2024-07-04 10:41:05  esr1b.rk11.p01.sv16 is now NoMaint
2024-07-04 10:41:05  ssp2.sv15 is now NoMaint
2024-07-04 10:41:05  ssp4.sv15 is now NoMaint
2024-07-04 10:41:05  ssp1.sv15 is now NoMaint
2024-07-04 10:41:05  ssp3.sv15 is now NoMaint
2024-07-04 10:41:05  dsr1.rk01.p02.sv16 is now NoMaint
2024-07-04 10:41:06  dsr3.rk03.p01.sv16 is now NoMaint
2024-07-04 10:41:06  dsr2.rk02.p02.sv16 is now NoMaint
2024-07-04 10:41:06  dsr2.rk02.p01.sv16 is now NoMaint
2024-07-04 10:41:06  dsr1.rk01.p01.sv16 is now NoMaint
2024-07-04 10:41:06  dsr3.rk03.p02.sv16 is now NoMaint
2024-07-04 10:41:06  dsr4.rk04.p02.sv16 is now NoMaint
2024-07-04 10:41:06  dsr4.rk04.p01.sv16 is now NoMaint
2024-07-04 10:41:06  esr1a.rk07.p01.sv16 pstate is now 5/5
2024-07-04 10:41:06  esr1a.rk07.p01.sv16 SC pstate is now -
2024-07-04 10:41:06  esr1b.rk07.p01.sv16 pstate is now 5/5
2024-07-04 10:41:06  esr1b.rk07.p01.sv16 SC pstate is now -
2024-07-04 10:41:06  esr1b.rk06.p01.sv16 pstate is now 5/5
2024-07-04 10:41:06  esr1b.rk06.p01.sv16 SC pstate is now -
2024-07-04 10:41:06  esr1a.rk06.p01.sv16 pstate is now 5/5
2024-07-04 10:41:06  esr1a.rk06.p01.sv16 SC pstate is now -
2024-07-04 10:41:06  esr1a.rk10.p01.sv16 pstate is now 5/5
2024-07-04 10:41:06  esr1a.rk10.p01.sv16 SC pstate is now -
2024-07-04 10:41:06  esr1a.rk05.p01.sv16 pstate is now 5/5
2024-07-04 10:41:06  esr1a.rk05.p01.sv16 SC pstate is now 7/7
2024-07-04 10:41:06  esr1b.rk09.p01.sv16 pstate is now 5/5
2024-07-04 10:41:06  esr1b.rk09.p01.sv16 SC pstate is now -
2024-07-04 10:41:06  esr1a.rk08.p01.sv16 pstate is now 5/5
2024-07-04 10:41:06  esr1a.rk09.p01.sv16 pstate is now 5/5
2024-07-04 10:41:06  esr1a.rk09.p01.sv16 SC pstate is now -
2024-07-04 10:41:06  esr1b.rk08.p01.sv16 pstate is now 5/5
2024-07-04 10:41:06  esr1a.rk08.p01.sv16 SC pstate is now -
2024-07-04 10:41:06  esr1b.rk10.p01.sv16 pstate is now 5/5
2024-07-04 10:41:06  esr1b.rk08.p01.sv16 SC pstate is now -
2024-07-04 10:41:06  esr1b.rk10.p01.sv16 SC pstate is now -
2024-07-04 10:41:06  esr1b.rk05.p01.sv16 pstate is now 5/5
2024-07-04 10:41:06  esr1b.rk05.p01.sv16 SC pstate is now 7/7
2024-07-04 10:41:06  esr1a.rk12.p01.sv16 pstate is now 9/9
2024-07-04 10:41:06  esr1a.rk12.p01.sv16 SC pstate is now -
2024-07-04 10:41:06  esr1b.rk11.p01.sv16 pstate is now 9/9
2024-07-04 10:41:06  esr1b.rk11.p01.sv16 SC pstate is now -
2024-07-04 10:41:06  esr1a.rk11.p01.sv16 pstate is now 9/9
2024-07-04 10:41:06  esr1a.rk11.p01.sv16 SC pstate is now -
2024-07-04 10:41:06  esr1b.rk12.p01.sv16 pstate is now 9/9
2024-07-04 10:41:06  esr1b.rk12.p01.sv16 SC pstate is now -
2024-07-04 10:41:06  ssp2.sv15 pstate is now 2/2
2024-07-04 10:41:06  ssp2.sv15 SC pstate is now -
2024-07-04 10:41:06  ssp1.sv15 pstate is now 2/2
2024-07-04 10:41:06  ssp4.sv15 pstate is now 2/2
2024-07-04 10:41:06  ssp1.sv15 SC pstate is now -
2024-07-04 10:41:06  dsr1.rk01.p02.sv16 pstate is now 4/4
2024-07-04 10:41:06  ssp4.sv15 SC pstate is now -
2024-07-04 10:41:06  dsr1.rk01.p02.sv16 SC pstate is now -
2024-07-04 10:41:06  ssp3.sv15 pstate is now 2/2
2024-07-04 10:41:06  ssp3.sv15 SC pstate is now -
2024-07-04 10:41:06  dsr2.rk02.p02.sv16 pstate is now 4/4
2024-07-04 10:41:06  dsr2.rk02.p02.sv16 SC pstate is now -
2024-07-04 10:41:06  dsr2.rk02.p01.sv16 pstate is now 4/4
2024-07-04 10:41:06  dsr2.rk02.p01.sv16 SC pstate is now -
2024-07-04 10:41:06  dsr1.rk01.p01.sv16 pstate is now 4/4
2024-07-04 10:41:06  dsr1.rk01.p01.sv16 SC pstate is now -
2024-07-04 10:41:06  dsr4.rk04.p02.sv16 pstate is now 4/4
2024-07-04 10:41:06  dsr4.rk04.p02.sv16 SC pstate is now -
2024-07-04 10:41:06  dsr3.rk03.p01.sv16 pstate is now 4/4
2024-07-04 10:41:06  dsr3.rk03.p02.sv16 pstate is now 4/4
2024-07-04 10:41:06  dsr3.rk03.p01.sv16 SC pstate is now -
2024-07-04 10:41:06  dsr3.rk03.p02.sv16 SC pstate is now -
2024-07-04 10:41:06  dsr4.rk04.p01.sv16 pstate is now 4/4
2024-07-04 10:41:06  dsr4.rk04.p01.sv16 SC pstate is now -
2024-07-04 10:43:09  Status Checking Complete
