2024-07-04 11:09:42  Script Start
2024-07-04 11:09:50  {
    "dsr1.rk01.p02.sv15": {
        "dev_type": "Arista",
        "updown": "Down/Down",
        "peerstate": "INIT",
        "scpeerstate": "INIT",
        "maintmode": "INIT",
        "mlagstate": "INIT",
        "first_ping": 2,
        "version": "INIT",
        "svrPortState": "INIT"
    },
    "dsr1.rk05.p01.sv15": {
        "dev_type": "Arista",
        "updown": "Down/Down",
        "peerstate": "INIT",
        "scpeerstate": "INIT",
        "maintmode": "INIT",
        "mlagstate": "INIT",
        "first_ping": 2,
        "version": "INIT",
        "svrPortState": "INIT"
    },
    "dsr2.rk02.p02.sv15": {
        "dev_type": "Arista",
        "updown": "Down/Down",
        "peerstate": "INIT",
        "scpeerstate": "INIT",
        "maintmode": "INIT",
        "mlagstate": "INIT",
        "first_ping": 2,
        "version": "INIT",
        "svrPortState": "INIT"
    },
    "dsr2.rk06.p01.sv15": {
        "dev_type": "Arista",
        "updown": "Down/Down",
        "peerstate": "INIT",
        "scpeerstate": "INIT",
        "maintmode": "INIT",
        "mlagstate": "INIT",
        "first_ping": 2,
        "version": "INIT",
        "svrPortState": "INIT"
    },
    "dsr3.rk03.p02.sv15": {
        "dev_type": "Arista",
        "updown": "Down/Down",
        "peerstate": "INIT",
        "scpeerstate": "INIT",
        "maintmode": "INIT",
        "mlagstate": "INIT",
        "first_ping": 2,
        "version": "INIT",
        "svrPortState": "INIT"
    },
    "dsr4.rk04.p02.sv15": {
        "dev_type": "Arista",
        "updown": "Down/Down",
        "peerstate": "INIT",
        "scpeerstate": "INIT",
        "maintmode": "INIT",
        "mlagstate": "INIT",
        "first_ping": 2,
        "version": "INIT",
        "svrPortState": "INIT"
    },
    "dsr3.rk05.p01.sv15": {
        "dev_type": "Arista",
        "updown": "Down/Down",
        "peerstate": "INIT",
        "scpeerstate": "INIT",
        "maintmode": "INIT",
        "mlagstate": "INIT",
        "first_ping": 2,
        "version": "INIT",
        "svrPortState": "INIT"
    },
    "esr1a.rk01.p01.sv15": {
        "dev_type": "Arista",
        "updown": "Down/Down",
        "peerstate": "INIT",
        "scpeerstate": "INIT",
        "maintmode": "INIT",
        "mlagstate": "INIT",
        "first_ping": 2,
        "version": "INIT",
        "svrPortState": "INIT"
    },
    "esr1a.rk02.p01.sv15": {
        "dev_type": "Arista",
        "updown": "Down/Down",
        "peerstate": "INIT",
        "scpeerstate": "INIT",
        "maintmode": "INIT",
        "mlagstate": "INIT",
        "first_ping": 2,
        "version": "INIT",
        "svrPortState": "INIT"
    },
    "esr1a.rk03.p01.sv15": {
        "dev_type": "Arista",
        "updown": "Down/Down",
        "peerstate": "INIT",
        "scpeerstate": "INIT",
        "maintmode": "INIT",
        "mlagstate": "INIT",
        "first_ping": 2,
        "version": "INIT",
        "svrPortState": "INIT"
    },
    "esr1a.rk04.p01.sv15": {
        "dev_type": "Arista",
        "updown": "Down/Down",
        "peerstate": "INIT",
        "scpeerstate": "INIT",
        "maintmode": "INIT",
        "mlagstate": "INIT",
        "first_ping": 2,
        "version": "INIT",
        "svrPortState": "INIT"
    },
    "esr1a.rk05.p01.sv15": {
        "dev_type": "Arista",
        "updown": "Down/Down",
        "peerstate": "INIT",
        "scpeerstate": "INIT",
        "maintmode": "INIT",
        "mlagstate": "INIT",
        "first_ping": 2,
        "version": "INIT",
        "svrPortState": "INIT"
    },
    "esr1a.rk05.p02.sv15": {
        "dev_type": "Arista",
        "updown": "Down/Down",
        "peerstate": "INIT",
        "scpeerstate": "INIT",
        "maintmode": "INIT",
        "mlagstate": "INIT",
        "first_ping": 2,
        "version": "INIT",
        "svrPortState": "INIT"
    },
    "esr1a.rk06.p01.sv15": {
        "dev_type": "Arista",
        "updown": "Down/Down",
        "peerstate": "INIT",
        "scpeerstate": "INIT",
        "maintmode": "INIT",
        "mlagstate": "INIT",
        "first_ping": 2,
        "version": "INIT",
        "svrPortState": "INIT"
    },
    "esr1a.rk06.p02.sv15": {
        "dev_type": "Arista",
        "updown": "Down/Down",
        "peerstate": "INIT",
        "scpeerstate": "INIT",
        "maintmode": "INIT",
        "mlagstate": "INIT",
        "first_ping": 2,
        "version": "INIT",
        "svrPortState": "INIT"
    },
    "esr1a.rk07.p01.sv15": {
        "dev_type": "Arista",
        "updown": "Down/Down",
        "peerstate": "INIT",
        "scpeerstate": "INIT",
        "maintmode": "INIT",
        "mlagstate": "INIT",
        "first_ping": 2,
        "version": "INIT",
        "svrPortState": "INIT"
    },
    "esr1a.rk07.p02.sv15": {
        "dev_type": "Arista",
        "updown": "Down/Down",
        "peerstate": "INIT",
        "scpeerstate": "INIT",
        "maintmode": "INIT",
        "mlagstate": "INIT",
        "first_ping": 2,
        "version": "INIT",
        "svrPortState": "INIT"
    },
    "esr1a.rk08.p01.sv15": {
        "dev_type": "Arista",
        "updown": "Down/Down",
        "peerstate": "INIT",
        "scpeerstate": "INIT",
        "maintmode": "INIT",
        "mlagstate": "INIT",
        "first_ping": 2,
        "version": "INIT",
        "svrPortState": "INIT"
    },
    "esr1a.rk08.p02.sv15": {
        "dev_type": "Arista",
        "updown": "Down/Down",
        "peerstate": "INIT",
        "scpeerstate": "INIT",
        "maintmode": "INIT",
        "mlagstate": "INIT",
        "first_ping": 2,
        "version": "INIT",
        "svrPortState": "INIT"
    },
    "esr1a.rk09.p01.sv15": {
        "dev_type": "Arista",
        "updown": "Down/Down",
        "peerstate": "INIT",
        "scpeerstate": "INIT",
        "maintmode": "INIT",
        "mlagstate": "INIT",
        "first_ping": 2,
        "version": "INIT",
        "svrPortState": "INIT"
    },
    "esr1a.rk09.p02.sv15": {
        "dev_type": "Arista",
        "updown": "Down/Down",
        "peerstate": "INIT",
        "scpeerstate": "INIT",
        "maintmode": "INIT",
        "mlagstate": "INIT",
        "first_ping": 2,
        "version": "INIT",
        "svrPortState": "INIT"
    },
    "esr1a.rk10.p01.sv15": {
        "dev_type": "Arista",
        "updown": "Down/Down",
        "peerstate": "INIT",
        "scpeerstate": "INIT",
        "maintmode": "INIT",
        "mlagstate": "INIT",
        "first_ping": 2,
        "version": "INIT",
        "svrPortState": "INIT"
    },
    "esr1a.rk10.p02.sv15": {
        "dev_type": "Arista",
        "updown": "Down/Down",
        "peerstate": "INIT",
        "scpeerstate": "INIT",
        "maintmode": "INIT",
        "mlagstate": "INIT",
        "first_ping": 2,
        "version": "INIT",
        "svrPortState": "INIT"
    },
    "esr1a.rk11.p01.sv15": {
        "dev_type": "Arista",
        "updown": "Down/Down",
        "peerstate": "INIT",
        "scpeerstate": "INIT",
        "maintmode": "INIT",
        "mlagstate": "INIT",
        "first_ping": 2,
        "version": "INIT",
        "svrPortState": "INIT"
    },
    "esr1a.rk11.p02.sv15": {
        "dev_type": "Arista",
        "updown": "Down/Down",
        "peerstate": "INIT",
        "scpeerstate": "INIT",
        "maintmode": "INIT",
        "mlagstate": "INIT",
        "first_ping": 2,
        "version": "INIT",
        "svrPortState": "INIT"
    },
    "esr1a.rk12.p01.sv15": {
        "dev_type": "Arista",
        "updown": "Down/Down",
        "peerstate": "INIT",
        "scpeerstate": "INIT",
        "maintmode": "INIT",
        "mlagstate": "INIT",
        "first_ping": 2,
        "version": "INIT",
        "svrPortState": "INIT"
    },
    "esr1a.rk12.p02.sv15": {
        "dev_type": "Arista",
        "updown": "Down/Down",
        "peerstate": "INIT",
        "scpeerstate": "INIT",
        "maintmode": "INIT",
        "mlagstate": "INIT",
        "first_ping": 2,
        "version": "INIT",
        "svrPortState": "INIT"
    },
    "esr1a.rk13.p01.sv15": {
        "dev_type": "Arista",
        "updown": "Down/Down",
        "peerstate": "INIT",
        "scpeerstate": "INIT",
        "maintmode": "INIT",
        "mlagstate": "INIT",
        "first_ping": 2,
        "version": "INIT",
        "svrPortState": "INIT"
    },
    "esr1a.rk13.p02.sv15": {
        "dev_type": "Arista",
        "updown": "Down/Down",
        "peerstate": "INIT",
        "scpeerstate": "INIT",
        "maintmode": "INIT",
        "mlagstate": "INIT",
        "first_ping": 2,
        "version": "INIT",
        "svrPortState": "INIT"
    },
    "esr1a.rk14.p01.sv15": {
        "dev_type": "Arista",
        "updown": "Down/Down",
        "peerstate": "INIT",
        "scpeerstate": "INIT",
        "maintmode": "INIT",
        "mlagstate": "INIT",
        "first_ping": 2,
        "version": "INIT",
        "svrPortState": "INIT"
    },
    "esr1a.rk14.p02.sv15": {
        "dev_type": "Arista",
        "updown": "Down/Down",
        "peerstate": "INIT",
        "scpeerstate": "INIT",
        "maintmode": "INIT",
        "mlagstate": "INIT",
        "first_ping": 2,
        "version": "INIT",
        "svrPortState": "INIT"
    },
    "esr1a.rk15.p01.sv15": {
        "dev_type": "Arista",
        "updown": "Down/Down",
        "peerstate": "INIT",
        "scpeerstate": "INIT",
        "maintmode": "INIT",
        "mlagstate": "INIT",
        "first_ping": 2,
        "version": "INIT",
        "svrPortState": "INIT"
    },
    "esr1a.rk15.p02.sv15": {
        "dev_type": "Arista",
        "updown": "Down/Down",
        "peerstate": "INIT",
        "scpeerstate": "INIT",
        "maintmode": "INIT",
        "mlagstate": "INIT",
        "first_ping": 2,
        "version": "INIT",
        "svrPortState": "INIT"
    },
    "esr1a.rk16.p02.sv15": {
        "dev_type": "Arista",
        "updown": "Down/Down",
        "peerstate": "INIT",
        "scpeerstate": "INIT",
        "maintmode": "INIT",
        "mlagstate": "INIT",
        "first_ping": 2,
        "version": "INIT",
        "svrPortState": "INIT"
    },
    "esr1b.rk01.p01.sv15": {
        "dev_type": "Arista",
        "updown": "Down/Down",
        "peerstate": "INIT",
        "scpeerstate": "INIT",
        "maintmode": "INIT",
        "mlagstate": "INIT",
        "first_ping": 2,
        "version": "INIT",
        "svrPortState": "INIT"
    },
    "esr1b.rk02.p01.sv15": {
        "dev_type": "Arista",
        "updown": "Down/Down",
        "peerstate": "INIT",
        "scpeerstate": "INIT",
        "maintmode": "INIT",
        "mlagstate": "INIT",
        "first_ping": 2,
        "version": "INIT",
        "svrPortState": "INIT"
    },
    "esr1b.rk03.p01.sv15": {
        "dev_type": "Arista",
        "updown": "Down/Down",
        "peerstate": "INIT",
        "scpeerstate": "INIT",
        "maintmode": "INIT",
        "mlagstate": "INIT",
        "first_ping": 2,
        "version": "INIT",
        "svrPortState": "INIT"
    },
    "esr1b.rk04.p01.sv15": {
        "dev_type": "Arista",
        "updown": "Down/Down",
        "peerstate": "INIT",
        "scpeerstate": "INIT",
        "maintmode": "INIT",
        "mlagstate": "INIT",
        "first_ping": 2,
        "version": "INIT",
        "svrPortState": "INIT"
    },
    "esr1b.rk05.p01.sv15": {
        "dev_type": "Arista",
        "updown": "Down/Down",
        "peerstate": "INIT",
        "scpeerstate": "INIT",
        "maintmode": "INIT",
        "mlagstate": "INIT",
        "first_ping": 2,
        "version": "INIT",
        "svrPortState": "INIT"
    },
    "esr1b.rk05.p02.sv15": {
        "dev_type": "Arista",
        "updown": "Down/Down",
        "peerstate": "INIT",
        "scpeerstate": "INIT",
        "maintmode": "INIT",
        "mlagstate": "INIT",
        "first_ping": 2,
        "version": "INIT",
        "svrPortState": "INIT"
    },
    "esr1b.rk06.p01.sv15": {
        "dev_type": "Arista",
        "updown": "Down/Down",
        "peerstate": "INIT",
        "scpeerstate": "INIT",
        "maintmode": "INIT",
        "mlagstate": "INIT",
        "first_ping": 2,
        "version": "INIT",
        "svrPortState": "INIT"
    },
    "esr1b.rk06.p02.sv15": {
        "dev_type": "Arista",
        "updown": "Down/Down",
        "peerstate": "INIT",
        "scpeerstate": "INIT",
        "maintmode": "INIT",
        "mlagstate": "INIT",
        "first_ping": 2,
        "version": "INIT",
        "svrPortState": "INIT"
    },
    "esr1b.rk07.p01.sv15": {
        "dev_type": "Arista",
        "updown": "Down/Down",
        "peerstate": "INIT",
        "scpeerstate": "INIT",
        "maintmode": "INIT",
        "mlagstate": "INIT",
        "first_ping": 2,
        "version": "INIT",
        "svrPortState": "INIT"
    },
    "esr1b.rk07.p02.sv15": {
        "dev_type": "Arista",
        "updown": "Down/Down",
        "peerstate": "INIT",
        "scpeerstate": "INIT",
        "maintmode": "INIT",
        "mlagstate": "INIT",
        "first_ping": 2,
        "version": "INIT",
        "svrPortState": "INIT"
    },
    "esr1b.rk08.p01.sv15": {
        "dev_type": "Arista",
        "updown": "Down/Down",
        "peerstate": "INIT",
        "scpeerstate": "INIT",
        "maintmode": "INIT",
        "mlagstate": "INIT",
        "first_ping": 2,
        "version": "INIT",
        "svrPortState": "INIT"
    },
    "esr1b.rk08.p02.sv15": {
        "dev_type": "Arista",
        "updown": "Down/Down",
        "peerstate": "INIT",
        "scpeerstate": "INIT",
        "maintmode": "INIT",
        "mlagstate": "INIT",
        "first_ping": 2,
        "version": "INIT",
        "svrPortState": "INIT"
    },
    "esr1b.rk09.p01.sv15": {
        "dev_type": "Arista",
        "updown": "Down/Down",
        "peerstate": "INIT",
        "scpeerstate": "INIT",
        "maintmode": "INIT",
        "mlagstate": "INIT",
        "first_ping": 2,
        "version": "INIT",
        "svrPortState": "INIT"
    },
    "esr1b.rk09.p02.sv15": {
        "dev_type": "Arista",
        "updown": "Down/Down",
        "peerstate": "INIT",
        "scpeerstate": "INIT",
        "maintmode": "INIT",
        "mlagstate": "INIT",
        "first_ping": 2,
        "version": "INIT",
        "svrPortState": "INIT"
    },
    "esr1b.rk10.p01.sv15": {
        "dev_type": "Arista",
        "updown": "Down/Down",
        "peerstate": "INIT",
        "scpeerstate": "INIT",
        "maintmode": "INIT",
        "mlagstate": "INIT",
        "first_ping": 2,
        "version": "INIT",
        "svrPortState": "INIT"
    },
    "esr1b.rk10.p02.sv15": {
        "dev_type": "Arista",
        "updown": "Down/Down",
        "peerstate": "INIT",
        "scpeerstate": "INIT",
        "maintmode": "INIT",
        "mlagstate": "INIT",
        "first_ping": 2,
        "version": "INIT",
        "svrPortState": "INIT"
    },
    "esr1b.rk11.p01.sv15": {
        "dev_type": "Arista",
        "updown": "Down/Down",
        "peerstate": "INIT",
        "scpeerstate": "INIT",
        "maintmode": "INIT",
        "mlagstate": "INIT",
        "first_ping": 2,
        "version": "INIT",
        "svrPortState": "INIT"
    },
    "esr1b.rk11.p02.sv15": {
        "dev_type": "Arista",
        "updown": "Down/Down",
        "peerstate": "INIT",
        "scpeerstate": "INIT",
        "maintmode": "INIT",
        "mlagstate": "INIT",
        "first_ping": 2,
        "version": "INIT",
        "svrPortState": "INIT"
    },
    "esr1b.rk12.p01.sv15": {
        "dev_type": "Arista",
        "updown": "Down/Down",
        "peerstate": "INIT",
        "scpeerstate": "INIT",
        "maintmode": "INIT",
        "mlagstate": "INIT",
        "first_ping": 2,
        "version": "INIT",
        "svrPortState": "INIT"
    },
    "esr1b.rk12.p02.sv15": {
        "dev_type": "Arista",
        "updown": "Down/Down",
        "peerstate": "INIT",
        "scpeerstate": "INIT",
        "maintmode": "INIT",
        "mlagstate": "INIT",
        "first_ping": 2,
        "version": "INIT",
        "svrPortState": "INIT"
    },
    "esr1b.rk13.p01.sv15": {
        "dev_type": "Arista",
        "updown": "Down/Down",
        "peerstate": "INIT",
        "scpeerstate": "INIT",
        "maintmode": "INIT",
        "mlagstate": "INIT",
        "first_ping": 2,
        "version": "INIT",
        "svrPortState": "INIT"
    },
    "esr1b.rk13.p02.sv15": {
        "dev_type": "Arista",
        "updown": "Down/Down",
        "peerstate": "INIT",
        "scpeerstate": "INIT",
        "maintmode": "INIT",
        "mlagstate": "INIT",
        "first_ping": 2,
        "version": "INIT",
        "svrPortState": "INIT"
    },
    "esr1b.rk14.p01.sv15": {
        "dev_type": "Arista",
        "updown": "Down/Down",
        "peerstate": "INIT",
        "scpeerstate": "INIT",
        "maintmode": "INIT",
        "mlagstate": "INIT",
        "first_ping": 2,
        "version": "INIT",
        "svrPortState": "INIT"
    },
    "esr1b.rk14.p02.sv15": {
        "dev_type": "Arista",
        "updown": "Down/Down",
        "peerstate": "INIT",
        "scpeerstate": "INIT",
        "maintmode": "INIT",
        "mlagstate": "INIT",
        "first_ping": 2,
        "version": "INIT",
        "svrPortState": "INIT"
    },
    "esr1b.rk15.p01.sv15": {
        "dev_type": "Arista",
        "updown": "Down/Down",
        "peerstate": "INIT",
        "scpeerstate": "INIT",
        "maintmode": "INIT",
        "mlagstate": "INIT",
        "first_ping": 2,
        "version": "INIT",
        "svrPortState": "INIT"
    },
    "esr1b.rk15.p02.sv15": {
        "dev_type": "Arista",
        "updown": "Down/Down",
        "peerstate": "INIT",
        "scpeerstate": "INIT",
        "maintmode": "INIT",
        "mlagstate": "INIT",
        "first_ping": 2,
        "version": "INIT",
        "svrPortState": "INIT"
    },
    "esr1b.rk16.p02.sv15": {
        "dev_type": "Arista",
        "updown": "Down/Down",
        "peerstate": "INIT",
        "scpeerstate": "INIT",
        "maintmode": "INIT",
        "mlagstate": "INIT",
        "first_ping": 2,
        "version": "INIT",
        "svrPortState": "INIT"
    },
    "msw1.rk05.p02.sv15": {
        "dev_type": "Arista",
        "updown": "Down",
        "peerstate": "INIT",
        "scpeerstate": "INIT",
        "maintmode": "",
        "mlagstate": "",
        "first_ping": 2,
        "version": "INIT",
        "svrPortState": "INIT"
    },
    "msw1.rk06.p02.sv15": {
        "dev_type": "Arista",
        "updown": "Down",
        "peerstate": "INIT",
        "scpeerstate": "INIT",
        "maintmode": "",
        "mlagstate": "",
        "first_ping": 2,
        "version": "INIT",
        "svrPortState": "INIT"
    },
    "msw1.rk07.p02.sv15": {
        "dev_type": "Arista",
        "updown": "Down",
        "peerstate": "INIT",
        "scpeerstate": "INIT",
        "maintmode": "",
        "mlagstate": "",
        "first_ping": 2,
        "version": "INIT",
        "svrPortState": "INIT"
    },
    "msw1.rk08.p02.sv15": {
        "dev_type": "Arista",
        "updown": "Down",
        "peerstate": "INIT",
        "scpeerstate": "INIT",
        "maintmode": "",
        "mlagstate": "",
        "first_ping": 2,
        "version": "INIT",
        "svrPortState": "INIT"
    },
    "msw1.rk09.p02.sv15": {
        "dev_type": "Arista",
        "updown": "Down",
        "peerstate": "INIT",
        "scpeerstate": "INIT",
        "maintmode": "",
        "mlagstate": "",
        "first_ping": 2,
        "version": "INIT",
        "svrPortState": "INIT"
    },
    "msw1.rk10.p02.sv15": {
        "dev_type": "Arista",
        "updown": "Down",
        "peerstate": "INIT",
        "scpeerstate": "INIT",
        "maintmode": "",
        "mlagstate": "",
        "first_ping": 2,
        "version": "INIT",
        "svrPortState": "INIT"
    },
    "msw1.rk11.p02.sv15": {
        "dev_type": "Arista",
        "updown": "Down",
        "peerstate": "INIT",
        "scpeerstate": "INIT",
        "maintmode": "",
        "mlagstate": "",
        "first_ping": 2,
        "version": "INIT",
        "svrPortState": "INIT"
    },
    "msw1.rk12.p02.sv15": {
        "dev_type": "Arista",
        "updown": "Down",
        "peerstate": "INIT",
        "scpeerstate": "INIT",
        "maintmode": "",
        "mlagstate": "",
        "first_ping": 2,
        "version": "INIT",
        "svrPortState": "INIT"
    },
    "msw1.rk13.p02.sv15": {
        "dev_type": "Arista",
        "updown": "Down",
        "peerstate": "INIT",
        "scpeerstate": "INIT",
        "maintmode": "",
        "mlagstate": "",
        "first_ping": 2,
        "version": "INIT",
        "svrPortState": "INIT"
    },
    "msw1.rk14.p02.sv15": {
        "dev_type": "Arista",
        "updown": "Down",
        "peerstate": "INIT",
        "scpeerstate": "INIT",
        "maintmode": "",
        "mlagstate": "",
        "first_ping": 2,
        "version": "INIT",
        "svrPortState": "INIT"
    },
    "msw1.rk15.p02.sv15": {
        "dev_type": "Arista",
        "updown": "Down",
        "peerstate": "INIT",
        "scpeerstate": "INIT",
        "maintmode": "",
        "mlagstate": "",
        "first_ping": 2,
        "version": "INIT",
        "svrPortState": "INIT"
    },
    "msw1.rk16.p02.sv15": {
        "dev_type": "Arista",
        "updown": "Down",
        "peerstate": "INIT",
        "scpeerstate": "INIT",
        "maintmode": "",
        "mlagstate": "",
        "first_ping": 2,
        "version": "INIT",
        "svrPortState": "INIT"
    }
}
2024-07-04 11:09:50  Starting Status Checks
2024-07-04 11:09:52  esr1a.rk03.p01.sv15 Version is now EOS: 4.28.7M
2024-07-04 11:09:52  esr1a.rk04.p01.sv15 Version is now EOS: 4.28.7M
2024-07-04 11:09:52  esr1a.rk05.p01.sv15 Version is now EOS: 4.28.7M
2024-07-04 11:09:52  esr1a.rk07.p02.sv15 Version is now EOS: 4.28.7M
2024-07-04 11:09:52  esr1a.rk10.p01.sv15 Version is now EOS: 4.28.7M
2024-07-04 11:09:52  esr1a.rk06.p02.sv15 Version is now EOS: 4.28.7M
2024-07-04 11:09:52  esr1a.rk10.p02.sv15 Version is now EOS: 4.28.7M
2024-07-04 11:09:52  esr1a.rk08.p02.sv15 Version is now EOS: 4.28.7M
2024-07-04 11:09:52  esr1a.rk09.p01.sv15 Version is now EOS: 4.28.7M
2024-07-04 11:09:52  esr1a.rk06.p01.sv15 Version is now EOS: 4.28.7M
2024-07-04 11:09:52  esr1a.rk05.p02.sv15 Version is now EOS: 4.28.7M
2024-07-04 11:09:52  esr1a.rk15.p01.sv15 Version is now EOS: 4.28.7M
2024-07-04 11:09:52  esr1a.rk08.p01.sv15 Version is now EOS: 4.28.7M
2024-07-04 11:09:52  esr1a.rk07.p01.sv15 Version is now EOS: 4.28.7M
2024-07-04 11:09:52  esr1a.rk11.p01.sv15 Version is now EOS: 4.28.7M
2024-07-04 11:09:52  esr1a.rk14.p02.sv15 Version is now EOS: 4.28.7M
2024-07-04 11:09:52  esr1a.rk12.p01.sv15 Version is now EOS: 4.28.7M
2024-07-04 11:09:52  esr1a.rk13.p01.sv15 Version is now EOS: 4.28.7M
2024-07-04 11:09:52  esr1a.rk13.p02.sv15 Version is now EOS: 4.28.7M
2024-07-04 11:09:52  esr1b.rk08.p01.sv15 Version is now EOS: 4.28.7M
2024-07-04 11:09:52  esr1a.rk09.p02.sv15 Version is now EOS: 4.28.7M
2024-07-04 11:09:52  esr1a.rk11.p02.sv15 Version is now EOS: 4.28.7M
2024-07-04 11:09:52  esr1b.rk05.p01.sv15 Version is now EOS: 4.28.7M
2024-07-04 11:09:52  esr1b.rk09.p02.sv15 Version is now EOS: 4.28.7M
2024-07-04 11:09:52  esr1b.rk03.p01.sv15 Version is now EOS: 4.28.7M
2024-07-04 11:09:52  esr1b.rk07.p01.sv15 Version is now EOS: 4.28.7M
2024-07-04 11:09:52  esr1b.rk04.p01.sv15 Version is now EOS: 4.28.7M
2024-07-04 11:09:52  esr1b.rk09.p01.sv15 Version is now EOS: 4.28.7M
2024-07-04 11:09:52  esr1a.rk03.p01.sv15 is now Up / Up
2024-07-04 11:09:52  esr1a.rk14.p01.sv15 Version is now EOS: 4.28.7M
2024-07-04 11:09:52  esr1a.rk05.p01.sv15 is now Up / Up
2024-07-04 11:09:52  esr1b.rk08.p02.sv15 Version is now EOS: 4.28.7M
2024-07-04 11:09:52  esr1a.rk10.p01.sv15 is now Up / Up
2024-07-04 11:09:52  esr1b.rk06.p01.sv15 Version is now EOS: 4.28.7M
2024-07-04 11:09:52  esr1b.rk10.p01.sv15 Version is now EOS: 4.28.7M
2024-07-04 11:09:52  esr1b.rk06.p02.sv15 Version is now EOS: 4.28.7M
2024-07-04 11:09:52  esr1a.rk06.p02.sv15 is now Up / Up
2024-07-04 11:09:52  esr1b.rk05.p02.sv15 Version is now EOS: 4.28.7M
2024-07-04 11:09:52  esr1a.rk10.p02.sv15 is now Up / Up
2024-07-04 11:09:52  esr1a.rk07.p01.sv15 is now Up / Up
2024-07-04 11:09:52  esr1a.rk07.p02.sv15 is now Up / Up
2024-07-04 11:09:52  esr1a.rk06.p01.sv15 is now Up / Up
2024-07-04 11:09:52  esr1a.rk14.p02.sv15 is now Up / Up
2024-07-04 11:09:52  esr1a.rk08.p01.sv15 is now Up / Up
2024-07-04 11:09:52  esr1b.rk10.p02.sv15 Version is now EOS: 4.28.7M
2024-07-04 11:09:52  esr1b.rk07.p02.sv15 Version is now EOS: 4.28.7M
2024-07-04 11:09:52  esr1a.rk11.p01.sv15 is now Up / Up
2024-07-04 11:09:52  esr1a.rk11.p02.sv15 is now Up / Up
2024-07-04 11:09:52  esr1a.rk04.p01.sv15 is now Up / Up
2024-07-04 11:09:52  esr1a.rk05.p02.sv15 is now Up / Up
2024-07-04 11:09:52  esr1a.rk12.p02.sv15 Version is now EOS: 4.28.7M
2024-07-04 11:09:52  esr1b.rk07.p01.sv15 is now Up / Up
2024-07-04 11:09:52  esr1a.rk09.p01.sv15 is now Up / Up
2024-07-04 11:09:52  esr1a.rk09.p02.sv15 is now Up / Up
2024-07-04 11:09:52  esr1a.rk08.p02.sv15 is now Up / Up
2024-07-04 11:09:52  esr1a.rk13.p02.sv15 is now Up / Up
2024-07-04 11:09:52  esr1a.rk02.p01.sv15 Version is now EOS: 4.28.7M
2024-07-04 11:09:52  esr1b.rk08.p01.sv15 is now Up / Up
2024-07-04 11:09:52  esr1b.rk09.p01.sv15 is now Up / Up
2024-07-04 11:09:52  esr1a.rk14.p01.sv15 is now Up / Up
2024-07-04 11:09:52  dsr1.rk05.p01.sv15 Version is now EOS: 4.28.7M
2024-07-04 11:09:52  esr1b.rk09.p02.sv15 is now Up / Up
2024-07-04 11:09:52  esr1a.rk01.p01.sv15 Version is now EOS: 4.28.7M
2024-07-04 11:09:52  esr1b.rk02.p01.sv15 Version is now EOS: 4.28.7M
2024-07-04 11:09:52  esr1a.rk15.p01.sv15 is now Up / Up
2024-07-04 11:09:52  esr1b.rk10.p01.sv15 is now Up / Up
2024-07-04 11:09:52  esr1a.rk12.p01.sv15 is now Up / Up
2024-07-04 11:09:52  esr1b.rk10.p02.sv15 is now Up / Up
2024-07-04 11:09:52  esr1b.rk04.p01.sv15 is now Up / Up
2024-07-04 11:09:52  esr1a.rk13.p01.sv15 is now Up / Up
2024-07-04 11:09:52  dsr2.rk06.p01.sv15 Version is now EOS: 4.28.7M
2024-07-04 11:09:52  esr1b.rk06.p02.sv15 is now Up / Up
2024-07-04 11:09:52  esr1b.rk07.p02.sv15 is now Up / Up
2024-07-04 11:09:52  esr1b.rk05.p01.sv15 is now Up / Up
2024-07-04 11:09:52  esr1a.rk16.p02.sv15 Version is now EOS: 4.28.7M
2024-07-04 11:09:52  esr1a.rk12.p02.sv15 is now Up / Up
2024-07-04 11:09:52  esr1b.rk01.p01.sv15 Version is now EOS: 4.28.7M
2024-07-04 11:09:52  esr1a.rk15.p02.sv15 Version is now EOS: 4.28.7M
2024-07-04 11:09:52  esr1b.rk02.p01.sv15 is now Up / Up
2024-07-04 11:09:52  esr1b.rk03.p01.sv15 is now Up / Up
2024-07-04 11:09:52  esr1b.rk05.p02.sv15 is now Up / Up
2024-07-04 11:09:52  dsr3.rk05.p01.sv15 Version is now EOS: 4.30.5M
2024-07-04 11:09:52  esr1b.rk06.p01.sv15 is now Up / Up
2024-07-04 11:09:52  esr1b.rk08.p02.sv15 is now Up / Up
2024-07-04 11:09:52  dsr1.rk05.p01.sv15 is now Up / Up
2024-07-04 11:09:52  esr1a.rk16.p02.sv15 is now Up / Up
2024-07-04 11:09:52  esr1a.rk02.p01.sv15 is now Up / Up
2024-07-04 11:09:52  esr1b.rk01.p01.sv15 is now Up / Up
2024-07-04 11:09:52  dsr2.rk06.p01.sv15 is now Up / Up
2024-07-04 11:09:52  esr1a.rk01.p01.sv15 is now Up / Up
2024-07-04 11:09:53  dsr3.rk05.p01.sv15 is now Up / Up
2024-07-04 11:09:53  esr1a.rk15.p02.sv15 is now Up / Up
2024-07-04 11:09:53  dsr2.rk02.p02.sv15 Version is now EOS: 4.28.7M
2024-07-04 11:09:53  dsr3.rk03.p02.sv15 Version is now EOS: 4.28.7M
2024-07-04 11:09:53  dsr2.rk02.p02.sv15 is now Up / Up
2024-07-04 11:09:53  dsr3.rk03.p02.sv15 is now Up / Up
2024-07-04 11:09:53  dsr1.rk01.p02.sv15 Version is now EOS: 4.28.7M
2024-07-04 11:09:53  dsr4.rk04.p02.sv15 Version is now EOS: 4.28.7M
2024-07-04 11:09:53  esr1a.rk05.p01.sv15 is now NoMaint
2024-07-04 11:09:53  esr1a.rk07.p01.sv15 is now NoMaint
2024-07-04 11:09:53  esr1a.rk03.p01.sv15 is now NoMaint
2024-07-04 11:09:53  dsr1.rk01.p02.sv15 is now Up / Up
2024-07-04 11:09:53  esr1a.rk10.p01.sv15 is now NoMaint
2024-07-04 11:09:53  dsr4.rk04.p02.sv15 is now Up / Up
2024-07-04 11:09:53  esr1a.rk06.p02.sv15 is now NoMaint
2024-07-04 11:09:53  esr1a.rk07.p02.sv15 is now NoMaint
2024-07-04 11:09:53  esr1a.rk08.p01.sv15 is now NoMaint
2024-07-04 11:09:53  esr1a.rk05.p02.sv15 is now NoMaint
2024-07-04 11:09:53  esr1a.rk08.p02.sv15 is now NoMaint
2024-07-04 11:09:53  esr1a.rk14.p02.sv15 is now NoMaint
2024-07-04 11:09:53  esr1a.rk10.p02.sv15 is now NoMaint
2024-07-04 11:09:53  esr1b.rk09.p02.sv15 is now NoMaint
2024-07-04 11:09:53  esr1a.rk15.p01.sv15 is now NoMaint
2024-07-04 11:09:53  esr1a.rk06.p01.sv15 is now NoMaint
2024-07-04 11:09:53  esr1a.rk04.p01.sv15 is now NoMaint
2024-07-04 11:09:53  esr1b.rk09.p01.sv15 is now NoMaint
2024-07-04 11:09:53  esr1b.rk07.p01.sv15 is now NoMaint
2024-07-04 11:09:53  esr1b.rk08.p01.sv15 is now NoMaint
2024-07-04 11:09:53  esr1a.rk09.p01.sv15 is now NoMaint
2024-07-04 11:09:53  esr1a.rk11.p02.sv15 is now NoMaint
2024-07-04 11:09:53  esr1a.rk12.p01.sv15 is now NoMaint
2024-07-04 11:09:53  esr1a.rk09.p02.sv15 is now NoMaint
2024-07-04 11:09:53  esr1a.rk14.p01.sv15 is now NoMaint
2024-07-04 11:09:53  esr1b.rk04.p01.sv15 is now NoMaint
2024-07-04 11:09:53  esr1a.rk13.p02.sv15 is now NoMaint
2024-07-04 11:09:53  esr1a.rk11.p01.sv15 is now NoMaint
2024-07-04 11:09:53  esr1b.rk10.p02.sv15 is now NoMaint
2024-07-04 11:09:53  esr1a.rk12.p02.sv15 is now NoMaint
2024-07-04 11:09:53  esr1b.rk07.p02.sv15 is now NoMaint
2024-07-04 11:09:53  esr1b.rk06.p02.sv15 is now NoMaint
2024-07-04 11:09:53  esr1b.rk03.p01.sv15 is now NoMaint
2024-07-04 11:09:53  esr1b.rk05.p01.sv15 is now NoMaint
2024-07-04 11:09:53  esr1a.rk13.p01.sv15 is now NoMaint
2024-07-04 11:09:53  esr1b.rk10.p01.sv15 is now NoMaint
2024-07-04 11:09:53  esr1b.rk06.p01.sv15 is now NoMaint
2024-07-04 11:09:53  esr1b.rk08.p02.sv15 is now NoMaint
2024-07-04 11:09:53  esr1b.rk05.p02.sv15 is now NoMaint
2024-07-04 11:09:53  esr1b.rk02.p01.sv15 is now NoMaint
2024-07-04 11:09:53  esr1a.rk16.p02.sv15 is now NoMaint
2024-07-04 11:09:53  dsr1.rk05.p01.sv15 is now NoMaint
2024-07-04 11:09:53  esr1a.rk02.p01.sv15 is now NoMaint
2024-07-04 11:09:53  dsr2.rk06.p01.sv15 is now NoMaint
2024-07-04 11:09:53  esr1b.rk01.p01.sv15 is now NoMaint
2024-07-04 11:09:53  esr1a.rk01.p01.sv15 is now NoMaint
2024-07-04 11:09:54  esr1a.rk15.p02.sv15 is now NoMaint
2024-07-04 11:09:54  dsr2.rk02.p02.sv15 is now NoMaint
2024-07-04 11:09:54  dsr3.rk03.p02.sv15 is now NoMaint
2024-07-04 11:09:54  dsr3.rk05.p01.mgmt.sv15 GNMI System Maintenance request failed: 
2024-07-04 11:09:54  esr1a.rk05.p01.sv15 pstate is now 5/5
2024-07-04 11:09:54  esr1a.rk05.p01.sv15 SC pstate is now -
2024-07-04 11:09:54  esr1a.rk07.p01.sv15 pstate is now 5/5
2024-07-04 11:09:54  esr1a.rk07.p01.sv15 SC pstate is now -
2024-07-04 11:09:54  esr1a.rk10.p01.sv15 pstate is now 5/5
2024-07-04 11:09:54  esr1a.rk10.p01.sv15 SC pstate is now -
2024-07-04 11:09:54  dsr1.rk01.p02.sv15 is now NoMaint
2024-07-04 11:09:54  esr1a.rk03.p01.sv15 pstate is now 5/5
2024-07-04 11:09:54  esr1a.rk03.p01.sv15 SC pstate is now -
2024-07-04 11:09:54  dsr4.rk04.p02.sv15 is now NoMaint
2024-07-04 11:09:54  esr1a.rk06.p02.sv15 pstate is now 5/5
2024-07-04 11:09:54  esr1a.rk06.p02.sv15 SC pstate is now -
2024-07-04 11:09:54  esr1a.rk08.p02.sv15 pstate is now 5/5
2024-07-04 11:09:54  esr1a.rk08.p02.sv15 SC pstate is now -
2024-07-04 11:09:54  esr1a.rk07.p02.sv15 pstate is now 5/5
2024-07-04 11:09:54  esr1a.rk07.p02.sv15 SC pstate is now -
2024-07-04 11:09:54  esr1a.rk08.p01.sv15 pstate is now 5/5
2024-07-04 11:09:54  esr1a.rk08.p01.sv15 SC pstate is now -
2024-07-04 11:09:54  esr1a.rk14.p02.sv15 pstate is now 5/5
2024-07-04 11:09:54  esr1a.rk14.p02.sv15 SC pstate is now -
2024-07-04 11:09:54  esr1a.rk10.p02.sv15 pstate is now 5/5
2024-07-04 11:09:54  esr1a.rk10.p02.sv15 SC pstate is now -
2024-07-04 11:09:54  esr1a.rk06.p01.sv15 pstate is now 5/5
2024-07-04 11:09:54  esr1a.rk06.p01.sv15 SC pstate is now -
2024-07-04 11:09:54  esr1b.rk08.p01.sv15 pstate is now 5/5
2024-07-04 11:09:54  esr1b.rk09.p01.sv15 pstate is now 5/5
2024-07-04 11:09:54  esr1a.rk09.p01.sv15 pstate is now 5/5
2024-07-04 11:09:54  esr1a.rk15.p01.sv15 pstate is now 5/5
2024-07-04 11:09:54  esr1a.rk09.p01.sv15 SC pstate is now -
2024-07-04 11:09:54  esr1b.rk08.p01.sv15 SC pstate is now -
2024-07-04 11:09:54  esr1b.rk09.p01.sv15 SC pstate is now -
2024-07-04 11:09:54  esr1a.rk15.p01.sv15 SC pstate is now -
2024-07-04 11:09:54  esr1b.rk07.p01.sv15 pstate is now 5/5
2024-07-04 11:09:54  esr1b.rk09.p02.sv15 pstate is now 5/5
2024-07-04 11:09:54  esr1a.rk04.p01.sv15 pstate is now 5/5
2024-07-04 11:09:54  esr1a.rk11.p02.sv15 pstate is now 5/5
2024-07-04 11:09:54  esr1b.rk07.p01.sv15 SC pstate is now -
2024-07-04 11:09:54  esr1b.rk09.p02.sv15 SC pstate is now -
2024-07-04 11:09:54  esr1a.rk05.p02.sv15 pstate is now 5/5
2024-07-04 11:09:54  esr1a.rk13.p02.sv15 pstate is now 5/5
2024-07-04 11:09:54  esr1a.rk05.p02.sv15 SC pstate is now 13/13
2024-07-04 11:09:54  esr1a.rk04.p01.sv15 SC pstate is now -
2024-07-04 11:09:54  esr1a.rk13.p02.sv15 SC pstate is now -
2024-07-04 11:09:54  esr1a.rk11.p02.sv15 SC pstate is now -
2024-07-04 11:09:54  esr1a.rk12.p01.sv15 pstate is now 5/5
2024-07-04 11:09:54  esr1b.rk07.p02.sv15 pstate is now 5/5
2024-07-04 11:09:54  esr1a.rk12.p01.sv15 SC pstate is now -
2024-07-04 11:09:54  esr1b.rk05.p01.sv15 pstate is now 5/5
2024-07-04 11:09:54  esr1b.rk06.p02.sv15 pstate is now 5/5
2024-07-04 11:09:54  esr1b.rk07.p02.sv15 SC pstate is now -
2024-07-04 11:09:54  esr1b.rk04.p01.sv15 pstate is now 5/5
2024-07-04 11:09:54  esr1b.rk04.p01.sv15 SC pstate is now -
2024-07-04 11:09:54  esr1a.rk12.p02.sv15 pstate is now 5/5
2024-07-04 11:09:54  esr1b.rk06.p02.sv15 SC pstate is now -
2024-07-04 11:09:54  esr1b.rk05.p01.sv15 SC pstate is now -
2024-07-04 11:09:54  esr1b.rk03.p01.sv15 pstate is now 5/5
2024-07-04 11:09:54  esr1a.rk09.p02.sv15 pstate is now 5/5
2024-07-04 11:09:54  esr1b.rk10.p02.sv15 pstate is now 5/5
2024-07-04 11:09:54  esr1b.rk03.p01.sv15 SC pstate is now -
2024-07-04 11:09:54  esr1a.rk12.p02.sv15 SC pstate is now -
2024-07-04 11:09:54  esr1a.rk14.p01.sv15 pstate is now 5/5
2024-07-04 11:09:54  esr1a.rk14.p01.sv15 SC pstate is now -
2024-07-04 11:09:54  esr1b.rk10.p02.sv15 SC pstate is now -
2024-07-04 11:09:54  esr1b.rk10.p01.sv15 pstate is now 5/5
2024-07-04 11:09:54  esr1a.rk13.p01.sv15 pstate is now 5/5
2024-07-04 11:09:54  esr1a.rk09.p02.sv15 SC pstate is now -
2024-07-04 11:09:54  esr1b.rk10.p01.sv15 SC pstate is now -
2024-07-04 11:09:54  esr1b.rk06.p01.sv15 pstate is now 5/5
2024-07-04 11:09:54  esr1b.rk08.p02.sv15 pstate is now 5/5
2024-07-04 11:09:54  esr1b.rk06.p01.sv15 SC pstate is now -
2024-07-04 11:09:54  esr1a.rk13.p01.sv15 SC pstate is now -
2024-07-04 11:09:54  esr1b.rk08.p02.sv15 SC pstate is now -
2024-07-04 11:09:54  esr1a.rk11.p01.sv15 pstate is now 5/5
2024-07-04 11:09:54  esr1a.rk11.p01.sv15 SC pstate is now 18/18
2024-07-04 11:09:54  esr1b.rk05.p02.sv15 pstate is now 5/5
2024-07-04 11:09:54  esr1b.rk05.p02.sv15 SC pstate is now 13/13
2024-07-04 11:09:54  esr1b.rk02.p01.sv15 pstate is now 5/5
2024-07-04 11:09:54  esr1b.rk02.p01.sv15 SC pstate is now -
2024-07-04 11:09:54  esr1a.rk02.p01.sv15 pstate is now 5/5
2024-07-04 11:09:54  esr1a.rk02.p01.sv15 SC pstate is now -
2024-07-04 11:09:54  esr1b.rk01.p01.sv15 pstate is now 5/5
2024-07-04 11:09:54  esr1b.rk01.p01.sv15 SC pstate is now -
2024-07-04 11:09:54  esr1a.rk01.p01.sv15 pstate is now 5/5
2024-07-04 11:09:54  esr1a.rk01.p01.sv15 SC pstate is now -
2024-07-04 11:09:54  dsr1.rk05.p01.sv15 pstate is now 4/4
2024-07-04 11:09:54  dsr1.rk05.p01.sv15 SC pstate is now -
2024-07-04 11:09:54  dsr2.rk06.p01.sv15 pstate is now 4/4
2024-07-04 11:09:54  dsr2.rk06.p01.sv15 SC pstate is now -
2024-07-04 11:09:54  esr1a.rk15.p02.sv15 pstate is now 5/5
2024-07-04 11:09:54  esr1a.rk15.p02.sv15 SC pstate is now -
2024-07-04 11:09:55  esr1a.rk16.p02.sv15 pstate is now 5/5
2024-07-04 11:09:55  esr1a.rk16.p02.sv15 SC pstate is now -
2024-07-04 11:09:55  dsr2.rk02.p02.sv15 pstate is now 4/4
2024-07-04 11:09:55  dsr2.rk02.p02.sv15 SC pstate is now -
2024-07-04 11:09:55  dsr3.rk03.p02.sv15 pstate is now 4/4
2024-07-04 11:09:55  dsr3.rk03.p02.sv15 SC pstate is now -
2024-07-04 11:09:55  dsr1.rk01.p02.sv15 pstate is now 4/4
2024-07-04 11:09:55  dsr1.rk01.p02.sv15 SC pstate is now -
2024-07-04 11:09:55  dsr4.rk04.p02.sv15 pstate is now 4/4
2024-07-04 11:09:55  dsr4.rk04.p02.sv15 SC pstate is now -
2024-07-04 11:09:55  dsr3.rk05.p01.sv15 pstate is now 4/4
2024-07-04 11:09:55  dsr3.rk05.p01.sv15 SC pstate is now -
2024-07-04 11:09:55  esr1b.rk11.p01.sv15 Version is now EOS: 4.28.7M
2024-07-04 11:09:55  esr1b.rk11.p02.sv15 Version is now EOS: 4.28.7M
2024-07-04 11:09:55  esr1b.rk12.p01.sv15 Version is now EOS: 4.28.7M
2024-07-04 11:09:55  esr1b.rk11.p01.sv15 is now Up / Up
2024-07-04 11:09:55  esr1b.rk11.p02.sv15 is now Up / Up
2024-07-04 11:09:55  esr1b.rk12.p01.sv15 is now Up / Up
2024-07-04 11:09:56  esr1b.rk13.p01.sv15 Version is now EOS: 4.28.7M
2024-07-04 11:09:56  esr1b.rk12.p02.sv15 Version is now EOS: 4.28.7M
2024-07-04 11:09:56  esr1b.rk13.p02.sv15 Version is now EOS: 4.28.7M
2024-07-04 11:09:56  esr1b.rk13.p01.sv15 is now Up / Up
2024-07-04 11:09:56  esr1b.rk12.p02.sv15 is now Up / Up
2024-07-04 11:09:56  esr1b.rk14.p01.sv15 Version is now EOS: 4.28.7M
2024-07-04 11:09:56  esr1b.rk14.p02.sv15 Version is now EOS: 4.28.7M
2024-07-04 11:09:56  esr1b.rk15.p01.sv15 Version is now EOS: 4.28.7M
2024-07-04 11:09:56  esr1b.rk13.p02.sv15 is now Up / Up
2024-07-04 11:09:56  esr1b.rk14.p01.sv15 is now Up / Up
2024-07-04 11:09:56  esr1b.rk14.p02.sv15 is now Up / Up
2024-07-04 11:09:56  esr1b.rk15.p01.sv15 is now Up / Up
2024-07-04 11:09:56  msw1.rk07.p02.sv15 Version is now EOS: 4.28.7M
2024-07-04 11:09:56  msw1.rk06.p02.sv15 Version is now EOS: 4.28.7M
2024-07-04 11:09:56  msw1.rk05.p02.sv15 Version is now EOS: 4.28.7M
2024-07-04 11:09:56  msw1.rk08.p02.sv15 Version is now EOS: 4.28.7M
2024-07-04 11:09:56  esr1b.rk15.p02.sv15 Version is now EOS: 4.28.7M
2024-07-04 11:09:56  msw1.rk10.p02.sv15 Version is now EOS: 4.28.7M
2024-07-04 11:09:56  msw1.rk11.p02.sv15 Version is now EOS: 4.28.7M
2024-07-04 11:09:56  msw1.rk09.p02.sv15 Version is now EOS: 4.28.7M
2024-07-04 11:09:56  msw1.rk16.p02.sv15 Version is now EOS: 4.28.7M
2024-07-04 11:09:56  msw1.rk15.p02.sv15 Version is now EOS: 4.28.7M
2024-07-04 11:09:56  esr1b.rk16.p02.sv15 Version is now EOS: 4.28.7M
2024-07-04 11:09:56  msw1.rk13.p02.sv15 Version is now EOS: 4.28.7M
2024-07-04 11:09:56  msw1.rk14.p02.sv15 Version is now EOS: 4.28.7M
2024-07-04 11:09:56  msw1.rk12.p02.sv15 Version is now EOS: 4.28.7M
2024-07-04 11:09:56  esr1b.rk15.p02.sv15 is now Up / Up
2024-07-04 11:09:56  esr1b.rk16.p02.sv15 is now Up / Up
2024-07-04 11:09:56  esr1b.rk11.p01.sv15 is now NoMaint
2024-07-04 11:09:56  esr1b.rk11.p02.sv15 is now NoMaint
2024-07-04 11:09:56  esr1b.rk12.p01.sv15 is now NoMaint
2024-07-04 11:09:56  esr1b.rk13.p01.sv15 is now NoMaint
2024-07-04 11:09:56  esr1b.rk12.p02.sv15 is now NoMaint
2024-07-04 11:09:56  esr1b.rk13.p02.sv15 is now NoMaint
2024-07-04 11:09:56  esr1b.rk14.p02.sv15 is now NoMaint
2024-07-04 11:09:56  esr1b.rk14.p01.sv15 is now NoMaint
2024-07-04 11:09:56  esr1b.rk15.p01.sv15 is now NoMaint
2024-07-04 11:09:57  msw1.rk07.p02.sv15 pstate is now 2/2
2024-07-04 11:09:57  msw1.rk07.p02.sv15 SC pstate is now -
2024-07-04 11:09:57  msw1.rk07.p02.sv15 is now Up
2024-07-04 11:09:57  msw1.rk06.p02.sv15 pstate is now 2/2
2024-07-04 11:09:57  msw1.rk06.p02.sv15 SC pstate is now -
2024-07-04 11:09:57  msw1.rk06.p02.sv15 is now Up
2024-07-04 11:09:57  msw1.rk05.p02.sv15 pstate is now 2/2
2024-07-04 11:09:57  msw1.rk05.p02.sv15 SC pstate is now -
2024-07-04 11:09:57  msw1.rk05.p02.sv15 is now Up
2024-07-04 11:09:57  msw1.rk10.p02.sv15 pstate is now 2/2
2024-07-04 11:09:57  msw1.rk10.p02.sv15 SC pstate is now -
2024-07-04 11:09:57  msw1.rk10.p02.sv15 is now Up
2024-07-04 11:09:57  msw1.rk08.p02.sv15 pstate is now 2/2
2024-07-04 11:09:57  msw1.rk08.p02.sv15 SC pstate is now -
2024-07-04 11:09:57  msw1.rk08.p02.sv15 is now Up
2024-07-04 11:09:57  msw1.rk11.p02.sv15 pstate is now 2/2
2024-07-04 11:09:57  msw1.rk11.p02.sv15 SC pstate is now -
2024-07-04 11:09:57  msw1.rk11.p02.sv15 is now Up
2024-07-04 11:09:57  msw1.rk16.p02.sv15 pstate is now 2/2
2024-07-04 11:09:57  msw1.rk16.p02.sv15 SC pstate is now -
2024-07-04 11:09:57  msw1.rk16.p02.sv15 is now Up
2024-07-04 11:09:57  msw1.rk15.p02.sv15 pstate is now 2/2
2024-07-04 11:09:57  msw1.rk15.p02.sv15 SC pstate is now -
2024-07-04 11:09:57  msw1.rk15.p02.sv15 is now Up
2024-07-04 11:09:57  msw1.rk09.p02.sv15 pstate is now 2/2
2024-07-04 11:09:57  msw1.rk09.p02.sv15 SC pstate is now -
2024-07-04 11:09:57  msw1.rk09.p02.sv15 is now Up
2024-07-04 11:09:57  msw1.rk14.p02.sv15 pstate is now 2/2
2024-07-04 11:09:57  msw1.rk14.p02.sv15 SC pstate is now -
2024-07-04 11:09:57  msw1.rk14.p02.sv15 is now Up
2024-07-04 11:09:57  msw1.rk12.p02.sv15 pstate is now 2/2
2024-07-04 11:09:57  msw1.rk12.p02.sv15 SC pstate is now -
2024-07-04 11:09:57  msw1.rk12.p02.sv15 is now Up
2024-07-04 11:09:57  msw1.rk13.p02.sv15 pstate is now 2/2
2024-07-04 11:09:57  msw1.rk13.p02.sv15 SC pstate is now -
2024-07-04 11:09:57  msw1.rk13.p02.sv15 is now Up
2024-07-04 11:09:57  esr1b.rk15.p02.sv15 is now NoMaint
2024-07-04 11:09:57  esr1b.rk16.p02.sv15 is now NoMaint
2024-07-04 11:09:57  esr1b.rk11.p02.sv15 pstate is now 5/5
2024-07-04 11:09:57  esr1b.rk11.p02.sv15 SC pstate is now -
2024-07-04 11:09:57  esr1b.rk11.p01.sv15 pstate is now 5/5
2024-07-04 11:09:57  esr1b.rk11.p01.sv15 SC pstate is now 18/18
2024-07-04 11:09:57  esr1b.rk12.p01.sv15 pstate is now 5/5
2024-07-04 11:09:57  esr1b.rk12.p01.sv15 SC pstate is now -
2024-07-04 11:09:57  esr1b.rk13.p01.sv15 pstate is now 5/5
2024-07-04 11:09:57  esr1b.rk13.p01.sv15 SC pstate is now -
2024-07-04 11:09:57  esr1b.rk12.p02.sv15 pstate is now 5/5
2024-07-04 11:09:57  esr1b.rk12.p02.sv15 SC pstate is now -
2024-07-04 11:09:57  esr1b.rk13.p02.sv15 pstate is now 5/5
2024-07-04 11:09:57  esr1b.rk13.p02.sv15 SC pstate is now -
2024-07-04 11:09:57  esr1b.rk14.p01.sv15 pstate is now 5/5
2024-07-04 11:09:57  esr1b.rk14.p01.sv15 SC pstate is now -
2024-07-04 11:09:57  esr1b.rk14.p02.sv15 pstate is now 5/5
2024-07-04 11:09:57  esr1b.rk14.p02.sv15 SC pstate is now -
2024-07-04 11:09:57  esr1b.rk15.p01.sv15 pstate is now 5/5
2024-07-04 11:09:57  esr1b.rk15.p01.sv15 SC pstate is now -
2024-07-04 11:09:58  esr1b.rk15.p02.sv15 pstate is now 5/5
2024-07-04 11:09:58  esr1b.rk15.p02.sv15 SC pstate is now -
2024-07-04 11:09:58  esr1b.rk16.p02.sv15 pstate is now 5/5
2024-07-04 11:09:58  esr1b.rk16.p02.sv15 SC pstate is now -
2024-07-04 11:10:21  esr1a.rk04.p01.sv15 Version is now EOS: 4.28.7M
2024-07-04 11:10:21  esr1a.rk08.p01.sv15 Version is now EOS: 4.28.7M
2024-07-04 11:10:21  esr1a.rk03.p01.sv15 Version is now EOS: 4.28.7M
2024-07-04 11:10:21  esr1a.rk08.p02.sv15 Version is now EOS: 4.28.7M
2024-07-04 11:10:21  esr1a.rk07.p02.sv15 Version is now EOS: 4.28.7M
2024-07-04 11:10:21  esr1a.rk05.p01.sv15 Version is now EOS: 4.28.7M
2024-07-04 11:10:21  esr1a.rk07.p01.sv15 Version is now EOS: 4.28.7M
2024-07-04 11:10:21  esr1a.rk06.p01.sv15 Version is now EOS: 4.28.7M
2024-07-04 11:10:21  esr1a.rk09.p01.sv15 Version is now EOS: 4.28.7M
2024-07-04 11:10:21  esr1a.rk05.p02.sv15 Version is now EOS: 4.28.7M
2024-07-04 11:10:21  esr1a.rk11.p01.sv15 Version is now EOS: 4.28.7M
2024-07-04 11:10:21  esr1a.rk12.p01.sv15 Version is now EOS: 4.28.7M
2024-07-04 11:10:21  esr1a.rk09.p02.sv15 Version is now EOS: 4.28.7M
2024-07-04 11:10:21  esr1a.rk10.p01.sv15 Version is now EOS: 4.28.7M
2024-07-04 11:10:21  esr1a.rk06.p02.sv15 Version is now EOS: 4.28.7M
2024-07-04 11:10:21  esr1a.rk12.p02.sv15 Version is now EOS: 4.28.7M
2024-07-04 11:10:21  esr1a.rk10.p02.sv15 Version is now EOS: 4.28.7M
2024-07-04 11:10:21  esr1a.rk14.p02.sv15 Version is now EOS: 4.28.7M
2024-07-04 11:10:21  esr1a.rk15.p01.sv15 Version is now EOS: 4.28.7M
2024-07-04 11:10:21  esr1a.rk13.p02.sv15 Version is now EOS: 4.28.7M
2024-07-04 11:10:21  esr1a.rk14.p01.sv15 Version is now EOS: 4.28.7M
2024-07-04 11:10:21  esr1a.rk11.p02.sv15 Version is now EOS: 4.28.7M
2024-07-04 11:10:21  esr1a.rk13.p01.sv15 Version is now EOS: 4.28.7M
2024-07-04 11:10:21  esr1a.rk04.p01.sv15 is now Up / Up
2024-07-04 11:10:21  esr1a.rk08.p01.sv15 is now Up / Up
2024-07-04 11:10:21  esr1a.rk07.p02.sv15 is now Up / Up
2024-07-04 11:10:21  dsr2.rk06.p01.sv15 Version is now EOS: 4.28.7M
2024-07-04 11:10:21  esr1a.rk05.p01.sv15 is now Up / Up
2024-07-04 11:10:21  esr1a.rk07.p01.sv15 is now Up / Up
2024-07-04 11:10:21  esr1a.rk09.p01.sv15 is now Up / Up
2024-07-04 11:10:21  esr1a.rk05.p02.sv15 is now Up / Up
2024-07-04 11:10:21  esr1a.rk08.p02.sv15 is now Up / Up
2024-07-04 11:10:21  dsr1.rk05.p01.sv15 Version is now EOS: 4.28.7M
2024-07-04 11:10:21  esr1a.rk09.p02.sv15 is now Up / Up
2024-07-04 11:10:21  esr1b.rk06.p01.sv15 Version is now EOS: 4.28.7M
2024-07-04 11:10:21  esr1a.rk03.p01.sv15 is now Up / Up
2024-07-04 11:10:21  esr1a.rk11.p01.sv15 is now Up / Up
2024-07-04 11:10:21  esr1a.rk06.p01.sv15 is now Up / Up
2024-07-04 11:10:21  esr1a.rk10.p01.sv15 is now Up / Up
2024-07-04 11:10:21  esr1a.rk01.p01.sv15 Version is now EOS: 4.28.7M
2024-07-04 11:10:21  esr1b.rk03.p01.sv15 Version is now EOS: 4.28.7M
2024-07-04 11:10:21  esr1b.rk05.p02.sv15 Version is now EOS: 4.28.7M
2024-07-04 11:10:21  esr1b.rk04.p01.sv15 Version is now EOS: 4.28.7M
2024-07-04 11:10:21  esr1b.rk07.p01.sv15 Version is now EOS: 4.28.7M
2024-07-04 11:10:21  esr1b.rk05.p01.sv15 Version is now EOS: 4.28.7M
2024-07-04 11:10:21  esr1b.rk08.p01.sv15 Version is now EOS: 4.28.7M
2024-07-04 11:10:21  esr1a.rk14.p02.sv15 is now Up / Up
2024-07-04 11:10:21  esr1b.rk06.p02.sv15 Version is now EOS: 4.28.7M
2024-07-04 11:10:21  esr1b.rk07.p02.sv15 Version is now EOS: 4.28.7M
2024-07-04 11:10:21  esr1a.rk11.p02.sv15 is now Up / Up
2024-07-04 11:10:21  esr1b.rk10.p01.sv15 Version is now EOS: 4.28.7M
2024-07-04 11:10:21  esr1a.rk14.p01.sv15 is now Up / Up
2024-07-04 11:10:21  dsr3.rk05.p01.sv15 Version is now EOS: 4.30.5M
2024-07-04 11:10:21  esr1b.rk09.p02.sv15 Version is now EOS: 4.28.7M
2024-07-04 11:10:21  esr1b.rk10.p02.sv15 Version is now EOS: 4.28.7M
2024-07-04 11:10:21  esr1a.rk12.p02.sv15 is now Up / Up
2024-07-04 11:10:21  esr1a.rk10.p02.sv15 is now Up / Up
2024-07-04 11:10:21  esr1b.rk09.p01.sv15 Version is now EOS: 4.28.7M
2024-07-04 11:10:21  esr1a.rk13.p02.sv15 is now Up / Up
2024-07-04 11:10:21  esr1a.rk06.p02.sv15 is now Up / Up
2024-07-04 11:10:21  esr1b.rk08.p02.sv15 Version is now EOS: 4.28.7M
2024-07-04 11:10:21  esr1a.rk02.p01.sv15 Version is now EOS: 4.28.7M
2024-07-04 11:10:21  esr1a.rk13.p01.sv15 is now Up / Up
2024-07-04 11:10:21  dsr1.rk05.p01.sv15 is now Up / Up
2024-07-04 11:10:21  esr1a.rk15.p01.sv15 is now Up / Up
2024-07-04 11:10:21  esr1b.rk01.p01.sv15 Version is now EOS: 4.28.7M
2024-07-04 11:10:21  esr1a.rk15.p02.sv15 Version is now EOS: 4.28.7M
2024-07-04 11:10:21  esr1b.rk06.p01.sv15 is now Up / Up
2024-07-04 11:10:21  esr1a.rk01.p01.sv15 is now Up / Up
2024-07-04 11:10:21  esr1b.rk02.p01.sv15 Version is now EOS: 4.28.7M
2024-07-04 11:10:21  esr1b.rk06.p02.sv15 is now Up / Up
2024-07-04 11:10:21  esr1b.rk04.p01.sv15 is now Up / Up
2024-07-04 11:10:21  esr1b.rk07.p01.sv15 is now Up / Up
2024-07-04 11:10:21  esr1b.rk05.p02.sv15 is now Up / Up
2024-07-04 11:10:21  esr1a.rk16.p02.sv15 Version is now EOS: 4.28.7M
2024-07-04 11:10:21  esr1b.rk09.p01.sv15 is now Up / Up
2024-07-04 11:10:21  dsr2.rk06.p01.sv15 is now Up / Up
2024-07-04 11:10:21  esr1b.rk03.p01.sv15 is now Up / Up
2024-07-04 11:10:21  esr1b.rk09.p02.sv15 is now Up / Up
2024-07-04 11:10:21  esr1a.rk12.p01.sv15 is now Up / Up
2024-07-04 11:10:21  esr1b.rk07.p02.sv15 is now Up / Up
2024-07-04 11:10:21  esr1b.rk08.p02.sv15 is now Up / Up
2024-07-04 11:10:21  esr1b.rk08.p01.sv15 is now Up / Up
2024-07-04 11:10:21  dsr3.rk05.p01.sv15 is now Up / Up
2024-07-04 11:10:21  esr1b.rk10.p02.sv15 is now Up / Up
2024-07-04 11:10:21  esr1b.rk10.p01.sv15 is now Up / Up
2024-07-04 11:10:21  esr1a.rk02.p01.sv15 is now Up / Up
2024-07-04 11:10:21  esr1a.rk15.p02.sv15 is now Up / Up
2024-07-04 11:10:21  esr1b.rk05.p01.sv15 is now Up / Up
2024-07-04 11:10:21  esr1b.rk01.p01.sv15 is now Up / Up
2024-07-04 11:10:21  esr1b.rk02.p01.sv15 is now Up / Up
2024-07-04 11:10:21  esr1a.rk16.p02.sv15 is now Up / Up
2024-07-04 11:10:22  dsr1.rk01.p02.sv15 Version is now EOS: 4.28.7M
2024-07-04 11:10:22  dsr4.rk04.p02.sv15 Version is now EOS: 4.28.7M
2024-07-04 11:10:22  dsr2.rk02.p02.sv15 Version is now EOS: 4.28.7M
2024-07-04 11:10:22  dsr3.rk03.p02.sv15 Version is now EOS: 4.28.7M
2024-07-04 11:10:22  dsr1.rk01.p02.sv15 is now Up / Up
2024-07-04 11:10:22  dsr4.rk04.p02.sv15 is now Up / Up
2024-07-04 11:10:22  dsr2.rk02.p02.sv15 is now Up / Up
2024-07-04 11:10:22  dsr3.rk03.p02.sv15 is now Up / Up
2024-07-04 11:10:22  esr1a.rk04.p01.sv15 is now NoMaint
2024-07-04 11:10:22  esr1a.rk03.p01.sv15 is now NoMaint
2024-07-04 11:10:22  esr1a.rk09.p02.sv15 is now NoMaint
2024-07-04 11:10:22  esr1a.rk07.p02.sv15 is now NoMaint
2024-07-04 11:10:22  esr1a.rk11.p01.sv15 is now NoMaint
2024-07-04 11:10:22  esr1a.rk07.p01.sv15 is now NoMaint
2024-07-04 11:10:22  esr1a.rk05.p01.sv15 is now NoMaint
2024-07-04 11:10:22  esr1a.rk08.p01.sv15 is now NoMaint
2024-07-04 11:10:22  esr1a.rk06.p01.sv15 is now NoMaint
2024-07-04 11:10:22  esr1a.rk12.p02.sv15 is now NoMaint
2024-07-04 11:10:22  esr1a.rk08.p02.sv15 is now NoMaint
2024-07-04 11:10:22  esr1a.rk09.p01.sv15 is now NoMaint
2024-07-04 11:10:22  esr1a.rk10.p01.sv15 is now NoMaint
2024-07-04 11:10:22  esr1a.rk14.p02.sv15 is now NoMaint
2024-07-04 11:10:22  esr1a.rk05.p02.sv15 is now NoMaint
2024-07-04 11:10:22  esr1b.rk06.p02.sv15 is now NoMaint
2024-07-04 11:10:22  esr1a.rk11.p02.sv15 is now NoMaint
2024-07-04 11:10:22  esr1a.rk14.p01.sv15 is now NoMaint
2024-07-04 11:10:22  esr1a.rk15.p01.sv15 is now NoMaint
2024-07-04 11:10:22  esr1a.rk10.p02.sv15 is now NoMaint
2024-07-04 11:10:22  esr1b.rk06.p01.sv15 is now NoMaint
2024-07-04 11:10:22  esr1b.rk05.p02.sv15 is now NoMaint
2024-07-04 11:10:22  esr1a.rk06.p02.sv15 is now NoMaint
2024-07-04 11:10:22  esr1b.rk07.p01.sv15 is now NoMaint
2024-07-04 11:10:22  esr1b.rk09.p02.sv15 is now NoMaint
2024-07-04 11:10:22  esr1b.rk07.p02.sv15 is now NoMaint
2024-07-04 11:10:22  esr1b.rk09.p01.sv15 is now NoMaint
2024-07-04 11:10:22  esr1a.rk13.p02.sv15 is now NoMaint
2024-07-04 11:10:22  esr1b.rk03.p01.sv15 is now NoMaint
2024-07-04 11:10:22  esr1a.rk12.p01.sv15 is now NoMaint
2024-07-04 11:10:22  esr1b.rk08.p01.sv15 is now NoMaint
2024-07-04 11:10:22  esr1b.rk08.p02.sv15 is now NoMaint
2024-07-04 11:10:22  esr1a.rk13.p01.sv15 is now NoMaint
2024-07-04 11:10:22  esr1b.rk04.p01.sv15 is now NoMaint
2024-07-04 11:10:22  esr1b.rk05.p01.sv15 is now NoMaint
2024-07-04 11:10:22  esr1b.rk10.p01.sv15 is now NoMaint
2024-07-04 11:10:22  dsr1.rk05.p01.sv15 is now NoMaint
2024-07-04 11:10:22  esr1b.rk10.p02.sv15 is now NoMaint
2024-07-04 11:10:22  esr1a.rk01.p01.sv15 is now NoMaint
2024-07-04 11:10:22  dsr2.rk06.p01.sv15 is now NoMaint
2024-07-04 11:10:22  esr1a.rk15.p02.sv15 is now NoMaint
2024-07-04 11:10:22  esr1a.rk02.p01.sv15 is now NoMaint
2024-07-04 11:10:22  esr1b.rk02.p01.sv15 is now NoMaint
2024-07-04 11:10:22  esr1a.rk16.p02.sv15 is now NoMaint
2024-07-04 11:10:22  esr1b.rk01.p01.sv15 is now NoMaint
2024-07-04 11:10:22  dsr1.rk01.p02.sv15 is now NoMaint
2024-07-04 11:10:22  dsr3.rk05.p01.mgmt.sv15 GNMI System Maintenance request failed: 
2024-07-04 11:10:23  dsr2.rk02.p02.sv15 is now NoMaint
2024-07-04 11:10:23  dsr4.rk04.p02.sv15 is now NoMaint
2024-07-04 11:10:23  esr1a.rk03.p01.sv15 pstate is now 5/5
2024-07-04 11:10:23  esr1a.rk03.p01.sv15 SC pstate is now -
2024-07-04 11:10:23  esr1a.rk04.p01.sv15 pstate is now 5/5
2024-07-04 11:10:23  esr1a.rk04.p01.sv15 SC pstate is now -
2024-07-04 11:10:23  esr1a.rk07.p02.sv15 pstate is now 5/5
2024-07-04 11:10:23  esr1a.rk07.p02.sv15 SC pstate is now -
2024-07-04 11:10:23  esr1a.rk09.p02.sv15 pstate is now 5/5
2024-07-04 11:10:23  esr1a.rk09.p02.sv15 SC pstate is now -
2024-07-04 11:10:23  esr1a.rk05.p01.sv15 pstate is now 5/5
2024-07-04 11:10:23  esr1a.rk07.p01.sv15 pstate is now 5/5
2024-07-04 11:10:23  esr1a.rk05.p01.sv15 SC pstate is now -
2024-07-04 11:10:23  esr1a.rk07.p01.sv15 SC pstate is now -
2024-07-04 11:10:23  esr1a.rk08.p01.sv15 pstate is now 5/5
2024-07-04 11:10:23  esr1a.rk08.p01.sv15 SC pstate is now -
2024-07-04 11:10:23  esr1a.rk06.p01.sv15 pstate is now 5/5
2024-07-04 11:10:23  esr1a.rk06.p01.sv15 SC pstate is now -
2024-07-04 11:10:23  esr1a.rk12.p02.sv15 pstate is now 5/5
2024-07-04 11:10:23  esr1a.rk12.p02.sv15 SC pstate is now -
2024-07-04 11:10:23  dsr3.rk03.p02.sv15 is now NoMaint
2024-07-04 11:10:23  esr1a.rk14.p02.sv15 pstate is now 5/5
2024-07-04 11:10:23  esr1a.rk14.p02.sv15 SC pstate is now -
2024-07-04 11:10:23  esr1a.rk11.p01.sv15 pstate is now 5/5
2024-07-04 11:10:23  esr1a.rk11.p01.sv15 SC pstate is now 18/18
2024-07-04 11:10:23  esr1a.rk09.p01.sv15 pstate is now 5/5
2024-07-04 11:10:23  esr1a.rk11.p02.sv15 pstate is now 5/5
2024-07-04 11:10:23  esr1a.rk15.p01.sv15 pstate is now 5/5
2024-07-04 11:10:23  esr1a.rk10.p01.sv15 pstate is now 5/5
2024-07-04 11:10:23  esr1a.rk10.p02.sv15 pstate is now 5/5
2024-07-04 11:10:23  esr1a.rk15.p01.sv15 SC pstate is now -
2024-07-04 11:10:23  esr1b.rk06.p02.sv15 pstate is now 5/5
2024-07-04 11:10:23  esr1a.rk11.p02.sv15 SC pstate is now -
2024-07-04 11:10:23  esr1a.rk09.p01.sv15 SC pstate is now -
2024-07-04 11:10:23  esr1b.rk06.p02.sv15 SC pstate is now -
2024-07-04 11:10:23  esr1a.rk10.p02.sv15 SC pstate is now -
2024-07-04 11:10:23  esr1a.rk10.p01.sv15 SC pstate is now -
2024-07-04 11:10:23  esr1a.rk14.p01.sv15 pstate is now 5/5
2024-07-04 11:10:23  esr1a.rk08.p02.sv15 pstate is now 5/5
2024-07-04 11:10:23  esr1a.rk14.p01.sv15 SC pstate is now -
2024-07-04 11:10:23  esr1b.rk07.p02.sv15 pstate is now 5/5
2024-07-04 11:10:23  esr1b.rk06.p01.sv15 pstate is now 5/5
2024-07-04 11:10:23  esr1a.rk08.p02.sv15 SC pstate is now -
2024-07-04 11:10:23  esr1b.rk06.p01.sv15 SC pstate is now -
2024-07-04 11:10:23  esr1b.rk07.p02.sv15 SC pstate is now -
2024-07-04 11:10:23  esr1a.rk06.p02.sv15 pstate is now 5/5
2024-07-04 11:10:23  esr1b.rk03.p01.sv15 pstate is now 5/5
2024-07-04 11:10:23  esr1b.rk07.p01.sv15 pstate is now 5/5
2024-07-04 11:10:23  esr1a.rk13.p02.sv15 pstate is now 5/5
2024-07-04 11:10:23  esr1b.rk04.p01.sv15 pstate is now 5/5
2024-07-04 11:10:23  esr1b.rk07.p01.sv15 SC pstate is now -
2024-07-04 11:10:23  esr1b.rk09.p01.sv15 pstate is now 5/5
2024-07-04 11:10:23  esr1a.rk06.p02.sv15 SC pstate is now -
2024-07-04 11:10:23  esr1a.rk13.p02.sv15 SC pstate is now -
2024-07-04 11:10:23  esr1a.rk05.p02.sv15 pstate is now 5/5
2024-07-04 11:10:23  esr1a.rk12.p01.sv15 pstate is now 5/5
2024-07-04 11:10:23  esr1b.rk08.p01.sv15 pstate is now 5/5
2024-07-04 11:10:23  esr1b.rk03.p01.sv15 SC pstate is now -
2024-07-04 11:10:23  esr1b.rk09.p01.sv15 SC pstate is now -
2024-07-04 11:10:23  esr1b.rk04.p01.sv15 SC pstate is now -
2024-07-04 11:10:23  esr1a.rk12.p01.sv15 SC pstate is now -
2024-07-04 11:10:23  esr1b.rk08.p02.sv15 pstate is now 5/5
2024-07-04 11:10:23  esr1a.rk05.p02.sv15 SC pstate is now 13/13
2024-07-04 11:10:23  esr1b.rk08.p02.sv15 SC pstate is now -
2024-07-04 11:10:23  esr1b.rk08.p01.sv15 SC pstate is now -
2024-07-04 11:10:23  esr1a.rk13.p01.sv15 pstate is now 5/5
2024-07-04 11:10:23  esr1b.rk05.p01.sv15 pstate is now 5/5
2024-07-04 11:10:23  esr1a.rk13.p01.sv15 SC pstate is now -
2024-07-04 11:10:23  esr1b.rk09.p02.sv15 pstate is now 5/5
2024-07-04 11:10:23  esr1b.rk10.p02.sv15 pstate is now 5/5
2024-07-04 11:10:23  esr1b.rk10.p01.sv15 pstate is now 5/5
2024-07-04 11:10:23  esr1b.rk09.p02.sv15 SC pstate is now -
2024-07-04 11:10:23  esr1b.rk05.p01.sv15 SC pstate is now -
2024-07-04 11:10:23  esr1b.rk10.p02.sv15 SC pstate is now -
2024-07-04 11:10:23  esr1b.rk05.p02.sv15 pstate is now 5/5
2024-07-04 11:10:23  esr1b.rk10.p01.sv15 SC pstate is now -
2024-07-04 11:10:23  esr1b.rk05.p02.sv15 SC pstate is now 13/13
2024-07-04 11:10:23  esr1a.rk01.p01.sv15 pstate is now 5/5
2024-07-04 11:10:23  esr1a.rk01.p01.sv15 SC pstate is now -
2024-07-04 11:10:23  dsr1.rk05.p01.sv15 pstate is now 4/4
2024-07-04 11:10:23  dsr1.rk05.p01.sv15 SC pstate is now -
2024-07-04 11:10:23  esr1a.rk15.p02.sv15 pstate is now 5/5
2024-07-04 11:10:23  esr1a.rk15.p02.sv15 SC pstate is now -
2024-07-04 11:10:23  esr1a.rk02.p01.sv15 pstate is now 5/5
2024-07-04 11:10:23  esr1a.rk02.p01.sv15 SC pstate is now -
2024-07-04 11:10:23  dsr2.rk06.p01.sv15 pstate is now 4/4
2024-07-04 11:10:23  dsr2.rk06.p01.sv15 SC pstate is now -
2024-07-04 11:10:23  esr1b.rk02.p01.sv15 pstate is now 5/5
2024-07-04 11:10:23  esr1b.rk02.p01.sv15 SC pstate is now -
2024-07-04 11:10:23  esr1b.rk01.p01.sv15 pstate is now 5/5
2024-07-04 11:10:23  esr1b.rk01.p01.sv15 SC pstate is now -
2024-07-04 11:10:23  esr1a.rk16.p02.sv15 pstate is now 5/5
2024-07-04 11:10:23  esr1a.rk16.p02.sv15 SC pstate is now -
2024-07-04 11:10:23  dsr1.rk01.p02.sv15 pstate is now 4/4
2024-07-04 11:10:23  dsr1.rk01.p02.sv15 SC pstate is now -
2024-07-04 11:10:23  dsr2.rk02.p02.sv15 pstate is now 4/4
2024-07-04 11:10:23  dsr2.rk02.p02.sv15 SC pstate is now -
2024-07-04 11:10:23  dsr4.rk04.p02.sv15 pstate is now 4/4
2024-07-04 11:10:23  dsr4.rk04.p02.sv15 SC pstate is now -
2024-07-04 11:10:24  dsr3.rk03.p02.sv15 pstate is now 4/4
2024-07-04 11:10:24  dsr3.rk03.p02.sv15 SC pstate is now -
2024-07-04 11:10:24  dsr3.rk05.p01.sv15 pstate is now 4/4
2024-07-04 11:10:24  dsr3.rk05.p01.sv15 SC pstate is now -
2024-07-04 11:10:24  esr1b.rk11.p01.sv15 Version is now EOS: 4.28.7M
2024-07-04 11:10:24  esr1b.rk11.p02.sv15 Version is now EOS: 4.28.7M
2024-07-04 11:10:24  esr1b.rk11.p01.sv15 is now Up / Up
2024-07-04 11:10:24  esr1b.rk11.p02.sv15 is now Up / Up
2024-07-04 11:10:24  esr1b.rk12.p01.sv15 Version is now EOS: 4.28.7M
2024-07-04 11:10:24  esr1b.rk12.p02.sv15 Version is now EOS: 4.28.7M
2024-07-04 11:10:24  esr1b.rk13.p01.sv15 Version is now EOS: 4.28.7M
2024-07-04 11:10:24  esr1b.rk12.p01.sv15 is now Up / Up
2024-07-04 11:10:24  esr1b.rk12.p02.sv15 is now Up / Up
2024-07-04 11:10:24  esr1b.rk13.p01.sv15 is now Up / Up
2024-07-04 11:10:24  esr1b.rk13.p02.sv15 Version is now EOS: 4.28.7M
2024-07-04 11:10:24  esr1b.rk14.p01.sv15 Version is now EOS: 4.28.7M
2024-07-04 11:10:24  esr1b.rk15.p01.sv15 Version is now EOS: 4.28.7M
2024-07-04 11:10:24  esr1b.rk14.p02.sv15 Version is now EOS: 4.28.7M
2024-07-04 11:10:24  esr1b.rk13.p02.sv15 is now Up / Up
2024-07-04 11:10:25  esr1b.rk14.p01.sv15 is now Up / Up
2024-07-04 11:10:25  esr1b.rk15.p01.sv15 is now Up / Up
2024-07-04 11:10:25  esr1b.rk14.p02.sv15 is now Up / Up
2024-07-04 11:10:25  esr1b.rk16.p02.sv15 Version is now EOS: 4.28.7M
2024-07-04 11:10:25  esr1b.rk15.p02.sv15 Version is now EOS: 4.28.7M
2024-07-04 11:10:25  msw1.rk07.p02.sv15 Version is now EOS: 4.28.7M
2024-07-04 11:10:25  msw1.rk05.p02.sv15 Version is now EOS: 4.28.7M
2024-07-04 11:10:25  msw1.rk06.p02.sv15 Version is now EOS: 4.28.7M
2024-07-04 11:10:25  msw1.rk09.p02.sv15 Version is now EOS: 4.28.7M
2024-07-04 11:10:25  msw1.rk08.p02.sv15 Version is now EOS: 4.28.7M
2024-07-04 11:10:25  msw1.rk11.p02.sv15 Version is now EOS: 4.28.7M
2024-07-04 11:10:25  esr1b.rk16.p02.sv15 is now Up / Up
2024-07-04 11:10:25  esr1b.rk15.p02.sv15 is now Up / Up
2024-07-04 11:10:25  msw1.rk12.p02.sv15 Version is now EOS: 4.28.7M
2024-07-04 11:10:25  msw1.rk15.p02.sv15 Version is now EOS: 4.28.7M
2024-07-04 11:10:25  msw1.rk14.p02.sv15 Version is now EOS: 4.28.7M
2024-07-04 11:10:25  msw1.rk10.p02.sv15 Version is now EOS: 4.28.7M
2024-07-04 11:10:25  msw1.rk16.p02.sv15 Version is now EOS: 4.28.7M
2024-07-04 11:10:25  msw1.rk13.p02.sv15 Version is now EOS: 4.28.7M
2024-07-04 11:10:25  esr1b.rk11.p01.sv15 is now NoMaint
2024-07-04 11:10:25  esr1b.rk11.p02.sv15 is now NoMaint
2024-07-04 11:10:25  esr1b.rk12.p01.sv15 is now NoMaint
2024-07-04 11:10:25  esr1b.rk12.p02.sv15 is now NoMaint
2024-07-04 11:10:25  esr1b.rk13.p01.sv15 is now NoMaint
2024-07-04 11:10:25  esr1b.rk13.p02.sv15 is now NoMaint
2024-07-04 11:10:25  esr1b.rk14.p01.sv15 is now NoMaint
2024-07-04 11:10:25  esr1b.rk15.p01.sv15 is now NoMaint
2024-07-04 11:10:25  esr1b.rk14.p02.sv15 is now NoMaint
2024-07-04 11:10:26  msw1.rk06.p02.sv15 pstate is now 2/2
2024-07-04 11:10:26  msw1.rk06.p02.sv15 SC pstate is now -
2024-07-04 11:10:26  msw1.rk06.p02.sv15 is now Up
2024-07-04 11:10:26  msw1.rk07.p02.sv15 pstate is now 2/2
2024-07-04 11:10:26  msw1.rk07.p02.sv15 SC pstate is now -
2024-07-04 11:10:26  msw1.rk07.p02.sv15 is now Up
2024-07-04 11:10:26  msw1.rk08.p02.sv15 pstate is now 2/2
2024-07-04 11:10:26  msw1.rk05.p02.sv15 pstate is now 2/2
2024-07-04 11:10:26  msw1.rk08.p02.sv15 SC pstate is now -
2024-07-04 11:10:26  msw1.rk05.p02.sv15 SC pstate is now -
2024-07-04 11:10:26  msw1.rk08.p02.sv15 is now Up
2024-07-04 11:10:26  msw1.rk05.p02.sv15 is now Up
2024-07-04 11:10:26  msw1.rk09.p02.sv15 pstate is now 2/2
2024-07-04 11:10:26  msw1.rk09.p02.sv15 SC pstate is now -
2024-07-04 11:10:26  msw1.rk09.p02.sv15 is now Up
2024-07-04 11:10:26  msw1.rk11.p02.sv15 pstate is now 2/2
2024-07-04 11:10:26  msw1.rk11.p02.sv15 SC pstate is now -
2024-07-04 11:10:26  msw1.rk11.p02.sv15 is now Up
2024-07-04 11:10:26  msw1.rk15.p02.sv15 pstate is now 2/2
2024-07-04 11:10:26  msw1.rk15.p02.sv15 SC pstate is now -
2024-07-04 11:10:26  msw1.rk15.p02.sv15 is now Up
2024-07-04 11:10:26  msw1.rk12.p02.sv15 pstate is now 2/2
2024-07-04 11:10:26  msw1.rk12.p02.sv15 SC pstate is now -
2024-07-04 11:10:26  msw1.rk12.p02.sv15 is now Up
2024-07-04 11:10:26  msw1.rk14.p02.sv15 pstate is now 2/2
2024-07-04 11:10:26  msw1.rk14.p02.sv15 SC pstate is now -
2024-07-04 11:10:26  msw1.rk14.p02.sv15 is now Up
2024-07-04 11:10:26  esr1b.rk16.p02.sv15 is now NoMaint
2024-07-04 11:10:26  msw1.rk10.p02.sv15 pstate is now 2/2
2024-07-04 11:10:26  msw1.rk10.p02.sv15 SC pstate is now -
2024-07-04 11:10:26  msw1.rk10.p02.sv15 is now Up
2024-07-04 11:10:26  msw1.rk16.p02.sv15 pstate is now 2/2
2024-07-04 11:10:26  msw1.rk16.p02.sv15 SC pstate is now -
2024-07-04 11:10:26  msw1.rk16.p02.sv15 is now Up
2024-07-04 11:10:26  esr1b.rk15.p02.sv15 is now NoMaint
2024-07-04 11:10:26  msw1.rk13.p02.sv15 pstate is now 2/2
2024-07-04 11:10:26  msw1.rk13.p02.sv15 SC pstate is now -
2024-07-04 11:10:26  msw1.rk13.p02.sv15 is now Up
2024-07-04 11:10:26  esr1b.rk11.p02.sv15 pstate is now 5/5
2024-07-04 11:10:26  esr1b.rk11.p02.sv15 SC pstate is now -
2024-07-04 11:10:26  esr1b.rk11.p01.sv15 pstate is now 5/5
2024-07-04 11:10:26  esr1b.rk11.p01.sv15 SC pstate is now 18/18
2024-07-04 11:10:26  esr1b.rk12.p02.sv15 pstate is now 5/5
2024-07-04 11:10:26  esr1b.rk12.p02.sv15 SC pstate is now -
2024-07-04 11:10:26  esr1b.rk13.p01.sv15 pstate is now 5/5
2024-07-04 11:10:26  esr1b.rk13.p01.sv15 SC pstate is now -
2024-07-04 11:10:26  esr1b.rk12.p01.sv15 pstate is now 5/5
2024-07-04 11:10:26  esr1b.rk12.p01.sv15 SC pstate is now -
2024-07-04 11:10:26  esr1b.rk13.p02.sv15 pstate is now 5/5
2024-07-04 11:10:26  esr1b.rk13.p02.sv15 SC pstate is now -
2024-07-04 11:10:26  esr1b.rk14.p01.sv15 pstate is now 5/5
2024-07-04 11:10:26  esr1b.rk14.p01.sv15 SC pstate is now -
2024-07-04 11:10:26  esr1b.rk14.p02.sv15 pstate is now 5/5
2024-07-04 11:10:26  esr1b.rk14.p02.sv15 SC pstate is now -
2024-07-04 11:10:26  esr1b.rk15.p01.sv15 pstate is now 5/5
2024-07-04 11:10:26  esr1b.rk15.p01.sv15 SC pstate is now -
2024-07-04 11:10:27  esr1b.rk16.p02.sv15 pstate is now 5/5
2024-07-04 11:10:27  esr1b.rk16.p02.sv15 SC pstate is now -
2024-07-04 11:10:27  esr1b.rk15.p02.sv15 pstate is now 5/5
2024-07-04 11:10:27  esr1b.rk15.p02.sv15 SC pstate is now -
2024-07-04 11:10:50  esr1a.rk04.p01.sv15 Version is now EOS: 4.28.7M
2024-07-04 11:10:50  esr1a.rk07.p02.sv15 Version is now EOS: 4.28.7M
2024-07-04 11:10:50  esr1a.rk03.p01.sv15 Version is now EOS: 4.28.7M
2024-07-04 11:10:50  esr1a.rk06.p01.sv15 Version is now EOS: 4.28.7M
2024-07-04 11:10:50  esr1a.rk05.p01.sv15 Version is now EOS: 4.28.7M
2024-07-04 11:10:50  esr1a.rk11.p01.sv15 Version is now EOS: 4.28.7M
2024-07-04 11:10:50  esr1a.rk09.p01.sv15 Version is now EOS: 4.28.7M
2024-07-04 11:10:50  esr1a.rk11.p02.sv15 Version is now EOS: 4.28.7M
2024-07-04 11:10:50  esr1a.rk10.p01.sv15 Version is now EOS: 4.28.7M
2024-07-04 11:10:50  esr1a.rk08.p02.sv15 Version is now EOS: 4.28.7M
2024-07-04 11:10:50  esr1a.rk07.p01.sv15 Version is now EOS: 4.28.7M
2024-07-04 11:10:50  esr1a.rk14.p02.sv15 Version is now EOS: 4.28.7M
2024-07-04 11:10:50  esr1a.rk13.p02.sv15 Version is now EOS: 4.28.7M
2024-07-04 11:10:50  esr1a.rk12.p02.sv15 Version is now EOS: 4.28.7M
2024-07-04 11:10:50  esr1a.rk08.p01.sv15 Version is now EOS: 4.28.7M
2024-07-04 11:10:50  esr1a.rk13.p01.sv15 Version is now EOS: 4.28.7M
2024-07-04 11:10:50  esr1a.rk06.p02.sv15 Version is now EOS: 4.28.7M
2024-07-04 11:10:50  esr1a.rk10.p02.sv15 Version is now EOS: 4.28.7M
2024-07-04 11:10:50  esr1a.rk12.p01.sv15 Version is now EOS: 4.28.7M
2024-07-04 11:10:50  esr1a.rk09.p02.sv15 Version is now EOS: 4.28.7M
2024-07-04 11:10:50  esr1b.rk03.p01.sv15 Version is now EOS: 4.28.7M
2024-07-04 11:10:50  esr1a.rk15.p01.sv15 Version is now EOS: 4.28.7M
2024-07-04 11:10:50  esr1a.rk14.p01.sv15 Version is now EOS: 4.28.7M
2024-07-04 11:10:50  esr1a.rk05.p02.sv15 Version is now EOS: 4.28.7M
2024-07-04 11:10:50  esr1a.rk04.p01.sv15 is now Up / Up
2024-07-04 11:10:50  esr1a.rk05.p01.sv15 is now Up / Up
2024-07-04 11:10:50  esr1a.rk03.p01.sv15 is now Up / Up
2024-07-04 11:10:50  esr1a.rk06.p01.sv15 is now Up / Up
2024-07-04 11:10:50  esr1a.rk08.p02.sv15 is now Up / Up
2024-07-04 11:10:50  esr1a.rk09.p01.sv15 is now Up / Up
2024-07-04 11:10:50  esr1a.rk11.p01.sv15 is now Up / Up
2024-07-04 11:10:50  esr1a.rk07.p01.sv15 is now Up / Up
2024-07-04 11:10:50  esr1a.rk07.p02.sv15 is now Up / Up
2024-07-04 11:10:50  esr1b.rk05.p01.sv15 Version is now EOS: 4.28.7M
2024-07-04 11:10:50  esr1a.rk11.p02.sv15 is now Up / Up
2024-07-04 11:10:50  esr1a.rk08.p01.sv15 is now Up / Up
2024-07-04 11:10:50  esr1b.rk04.p01.sv15 Version is now EOS: 4.28.7M
2024-07-04 11:10:50  esr1b.rk05.p02.sv15 Version is now EOS: 4.28.7M
2024-07-04 11:10:50  esr1a.rk02.p01.sv15 Version is now EOS: 4.28.7M
2024-07-04 11:10:50  esr1a.rk10.p01.sv15 is now Up / Up
2024-07-04 11:10:50  esr1a.rk12.p01.sv15 is now Up / Up
2024-07-04 11:10:50  esr1a.rk12.p02.sv15 is now Up / Up
2024-07-04 11:10:50  dsr1.rk05.p01.sv15 Version is now EOS: 4.28.7M
2024-07-04 11:10:50  esr1b.rk06.p01.sv15 Version is now EOS: 4.28.7M
2024-07-04 11:10:50  esr1a.rk13.p01.sv15 is now Up / Up
2024-07-04 11:10:50  esr1b.rk06.p02.sv15 Version is now EOS: 4.28.7M
2024-07-04 11:10:50  esr1a.rk06.p02.sv15 is now Up / Up
2024-07-04 11:10:50  esr1b.rk07.p01.sv15 Version is now EOS: 4.28.7M
2024-07-04 11:10:50  esr1b.rk09.p01.sv15 Version is now EOS: 4.28.7M
2024-07-04 11:10:50  esr1a.rk14.p02.sv15 is now Up / Up
2024-07-04 11:10:50  dsr3.rk05.p01.sv15 Version is now EOS: 4.30.5M
2024-07-04 11:10:50  esr1a.rk09.p02.sv15 is now Up / Up
2024-07-04 11:10:50  esr1a.rk13.p02.sv15 is now Up / Up
2024-07-04 11:10:50  esr1a.rk10.p02.sv15 is now Up / Up
2024-07-04 11:10:50  esr1b.rk08.p02.sv15 Version is now EOS: 4.28.7M
2024-07-04 11:10:50  esr1a.rk15.p01.sv15 is now Up / Up
2024-07-04 11:10:50  esr1a.rk01.p01.sv15 Version is now EOS: 4.28.7M
2024-07-04 11:10:50  esr1b.rk09.p02.sv15 Version is now EOS: 4.28.7M
2024-07-04 11:10:50  esr1b.rk08.p01.sv15 Version is now EOS: 4.28.7M
2024-07-04 11:10:50  esr1a.rk14.p01.sv15 is now Up / Up
2024-07-04 11:10:50  esr1a.rk05.p02.sv15 is now Up / Up
2024-07-04 11:10:50  esr1b.rk03.p01.sv15 is now Up / Up
2024-07-04 11:10:50  esr1b.rk07.p02.sv15 Version is now EOS: 4.28.7M
2024-07-04 11:10:50  esr1b.rk10.p02.sv15 Version is now EOS: 4.28.7M
2024-07-04 11:10:50  dsr2.rk06.p01.sv15 Version is now EOS: 4.28.7M
2024-07-04 11:10:50  esr1b.rk05.p01.sv15 is now Up / Up
2024-07-04 11:10:50  esr1b.rk04.p01.sv15 is now Up / Up
2024-07-04 11:10:50  esr1b.rk06.p02.sv15 is now Up / Up
2024-07-04 11:10:50  esr1b.rk10.p01.sv15 Version is now EOS: 4.28.7M
2024-07-04 11:10:50  esr1a.rk16.p02.sv15 Version is now EOS: 4.28.7M
2024-07-04 11:10:50  esr1b.rk02.p01.sv15 Version is now EOS: 4.28.7M
2024-07-04 11:10:50  esr1a.rk02.p01.sv15 is now Up / Up
2024-07-04 11:10:50  esr1b.rk09.p01.sv15 is now Up / Up
2024-07-04 11:10:50  esr1a.rk15.p02.sv15 Version is now EOS: 4.28.7M
2024-07-04 11:10:50  esr1b.rk06.p01.sv15 is now Up / Up
2024-07-04 11:10:50  esr1b.rk05.p02.sv15 is now Up / Up
2024-07-04 11:10:50  dsr1.rk05.p01.sv15 is now Up / Up
2024-07-04 11:10:50  esr1a.rk01.p01.sv15 is now Up / Up
2024-07-04 11:10:50  dsr3.rk05.p01.sv15 is now Up / Up
2024-07-04 11:10:50  esr1b.rk01.p01.sv15 Version is now EOS: 4.28.7M
2024-07-04 11:10:50  esr1b.rk07.p01.sv15 is now Up / Up
2024-07-04 11:10:50  esr1b.rk08.p02.sv15 is now Up / Up
2024-07-04 11:10:50  esr1b.rk10.p02.sv15 is now Up / Up
2024-07-04 11:10:50  esr1b.rk09.p02.sv15 is now Up / Up
2024-07-04 11:10:50  esr1b.rk08.p01.sv15 is now Up / Up
2024-07-04 11:10:50  esr1b.rk07.p02.sv15 is now Up / Up
2024-07-04 11:10:50  dsr2.rk06.p01.sv15 is now Up / Up
2024-07-04 11:10:50  esr1b.rk10.p01.sv15 is now Up / Up
2024-07-04 11:10:50  esr1b.rk02.p01.sv15 is now Up / Up
2024-07-04 11:10:50  esr1a.rk15.p02.sv15 is now Up / Up
2024-07-04 11:10:50  esr1a.rk16.p02.sv15 is now Up / Up
2024-07-04 11:10:50  esr1b.rk01.p01.sv15 is now Up / Up
2024-07-04 11:10:50  dsr4.rk04.p02.sv15 Version is now EOS: 4.28.7M
2024-07-04 11:10:51  dsr3.rk03.p02.sv15 Version is now EOS: 4.28.7M
2024-07-04 11:10:51  dsr2.rk02.p02.sv15 Version is now EOS: 4.28.7M
2024-07-04 11:10:51  dsr4.rk04.p02.sv15 is now Up / Up
2024-07-04 11:10:51  dsr3.rk03.p02.sv15 is now Up / Up
2024-07-04 11:10:51  dsr2.rk02.p02.sv15 is now Up / Up
2024-07-04 11:10:51  dsr1.rk01.p02.sv15 Version is now EOS: 4.28.7M
2024-07-04 11:10:51  dsr1.rk01.p02.sv15 is now Up / Up
2024-07-04 11:10:51  esr1a.rk04.p01.sv15 is now NoMaint
2024-07-04 11:10:51  esr1a.rk07.p01.sv15 is now NoMaint
2024-07-04 11:10:51  esr1a.rk11.p01.sv15 is now NoMaint
2024-07-04 11:10:51  esr1a.rk05.p01.sv15 is now NoMaint
2024-07-04 11:10:51  esr1a.rk06.p01.sv15 is now NoMaint
2024-07-04 11:10:51  esr1a.rk09.p01.sv15 is now NoMaint
2024-07-04 11:10:51  esr1a.rk07.p02.sv15 is now NoMaint
2024-07-04 11:10:51  esr1a.rk10.p01.sv15 is now NoMaint
2024-07-04 11:10:51  esr1a.rk08.p02.sv15 is now NoMaint
2024-07-04 11:10:51  esr1a.rk12.p01.sv15 is now NoMaint
2024-07-04 11:10:51  esr1a.rk06.p02.sv15 is now NoMaint
2024-07-04 11:10:51  esr1a.rk09.p02.sv15 is now NoMaint
2024-07-04 11:10:51  esr1a.rk11.p02.sv15 is now NoMaint
2024-07-04 11:10:51  esr1a.rk12.p02.sv15 is now NoMaint
2024-07-04 11:10:51  esr1a.rk13.p02.sv15 is now NoMaint
2024-07-04 11:10:51  esr1a.rk15.p01.sv15 is now NoMaint
2024-07-04 11:10:51  esr1a.rk10.p02.sv15 is now NoMaint
2024-07-04 11:10:51  esr1a.rk13.p01.sv15 is now NoMaint
2024-07-04 11:10:51  esr1a.rk08.p01.sv15 is now NoMaint
2024-07-04 11:10:51  esr1b.rk04.p01.sv15 is now NoMaint
2024-07-04 11:10:51  esr1b.rk05.p01.sv15 is now NoMaint
2024-07-04 11:10:51  esr1b.rk06.p02.sv15 is now NoMaint
2024-07-04 11:10:51  esr1b.rk03.p01.sv15 is now NoMaint
2024-07-04 11:10:51  esr1b.rk09.p01.sv15 is now NoMaint
2024-07-04 11:10:51  esr1a.rk14.p01.sv15 is now NoMaint
2024-07-04 11:10:51  esr1a.rk05.p02.sv15 is now NoMaint
2024-07-04 11:10:51  esr1a.rk14.p02.sv15 is now NoMaint
2024-07-04 11:10:51  esr1b.rk05.p02.sv15 is now NoMaint
2024-07-04 11:10:51  esr1b.rk10.p02.sv15 is now NoMaint
2024-07-04 11:10:51  esr1b.rk07.p01.sv15 is now NoMaint
2024-07-04 11:10:51  esr1b.rk06.p01.sv15 is now NoMaint
2024-07-04 11:10:51  esr1b.rk09.p02.sv15 is now NoMaint
2024-07-04 11:10:51  esr1b.rk08.p02.sv15 is now NoMaint
2024-07-04 11:10:51  esr1b.rk07.p02.sv15 is now NoMaint
2024-07-04 11:10:51  esr1b.rk08.p01.sv15 is now NoMaint
2024-07-04 11:10:51  esr1b.rk10.p01.sv15 is now NoMaint
2024-07-04 11:10:51  esr1a.rk02.p01.sv15 is now NoMaint
2024-07-04 11:10:51  dsr1.rk05.p01.sv15 is now NoMaint
2024-07-04 11:10:51  esr1a.rk01.p01.sv15 is now NoMaint
2024-07-04 11:10:51  dsr2.rk06.p01.sv15 is now NoMaint
2024-07-04 11:10:51  esr1b.rk02.p01.sv15 is now NoMaint
2024-07-04 11:10:51  esr1a.rk16.p02.sv15 is now NoMaint
2024-07-04 11:10:51  esr1a.rk15.p02.sv15 is now NoMaint
2024-07-04 11:10:51  esr1b.rk01.p01.sv15 is now NoMaint
2024-07-04 11:10:51  dsr4.rk04.p02.sv15 is now NoMaint
2024-07-04 11:10:51  dsr3.rk05.p01.mgmt.sv15 GNMI System Maintenance request failed: 
2024-07-04 11:10:51  dsr3.rk03.p02.sv15 is now NoMaint
2024-07-04 11:10:51  dsr2.rk02.p02.sv15 is now NoMaint
2024-07-04 11:10:51  dsr1.rk01.p02.sv15 is now NoMaint
2024-07-04 11:10:52  esr1a.rk04.p01.sv15 pstate is now 5/5
2024-07-04 11:10:52  esr1a.rk04.p01.sv15 SC pstate is now -
2024-07-04 11:10:52  esr1a.rk07.p01.sv15 pstate is now 5/5
2024-07-04 11:10:52  esr1a.rk07.p01.sv15 SC pstate is now -
2024-07-04 11:10:52  esr1a.rk03.p01.sv15 is now NoMaint
2024-07-04 11:10:52  esr1a.rk06.p01.sv15 pstate is now 5/5
2024-07-04 11:10:52  esr1a.rk06.p01.sv15 SC pstate is now -
2024-07-04 11:10:52  esr1a.rk05.p01.sv15 pstate is now 5/5
2024-07-04 11:10:52  esr1a.rk05.p01.sv15 SC pstate is now -
2024-07-04 11:10:52  esr1a.rk08.p02.sv15 pstate is now 5/5
2024-07-04 11:10:52  esr1a.rk12.p01.sv15 pstate is now 5/5
2024-07-04 11:10:52  esr1a.rk10.p01.sv15 pstate is now 5/5
2024-07-04 11:10:52  esr1a.rk08.p02.sv15 SC pstate is now -
2024-07-04 11:10:52  esr1a.rk10.p01.sv15 SC pstate is now -
2024-07-04 11:10:52  esr1a.rk12.p01.sv15 SC pstate is now -
2024-07-04 11:10:52  esr1a.rk07.p02.sv15 pstate is now 5/5
2024-07-04 11:10:52  esr1a.rk09.p01.sv15 pstate is now 5/5
2024-07-04 11:10:52  esr1a.rk06.p02.sv15 pstate is now 5/5
2024-07-04 11:10:52  esr1a.rk07.p02.sv15 SC pstate is now -
2024-07-04 11:10:52  esr1a.rk09.p01.sv15 SC pstate is now -
2024-07-04 11:10:52  esr1a.rk11.p02.sv15 pstate is now 5/5
2024-07-04 11:10:52  esr1a.rk09.p02.sv15 pstate is now 5/5
2024-07-04 11:10:52  esr1a.rk11.p02.sv15 SC pstate is now -
2024-07-04 11:10:52  esr1a.rk06.p02.sv15 SC pstate is now -
2024-07-04 11:10:52  esr1a.rk09.p02.sv15 SC pstate is now -
2024-07-04 11:10:52  esr1a.rk11.p01.sv15 pstate is now 5/5
2024-07-04 11:10:52  esr1a.rk11.p01.sv15 SC pstate is now 18/18
2024-07-04 11:10:52  esr1a.rk12.p02.sv15 pstate is now 5/5
2024-07-04 11:10:52  esr1a.rk13.p02.sv15 pstate is now 5/5
2024-07-04 11:10:52  esr1a.rk13.p02.sv15 SC pstate is now -
2024-07-04 11:10:52  esr1a.rk10.p02.sv15 pstate is now 5/5
2024-07-04 11:10:52  esr1a.rk15.p01.sv15 pstate is now 5/5
2024-07-04 11:10:52  esr1a.rk12.p02.sv15 SC pstate is now -
2024-07-04 11:10:52  esr1a.rk10.p02.sv15 SC pstate is now -
2024-07-04 11:10:52  esr1a.rk13.p01.sv15 pstate is now 5/5
2024-07-04 11:10:52  esr1a.rk13.p01.sv15 SC pstate is now -
2024-07-04 11:10:52  esr1a.rk15.p01.sv15 SC pstate is now -
2024-07-04 11:10:52  esr1b.rk04.p01.sv15 pstate is now 5/5
2024-07-04 11:10:52  esr1b.rk04.p01.sv15 SC pstate is now -
2024-07-04 11:10:52  esr1b.rk03.p01.sv15 pstate is now 5/5
2024-07-04 11:10:52  esr1b.rk05.p01.sv15 pstate is now 5/5
2024-07-04 11:10:52  esr1b.rk03.p01.sv15 SC pstate is now -
2024-07-04 11:10:52  esr1b.rk05.p01.sv15 SC pstate is now -
2024-07-04 11:10:52  esr1b.rk09.p01.sv15 pstate is now 5/5
2024-07-04 11:10:52  esr1a.rk08.p01.sv15 pstate is now 5/5
2024-07-04 11:10:52  esr1b.rk06.p02.sv15 pstate is now 5/5
2024-07-04 11:10:52  esr1b.rk09.p01.sv15 SC pstate is now -
2024-07-04 11:10:52  esr1a.rk08.p01.sv15 SC pstate is now -
2024-07-04 11:10:52  esr1a.rk14.p02.sv15 pstate is now 5/5
2024-07-04 11:10:52  esr1b.rk06.p02.sv15 SC pstate is now -
2024-07-04 11:10:52  esr1a.rk14.p02.sv15 SC pstate is now -
2024-07-04 11:10:52  esr1b.rk06.p01.sv15 pstate is now 5/5
2024-07-04 11:10:52  esr1b.rk10.p02.sv15 pstate is now 5/5
2024-07-04 11:10:52  esr1b.rk07.p01.sv15 pstate is now 5/5
2024-07-04 11:10:52  esr1b.rk06.p01.sv15 SC pstate is now -
2024-07-04 11:10:52  esr1b.rk10.p02.sv15 SC pstate is now -
2024-07-04 11:10:52  esr1b.rk07.p01.sv15 SC pstate is now -
2024-07-04 11:10:52  esr1b.rk09.p02.sv15 pstate is now 5/5
2024-07-04 11:10:52  esr1a.rk14.p01.sv15 pstate is now 5/5
2024-07-04 11:10:52  esr1b.rk08.p02.sv15 pstate is now 5/5
2024-07-04 11:10:52  esr1b.rk09.p02.sv15 SC pstate is now -
2024-07-04 11:10:52  esr1a.rk14.p01.sv15 SC pstate is now -
2024-07-04 11:10:52  esr1b.rk08.p02.sv15 SC pstate is now -
2024-07-04 11:10:52  esr1b.rk10.p01.sv15 pstate is now 5/5
2024-07-04 11:10:52  esr1b.rk08.p01.sv15 pstate is now 5/5
2024-07-04 11:10:52  esr1b.rk10.p01.sv15 SC pstate is now -
2024-07-04 11:10:52  esr1a.rk05.p02.sv15 pstate is now 5/5
2024-07-04 11:10:52  esr1a.rk05.p02.sv15 SC pstate is now 13/13
2024-07-04 11:10:52  esr1b.rk08.p01.sv15 SC pstate is now -
2024-07-04 11:10:52  esr1b.rk07.p02.sv15 pstate is now 5/5
2024-07-04 11:10:52  esr1b.rk07.p02.sv15 SC pstate is now -
2024-07-04 11:10:52  esr1b.rk05.p02.sv15 pstate is now 5/5
2024-07-04 11:10:52  esr1b.rk05.p02.sv15 SC pstate is now 13/13
2024-07-04 11:10:52  esr1a.rk02.p01.sv15 pstate is now 5/5
2024-07-04 11:10:52  esr1a.rk02.p01.sv15 SC pstate is now -
2024-07-04 11:10:52  esr1a.rk01.p01.sv15 pstate is now 5/5
2024-07-04 11:10:52  esr1a.rk01.p01.sv15 SC pstate is now -
2024-07-04 11:10:52  esr1b.rk02.p01.sv15 pstate is now 5/5
2024-07-04 11:10:52  esr1b.rk02.p01.sv15 SC pstate is now -
2024-07-04 11:10:52  dsr1.rk05.p01.sv15 pstate is now 4/4
2024-07-04 11:10:52  dsr1.rk05.p01.sv15 SC pstate is now -
2024-07-04 11:10:52  esr1a.rk16.p02.sv15 pstate is now 5/5
2024-07-04 11:10:52  esr1a.rk16.p02.sv15 SC pstate is now -
2024-07-04 11:10:52  dsr2.rk06.p01.sv15 pstate is now 4/4
2024-07-04 11:10:52  dsr2.rk06.p01.sv15 SC pstate is now -
2024-07-04 11:10:52  esr1b.rk01.p01.sv15 pstate is now 5/5
2024-07-04 11:10:52  esr1b.rk01.p01.sv15 SC pstate is now -
2024-07-04 11:10:52  dsr4.rk04.p02.sv15 pstate is now 4/4
2024-07-04 11:10:52  dsr4.rk04.p02.sv15 SC pstate is now -
2024-07-04 11:10:52  esr1a.rk15.p02.sv15 pstate is now 5/5
2024-07-04 11:10:52  esr1a.rk15.p02.sv15 SC pstate is now -
2024-07-04 11:10:52  dsr2.rk02.p02.sv15 pstate is now 4/4
2024-07-04 11:10:52  dsr2.rk02.p02.sv15 SC pstate is now -
2024-07-04 11:10:52  dsr3.rk03.p02.sv15 pstate is now 4/4
2024-07-04 11:10:52  dsr3.rk03.p02.sv15 SC pstate is now -
2024-07-04 11:10:52  esr1a.rk03.p01.sv15 pstate is now 5/5
2024-07-04 11:10:52  esr1a.rk03.p01.sv15 SC pstate is now -
2024-07-04 11:10:52  dsr1.rk01.p02.sv15 pstate is now 4/4
2024-07-04 11:10:52  dsr1.rk01.p02.sv15 SC pstate is now -
2024-07-04 11:10:53  dsr3.rk05.p01.sv15 pstate is now 4/4
2024-07-04 11:10:53  dsr3.rk05.p01.sv15 SC pstate is now -
2024-07-04 11:10:53  esr1b.rk11.p01.sv15 Version is now EOS: 4.28.7M
2024-07-04 11:10:53  esr1b.rk11.p02.sv15 Version is now EOS: 4.28.7M
2024-07-04 11:10:53  esr1b.rk12.p01.sv15 Version is now EOS: 4.28.7M
2024-07-04 11:10:53  esr1b.rk11.p01.sv15 is now Up / Up
2024-07-04 11:10:53  esr1b.rk11.p02.sv15 is now Up / Up
2024-07-04 11:10:53  esr1b.rk12.p01.sv15 is now Up / Up
2024-07-04 11:10:53  esr1b.rk12.p02.sv15 Version is now EOS: 4.28.7M
2024-07-04 11:10:53  esr1b.rk13.p01.sv15 Version is now EOS: 4.28.7M
2024-07-04 11:10:53  esr1b.rk14.p01.sv15 Version is now EOS: 4.28.7M
2024-07-04 11:10:53  esr1b.rk13.p02.sv15 Version is now EOS: 4.28.7M
2024-07-04 11:10:53  esr1b.rk14.p02.sv15 Version is now EOS: 4.28.7M
2024-07-04 11:10:53  esr1b.rk12.p02.sv15 is now Up / Up
2024-07-04 11:10:53  esr1b.rk15.p01.sv15 Version is now EOS: 4.28.7M
2024-07-04 11:10:53  esr1b.rk13.p01.sv15 is now Up / Up
2024-07-04 11:10:53  esr1b.rk14.p01.sv15 is now Up / Up
2024-07-04 11:10:53  esr1b.rk13.p02.sv15 is now Up / Up
2024-07-04 11:10:53  esr1b.rk14.p02.sv15 is now Up / Up
2024-07-04 11:10:53  esr1b.rk15.p01.sv15 is now Up / Up
2024-07-04 11:10:53  msw1.rk05.p02.sv15 Version is now EOS: 4.28.7M
2024-07-04 11:10:53  msw1.rk07.p02.sv15 Version is now EOS: 4.28.7M
2024-07-04 11:10:54  esr1b.rk16.p02.sv15 Version is now EOS: 4.28.7M
2024-07-04 11:10:54  msw1.rk08.p02.sv15 Version is now EOS: 4.28.7M
2024-07-04 11:10:54  esr1b.rk15.p02.sv15 Version is now EOS: 4.28.7M
2024-07-04 11:10:54  msw1.rk09.p02.sv15 Version is now EOS: 4.28.7M
2024-07-04 11:10:54  msw1.rk12.p02.sv15 Version is now EOS: 4.28.7M
2024-07-04 11:10:54  msw1.rk10.p02.sv15 Version is now EOS: 4.28.7M
2024-07-04 11:10:54  msw1.rk06.p02.sv15 Version is now EOS: 4.28.7M
2024-07-04 11:10:54  msw1.rk13.p02.sv15 Version is now EOS: 4.28.7M
2024-07-04 11:10:54  msw1.rk14.p02.sv15 Version is now EOS: 4.28.7M
2024-07-04 11:10:54  msw1.rk11.p02.sv15 Version is now EOS: 4.28.7M
2024-07-04 11:10:54  msw1.rk15.p02.sv15 Version is now EOS: 4.28.7M
2024-07-04 11:10:54  esr1b.rk16.p02.sv15 is now Up / Up
2024-07-04 11:10:54  esr1b.rk15.p02.sv15 is now Up / Up
2024-07-04 11:10:54  msw1.rk16.p02.sv15 Version is now EOS: 4.28.7M
2024-07-04 11:10:54  esr1b.rk11.p01.sv15 is now NoMaint
2024-07-04 11:10:54  esr1b.rk11.p02.sv15 is now NoMaint
2024-07-04 11:10:54  esr1b.rk12.p01.sv15 is now NoMaint
2024-07-04 11:10:54  esr1b.rk12.p02.sv15 is now NoMaint
2024-07-04 11:10:54  esr1b.rk14.p01.sv15 is now NoMaint
2024-07-04 11:10:54  esr1b.rk13.p01.sv15 is now NoMaint
2024-07-04 11:10:54  esr1b.rk14.p02.sv15 is now NoMaint
2024-07-04 11:10:54  esr1b.rk13.p02.sv15 is now NoMaint
2024-07-04 11:10:54  esr1b.rk15.p01.sv15 is now NoMaint
2024-07-04 11:10:54  msw1.rk05.p02.sv15 pstate is now 2/2
2024-07-04 11:10:54  msw1.rk05.p02.sv15 SC pstate is now -
2024-07-04 11:10:54  msw1.rk05.p02.sv15 is now Up
2024-07-04 11:10:54  msw1.rk07.p02.sv15 pstate is now 2/2
2024-07-04 11:10:54  msw1.rk07.p02.sv15 SC pstate is now -
2024-07-04 11:10:54  msw1.rk07.p02.sv15 is now Up
2024-07-04 11:10:54  msw1.rk08.p02.sv15 pstate is now 2/2
2024-07-04 11:10:54  msw1.rk08.p02.sv15 SC pstate is now -
2024-07-04 11:10:54  msw1.rk08.p02.sv15 is now Up
2024-07-04 11:10:54  msw1.rk09.p02.sv15 pstate is now 2/2
2024-07-04 11:10:54  msw1.rk09.p02.sv15 SC pstate is now -
2024-07-04 11:10:54  msw1.rk09.p02.sv15 is now Up
2024-07-04 11:10:54  msw1.rk10.p02.sv15 pstate is now 2/2
2024-07-04 11:10:54  msw1.rk10.p02.sv15 SC pstate is now -
2024-07-04 11:10:54  msw1.rk10.p02.sv15 is now Up
2024-07-04 11:10:54  msw1.rk12.p02.sv15 pstate is now 2/2
2024-07-04 11:10:54  msw1.rk12.p02.sv15 SC pstate is now -
2024-07-04 11:10:54  msw1.rk12.p02.sv15 is now Up
2024-07-04 11:10:54  msw1.rk13.p02.sv15 pstate is now 2/2
2024-07-04 11:10:54  msw1.rk13.p02.sv15 SC pstate is now -
2024-07-04 11:10:54  msw1.rk13.p02.sv15 is now Up
2024-07-04 11:10:54  msw1.rk11.p02.sv15 pstate is now 2/2
2024-07-04 11:10:54  msw1.rk11.p02.sv15 SC pstate is now -
2024-07-04 11:10:54  msw1.rk11.p02.sv15 is now Up
2024-07-04 11:10:54  msw1.rk06.p02.sv15 pstate is now 2/2
2024-07-04 11:10:54  msw1.rk06.p02.sv15 SC pstate is now -
2024-07-04 11:10:54  msw1.rk06.p02.sv15 is now Up
2024-07-04 11:10:55  msw1.rk14.p02.sv15 pstate is now 2/2
2024-07-04 11:10:55  msw1.rk14.p02.sv15 SC pstate is now -
2024-07-04 11:10:55  msw1.rk14.p02.sv15 is now Up
2024-07-04 11:10:55  msw1.rk15.p02.sv15 pstate is now 2/2
2024-07-04 11:10:55  msw1.rk15.p02.sv15 SC pstate is now -
2024-07-04 11:10:55  msw1.rk15.p02.sv15 is now Up
2024-07-04 11:10:55  esr1b.rk16.p02.sv15 is now NoMaint
2024-07-04 11:10:55  msw1.rk16.p02.sv15 pstate is now 2/2
2024-07-04 11:10:55  msw1.rk16.p02.sv15 SC pstate is now -
2024-07-04 11:10:55  msw1.rk16.p02.sv15 is now Up
2024-07-04 11:10:55  esr1b.rk15.p02.sv15 is now NoMaint
2024-07-04 11:10:55  esr1b.rk11.p02.sv15 pstate is now 5/5
2024-07-04 11:10:55  esr1b.rk11.p02.sv15 SC pstate is now -
2024-07-04 11:10:55  esr1b.rk12.p01.sv15 pstate is now 5/5
2024-07-04 11:10:55  esr1b.rk12.p01.sv15 SC pstate is now -
2024-07-04 11:10:55  esr1b.rk11.p01.sv15 pstate is now 5/5
2024-07-04 11:10:55  esr1b.rk11.p01.sv15 SC pstate is now 18/18
2024-07-04 11:10:55  esr1b.rk12.p02.sv15 pstate is now 5/5
2024-07-04 11:10:55  esr1b.rk12.p02.sv15 SC pstate is now -
2024-07-04 11:10:55  esr1b.rk14.p01.sv15 pstate is now 5/5
2024-07-04 11:10:55  esr1b.rk14.p01.sv15 SC pstate is now -
2024-07-04 11:10:55  esr1b.rk14.p02.sv15 pstate is now 5/5
2024-07-04 11:10:55  esr1b.rk14.p02.sv15 SC pstate is now -
2024-07-04 11:10:55  esr1b.rk13.p01.sv15 pstate is now 5/5
2024-07-04 11:10:55  esr1b.rk13.p01.sv15 SC pstate is now -
2024-07-04 11:10:55  esr1b.rk13.p02.sv15 pstate is now 5/5
2024-07-04 11:10:55  esr1b.rk13.p02.sv15 SC pstate is now -
2024-07-04 11:10:55  esr1b.rk15.p01.sv15 pstate is now 5/5
2024-07-04 11:10:55  esr1b.rk15.p01.sv15 SC pstate is now -
2024-07-04 11:10:56  esr1b.rk16.p02.sv15 pstate is now 5/5
2024-07-04 11:10:56  esr1b.rk16.p02.sv15 SC pstate is now -
2024-07-04 11:10:56  esr1b.rk15.p02.sv15 pstate is now 5/5
2024-07-04 11:10:56  esr1b.rk15.p02.sv15 SC pstate is now -
2024-07-04 11:10:58  Status Checking Complete
